
CommandNotFoundError: Your shell has not been properly configured to use 'conda deactivate'.
To initialize your shell, run

    $ conda init <SHELL_NAME>

Currently supported shells are:
  - bash
  - fish
  - tcsh
  - xonsh
  - zsh
  - powershell

See 'conda init --help' for more information and options.

IMPORTANT: You may need to close and restart your shell after running 'conda init'.


cuda:0
Generate alignment plot for autograd linear network and lr data
999 0.8198710680007935 [0.18379605]
1999 0.017820952460169792 [0.19515346]
2999 0.0005979875568300486 [0.19669543]
3999 2.6220199288218282e-05 [0.19695346]
4999 1.7978404684981797e-06 [0.19700196]
[0.19700287]
999 1.4636993408203125 [0.09809744]
1999 0.11328962445259094 [0.12377013]
2999 0.011212592013180256 [0.12972377]
3999 0.0012578655732795596 [0.13129242]
4999 0.00014878403453622013 [0.13174395]
[0.13175559]
999 0.6450344920158386 [0.2427123]
1999 0.020267145708203316 [0.2551891]
2999 0.0012311703758314252 [0.25684446]
3999 0.00013466351083479822 [0.25707507]
4999 1.9986689949291758e-05 [0.25710267]
[0.25710285]
999 0.6260541677474976 [0.07059266]
1999 0.03081747703254223 [0.07872386]
2999 0.0019320478895679116 [0.08050659]
3999 0.0001394011196680367 [0.0809237]
4999 1.1545377674337942e-05 [0.08102611]
5999 1.1438596629886888e-06 [0.0810525]
6999 1.781847487336563e-07 [0.0810582]
[0.08105853]
999 0.8122521638870239 [0.14457116]
1999 0.03694235160946846 [0.15087833]
2999 0.002157330745831132 [0.15209226]
3999 0.00014967603783588856 [0.15236546]
4999 1.251009052793961e-05 [0.15243086]
5999 1.3800112128592446e-06 [0.15244749]
6999 2.3490628109357203e-07 [0.15245277]
[0.1524534]
999 0.47315892577171326 [0.15345967]
1999 0.015628362074494362 [0.16015698]
2999 0.0009010595385916531 [0.16115183]
3999 7.129936420824379e-05 [0.16135189]
4999 7.029833795968443e-06 [0.16139941]
5999 8.709318990440806e-07 [0.16141292]
6999 1.5741126446755516e-07 [0.16141698]
[0.16141713]
999 0.45841917395591736 [0.10542676]
1999 0.013238095678389072 [0.10879162]
2999 0.0006700758240185678 [0.10920154]
3999 4.0994516893988475e-05 [0.10927527]
4999 2.9520526823034743e-06 [0.10929183]
5999 3.0218694746508845e-07 [0.10929599]
6999 8.04039501645093e-08 [0.10929675]
7999 3.552595728706365e-08 [0.10929725]
8999 2.095439732840987e-08 [0.10929748]
9999 1.457733311838183e-08 [0.10929756]
[0.10929756]
999 0.32330137491226196 [0.05155304]
1999 0.013334560208022594 [0.05338349]
2999 0.0010141275124624372 [0.05356373]
3999 0.00010220301919616759 [0.05358637]
4999 1.1715502296283375e-05 [0.05358915]
5999 1.5274767974915449e-06 [0.05358956]
6999 2.692913483315351e-07 [0.05358948]
7999 8.780849469758323e-08 [0.05358976]
8999 4.306633272221916e-08 [0.05358944]
9999 2.608683047355953e-08 [0.05358921]
[0.05358919]
999 0.6644677519798279 [0.072196]
1999 0.045324720442295074 [0.07518947]
2999 0.004068141803145409 [0.07574704]
3999 0.0003905138582922518 [0.0758986]
4999 3.941803515772335e-05 [0.07594372]
5999 4.314614216127666e-06 [0.07595762]
6999 5.656451662616746e-07 [0.0759622]
7999 1.3692218203686934e-07 [0.07596289]
8999 6.267236329904335e-08 [0.07596295]
9999 3.7171414390968494e-08 [0.07596295]
[0.07596295]
999 0.44589531421661377 [0.04676005]
1999 0.016936130821704865 [0.0480516]
2999 0.0008715084986761212 [0.04823709]
3999 4.9003836465999484e-05 [0.04827144]
4999 3.076696884818375e-06 [0.04827869]
5999 3.2175441333492927e-07 [0.04828027]
6999 9.293871272575416e-08 [0.04828053]
7999 4.373628925691264e-08 [0.04828051]
8999 2.5378524171060235e-08 [0.04828055]
9999 1.667812554728698e-08 [0.04828055]
10999 1.1747960826369308e-08 [0.04828048]
11999 8.616158453378375e-09 [0.04828043]
12999 6.874164348857903e-09 [0.04828038]
13999 5.671808356311203e-09 [0.04828037]
[0.04828037]
999 0.6056484580039978 [0.01691946]
1999 0.014191889204084873 [0.01800142]
2999 0.0004242253489792347 [0.0181159]
3999 1.3981521988171153e-05 [0.01813141]
4999 6.008093009768345e-07 [0.01813409]
5999 8.430419740079742e-08 [0.01813458]
6999 2.9233847342879926e-08 [0.01813476]
7999 1.5261617747341916e-08 [0.01813485]
8999 9.795046551630548e-09 [0.01813488]
9999 7.516733013801513e-09 [0.01813488]
10999 5.929182478325856e-09 [0.01813488]
11999 4.95342478146199e-09 [0.01813489]
12999 4.32317825982409e-09 [0.01813489]
13999 3.7803107311162876e-09 [0.01813491]
[0.01813491]
999 0.7525732517242432 [-0.01500831]
1999 0.03616613894701004 [-0.01364289]
2999 0.002573049394413829 [-0.01342684]
3999 0.00023542776762042195 [-0.01338548]
4999 2.55257218668703e-05 [-0.01337703]
5999 3.074610049225157e-06 [-0.01337538]
6999 5.098278847981419e-07 [-0.01337502]
7999 1.6297200033932313e-07 [-0.01337479]
8999 7.885393671358543e-08 [-0.01337469]
9999 4.805074027558476e-08 [-0.01337464]
10999 3.266496406695296e-08 [-0.01337458]
11999 2.4067684734063732e-08 [-0.01337459]
12999 1.8337340534912983e-08 [-0.0133746]
13999 1.4611313048362717e-08 [-0.01337459]
[-0.01337459]
999 1.045316219329834 [-0.02369672]
1999 0.06535285711288452 [-0.0225556]
2999 0.005780597683042288 [-0.02230097]
3999 0.000569610099773854 [-0.02223662]
4999 5.74997320654802e-05 [-0.02221897]
5999 5.826959750265814e-06 [-0.02221373]
6999 8.082515705609694e-07 [-0.022212]
7999 2.2896472273714608e-07 [-0.02221156]
8999 9.970278114224129e-08 [-0.02221143]
9999 5.74860585800252e-08 [-0.02221138]
10999 3.781070390118657e-08 [-0.0222113]
11999 2.7056048068629934e-08 [-0.02221122]
12999 1.991381104460288e-08 [-0.02221116]
13999 1.533505944451008e-08 [-0.02221112]
14999 1.2282900030413657e-08 [-0.0222111]
15999 1.0265211791704587e-08 [-0.02221108]
16999 8.755315583641732e-09 [-0.02221106]
17999 7.522515055313761e-09 [-0.02221104]
18999 6.514167427695838e-09 [-0.02221103]
19999 5.726556118190729e-09 [-0.02221102]
[-0.02221101]
999 0.7640742063522339 [0.03544453]
1999 0.03181222081184387 [0.03667529]
2999 0.0018678733613342047 [0.03687301]
3999 0.00012401738786138594 [0.0369128]
4999 9.060941010829993e-06 [0.03692176]
5999 9.149441098088573e-07 [0.03692381]
6999 2.2978885283464479e-07 [0.0369241]
7999 9.911563125797329e-08 [0.03692434]
8999 5.687347481853067e-08 [0.03692449]
9999 3.83152460869951e-08 [0.03692454]
10999 2.808820198652029e-08 [0.03692459]
11999 2.1932518023959346e-08 [0.03692463]
12999 1.7566419430181668e-08 [0.03692466]
13999 1.435807117644572e-08 [0.0369247]
14999 1.2025336282306398e-08 [0.03692473]
15999 1.022933648897606e-08 [0.03692476]
16999 8.800166817479749e-09 [0.03692479]
17999 7.623774500586933e-09 [0.03692482]
18999 6.691982079587433e-09 [0.03692484]
19999 5.890686161080794e-09 [0.03692485]
[0.03692485]
999 0.7706114053726196 [0.01463341]
1999 0.0249167550355196 [0.0159486]
2999 0.0009506859933026135 [0.0161906]
3999 4.0885552152758464e-05 [0.01623588]
4999 2.0777904410351766e-06 [0.01624463]
5999 2.660629832007544e-07 [0.01624606]
6999 8.98093617252016e-08 [0.01624629]
7999 4.407527143257539e-08 [0.01624637]
8999 2.6493385263393066e-08 [0.01624641]
9999 1.7611508695836164e-08 [0.01624645]
10999 1.2960787998395062e-08 [0.01624647]
11999 1.0139380002271992e-08 [0.0162465]
12999 8.42042613413696e-09 [0.01624651]
13999 7.13383752071195e-09 [0.01624653]
14999 6.184933454278507e-09 [0.01624653]
15999 5.369688249601268e-09 [0.01624654]
16999 4.710529299956079e-09 [0.01624654]
17999 4.220233051910327e-09 [0.01624654]
18999 3.788629854284409e-09 [0.01624654]
19999 3.4514917590655614e-09 [0.01624653]
[0.01624653]
999 0.305636465549469 [0.0260337]
1999 0.007311285473406315 [0.02627041]
2999 0.00026909669395536184 [0.02629996]
3999 1.241616155311931e-05 [0.02630459]
4999 1.0102760370500619e-06 [0.02630577]
5999 2.3955280425980163e-07 [0.02630593]
6999 9.99183953354077e-08 [0.02630602]
7999 5.453806650734805e-08 [0.02630608]
8999 3.4158606609935305e-08 [0.02630611]
9999 2.3547926275568898e-08 [0.02630614]
10999 1.7277464792186947e-08 [0.02630615]
11999 1.3462904568939393e-08 [0.02630614]
12999 1.0685345053218498e-08 [0.02630613]
13999 8.770285830905777e-09 [0.02630612]
14999 7.282277891818012e-09 [0.02630611]
15999 6.303139787888767e-09 [0.02630611]
16999 5.512396317186585e-09 [0.0263061]
17999 4.861454350191252e-09 [0.0263061]
18999 4.352970428556091e-09 [0.02630609]
19999 3.9392662465331796e-09 [0.02630609]
20999 3.5567637723943335e-09 [0.02630609]
21999 3.2614717593304476e-09 [0.02630609]
22999 3.010490967625401e-09 [0.02630608]
23999 2.8072253410726944e-09 [0.02630608]
24999 2.555755385102998e-09 [0.02630608]
25999 2.3931971959711973e-09 [0.02630608]
26999 2.2418145118052735e-09 [0.02630608]
27999 2.0632993091851404e-09 [0.02630608]
[0.02630608]
999 0.6725015044212341 [0.02016004]
1999 0.041222792118787766 [0.02058655]
2999 0.003123858477920294 [0.02066889]
3999 0.00024327132268808782 [0.02068926]
4999 1.9310360585222952e-05 [0.02069496]
5999 1.965550382010406e-06 [0.02069651]
6999 4.3875104438484414e-07 [0.02069674]
7999 1.7655293049756438e-07 [0.02069695]
8999 9.2989516531361e-08 [0.02069701]
9999 5.7681798892872393e-08 [0.02069708]
10999 3.909165968707384e-08 [0.02069713]
11999 2.7921263523467132e-08 [0.02069716]
12999 2.1246627568416443e-08 [0.02069717]
13999 1.6509920541807332e-08 [0.02069718]
14999 1.341345257088733e-08 [0.02069717]
15999 1.1230688379271214e-08 [0.02069716]
16999 9.777116893872062e-09 [0.02069715]
17999 8.491338299165818e-09 [0.02069715]
18999 7.512028332712362e-09 [0.02069714]
19999 6.687080222889108e-09 [0.02069714]
20999 5.948520342968777e-09 [0.02069714]
21999 5.371330491499293e-09 [0.02069714]
22999 4.8714139389005595e-09 [0.02069714]
23999 4.465738445702527e-09 [0.02069713]
24999 4.129787178897004e-09 [0.02069713]
25999 3.78868447725722e-09 [0.02069713]
26999 3.5346956472892543e-09 [0.02069713]
27999 3.286731553586719e-09 [0.02069712]
[0.02069712]
999 0.7347464561462402 [0.01778264]
1999 0.019335469231009483 [0.01836318]
2999 0.0010267223697155714 [0.01844246]
3999 8.553985389880836e-05 [0.01845431]
4999 8.604077265772503e-06 [0.01845646]
5999 1.339702521363506e-06 [0.01845684]
6999 4.0308725601789774e-07 [0.01845692]
7999 1.8320970696095173e-07 [0.01845698]
8999 1.0296207619830966e-07 [0.01845701]
9999 6.787318795886677e-08 [0.01845704]
10999 4.8433037136419443e-08 [0.01845704]
11999 3.667507897375799e-08 [0.01845704]
12999 2.877570182135969e-08 [0.01845702]
13999 2.3158301942771686e-08 [0.01845702]
14999 1.8996644257640583e-08 [0.01845702]
15999 1.6115908607616802e-08 [0.01845702]
16999 1.3859428271700835e-08 [0.01845702]
17999 1.1900912255669027e-08 [0.01845701]
18999 1.036101604512396e-08 [0.01845701]
19999 9.18167408769932e-09 [0.01845701]
20999 8.134896312128603e-09 [0.01845701]
21999 7.4291417462291065e-09 [0.018457]
22999 6.7613199483673725e-09 [0.01845699]
23999 6.219763371007048e-09 [0.01845699]
24999 5.802164970702961e-09 [0.01845699]
25999 5.365615951546943e-09 [0.01845699]
26999 4.994025637472532e-09 [0.01845699]
27999 4.6214712057235374e-09 [0.01845698]
[0.01845698]
999 1.2265068292617798 [1.2695099e-05]
1999 0.04033348336815834 [0.00058224]
2999 0.0015982756158336997 [0.00067345]
3999 6.884075264679268e-05 [0.00069038]
4999 3.839687906292966e-06 [0.0006937]
5999 6.633509315179253e-07 [0.00069417]
6999 2.550311251070525e-07 [0.00069426]
7999 1.3265380971461127e-07 [0.00069435]
8999 8.132455064924216e-08 [0.00069442]
9999 5.6132730463787084e-08 [0.00069447]
10999 4.131194586420861e-08 [0.00069451]
11999 3.219584954194943e-08 [0.00069454]
12999 2.5253289237525678e-08 [0.00069456]
13999 2.0705517300712017e-08 [0.00069458]
14999 1.7388980921850816e-08 [0.00069459]
15999 1.4928975389238985e-08 [0.00069461]
16999 1.3161763234847967e-08 [0.00069461]
17999 1.1705258096128546e-08 [0.00069462]
18999 1.0481280732221876e-08 [0.00069462]
19999 9.33050703366689e-09 [0.00069462]
20999 8.349747560032483e-09 [0.00069463]
21999 7.701391524506107e-09 [0.00069463]
22999 6.98577462543426e-09 [0.00069463]
23999 6.385211470671948e-09 [0.00069463]
24999 5.933514124478734e-09 [0.00069464]
25999 5.469116270973018e-09 [0.00069464]
26999 5.153417248493497e-09 [0.00069464]
27999 4.754192595157747e-09 [0.00069464]
28999 4.360521277391172e-09 [0.00069464]
29999 4.058999358846904e-09 [0.00069465]
30999 3.857431707388059e-09 [0.00069465]
31999 3.5966598588288434e-09 [0.00069465]
32999 3.362765177428173e-09 [0.00069465]
33999 3.2041551634165444e-09 [0.00069465]
34999 3.0525832972472244e-09 [0.00069466]
35999 2.812071686619788e-09 [0.00069466]
36999 2.6706641342855164e-09 [0.00069466]
37999 2.5598621000710864e-09 [0.00069466]
38999 2.443854008049584e-09 [0.00069466]
39999 2.300687640399701e-09 [0.00069466]
[0.00069466]
999 0.6581519246101379 [0.00492484]
1999 0.023440582677721977 [0.0052784]
2999 0.0012466865591704845 [0.00533954]
3999 7.888059917604551e-05 [0.00535257]
4999 5.999274435453117e-06 [0.00535539]
5999 1.0316819043509895e-06 [0.00535593]
6999 3.758326840852533e-07 [0.00535604]
7999 1.8887449471094442e-07 [0.0053561]
8999 1.1321659343366264e-07 [0.00535616]
9999 7.53261133468186e-08 [0.0053562]
10999 5.411561687651556e-08 [0.00535622]
11999 4.1718298149362454e-08 [0.00535623]
12999 3.289795458272238e-08 [0.00535624]
13999 2.681313482355563e-08 [0.00535625]
14999 2.2186497972143115e-08 [0.00535625]
15999 1.890154344152961e-08 [0.00535626]
16999 1.6256205270792634e-08 [0.00535627]
17999 1.4221420485682756e-08 [0.00535627]
18999 1.248005876419711e-08 [0.00535627]
19999 1.1089040796719019e-08 [0.00535627]
20999 1.002354910184522e-08 [0.00535627]
21999 9.090001640288392e-09 [0.00535627]
22999 8.148925090267767e-09 [0.00535627]
23999 7.618702113632025e-09 [0.00535626]
24999 7.0328516343920455e-09 [0.00535627]
25999 6.434239363528604e-09 [0.00535627]
26999 6.0920113398310605e-09 [0.00535627]
27999 5.598698837872007e-09 [0.00535627]
28999 5.189471075084384e-09 [0.00535627]
29999 4.90893947713289e-09 [0.00535627]
30999 4.671159903324451e-09 [0.00535627]
31999 4.400483977207159e-09 [0.00535627]
32999 4.174861789607576e-09 [0.00535626]
33999 3.9150358510653405e-09 [0.00535626]
34999 3.719810903746179e-09 [0.00535626]
35999 3.5836216216722505e-09 [0.00535626]
36999 3.3755804818014212e-09 [0.00535626]
37999 3.262750292165606e-09 [0.00535626]
38999 3.0977946874344298e-09 [0.00535626]
39999 2.93259816430691e-09 [0.00535626]
[0.00535626]
999 0.4380316138267517 [0.0130465]
1999 0.0243503637611866 [0.01320009]
2999 0.0019519206834957004 [0.01322417]
3999 0.00017014825425576419 [0.01323038]
4999 1.6040099581005052e-05 [0.0132321]
5999 2.347375584577094e-06 [0.01323274]
6999 7.203959171420138e-07 [0.01323284]
7999 3.3363443208145327e-07 [0.01323287]
8999 1.862241276739951e-07 [0.01323285]
9999 1.1821590106819713e-07 [0.01323286]
10999 8.073509860651029e-08 [0.01323288]
11999 5.923892487658122e-08 [0.01323289]
12999 4.5237246837359635e-08 [0.0132329]
13999 3.611731713704103e-08 [0.01323291]
14999 2.9287729574889454e-08 [0.01323291]
15999 2.4150702770953103e-08 [0.01323291]
16999 2.0312041826286986e-08 [0.0132329]
17999 1.748520261912745e-08 [0.0132329]
18999 1.5190362745443053e-08 [0.0132329]
19999 1.3453018254949711e-08 [0.0132329]
20999 1.1860218585013627e-08 [0.0132329]
21999 1.0697753793920128e-08 [0.0132329]
22999 9.636742070995297e-09 [0.0132329]
23999 8.753005431572092e-09 [0.0132329]
24999 8.049401145626689e-09 [0.0132329]
25999 7.395664525233769e-09 [0.0132329]
26999 6.7598300290683255e-09 [0.0132329]
27999 6.307627753443512e-09 [0.0132329]
28999 5.823170834418079e-09 [0.01323289]
29999 5.379952039419322e-09 [0.01323289]
30999 4.955000854067748e-09 [0.01323289]
31999 4.643534445847308e-09 [0.01323289]
32999 4.32027613683772e-09 [0.01323289]
33999 3.986855290349922e-09 [0.01323289]
34999 3.7087799498181084e-09 [0.01323289]
35999 3.4999823039782996e-09 [0.01323289]
36999 3.2374785075006685e-09 [0.01323289]
37999 3.051023211853021e-09 [0.01323289]
38999 2.847270863526319e-09 [0.01323289]
39999 2.6858111290550823e-09 [0.01323289]
[0.01323289]
999 1.3845770359039307 [0.157923]
1999 0.2043728530406952 [0.18608187]
2999 0.0731237530708313 [0.20681894]
3999 0.05020684003829956 [0.22699693]
4999 0.04336114600300789 [0.2475251]
[0.24858528]
999 1.7578703165054321 [0.15051788]
1999 0.14639276266098022 [0.19106911]
2999 0.04762709513306618 [0.21290849]
3999 0.036397602409124374 [0.23174389]
4999 0.03309623897075653 [0.25062984]
[0.2516084]
999 1.032061219215393 [0.26366505]
1999 0.09001020342111588 [0.2929722]
2999 0.04663999378681183 [0.3111751]
3999 0.04045352339744568 [0.32867607]
4999 0.037506453692913055 [0.34664464]
[0.3475757]
999 0.3887890875339508 [0.15552995]
1999 0.06415469199419022 [0.16678852]
2999 0.04993350803852081 [0.17821057]
3999 0.047701288014650345 [0.19086811]
4999 0.04596378281712532 [0.20486726]
5999 0.044117521494627 [0.22016585]
6999 0.04220307245850563 [0.23666534]
[0.2391153]
999 0.3143060505390167 [0.15345827]
1999 0.08067632466554642 [0.16531616]
2999 0.060800325125455856 [0.17615375]
3999 0.055832650512456894 [0.1880434]
4999 0.05328882113099098 [0.2011404]
5999 0.051246918737888336 [0.21542642]
6999 0.049315422773361206 [0.23083015]
[0.23311825]
999 0.5503915548324585 [0.11565127]
1999 0.09136959165334702 [0.12954102]
2999 0.05761262774467468 [0.14071281]
3999 0.05167645215988159 [0.1525173]
4999 0.049129728227853775 [0.16547653]
5999 0.047115400433540344 [0.17965892]
6999 0.0451991930603981 [0.19501741]
[0.1973048]
999 0.6274046301841736 [0.03545828]
1999 0.1120663583278656 [0.04303866]
2999 0.06467961519956589 [0.04918676]
3999 0.05523625761270523 [0.05612119]
4999 0.0519535131752491 [0.06410897]
5999 0.05000368878245354 [0.07324143]
6999 0.0484040342271328 [0.08357117]
7999 0.046901825815439224 [0.09512422]
8999 0.04543976113200188 [0.1079016]
9999 0.04399970918893814 [0.12187374]
[0.12336387]
999 0.6938885450363159 [0.03308773]
1999 0.08088091760873795 [0.04407908]
2999 0.046823032200336456 [0.05273261]
3999 0.04242200776934624 [0.06191403]
4999 0.04070902243256569 [0.07212675]
5999 0.03934912756085396 [0.0835195]
6999 0.03806355223059654 [0.09615164]
7999 0.03681367635726929 [0.11004477]
8999 0.03560257330536842 [0.1251892]
9999 0.03442957624793053 [0.1415446]
[0.14327829]
999 1.188262939453125 [0.06188155]
1999 0.14999434351921082 [0.07767551]
2999 0.09224575757980347 [0.08873527]
3999 0.08260087668895721 [0.10034531]
4999 0.07815220206975937 [0.11322106]
5999 0.07456940412521362 [0.12748143]
6999 0.07123153656721115 [0.14311573]
7999 0.0680324137210846 [0.16005988]
8999 0.06497795134782791 [0.17821111]
9999 0.06206439062952995 [0.19743258]
[0.19944692]
999 1.0322129726409912 [0.01636946]
1999 0.12365822494029999 [0.02299819]
2999 0.05917179957032204 [0.02821121]
3999 0.05039495229721069 [0.0336541]
4999 0.04818040132522583 [0.03975432]
5999 0.04703841730952263 [0.04667294]
6999 0.04610529914498329 [0.05450116]
7999 0.045211780816316605 [0.06330524]
8999 0.04433015361428261 [0.07313587]
9999 0.043449848890304565 [0.08402737]
10999 0.04257377237081528 [0.09599394]
11999 0.041705384850502014 [0.10902585]
12999 0.04084315150976181 [0.12308526]
13999 0.03998841345310211 [0.13810329]
[0.14256139]
999 2.519871711730957 [-0.00461089]
1999 0.2857140600681305 [0.00609532]
2999 0.12147834151983261 [0.01335701]
3999 0.09891677647829056 [0.02070185]
4999 0.09298670291900635 [0.02886274]
5999 0.08980764448642731 [0.03805881]
6999 0.08719873428344727 [0.04838688]
7999 0.0847465768456459 [0.05990214]
8999 0.0823746770620346 [0.07263439]
9999 0.080065056681633 [0.08658781]
10999 0.07781755924224854 [0.10173731]
11999 0.07563363015651703 [0.1180262]
12999 0.07351244240999222 [0.1353628]
13999 0.07145467400550842 [0.15362155]
[0.15899183]
999 0.6638104319572449 [0.03075285]
1999 0.10392807424068451 [0.03404004]
2999 0.052881963551044464 [0.0367204]
3999 0.04383106529712677 [0.03967534]
4999 0.04146013781428337 [0.04311723]
5999 0.04056788235902786 [0.0471459]
6999 0.0400371216237545 [0.05183554]
7999 0.03958465903997421 [0.05725257]
8999 0.03913404047489166 [0.06345836]
9999 0.038666050881147385 [0.07050819]
10999 0.03817691653966904 [0.07844825]
11999 0.03767064958810806 [0.0873116]
12999 0.03715021163225174 [0.0971143]
13999 0.03661602735519409 [0.10785128]
[0.11109039]
999 0.7840372920036316 [0.06290152]
1999 0.09358944743871689 [0.06642213]
2999 0.058578405529260635 [0.06926944]
3999 0.054462216794490814 [0.07243406]
4999 0.05348427593708038 [0.07609684]
5999 0.05296547710895538 [0.08033521]
6999 0.052491892129182816 [0.08521063]
7999 0.051986612379550934 [0.09078062]
8999 0.05144122615456581 [0.09709885]
9999 0.050856102257966995 [0.10421312]
10999 0.050235576927661896 [0.11216221]
11999 0.04958728700876236 [0.12097212]
12999 0.048914678394794464 [0.13065259]
13999 0.04822048917412758 [0.14119273]
14999 0.04751097038388252 [0.15255843]
15999 0.04678747057914734 [0.16469008]
16999 0.04605371505022049 [0.17750232]
17999 0.04531288146972656 [0.19088592]
18999 0.04456884786486626 [0.20471242]
19999 0.04382321611046791 [0.21884012]
[0.22174588]
999 1.6107571125030518 [0.03473691]
1999 0.20954033732414246 [0.03789677]
2999 0.08323803544044495 [0.04029539]
3999 0.06506218761205673 [0.04275468]
4999 0.061156075447797775 [0.04553594]
5999 0.05994153767824173 [0.04875359]
6999 0.0593208447098732 [0.05248003]
7999 0.05881236866116524 [0.05677601]
8999 0.058307718485593796 [0.06169919]
9999 0.057778071612119675 [0.06730515]
10999 0.05721920728683472 [0.07364611]
11999 0.05663453787565231 [0.08076838]
12999 0.05602427199482918 [0.08870892]
13999 0.0553908608853817 [0.09749204]
14999 0.05473893880844116 [0.10712529]
15999 0.05407232046127319 [0.11759592]
16999 0.05339370667934418 [0.12886788]
17999 0.052702948451042175 [0.14087981]
18999 0.05200548842549324 [0.15354483]
19999 0.0513017438352108 [0.16675335]
[0.16950333]
999 0.40690386295318604 [0.02445382]
1999 0.07682095468044281 [0.02673784]
2999 0.05336225405335426 [0.02878872]
3999 0.04961513355374336 [0.03112614]
4999 0.04857083782553673 [0.0338623]
5999 0.048038337379693985 [0.03706065]
6999 0.04761094972491264 [0.04077819]
7999 0.04718910902738571 [0.04507198]
8999 0.046752214431762695 [0.04999943]
9999 0.04629585146903992 [0.05561735]
10999 0.04581811651587486 [0.06197958]
11999 0.0453202910721302 [0.06913446]
12999 0.044808633625507355 [0.07712151]
13999 0.044283848255872726 [0.08596799]
14999 0.043746545910835266 [0.09568439]
15999 0.04319867119193077 [0.10626084]
16999 0.042644601315259933 [0.11766389]
17999 0.042083654552698135 [0.12983458]
18999 0.041516732424497604 [0.14268778]
19999 0.04094743728637695 [0.15611456]
[0.15891275]
999 1.1048517227172852 [0.00263828]
1999 0.15481695532798767 [0.00507731]
2999 0.07899295538663864 [0.00703503]
3999 0.0659145787358284 [0.00914704]
4999 0.06249210610985756 [0.01154752]
5999 0.061203572899103165 [0.01429833]
6999 0.060482680797576904 [0.01744852]
7999 0.05992135405540466 [0.02104596]
8999 0.0594031997025013 [0.02513992]
9999 0.05889447405934334 [0.02978133]
10999 0.05838440731167793 [0.03502209]
11999 0.057869501411914825 [0.04091367]
12999 0.05734919384121895 [0.04750535]
13999 0.05682423338294029 [0.05484178]
14999 0.05629594251513481 [0.06295995]
15999 0.05576377734541893 [0.07188574]
16999 0.05522908642888069 [0.08163006]
17999 0.05469246581196785 [0.09218492]
18999 0.05415390059351921 [0.10352005]
19999 0.053613729774951935 [0.11558034]
20999 0.05307208001613617 [0.12828465]
21999 0.05253032594919205 [0.14152728]
22999 0.05198840796947479 [0.15518133]
23999 0.05144697055220604 [0.16910447]
24999 0.05090649425983429 [0.18314695]
25999 0.05036761984229088 [0.19716011]
26999 0.04983033984899521 [0.211005]
27999 0.04929422214627266 [0.22455965]
[0.23214296]
999 0.5545225739479065 [0.02110372]
1999 0.07790468633174896 [0.02244701]
2999 0.04441990703344345 [0.0235227]
3999 0.03957350552082062 [0.02471017]
4999 0.03852614387869835 [0.02608522]
5999 0.0381944365799427 [0.02768537]
6999 0.03801799938082695 [0.02954306]
7999 0.03787156566977501 [0.03169163]
8999 0.03772299364209175 [0.03416666]
9999 0.03756426274776459 [0.03700607]
10999 0.03739339858293533 [0.0402499]
11999 0.037212125957012177 [0.04393985]
12999 0.03702092170715332 [0.04811827]
13999 0.036819592118263245 [0.05282706]
14999 0.036609526723623276 [0.05810594]
15999 0.03639153763651848 [0.06399038]
16999 0.03616628050804138 [0.07050907]
17999 0.035933490842580795 [0.07768086]
18999 0.03569534793496132 [0.08551184]
19999 0.03545163944363594 [0.09399212]
20999 0.03520229086279869 [0.10309319]
21999 0.03494837507605553 [0.11276627]
22999 0.034690260887145996 [0.12294197]
23999 0.03442833200097084 [0.13353197]
24999 0.03416277468204498 [0.14443214]
25999 0.03389393910765648 [0.15552835]
26999 0.03362274914979935 [0.16670278]
27999 0.03334922343492508 [0.17784105]
[0.18415506]
999 0.47111546993255615 [0.00851002]
1999 0.07838859409093857 [0.00947618]
2999 0.05199478194117546 [0.01035799]
3999 0.048281166702508926 [0.01138343]
4999 0.04742025211453438 [0.01259221]
5999 0.04709245264530182 [0.01401136]
6999 0.04688528925180435 [0.0156693]
7999 0.04670272767543793 [0.01759713]
8999 0.046519193798303604 [0.01982857]
9999 0.046328578144311905 [0.02240005]
10999 0.04612968489527702 [0.02535029]
11999 0.04592202976346016 [0.02871987]
12999 0.04570554196834564 [0.03255036]
13999 0.04548094794154167 [0.03688333]
14999 0.045248258858919144 [0.04175866]
15999 0.04500836133956909 [0.04721268]
16999 0.044762201607227325 [0.05327577]
17999 0.04450947046279907 [0.05996947]
18999 0.0442509651184082 [0.06730351]
19999 0.04398733004927635 [0.07527264]
20999 0.04371851310133934 [0.08385412]
21999 0.04344554618000984 [0.09300574]
22999 0.04316689819097519 [0.10266533]
23999 0.042884461581707 [0.11275189]
24999 0.042598217725753784 [0.12316882]
25999 0.04230835661292076 [0.13380884]
26999 0.042015254497528076 [0.14455992]
27999 0.041719626635313034 [0.15531228]
[0.16142362]
999 0.7341396808624268 [0.00654297]
1999 0.11175557971000671 [0.00714608]
2999 0.06846749782562256 [0.00765968]
3999 0.061670564115047455 [0.00823827]
4999 0.06011016294360161 [0.00891792]
5999 0.059641074389219284 [0.00971907]
6999 0.05943433940410614 [0.01066056]
7999 0.05929027870297432 [0.01176233]
8999 0.05915644392371178 [0.01304619]
9999 0.059018850326538086 [0.0145361]
10999 0.058873482048511505 [0.01625828]
11999 0.05872051417827606 [0.01824116]
12999 0.058558978140354156 [0.02051531]
13999 0.05838942527770996 [0.02311306]
14999 0.058212313801050186 [0.0260681]
15999 0.058027226477861404 [0.02941471]
16999 0.05783551186323166 [0.03318673]
17999 0.057636890560388565 [0.03741622]
18999 0.05743209645152092 [0.0421317]
19999 0.05722139775753021 [0.04735596]
20999 0.05700397491455078 [0.0531037]
21999 0.05678195878863335 [0.05937891]
22999 0.05655406787991524 [0.06617241]
23999 0.056321170181035995 [0.07345977]
24999 0.05608323588967323 [0.08120015]
25999 0.05584119260311127 [0.08933622]
26999 0.05559461563825607 [0.09779578]
27999 0.05534355342388153 [0.10649478]
28999 0.055088624358177185 [0.11534207]
29999 0.05482997000217438 [0.12424465]
30999 0.054567765444517136 [0.13311343]
31999 0.054301902651786804 [0.14186834]
32999 0.05403276905417442 [0.1504421]
33999 0.05376078560948372 [0.15878265]
34999 0.053485970944166183 [0.16685374]
35999 0.05320814996957779 [0.17463407]
36999 0.05292845517396927 [0.18211542]
37999 0.05264582112431526 [0.18930043]
38999 0.052361149340867996 [0.19619982]
39999 0.05207447707653046 [0.20282984]
[0.2054556]
999 0.653027355670929 [0.00427409]
1999 0.08665476739406586 [0.00498789]
2999 0.05160975828766823 [0.00550498]
3999 0.04682132601737976 [0.00606564]
4999 0.04582884535193443 [0.00671583]
5999 0.04553725942969322 [0.00747636]
6999 0.04539953172206879 [0.00836465]
7999 0.04529320448637009 [0.00939879]
8999 0.045191362500190735 [0.0105985]
9999 0.04508695378899574 [0.01198553]
10999 0.044977299869060516 [0.01358375]
11999 0.044863272458314896 [0.0154192]
12999 0.04474389925599098 [0.01752004]
13999 0.04461929202079773 [0.01991641]
14999 0.04448985308408737 [0.02264005]
15999 0.044356394559144974 [0.0257238]
16999 0.044219084084033966 [0.02920088]
17999 0.04407752305269241 [0.03310371]
18999 0.04393172264099121 [0.03746252]
19999 0.04378267750144005 [0.04230357]
20999 0.04362984374165535 [0.04764698]
21999 0.04347333684563637 [0.0535043]
22999 0.04331379756331444 [0.05987593]
23999 0.043150853365659714 [0.06674878]
24999 0.04298461973667145 [0.0740943]
25999 0.04281580448150635 [0.08186761]
26999 0.04264373704791069 [0.09000772]
27999 0.042469289153814316 [0.09843939]
28999 0.04229234531521797 [0.10707656]
29999 0.042112596333026886 [0.11582711]
30999 0.04193023592233658 [0.12459846]
31999 0.04174565151333809 [0.13330305]
32999 0.041558969765901566 [0.14186348]
33999 0.04137035831809044 [0.15021592]
34999 0.0411798357963562 [0.1583122]
35999 0.04098686948418617 [0.16612011]
36999 0.040792692452669144 [0.17362213]
37999 0.04059633985161781 [0.18081377]
38999 0.04039894789457321 [0.1877007]
39999 0.0401996411383152 [0.19429617]
[0.19690128]
999 0.31506338715553284 [-0.00650278]
1999 0.06861814111471176 [-0.00583281]
2999 0.05710091441869736 [-0.00517693]
3999 0.05552288517355919 [-0.00440683]
4999 0.05508280172944069 [-0.0034945]
5999 0.054828982800245285 [-0.00241842]
6999 0.05460971221327782 [-0.00115558]
7999 0.054394014179706573 [0.00031945]
8999 0.05417480319738388 [0.00203476]
9999 0.053953398019075394 [0.0040211]
10999 0.05372798815369606 [0.00631191]
11999 0.053498171269893646 [0.00894314]
12999 0.05326469615101814 [0.01195286]
13999 0.05302727594971657 [0.01538076]
14999 0.05278512462973595 [0.01926728]
15999 0.052539631724357605 [0.02365234]
16999 0.052290305495262146 [0.02857377]
17999 0.05203685164451599 [0.03406517]
18999 0.05177916958928108 [0.04015341]
19999 0.051517169922590256 [0.04685575]
20999 0.05125221237540245 [0.0541769]
21999 0.05098351463675499 [0.062106]
22999 0.050711289048194885 [0.07061433]
23999 0.05043530464172363 [0.07965382]
24999 0.05015634372830391 [0.08915725]
25999 0.04987394064664841 [0.09904002]
26999 0.049588754773139954 [0.10920392]
27999 0.04930057004094124 [0.11954236]
28999 0.049009889364242554 [0.12994678]
29999 0.048716459423303604 [0.1403132]
30999 0.048421066254377365 [0.1505477]
31999 0.04812287166714668 [0.16057126]
32999 0.04782234877347946 [0.17032199]
33999 0.04752039909362793 [0.17975613]
34999 0.04721644148230553 [0.18884708]
35999 0.04691100865602493 [0.19758327]
36999 0.046604055911302567 [0.20596556]
37999 0.04629582166671753 [0.21400443]
38999 0.04598599299788475 [0.2217168]
39999 0.04567541182041168 [0.22912417]
[0.23205698]
999 0.7336320877075195 [0.22525147]
1999 0.23998799920082092 [0.28008983]
2999 0.18705463409423828 [0.3321972]
3999 0.15807181596755981 [0.38532403]
4999 0.1351466178894043 [0.43630227]
[0.43879306]
999 1.2475311756134033 [0.16349135]
1999 0.36744803190231323 [0.23552993]
2999 0.24203522503376007 [0.30448264]
3999 0.1902788132429123 [0.37270203]
4999 0.15717481076717377 [0.4363191]
[0.43937847]
999 0.9107682704925537 [0.31756705]
1999 0.25241661071777344 [0.3847033]
2999 0.19356028735637665 [0.44719675]
3999 0.1621231734752655 [0.5064661]
4999 0.13824138045310974 [0.55937964]
[0.5618734]
999 1.2791509628295898 [0.1392984]
1999 0.4760787785053253 [0.18490995]
2999 0.3688186705112457 [0.23643531]
3999 0.32200759649276733 [0.2947267]
4999 0.2859354317188263 [0.35546723]
5999 0.2549539804458618 [0.41367814]
6999 0.22814719378948212 [0.46603155]
[0.47294873]
999 1.32279372215271 [0.0885182]
1999 0.46662473678588867 [0.13609104]
2999 0.34493979811668396 [0.18984191]
3999 0.28913021087646484 [0.2519097]
4999 0.24866525828838348 [0.3178588]
5999 0.21633736789226532 [0.38219818]
6999 0.1900254338979721 [0.44088152]
[0.4486795]
999 0.9842393398284912 [0.19342163]
1999 0.3742872178554535 [0.24839717]
2999 0.3034113049507141 [0.30759916]
3999 0.2616473436355591 [0.37104177]
4999 0.22799496352672577 [0.43374655]
5999 0.1999751627445221 [0.4914255]
6999 0.17655837535858154 [0.5419149]
[0.54851466]
999 1.0072500705718994 [0.13426955]
1999 0.3978804647922516 [0.16748065]
2999 0.3401218354701996 [0.20826676]
3999 0.30751925706863403 [0.25827315]
4999 0.2785911560058594 [0.31426108]
5999 0.25227147340774536 [0.37117866]
6999 0.22867949306964874 [0.42443326]
7999 0.2077741175889969 [0.47147083]
8999 0.18935523927211761 [0.5118208]
9999 0.17315731942653656 [0.5462172]
[0.5494341]
999 0.7888702154159546 [0.03104611]
1999 0.3916403353214264 [0.05668594]
2999 0.34044981002807617 [0.090115]
3999 0.3129834532737732 [0.1338258]
4999 0.2897956073284149 [0.18635638]
5999 0.26843520998954773 [0.24370399]
6999 0.2486352175474167 [0.30084947]
7999 0.2303934395313263 [0.3538324]
8999 0.21368186175823212 [0.4007956]
9999 0.19843867421150208 [0.44162652]
[0.44547293]
999 0.9759013056755066 [0.09764657]
1999 0.40371963381767273 [0.1288059]
2999 0.3467976748943329 [0.16815974]
3999 0.3163453936576843 [0.21705796]
4999 0.2894839942455292 [0.27256134]
5999 0.2648333013057709 [0.3297618]
6999 0.24244074523448944 [0.3839112]
7999 0.22229787707328796 [0.43216088]
8999 0.20427779853343964 [0.47380275]
9999 0.1881898045539856 [0.5094514]
[0.51279175]
999 0.8943646550178528 [0.03297937]
1999 0.49726009368896484 [0.05116817]
2999 0.4341089129447937 [0.07679308]
3999 0.4037621319293976 [0.11176611]
4999 0.37945684790611267 [0.15595372]
5999 0.3568556010723114 [0.20686643]
6999 0.3353290557861328 [0.2601191]
7999 0.31491607427597046 [0.3112324]
8999 0.29571571946144104 [0.35738355]
9999 0.27776825428009033 [0.39776167]
10999 0.2610739469528198 [0.43283665]
11999 0.2455931007862091 [0.4635268]
12999 0.2312670201063156 [0.49072573]
13999 0.21802373230457306 [0.5151436]
[0.5216925]
999 0.9420589804649353 [0.03794498]
1999 0.4515906870365143 [0.05495335]
2999 0.41205137968063354 [0.07876675]
3999 0.3891714811325073 [0.11176776]
4999 0.36687707901000977 [0.15401806]
5999 0.34482336044311523 [0.20320673]
6999 0.32346874475479126 [0.2551344]
7999 0.3031494915485382 [0.30545136]
8999 0.28405705094337463 [0.35134605]
9999 0.26626625657081604 [0.39191085]
10999 0.24978038668632507 [0.4274738]
11999 0.2345581352710724 [0.45882198]
12999 0.2205306440591812 [0.48675144]
13999 0.20761600136756897 [0.51190746]
[0.51866305]
999 0.8602767586708069 [0.03059157]
1999 0.6068301796913147 [0.04404666]
2999 0.5738306045532227 [0.06403228]
3999 0.54777592420578 [0.09273864]
4999 0.5214726328849792 [0.13071962]
5999 0.4947519302368164 [0.17639232]
6999 0.4681019186973572 [0.22609216]
7999 0.44203880429267883 [0.27550402]
8999 0.4169465899467468 [0.32146332]
9999 0.39307910203933716 [0.36264852]
10999 0.37057316303253174 [0.3990992]
11999 0.3494832515716553 [0.43144837]
12999 0.32980626821517944 [0.4604195]
13999 0.31149667501449585 [0.48662457]
[0.49367908]
999 1.3019474744796753 [0.03979623]
1999 0.6538708209991455 [0.05112915]
2999 0.5883694291114807 [0.06753606]
3999 0.5612146854400635 [0.09122039]
4999 0.5379976630210876 [0.12303591]
5999 0.5146977305412292 [0.16217497]
6999 0.49114540219306946 [0.20585059]
7999 0.4677078127861023 [0.25020343]
8999 0.4447523057460785 [0.29201236]
9999 0.42253565788269043 [0.3297171]
10999 0.4012419879436493 [0.36319682]
11999 0.3809727728366852 [0.39302668]
12999 0.361775666475296 [0.41991502]
13999 0.3436664640903473 [0.44445816]
14999 0.32662656903266907 [0.46709308]
15999 0.310625821352005 [0.48812214]
16999 0.29561805725097656 [0.5077547]
17999 0.2815520763397217 [0.5261396]
18999 0.26837387681007385 [0.54338866]
19999 0.2560303807258606 [0.5595919]
[0.56277597]
999 0.991504967212677 [0.03598979]
1999 0.4629439115524292 [0.04461515]
2999 0.41195887327194214 [0.05703378]
3999 0.39626646041870117 [0.0750621]
4999 0.3849363327026367 [0.0999373]
5999 0.3737764358520508 [0.13195586]
6999 0.3622402846813202 [0.1697583]
7999 0.35039111971855164 [0.21027885]
8999 0.33839651942253113 [0.24993193]
9999 0.3264102041721344 [0.2862086]
10999 0.314555823802948 [0.31828263]
11999 0.3029259145259857 [0.34650418]
12999 0.29159224033355713 [0.3716465]
13999 0.2806008458137512 [0.3944505]
14999 0.26998910307884216 [0.4154739]
15999 0.25977686047554016 [0.43509406]
16999 0.2499731332063675 [0.4535544]
17999 0.2405811995267868 [0.47101006]
18999 0.231601744890213 [0.4875636]
19999 0.2230234146118164 [0.50328606]
[0.5063965]
999 1.3291581869125366 [0.06076761]
1999 0.6733223795890808 [0.07223477]
2999 0.618116021156311 [0.08843375]
3999 0.5963385701179504 [0.11147169]
4999 0.5759487748146057 [0.14218998]
5999 0.5543121695518494 [0.17986648]
6999 0.5317599177360535 [0.22185929]
7999 0.5088611245155334 [0.26440424]
8999 0.48609256744384766 [0.30430105]
9999 0.4637875556945801 [0.3400186]
10999 0.4421836733818054 [0.37151313]
11999 0.42143186926841736 [0.39945164]
12999 0.40162184834480286 [0.42460972]
13999 0.3827954828739166 [0.4476158]
14999 0.36496490240097046 [0.4689112]
15999 0.348116397857666 [0.4887868]
16999 0.3322264552116394 [0.5074325]
17999 0.3172558844089508 [0.52497643]
18999 0.3031596541404724 [0.54151005]
19999 0.28989487886428833 [0.5571046]
[0.56017613]
999 1.3513414859771729 [0.0388754]
1999 0.650559663772583 [0.04599056]
2999 0.6003389358520508 [0.05625854]
3999 0.5858151912689209 [0.07125494]
4999 0.5733475089073181 [0.09222394]
5999 0.559934675693512 [0.11980421]
6999 0.5455471277236938 [0.15332979]
7999 0.5304604768753052 [0.19044131]
8999 0.5149424076080322 [0.22777456]
9999 0.4992119371891022 [0.26250008]
10999 0.4834505617618561 [0.29334453]
11999 0.46779361367225647 [0.3204034]
12999 0.45235705375671387 [0.34439537]
13999 0.43722105026245117 [0.3660967]
14999 0.42244765162467957 [0.3861137]
15999 0.40808412432670593 [0.4048568]
16999 0.3941625952720642 [0.42258403]
17999 0.38070425391197205 [0.4394526]
18999 0.3677177429199219 [0.45555833]
19999 0.35521554946899414 [0.47096166]
20999 0.3431912958621979 [0.4857039]
21999 0.3316394090652466 [0.4998164]
22999 0.32055267691612244 [0.51332533]
23999 0.30992254614830017 [0.52625525]
24999 0.299733430147171 [0.53862953]
25999 0.28997287154197693 [0.55047137]
26999 0.28062593936920166 [0.56180394]
27999 0.27167338132858276 [0.57264984]
[0.5786436]
999 0.8231555819511414 [0.00784615]
1999 0.4154704213142395 [0.01242426]
2999 0.3814593553543091 [0.01898331]
3999 0.3718891739845276 [0.02882575]
4999 0.365202933549881 [0.04312691]
5999 0.35867995023727417 [0.06296171]
6999 0.35189932584762573 [0.08881491]
7999 0.34484317898750305 [0.11990436]
8999 0.33755791187286377 [0.15391017]
9999 0.3300999402999878 [0.18775523]
10999 0.32252296805381775 [0.21902856]
11999 0.3148741126060486 [0.24676381]
12999 0.30719810724258423 [0.27114978]
13999 0.29953116178512573 [0.29285774]
14999 0.2919052839279175 [0.3125787]
15999 0.28435012698173523 [0.3308489]
16999 0.2768896520137787 [0.34803507]
17999 0.2695466876029968 [0.3643724]
18999 0.26233553886413574 [0.38000748]
19999 0.25527024269104004 [0.39503077]
20999 0.24836181104183197 [0.40949932]
21999 0.24161788821220398 [0.4234507]
22999 0.23504756391048431 [0.43691108]
23999 0.22865340113639832 [0.4499007]
24999 0.22243700921535492 [0.46243656]
25999 0.21640276908874512 [0.4745337]
26999 0.21054863929748535 [0.48620683]
27999 0.20487335324287415 [0.49747002]
[0.50373363]
999 0.734844982624054 [0.03063188]
1999 0.3941255509853363 [0.03458331]
2999 0.3756585717201233 [0.04054983]
3999 0.3704376816749573 [0.04967065]
4999 0.3658594489097595 [0.06304076]
5999 0.36064520478248596 [0.08163043]
6999 0.3547344505786896 [0.10579675]
7999 0.34823909401893616 [0.134673]
8999 0.3412837088108063 [0.1660219]
9999 0.33398497104644775 [0.19707373]
10999 0.3264371454715729 [0.22581127]
11999 0.3187205493450165 [0.2515379]
12999 0.31090444326400757 [0.27451408]
13999 0.30304819345474243 [0.29534718]
14999 0.2951993942260742 [0.3146146]
15999 0.2873965799808502 [0.3327401]
16999 0.2796735465526581 [0.34999755]
17999 0.2720591723918915 [0.3665514]
18999 0.264574259519577 [0.3824966]
19999 0.2572382688522339 [0.39788637]
20999 0.25006410479545593 [0.4127511]
21999 0.24306289851665497 [0.42710972]
22999 0.2362445741891861 [0.44097555]
23999 0.22961150109767914 [0.45435974]
24999 0.22316928207874298 [0.46727362]
25999 0.21691901981830597 [0.47972834]
26999 0.21086086332798004 [0.49173632]
27999 0.20499420166015625 [0.5033106]
[0.5097413]
999 1.1856766939163208 [-0.0035271]
1999 0.5106874108314514 [0.00011956]
2999 0.46189185976982117 [0.00534038]
3999 0.45148786902427673 [0.01313711]
4999 0.4447878897190094 [0.02451957]
5999 0.43831348419189453 [0.04055376]
6999 0.4316687285900116 [0.06205634]
7999 0.4248284101486206 [0.08900913]
8999 0.4178042411804199 [0.11998864]
9999 0.41061702370643616 [0.1522992]
10999 0.4032919108867645 [0.18311708]
11999 0.3958602845668793 [0.21073268]
12999 0.38834163546562195 [0.23481774]
13999 0.38076961040496826 [0.2558778]
14999 0.3731667697429657 [0.2746461]
15999 0.3655582666397095 [0.29176578]
16999 0.35796302556991577 [0.30770537]
17999 0.3504045903682709 [0.32277644]
18999 0.3428966701030731 [0.3371771]
19999 0.33546093106269836 [0.3510307]
20999 0.3281087279319763 [0.36441392]
21999 0.32085472345352173 [0.37737453]
22999 0.3137076199054718 [0.38994363]
23999 0.3066779673099518 [0.4021422]
24999 0.2997739017009735 [0.41398546]
25999 0.2930009067058563 [0.42548522]
26999 0.286365270614624 [0.4366517]
27999 0.27986788749694824 [0.44749394]
28999 0.2735172510147095 [0.45802066]
29999 0.2673124372959137 [0.46824002]
30999 0.2612529993057251 [0.4781602]
31999 0.25534313917160034 [0.48778948]
32999 0.2495792657136917 [0.49713585]
33999 0.24396395683288574 [0.50620747]
34999 0.23849304020404816 [0.51501244]
35999 0.2331678867340088 [0.52355874]
36999 0.22798383235931396 [0.5318542]
37999 0.22294142842292786 [0.5399068]
38999 0.21803580224514008 [0.5477239]
39999 0.21326634287834167 [0.5553134]
[0.5583388]
999 1.173606276512146 [0.02247634]
1999 0.4438166618347168 [0.02439535]
2999 0.3941791355609894 [0.02715809]
3999 0.38653507828712463 [0.03145152]
4999 0.3835658133029938 [0.03796534]
5999 0.38088178634643555 [0.04748309]
6999 0.37783971428871155 [0.06074823]
7999 0.3743773102760315 [0.07812579]
8999 0.370537668466568 [0.09913732]
9999 0.3663735091686249 [0.12225517]
10999 0.36193573474884033 [0.1454172]
11999 0.3572652339935303 [0.1670117]
12999 0.3523992896080017 [0.18642506]
13999 0.34737005829811096 [0.20383118]
14999 0.34220626950263977 [0.21971136]
15999 0.3369326591491699 [0.23453332]
16999 0.331571489572525 [0.24864061]
17999 0.3261432647705078 [0.2622523]
18999 0.32066866755485535 [0.275496]
19999 0.3151628375053406 [0.28844064]
20999 0.309641569852829 [0.3011203]
21999 0.3041207194328308 [0.3135498]
22999 0.2986096739768982 [0.32573378]
23999 0.2931215465068817 [0.33767205]
24999 0.2876676619052887 [0.34936312]
25999 0.2822567820549011 [0.36080483]
26999 0.2768974304199219 [0.3719959]
27999 0.27159565687179565 [0.38293543]
28999 0.2663592994213104 [0.3936238]
29999 0.26119276881217957 [0.40406206]
30999 0.25610125064849854 [0.41425192]
31999 0.25108885765075684 [0.4241961]
32999 0.24616074562072754 [0.43389767]
33999 0.24131743609905243 [0.44336024]
34999 0.23656272888183594 [0.4525879]
35999 0.23189710080623627 [0.46158484]
36999 0.2273218035697937 [0.4703554]
37999 0.2228393852710724 [0.47890452]
38999 0.21845054626464844 [0.48723683]
39999 0.2141537368297577 [0.4953574]
[0.49860308]
999 0.5120062828063965 [0.01247788]
1999 0.34806177020072937 [0.01456669]
2999 0.3408052325248718 [0.01793373]
3999 0.3381001353263855 [0.02327499]
4999 0.3352678716182709 [0.03140628]
5999 0.3319902718067169 [0.04324225]
6999 0.32829147577285767 [0.05955981]
7999 0.32423514127731323 [0.0805355]
8999 0.31986963748931885 [0.10524698]
9999 0.31524404883384705 [0.1316806]
10999 0.3104003369808197 [0.15757225]
11999 0.30537354946136475 [0.18143596]
12999 0.30020156502723694 [0.20286883]
13999 0.2949097454547882 [0.22216482]
14999 0.289529412984848 [0.23983277]
15999 0.2840837240219116 [0.25633124]
16999 0.27859750390052795 [0.27199128]
17999 0.2730890214443207 [0.28702727]
18999 0.2675785720348358 [0.3015691]
19999 0.26208066940307617 [0.31569186]
20999 0.256611704826355 [0.32943755]
21999 0.251183420419693 [0.3428293]
22999 0.24580904841423035 [0.35587984]
23999 0.24049808084964752 [0.36859614]
24999 0.23525749146938324 [0.38098326]
25999 0.23009531199932098 [0.3930449]
26999 0.2250218689441681 [0.40478528]
27999 0.22003786265850067 [0.4162083]
28999 0.21514813601970673 [0.42731884]
29999 0.21035659313201904 [0.43812215]
30999 0.20566613972187042 [0.44862372]
31999 0.20107978582382202 [0.45882976]
32999 0.19659587740898132 [0.468747]
33999 0.1922183334827423 [0.47838214]
34999 0.18794585764408112 [0.4877421]
35999 0.18377801775932312 [0.49683413]
36999 0.17971625924110413 [0.5056655]
37999 0.17575764656066895 [0.5142435]
38999 0.1719018965959549 [0.5225753]
39999 0.16814811527729034 [0.5306683]
[0.5338954]
999 0.7603679299354553 [0.2712457]
1999 0.48157745599746704 [0.36728156]
2999 0.37399351596832275 [0.45875916]
3999 0.2960941791534424 [0.535264]
4999 0.2396956980228424 [0.5948846]
[0.597533]
999 1.4410760402679443 [0.20915708]
1999 0.7218809127807617 [0.32206047]
2999 0.5064237713813782 [0.43480828]
3999 0.38701364398002625 [0.5308717]
4999 0.3084685206413269 [0.6051838]
[0.6084392]
999 1.6609454154968262 [0.2504013]
1999 0.7311714291572571 [0.3412339]
2999 0.5240552425384521 [0.42700288]
3999 0.40809309482574463 [0.5000274]
4999 0.32880163192749023 [0.55911225]
[0.56179255]
999 1.7616549730300903 [0.16910377]
1999 1.0463075637817383 [0.2566651]
2999 0.8147090077400208 [0.35952133]
3999 0.6529696583747864 [0.4574231]
4999 0.5322229266166687 [0.5382632]
5999 0.4414938986301422 [0.60164154]
6999 0.3724452257156372 [0.6512674]
[0.65746]
999 1.091092586517334 [0.10791589]
1999 0.761726975440979 [0.17411862]
2999 0.6406684517860413 [0.2637345]
3999 0.5356691479682922 [0.35766882]
4999 0.4489879906177521 [0.4402551]
5999 0.379800409078598 [0.507791]
6999 0.32486364245414734 [0.5624466]
[0.5693879]
999 0.9005931615829468 [0.19749723]
1999 0.5547283887863159 [0.3033959]
2999 0.4542716145515442 [0.41616186]
3999 0.37758302688598633 [0.5131917]
4999 0.3186335563659668 [0.585966]
5999 0.27287060022354126 [0.63877374]
6999 0.23672373592853546 [0.67818683]
[0.68302953]
999 1.342000961303711 [0.05406405]
1999 0.7524664402008057 [0.11897245]
2999 0.6277962923049927 [0.20845176]
3999 0.541977047920227 [0.30648202]
4999 0.47194617986679077 [0.393352]
5999 0.4138351380825043 [0.46269488]
6999 0.365437388420105 [0.51735705]
7999 0.3249279856681824 [0.56152445]
8999 0.290796160697937 [0.59819883]
9999 0.2618303894996643 [0.6292708]
[0.63217735]
999 0.7556793093681335 [0.04615755]
1999 0.5731293559074402 [0.10349989]
2999 0.5049675703048706 [0.18870142]
3999 0.4439355134963989 [0.28858227]
4999 0.3910398781299591 [0.38081238]
5999 0.3461345136165619 [0.45457378]
6999 0.30818334221839905 [0.5115476]
7999 0.2760399281978607 [0.55655783]
8999 0.2486744225025177 [0.5933151]
9999 0.22523395717144012 [0.62412727]
[0.62699735]
999 1.1028316020965576 [0.01299651]
1999 0.6971678137779236 [0.06675325]
2999 0.5989016890525818 [0.14731084]
3999 0.5235909819602966 [0.24365517]
4999 0.45956388115882874 [0.33464634]
5999 0.405110239982605 [0.40944436]
6999 0.35894107818603516 [0.46887767]
7999 0.3197806179523468 [0.51696795]
8999 0.2864663004875183 [0.5569584]
9999 0.2580000162124634 [0.5909309]
[0.59411466]
999 1.2479053735733032 [0.06841457]
1999 0.9314289093017578 [0.11171338]
2999 0.8464249968528748 [0.17982857]
3999 0.7679195404052734 [0.26523197]
4999 0.6937363743782043 [0.34847337]
5999 0.626235842704773 [0.41713554]
6999 0.5661179423332214 [0.47133484]
7999 0.513140082359314 [0.51524454]
8999 0.46663984656333923 [0.55214685]
9999 0.4258485436439514 [0.5839613]
10999 0.3900136351585388 [0.6117898]
11999 0.35844770073890686 [0.6363318]
12999 0.33055076003074646 [0.65809053]
13999 0.30580830574035645 [0.6774638]
[0.6826135]
999 1.9277557134628296 [0.04526521]
1999 1.1803938150405884 [0.09389708]
2999 1.021121859550476 [0.1693119]
3999 0.900723934173584 [0.263493]
4999 0.795876145362854 [0.35514784]
5999 0.7052726745605469 [0.43069416]
6999 0.6277223229408264 [0.48995632]
7999 0.5615480542182922 [0.53730553]
8999 0.5050190091133118 [0.5763877]
9999 0.4565592110157013 [0.6094669]
10999 0.41482338309288025 [0.63791686]
11999 0.37868532538414 [0.66263556]
12999 0.3472287356853485 [0.6842679]
13999 0.31969574093818665 [0.7033108]
[0.7083388]
999 1.721486210823059 [0.0416785]
1999 1.1485023498535156 [0.07586529]
2999 1.0230069160461426 [0.13290091]
3999 0.9307488203048706 [0.20831496]
4999 0.8455018401145935 [0.28568888]
5999 0.7663557529449463 [0.3531324]
6999 0.694281816482544 [0.40924788]
7999 0.6296452283859253 [0.45661128]
8999 0.5722070336341858 [0.49753574]
9999 0.5214106440544128 [0.53345424]
10999 0.4765578806400299 [0.5652405]
11999 0.43694713711738586 [0.5934901]
12999 0.401913046836853 [0.6186649]
13999 0.3708578050136566 [0.6411525]
[0.64713794]
999 0.9526394605636597 [0.02767247]
1999 0.7039466500282288 [0.04224624]
2999 0.6662912368774414 [0.07042628]
3999 0.6386748552322388 [0.11653211]
4999 0.6099063158035278 [0.17604528]
5999 0.5798230767250061 [0.23586866]
6999 0.5493077039718628 [0.28733388]
7999 0.5191336870193481 [0.33042267]
8999 0.4898436963558197 [0.36776724]
9999 0.46179258823394775 [0.40128455]
10999 0.4351922869682312 [0.4319592]
11999 0.4101458787918091 [0.4602628]
12999 0.38668373227119446 [0.486447]
13999 0.36478903889656067 [0.5106817]
14999 0.3444083034992218 [0.53310895]
15999 0.32546675205230713 [0.55386317]
16999 0.3078840970993042 [0.57307357]
17999 0.29157018661499023 [0.59086496]
18999 0.2764330506324768 [0.6073565]
19999 0.26238295435905457 [0.62265897]
[0.6256442]
999 1.5788118839263916 [0.01996776]
1999 1.2457599639892578 [0.03835507]
2999 1.1837642192840576 [0.07366209]
3999 1.1207945346832275 [0.1295992]
4999 1.0541006326675415 [0.19817351]
5999 0.9866248965263367 [0.26441672]
6999 0.9206455945968628 [0.32080877]
7999 0.8576257228851318 [0.3681274]
8999 0.7983852028846741 [0.40899983]
9999 0.7433127164840698 [0.4452637]
10999 0.6924850344657898 [0.47792983]
11999 0.645804762840271 [0.5075612]
12999 0.6030600070953369 [0.5345193]
13999 0.5639815330505371 [0.5590803]
14999 0.5282831192016602 [0.5814808]
15999 0.495665580034256 [0.6019343]
16999 0.465848445892334 [0.620636]
17999 0.4385649859905243 [0.6377643]
18999 0.4135674834251404 [0.6534807]
19999 0.390635222196579 [0.6679304]
[0.6707345]
999 0.7859428524971008 [0.02266627]
1999 0.5837955474853516 [0.04082295]
2999 0.5517429709434509 [0.07356397]
3999 0.5284591317176819 [0.12485316]
4999 0.5052207708358765 [0.18902536]
5999 0.48158785700798035 [0.25144604]
6999 0.4579659104347229 [0.30297843]
7999 0.4347495138645172 [0.34439483]
8999 0.4122346043586731 [0.3792623]
9999 0.3906151354312897 [0.4100779]
10999 0.37001875042915344 [0.438115]
11999 0.35050684213638306 [0.46397638]
12999 0.33210253715515137 [0.4879659]
13999 0.31480181217193604 [0.5102659]
14999 0.2985745668411255 [0.53101116]
15999 0.2833802402019501 [0.55031866]
16999 0.2691686451435089 [0.56829625]
17999 0.255885511636734 [0.58504534]
18999 0.24347449839115143 [0.6006623]
19999 0.23187659680843353 [0.615237]
[0.61809]
999 1.761056661605835 [0.0118345]
1999 1.1857514381408691 [0.0228481]
2999 1.1067626476287842 [0.04363495]
3999 1.0712705850601196 [0.07927395]
4999 1.0400702953338623 [0.13026023]
5999 1.0080219507217407 [0.18713121]
6999 0.9748374223709106 [0.23772053]
7999 0.9409399032592773 [0.2785716]
8999 0.9067967534065247 [0.31231844]
9999 0.8728030323982239 [0.3418301]
10999 0.8392733335494995 [0.3687333]
11999 0.8064601421356201 [0.3937876]
12999 0.7745485305786133 [0.41733295]
13999 0.7436734437942505 [0.43953186]
14999 0.7139275074005127 [0.4604785]
15999 0.6853681206703186 [0.48024285]
16999 0.658027708530426 [0.49888733]
17999 0.6319064497947693 [0.5164724]
18999 0.6069982647895813 [0.5330577]
19999 0.5832811594009399 [0.54870206]
20999 0.5607174038887024 [0.56346315]
21999 0.5392702221870422 [0.57739633]
22999 0.5188965201377869 [0.5905548]
23999 0.49954795837402344 [0.60298884]
24999 0.4811769127845764 [0.6147465]
25999 0.463734894990921 [0.62587243]
26999 0.44717222452163696 [0.63640904]
27999 0.43144315481185913 [0.64639544]
[0.65187454]
999 1.998108148574829 [0.00287359]
1999 1.440977692604065 [0.01346813]
2999 1.353060245513916 [0.03403808]
3999 1.3107869625091553 [0.06955666]
4999 1.2730119228363037 [0.11991782]
5999 1.2340155839920044 [0.17530635]
6999 1.1934852600097656 [0.22460908]
7999 1.1519125699996948 [0.2651789]
8999 1.1098580360412598 [0.29941335]
9999 1.0678261518478394 [0.3297526]
10999 1.026220440864563 [0.3575787]
11999 0.9853870868682861 [0.38355106]
12999 0.9455822706222534 [0.40797597]
13999 0.9070001840591431 [0.43100744]
14999 0.8697829246520996 [0.45273894]
15999 0.8340141773223877 [0.47324175]
16999 0.7997501492500305 [0.4925796]
17999 0.7670108079910278 [0.5108144]
18999 0.7357903718948364 [0.5280073]
19999 0.7060683369636536 [0.54421854]
20999 0.6778085827827454 [0.5595074]
21999 0.6509642004966736 [0.573931]
22999 0.6254814863204956 [0.5875441]
23999 0.6013011932373047 [0.60039943]
24999 0.5783654451370239 [0.6125465]
25999 0.5566126704216003 [0.6240324]
26999 0.5359797477722168 [0.63490105]
27999 0.5164092779159546 [0.6451935]
[0.6508367]
999 1.3945751190185547 [0.01053391]
1999 0.9468296766281128 [0.02067471]
2999 0.9009324312210083 [0.04011159]
3999 0.8743317127227783 [0.07392397]
4999 0.8477108478546143 [0.12267283]
5999 0.8196499347686768 [0.17736284]
6999 0.7904930114746094 [0.22656126]
7999 0.760732114315033 [0.2669898]
8999 0.730810821056366 [0.3009485]
9999 0.7010937929153442 [0.33097672]
10999 0.6718690395355225 [0.35851777]
11999 0.643362283706665 [0.3842459]
12999 0.6157339215278625 [0.40846252]
13999 0.5891027450561523 [0.4313125]
14999 0.5635457634925842 [0.4528813]
15999 0.5391051769256592 [0.47323492]
16999 0.5157983303070068 [0.49243373]
17999 0.4936249554157257 [0.5105376]
18999 0.47256675362586975 [0.5276067]
19999 0.45259788632392883 [0.543701]
20999 0.4336797595024109 [0.55887896]
21999 0.4157709777355194 [0.57319796]
22999 0.3988264501094818 [0.5867129]
23999 0.38279956579208374 [0.5994761]
24999 0.3676418364048004 [0.61153716]
25999 0.35330480337142944 [0.6229429]
26999 0.3397437632083893 [0.63373697]
27999 0.3269156515598297 [0.64396024]
[0.64956635]
999 2.144670248031616 [0.0065304]
1999 1.3343876600265503 [0.01357059]
2999 1.2588374614715576 [0.0271892]
3999 1.2297942638397217 [0.05181906]
4999 1.2033365964889526 [0.0902288]
5999 1.175295114517212 [0.13797428]
6999 1.14560067653656 [0.18418857]
7999 1.1146401166915894 [0.22258532]
8999 1.0827988386154175 [0.25410527]
9999 1.0504248142242432 [0.28144]
10999 1.0178287029266357 [0.30637175]
11999 0.9852805137634277 [0.32976538]
12999 0.9529979228973389 [0.35199502]
13999 0.9211709499359131 [0.37321788]
14999 0.8899542689323425 [0.39350396]
15999 0.8594651818275452 [0.4128918]
16999 0.8298013210296631 [0.4314102]
17999 0.8010281920433044 [0.44908682]
18999 0.7731943130493164 [0.46595025]
19999 0.7463310956954956 [0.48203084]
20999 0.7204546332359314 [0.49736038]
21999 0.6955676674842834 [0.5119711]
22999 0.6716679334640503 [0.5258961]
23999 0.6487377882003784 [0.53916794]
24999 0.6267603039741516 [0.55181897]
25999 0.6057087182998657 [0.56388086]
26999 0.5855578184127808 [0.5753842]
27999 0.5662740468978882 [0.58635867]
28999 0.5478273034095764 [0.5968325]
29999 0.530184268951416 [0.6068328]
30999 0.5133118629455566 [0.61638564]
31999 0.4971737563610077 [0.6255154]
32999 0.48174071311950684 [0.6342453]
33999 0.4669792354106903 [0.64259726]
34999 0.4528573453426361 [0.6505921]
35999 0.4393443465232849 [0.6582494]
36999 0.42641082406044006 [0.66558754]
37999 0.4140302240848541 [0.6726239]
38999 0.4021732211112976 [0.6793747]
39999 0.3908137083053589 [0.68585527]
[0.6884189]
999 1.8234411478042603 [0.00749414]
1999 1.2342450618743896 [0.01473546]
2999 1.178674340248108 [0.02886147]
3999 1.1522191762924194 [0.05436988]
4999 1.1263734102249146 [0.09367821]
5999 1.0987118482589722 [0.14160785]
6999 1.0693899393081665 [0.18734781]
7999 1.0388281345367432 [0.22539563]
8999 1.0074450969696045 [0.2569719]
9999 0.9756002426147461 [0.28463036]
10999 0.9436140060424805 [0.30999506]
11999 0.9117527008056641 [0.33384255]
12999 0.880242109298706 [0.35650614]
13999 0.8492658734321594 [0.37812617]
14999 0.8189719915390015 [0.39876702]
15999 0.7894743084907532 [0.41846624]
16999 0.7608547806739807 [0.43725413]
17999 0.7331770062446594 [0.4551606]
18999 0.7064811587333679 [0.47221753]
19999 0.6807896494865417 [0.48845848]
20999 0.6561083793640137 [0.50391823]
21999 0.6324384808540344 [0.5186323]
22999 0.60976243019104 [0.53263646]
23999 0.5880634188652039 [0.54596615]
24999 0.5673179030418396 [0.5586562]
25999 0.5474928617477417 [0.5707406]
26999 0.5285577178001404 [0.58225185]
27999 0.5104790329933167 [0.59322166]
28999 0.49322211742401123 [0.60367984]
29999 0.4767489433288574 [0.61365515]
30999 0.461027055978775 [0.6231748]
31999 0.4460204243659973 [0.63226444]
32999 0.43169423937797546 [0.6409483]
33999 0.41801711916923523 [0.6492494]
34999 0.40495482087135315 [0.65718913]
35999 0.3924769461154938 [0.664788]
36999 0.38055282831192017 [0.67206484]
37999 0.3691543936729431 [0.67903763]
38999 0.3582558333873749 [0.68572325]
39999 0.3478323221206665 [0.6921372]
[0.6946734]
999 1.4898488521575928 [0.00756069]
1999 1.1419322490692139 [0.01383479]
2999 1.1041542291641235 [0.02616193]
3999 1.085023045539856 [0.04856689]
4999 1.0662908554077148 [0.08383477]
5999 1.0460193157196045 [0.12830691]
6999 1.0242313146591187 [0.17188871]
7999 1.0011968612670898 [0.2082451]
8999 0.977204442024231 [0.23805636]
9999 0.952514111995697 [0.26390338]
10999 0.9273619651794434 [0.2875329]
11999 0.901955246925354 [0.3097919]
12999 0.8764803409576416 [0.33104128]
13999 0.8510966897010803 [0.3514262]
14999 0.8259392380714417 [0.37100598]
15999 0.8011201024055481 [0.3898085]
16999 0.7767385840415955 [0.40785235]
17999 0.7528690695762634 [0.42515495]
18999 0.7295733690261841 [0.44173524]
19999 0.7068945169448853 [0.45761418]
20999 0.6848664879798889 [0.47281492]
21999 0.6635156273841858 [0.4873615]
22999 0.6428544521331787 [0.501279]
23999 0.622890293598175 [0.5145935]
24999 0.6036203503608704 [0.5273304]
25999 0.5850417017936707 [0.53951573]
26999 0.5671452879905701 [0.55117446]
27999 0.5499162673950195 [0.5623317]
28999 0.5333404541015625 [0.5730113]
29999 0.5173987746238708 [0.5832367]
30999 0.5020737051963806 [0.5930305]
31999 0.4873437285423279 [0.6024141]
32999 0.4731897711753845 [0.61140823]
33999 0.4595886170864105 [0.62003255]
34999 0.4465222954750061 [0.6283059]
35999 0.433967649936676 [0.636246]
36999 0.4219040274620056 [0.64386976]
37999 0.41031238436698914 [0.65119344]
38999 0.3991696536540985 [0.65823203]
39999 0.38845884799957275 [0.66499996]
[0.66768026]
