cuda:0
2
Preparing datasets...
Preparing networks...
Fitting two-layer networks...
Generating network with reg level 0
modifying second layer regularization...
Generating network with reg level 0.1
modifying second layer regularization...
Generating network with reg level 0.3
modifying second layer regularization...
Generating dataframes...
Working on regularization level 0
[-0.00643539 -0.00112968]
99 15.354295068359376 0.1732
[-0.00485382 -0.0005164 ]
99 12.255452685546874 0.2371
[-0.00416936  0.00032422]
99 9.999949462890624 0.3064
[-0.00395178  0.00126187]
99 8.38175537109375 0.3629
[-0.00326629  0.00222067]
99 7.210095825195313 0.4173
[-0.00306028  0.00315674]
99 6.3465109375 0.4608
[-0.00338173  0.00405297]
99 5.691895056152344 0.4983
[-0.00048732  0.00490071]
99 5.182299487304688 0.5316
[-0.00112121  0.00570195]
99 4.7814158325195315 0.5631
[-0.00031191  0.00645699]
99 4.458779211425782 0.5849
[0.00359281 0.00716906]
99 4.194994732666015 0.6055
[0.00252276 0.00783933]
99 3.973080596923828 0.6228
[0.00309036 0.00848139]
99 3.7845019653320313 0.6367
[0.0052763  0.00909003]
99 3.623285662841797 0.652
[0.00352454 0.00966611]
99 3.4808202697753905 0.6621
[0.00394123 0.01021884]
99 3.3586693237304686 0.6732
[0.00438639 0.01074614]
99 3.248730145263672 0.6815
[0.00439906 0.01125248]
99 3.1505057189941406 0.69
[0.00529898 0.01174376]
99 3.0618843383789063 0.6962
[0.00761827 0.01221859]
99 2.9827059509277345 0.7037
[0.00836041 0.01267242]
99 2.9093601226806642 0.7119
[0.00730421 0.01311263]
99 2.842316421508789 0.7175
[0.0094948  0.01353876]
99 2.7812869873046875 0.723
[0.01100888 0.01395141]
99 2.7234426361083983 0.7275
[0.00805951 0.01435292]
99 2.670716384887695 0.7326
[0.011023   0.01474394]
99 2.6222251922607422 0.7378
[0.01090183 0.01512708]
99 2.5759226654052734 0.7423
[0.01289207 0.01549648]
99 2.5325407623291016 0.7463
[0.00972053 0.01585909]
99 2.492249771118164 0.7511
[0.01160471 0.01621286]
99 2.4538340393066407 0.7543
[0.01272165 0.01655852]
99 2.4174466369628904 0.757
[0.01200675 0.0169013 ]
99 2.383483404541016 0.7597
[0.01328578 0.01723313]
99 2.350874282836914 0.7623
[0.01134604 0.01755983]
99 2.3199193908691407 0.7652
[0.01483901 0.01787775]
99 2.290828887939453 0.7669
[0.01614976 0.01819216]
99 2.2624765991210936 0.7706
[0.0127206  0.01850038]
99 2.235363073730469 0.7727
[0.01549906 0.01880769]
99 2.209826760864258 0.7746
[0.01392755 0.01910302]
99 2.1849707763671873 0.7775
[0.01433301 0.01939459]
99 2.161174685668945 0.7795
[0.01663436 0.01968385]
99 2.1381274230957033 0.7811
[0.01575041 0.01996955]
99 2.116311944580078 0.7826
[0.01663742 0.02024943]
99 2.0952788299560545 0.7844
[0.01507974 0.02052909]
99 2.075516128540039 0.7869
[0.01820026 0.02079686]
99 2.0555594696044923 0.7886
[0.01938827 0.02106562]
99 2.036862600708008 0.79
[0.01830258 0.02133265]
99 2.018760707092285 0.7917
[0.01739816 0.0215911 ]
99 2.0011039993286133 0.7935
[0.01954015 0.02185137]
99 1.9841347595214844 0.7954
[0.01770538 0.0221057 ]
99 1.967683952331543 0.7973
[0.02111964 0.02236065]
99 1.9517060317993165 0.7979
[0.01917535 0.02260928]
99 1.9358844268798827 0.7994
[0.01871812 0.02285724]
99 1.9212042282104491 0.8006
[0.01952477 0.02310073]
99 1.9062528076171874 0.8024
[0.02141992 0.02334163]
99 1.892161262512207 0.803
[0.02046146 0.0235803 ]
99 1.8781369750976562 0.8036
[0.02073422 0.02381811]
99 1.864848191833496 0.8058
[0.02184171 0.02405151]
99 1.851796258544922 0.807
[0.02233752 0.0242833 ]
99 1.8391341552734375 0.8083
[0.02143542 0.02451171]
99 1.826519302368164 0.8095
[0.02056145 0.02473772]
99 1.8150759704589843 0.8108
[0.02224464 0.02496058]
99 1.8028167831420898 0.8115
[0.02193664 0.02518376]
99 1.791123226928711 0.8128
[0.02222475 0.02540632]
99 1.7803632553100586 0.8136
[0.02173667 0.0256219 ]
99 1.7690369338989258 0.8143
[0.0232189  0.02583878]
99 1.7580374008178712 0.8147
[0.02423877 0.02605383]
99 1.7474079177856445 0.8154
[0.0247649  0.02626861]
99 1.737667822265625 0.8157
[0.02303309 0.02648115]
99 1.7274831466674805 0.8165
[0.02425461 0.02669121]
99 1.7176870040893555 0.8175
[0.02382884 0.02689892]
99 1.7081917205810546 0.8181
[0.02610673 0.02710462]
99 1.6987716842651368 0.8189
[0.024715   0.02731054]
99 1.6893128387451173 0.8195
[0.02607728 0.02751408]
99 1.6800097564697265 0.82
[0.02869698 0.0277165 ]
99 1.6712541442871094 0.8204
[0.02465562 0.02791751]
99 1.6624598098754884 0.8211
[0.02711743 0.02811737]
99 1.6543338363647462 0.822
[0.02640401 0.02831358]
99 1.6456473220825196 0.8225
[0.02663788 0.02851122]
99 1.6371428039550782 0.823
[0.02488217 0.0287042 ]
99 1.6285808837890625 0.8239
[0.02669475 0.02889722]
99 1.6207936645507812 0.8242
[0.02831501 0.02909069]
99 1.612394692993164 0.8247
[0.02733357 0.02928468]
99 1.6049302368164062 0.825
[0.02750251 0.02947705]
99 1.5981365844726563 0.8256
[0.02785118 0.02966616]
99 1.589950979614258 0.8268
[0.02705279 0.02985217]
99 1.582922247314453 0.8278
[0.02874508 0.03003961]
99 1.575489663696289 0.8284
[0.02860875 0.03022644]
99 1.5681967544555664 0.8288
[0.02824827 0.03041208]
99 1.5610124298095702 0.8289
[0.03013154 0.03059654]
99 1.5545826385498047 0.8294
[0.02773461 0.03077894]
99 1.5479581130981446 0.8294
[0.02854924 0.03095986]
99 1.5405639907836914 0.8299
[0.02680153 0.03114251]
99 1.533970733642578 0.8306
[0.02949795 0.03132049]
99 1.5272428405761718 0.8316
[0.02985293 0.0314999 ]
99 1.5205085510253906 0.8318
[0.03143394 0.03168107]
99 1.5144327346801758 0.8324
[0.02876665 0.03185693]
99 1.508506884765625 0.8329
[0.03142438 0.03203187]
99 1.5026373016357422 0.8333
[0.02900041 0.03220902]
99 1.4962075622558593 0.8336
[0.03121678 0.03238416]
99 1.4901775299072266 0.8338
[0.03109817 0.03255688]
99 1.484045198059082 0.8345
[0.02974351 0.03273077]
99 1.4783862060546875 0.8352
[0.03108184 0.03290285]
99 1.472940315246582 0.8354
[0.03295886 0.03307433]
99 1.4672900756835938 0.836
[0.03288369 0.03324557]
99 1.4609069656372071 0.8368
[0.03383359 0.03341189]
99 1.4552222869873046 0.8375
[0.0319598  0.03358378]
99 1.450235758972168 0.838
[0.03166212 0.03375218]
99 1.4451136779785156 0.8382
[0.03272924 0.03391698]
99 1.4392815338134766 0.8388
[0.03252235 0.03408534]
99 1.4343249145507813 0.8392
[0.03407019 0.0342511 ]
99 1.4287167877197267 0.8398
[0.03431683 0.03441581]
99 1.4234771759033202 0.84
[0.03381669 0.03458155]
99 1.418430599975586 0.84
[0.03270318 0.03474604]
99 1.4134042770385742 0.8404
[0.03148714 0.03490648]
99 1.408326823425293 0.841
[0.03146678 0.03507208]
99 1.4040549819946289 0.8411
[0.03542268 0.03522863]
99 1.3984993453979493 0.8421
[0.03473057 0.03538951]
99 1.3934749252319336 0.8426
[0.03327813 0.0355518 ]
99 1.3888828659057617 0.8427
[0.03429728 0.03571258]
99 1.3839953964233398 0.8431
[0.03494738 0.03587133]
99 1.3795266342163086 0.8435
[0.03722836 0.03602947]
99 1.3750768600463867 0.8437
[0.03623045 0.0361881 ]
99 1.3704713668823243 0.8439
[0.03586511 0.03634597]
99 1.3659320877075196 0.8444
[0.03625223 0.03650134]
99 1.3615807708740235 0.8451
[0.03519115 0.0366567 ]
99 1.3565389358520508 0.8457
[0.03779167 0.0368118 ]
99 1.352759694671631 0.8462
[0.03627053 0.03696582]
99 1.3477185989379883 0.8466
[0.0359781 0.0371189]
99 1.3437238662719726 0.8477
[0.03653328 0.03727356]
99 1.3395847755432129 0.8476
[0.03626964 0.03742614]
99 1.3352941375732421 0.8479
[0.03667278 0.03758005]
99 1.3311602615356446 0.8487
[0.03681792 0.03773118]
99 1.3266242782592774 0.8492
[0.03835931 0.0378821 ]
99 1.3234191345214843 0.8498
[0.03742662 0.03803506]
99 1.318969214630127 0.8499
[0.03840903 0.0381844 ]
99 1.3152916664123535 0.8507
[0.03728177 0.03833473]
99 1.3106530723571777 0.8511
[0.03849134 0.03848699]
99 1.306983856201172 0.8507
[0.03897721 0.03863193]
99 1.3030141609191894 0.8516
[0.03668305 0.0387812 ]
99 1.299327131652832 0.8517
[0.03763219 0.03892957]
99 1.2955248046875 0.8523
[0.03897078 0.03907697]
99 1.2917734718322753 0.852
[0.04030369 0.03922613]
99 1.288438515472412 0.8524
[0.0376734  0.03937084]
99 1.284464688873291 0.8527
[0.03743884 0.03951626]
99 1.2803979515075683 0.8532
[0.03868868 0.03965982]
99 1.2766925666809081 0.854
[0.04037894 0.03980693]
99 1.2733727180480956 0.854
[0.04176084 0.03995133]
99 1.2696140838623047 0.8542
[0.03975823 0.0400966 ]
99 1.2665624069213868 0.8544
[0.03945283 0.04023975]
99 1.2626906150817871 0.8545
[0.04078219 0.0403839 ]
99 1.2595228645324708 0.8545
[0.03908174 0.04052583]
99 1.2558350357055663 0.8549
[0.04156556 0.04067226]
99 1.2529363967895508 0.8551
[0.0391426  0.04081501]
99 1.2493826354980468 0.8555
[0.04252122 0.04095604]
99 1.2461104568481445 0.8556
[0.0413194  0.04109446]
99 1.2423484214782714 0.8558
[0.04186768 0.0412379 ]
99 1.2390727020263672 0.8561
[0.03972328 0.04137835]
99 1.2356963798522949 0.856
[0.04178674 0.04152058]
99 1.2322909744262696 0.8563
[0.04118164 0.04165966]
99 1.2292642654418946 0.8569
[0.04129823 0.04179874]
99 1.2259809646606445 0.8571
[0.04228475 0.04193884]
99 1.2229426025390624 0.8573
[0.04281333 0.04207838]
99 1.2193860649108887 0.8576
[0.0423026  0.04221852]
99 1.2163585845947265 0.8577
[0.04502714 0.0423558 ]
99 1.2132884872436522 0.8582
[0.04280121 0.04249483]
99 1.2105698768615722 0.8581
[0.04152059 0.04263074]
99 1.207547354888916 0.8582
[0.04327502 0.04276865]
99 1.204416153717041 0.8586
[0.04284038 0.04290534]
99 1.2015088188171388 0.8584
[0.04323596 0.04304267]
99 1.1982255882263184 0.8586
[0.04397216 0.04317942]
99 1.1954262931823731 0.8589
[0.04336818 0.04331677]
99 1.192497875213623 0.8594
[0.04370562 0.04345012]
99 1.1896299636840821 0.8595
[0.04486845 0.04358575]
99 1.1870306144714355 0.8599
[0.04376055 0.04372293]
99 1.1844505630493165 0.8604
[0.0445279  0.04385658]
99 1.1813941947937012 0.8605
[0.04593879 0.04398999]
99 1.1783317222595215 0.8608
[0.04440928 0.04412338]
99 1.1756574745178223 0.8614
[0.04452616 0.04425885]
99 1.1732273254394532 0.8615
[0.04420174 0.04438913]
99 1.170116315460205 0.8616
[0.04549458 0.04452315]
99 1.1671157943725585 0.8617
[0.04484046 0.04465598]
99 1.1644995269775391 0.8621
[0.04525766 0.04478705]
99 1.1619403678894042 0.8624
[0.04722445 0.04492336]
99 1.159318286895752 0.8623
[0.04679434 0.04505234]
99 1.156727833557129 0.8626
[0.04637004 0.04518582]
99 1.1535497772216796 0.8627
[0.04572454 0.04531375]
99 1.1511347930908202 0.8631
[0.04656272 0.04544682]
99 1.1487645080566407 0.8628
[0.04553053 0.04557923]
99 1.146620376586914 0.8629
[0.04806508 0.04570979]
99 1.143598233795166 0.8633
[0.04684528 0.04583969]
99 1.1409383056640625 0.8638
[0.04781385 0.04597055]
99 1.1386472999572754 0.864
[0.04753961 0.04610081]
99 1.1363240882873535 0.8642
[0.04658991 0.04622588]
99 1.133551383972168 0.8644
[0.0472577  0.04635964]
99 1.1306942893981933 0.8644
[0.04600281 0.0464874 ]
99 1.1278782066345214 0.8645
[0.04766337 0.0466155 ]
99 1.1258067558288574 0.8648
[0.04907879 0.04674483]
99 1.123284115600586 0.8648
[0.04810914 0.04687237]
99 1.1208403602600097 0.865
[0.04938971 0.04699923]
99 1.118494945526123 0.8656
[0.04896761 0.04712775]
99 1.1162391166687011 0.866
[0.04696095 0.0472571 ]
99 1.113801629638672 0.8658
[0.04898687 0.0473824 ]
99 1.1116717674255372 0.8662
[0.04958732 0.04750827]
99 1.1096424476623534 0.8663
[0.04883979 0.04763443]
99 1.1068978630065918 0.8662
[0.05191575 0.04776227]
99 1.1044503608703613 0.8661
[0.04761475 0.04788998]
99 1.1025455894470215 0.8667
[0.04748933 0.04801701]
99 1.1001701522827148 0.8668
[0.04832816 0.04814135]
99 1.0980195686340333 0.8668
[0.04831727 0.04826694]
99 1.095448570251465 0.8669
[0.04750747 0.04839238]
99 1.0937087890625 0.8671
[0.05041154 0.04851795]
99 1.0916045570373536 0.8674
[0.05134422 0.04864168]
99 1.0890258476257324 0.8677
[0.05121413 0.04876648]
99 1.0871338760375977 0.8675
[0.05051166 0.04889131]
99 1.0848359741210938 0.8678
[0.05092463 0.04901532]
99 1.082872632598877 0.8679
[0.05159059 0.04913845]
99 1.0803972274780274 0.8679
[0.05174202 0.04926244]
99 1.078238159942627 0.8679
[0.0509488  0.04938626]
99 1.0759754089355469 0.8686
[0.05112546 0.04950722]
99 1.074167945098877 0.8687
[0.05002524 0.04963023]
99 1.071888793182373 0.8689
[0.05131138 0.04975574]
99 1.0695933425903321 0.8686
[0.05238536 0.0498767 ]
99 1.0677261962890625 0.869
[0.05204656 0.04999745]
99 1.0660474975585938 0.8696
[0.05234361 0.05012085]
99 1.0639088150024414 0.8696
[0.05140048 0.05024445]
99 1.0619628036499023 0.8697
[0.05167618 0.05036607]
99 1.060042700958252 0.8701
[0.05162603 0.05048711]
99 1.0581910621643067 0.8703
[0.05169676 0.05060669]
99 1.0557645408630372 0.8702
[0.0538023  0.05072768]
99 1.053525814819336 0.8703
[0.05198781 0.05084838]
99 1.0516140411376953 0.8704
[0.0536249  0.05097094]
99 1.0498519432067872 0.8706
[0.05370485 0.05109002]
99 1.0477921264648438 0.8707
[0.05211641 0.05121208]
99 1.0458070205688477 0.871
[0.05112524 0.05133243]
99 1.044174925994873 0.8712
[0.05342999 0.05145266]
99 1.042357243347168 0.8712
[0.05247767 0.05157233]
99 1.0404837760925294 0.8717
[0.0523055  0.05169125]
99 1.0383412269592285 0.8717
[0.05380439 0.0518089 ]
99 1.0365768737792969 0.872
[0.05309207 0.05193165]
99 1.034537850189209 0.8727
[0.05410255 0.05204867]
99 1.0325830001831056 0.8723
[0.05463675 0.05216644]
99 1.0308031860351563 0.8728
[0.05424904 0.05228386]
99 1.0288796798706055 0.8727
[0.05440213 0.05240277]
99 1.0271907066345214 0.8731
[0.05287941 0.05252139]
99 1.0252687019348146 0.8734
[0.05443629 0.05263831]
99 1.0236171173095703 0.8734
[0.05348333 0.05275687]
99 1.021506095123291 0.8731
[0.05558068 0.05287626]
99 1.019650914001465 0.8733
[0.05447171 0.0529937 ]
99 1.01824097366333 0.8738
[0.05726727 0.05311266]
99 1.016297900390625 0.8738
[0.05566046 0.05322819]
99 1.0143534484863281 0.8738
[0.05655122 0.05334671]
99 1.0130382667541504 0.8745
[0.05503414 0.0534634 ]
99 1.0111308776855468 0.8744
[0.0574351  0.05357875]
99 1.0093654861450196 0.8748
[0.05542493 0.05369533]
99 1.0075583213806152 0.8749
[0.05515823 0.05380979]
99 1.0059559074401856 0.8745
[0.05525342 0.05392667]
99 1.0044321403503418 0.8749
[0.05689443 0.0540441 ]
99 1.00248056640625 0.8751
[0.05772161 0.05415859]
99 1.0006958099365235 0.8751
[0.05653002 0.05427431]
99 0.9992283073425293 0.8759
[0.05557998 0.0543891 ]
99 0.9975389350891113 0.8758
[0.05804843 0.05450642]
99 0.9959878074645996 0.8761
[0.05729495 0.05461982]
99 0.9940904678344726 0.8763
[0.05628542 0.05473552]
99 0.9925861793518066 0.8766
[0.05759748 0.05485041]
99 0.9911079376220703 0.8768
[0.05795136 0.05496679]
99 0.989470499420166 0.8767
[0.05825032 0.05507992]
99 0.9876547233581543 0.8768
[0.05826116 0.05519477]
99 0.9861051231384277 0.8773
[0.05756189 0.05530791]
99 0.9843143913269043 0.8776
[0.05614923 0.05542387]
99 0.9832099617004395 0.8774
[0.05850002 0.05553588]
99 0.9814525131225585 0.8775
[0.05905195 0.05564885]
99 0.9795457794189453 0.8777
[0.05851294 0.05576228]
99 0.9782322257995606 0.8778
[0.05933179 0.05587677]
99 0.9765752838134766 0.878
[0.05837328 0.05598823]
99 0.9750386940002441 0.878
[0.05902647 0.05610053]
99 0.9735612159729004 0.878
[0.06042612 0.05621522]
99 0.97218798828125 0.878
[0.05786797 0.05632745]
99 0.9705056678771973 0.878
[0.05838584 0.05644061]
99 0.9685966262817383 0.8782
[0.06062166 0.05655338]
99 0.9675062934875488 0.8782
[0.05934242 0.05666692]
99 0.9659439376831055 0.8781
[0.05917009 0.05678023]
99 0.9647203216552734 0.8782
[0.06057895 0.0568888 ]
99 0.963240682220459 0.8778
[0.06094698 0.05699949]
99 0.9615061920166016 0.8784
[0.05996271 0.057113  ]
99 0.959921295928955 0.8785
[0.06114838 0.05722295]
99 0.9582230155944824 0.8789
[0.06034989 0.05733715]
99 0.957189527130127 0.8786
[0.06006223 0.05744842]
99 0.9556503791809082 0.879
[0.06120304 0.05755876]
99 0.9538324356079102 0.8791
[0.06020858 0.05767018]
99 0.9524998710632324 0.8797
[0.06156894 0.05778041]
99 0.9510191543579102 0.8798
[0.06000316 0.0578907 ]
99 0.9495644226074219 0.8795
[0.06119937 0.0580033 ]
99 0.9482212562561035 0.8797
[0.06386768 0.05811286]
99 0.9469021514892578 0.8798
[0.06313766 0.05822528]
99 0.9454359786987304 0.8799
[0.06155683 0.05833469]
99 0.9441452758789063 0.8803
[0.06161674 0.0584447 ]
99 0.9430417655944824 0.8805
[0.0618381  0.05855596]
99 0.9414007461547852 0.8805
[0.06222067 0.05866457]
99 0.939761319732666 0.8811
[0.06311901 0.05877336]
99 0.9380431159973145 0.881
Working on regularization level 0.1
[-0.00393269 -0.00111727]
99 13.73662470703125 0.1777
[-0.0029827  -0.00041972]
99 9.62368251953125 0.2527
[-0.00499831  0.00058718]
99 6.817074291992188 0.3342
[-0.00478771  0.00174322]
99 4.960322766113281 0.4131
[-0.00190401  0.00295495]
99 3.7280526245117187 0.4796
[-0.00040605  0.00414877]
99 2.890494384765625 0.543
[-0.00241301  0.00531354]
99 2.307302062988281 0.5925
[-0.00029555  0.00642778]
99 1.8837295043945312 0.6292
[0.00010759 0.0075104 ]
99 1.5704529327392578 0.6621
[0.00232016 0.00857406]
99 1.3323856872558595 0.6876
[0.00242327 0.00962664]
99 1.1473410140991211 0.7143
[0.00542617 0.01068234]
99 1.0024495086669922 0.735
[0.00582516 0.01175875]
99 0.8870545181274414 0.7534
[0.00767211 0.01287209]
99 0.7957171035766601 0.7671
[0.00632866 0.01402987]
99 0.722016015625 0.7807
[0.01152921 0.0152527 ]
99 0.6638258056640625 0.7937
[0.01074229 0.01657446]
99 0.6178193313598633 0.8083
[0.01443951 0.01803408]
99 0.5826706275939941 0.8179
[0.01388449 0.01960747]
99 0.5538309997558594 0.8296
[0.01781277 0.02136327]
99 0.5318892074584961 0.8387
[0.01803637 0.02330418]
99 0.5157038856506347 0.847
[0.02055403 0.02549778]
99 0.502968701171875 0.8557
[0.02219051 0.02794683]
99 0.49375023193359374 0.8637
[0.02666135 0.03070199]
99 0.48674730606079103 0.8686
[0.02939141 0.03375319]
99 0.4811215614318848 0.8736
[0.03316629 0.03717553]
99 0.47739727630615236 0.8779
[0.03779804 0.04094353]
99 0.4744849540710449 0.8837
[0.04254362 0.0451216 ]
99 0.472312744140625 0.8873
[0.04697868 0.04971944]
99 0.47043324432373046 0.8893
[0.05070723 0.05468367]
99 0.46902481842041016 0.8938
[0.05729105 0.06002497]
99 0.4682218284606934 0.8958
[0.06575547 0.06576827]
99 0.46760458602905275 0.8984
[0.07194366 0.07185526]
99 0.46640807418823244 0.8985
[0.07714186 0.0781961 ]
99 0.46632904510498047 0.9007
[0.08275592 0.08476194]
99 0.46529235458374024 0.9011
[0.08989504 0.09145069]
99 0.4647991218566895 0.9037
[0.09714378 0.09822777]
99 0.464155192565918 0.9042
[0.10675794 0.10506279]
99 0.46406365509033204 0.9032
[0.11073502 0.11165942]
99 0.46338056564331054 0.9059
[0.11659275 0.11823059]
99 0.46320083389282224 0.9056
[0.12541698 0.12450408]
99 0.4626471633911133 0.9063
[0.13009693 0.13047786]
99 0.4622194580078125 0.9058
[0.13518739 0.13616829]
99 0.46190486221313476 0.9072
[0.14229958 0.14161476]
99 0.46137429580688477 0.9064
[0.14849451 0.1466559 ]
99 0.461025439453125 0.9075
[0.15132862 0.1514081 ]
99 0.46046775131225587 0.9069
[0.15935415 0.15592651]
99 0.4606215957641602 0.908
[0.16367844 0.16010372]
99 0.45978017654418946 0.908
[0.16628055 0.16420226]
99 0.4595650001525879 0.907
[0.1701101  0.16781466]
99 0.4591091842651367 0.9079
[0.17547376 0.17138992]
99 0.45852091674804685 0.9079
[0.17751041 0.17486025]
99 0.4584152938842773 0.9079
[0.17936297 0.17810802]
99 0.45796965713500976 0.9085
[0.1837444  0.18116127]
99 0.4576156753540039 0.9085
[0.18610992 0.18418361]
99 0.4572591194152832 0.9077
[0.19011259 0.18717521]
99 0.4568587661743164 0.9085
[0.19403164 0.1899769 ]
99 0.4562724189758301 0.9084
[0.19576146 0.1927306 ]
99 0.45598259048461914 0.9094
[0.19884665 0.19543646]
99 0.45548604278564453 0.9083
[0.20201945 0.1981616 ]
99 0.4550904411315918 0.9082
[0.20419632 0.20076932]
99 0.4548526641845703 0.9091
[0.20590845 0.20328085]
99 0.45394619064331054 0.9085
[0.2100661  0.20590171]
99 0.4536017646789551 0.9084
[0.21208455 0.2083844 ]
99 0.45318851623535156 0.9085
[0.21477662 0.21090572]
99 0.4528191368103027 0.9091
[0.21833916 0.21331666]
99 0.4524716255187988 0.9093
[0.21939988 0.21574028]
99 0.4518136199951172 0.9085
[0.22211708 0.21824385]
99 0.45143660430908206 0.9091
[0.22441766 0.2206695 ]
99 0.45110788345336916 0.9087
[0.2272338  0.22299391]
99 0.4504869415283203 0.9083
[0.22967064 0.2253736 ]
99 0.45019783935546875 0.9088
[0.23174131 0.22776599]
99 0.44980543441772464 0.9085
[0.23431519 0.23009786]
99 0.4491024757385254 0.9087
[0.23830308 0.23237754]
99 0.4488812828063965 0.9096
[0.2391263  0.23468512]
99 0.4484324966430664 0.909
[0.24122742 0.23692864]
99 0.44777216720581053 0.9089
[0.24312954 0.23926431]
99 0.4474081817626953 0.9087
[0.24732085 0.24153681]
99 0.4468448417663574 0.9099
[0.24822375 0.24384362]
99 0.44636484832763673 0.9092
[0.25143063 0.24606319]
99 0.44610262145996094 0.9097
[0.25286958 0.24832217]
99 0.44562364196777343 0.91
[0.25462547 0.25049102]
99 0.4454581703186035 0.909
[0.25784606 0.25267306]
99 0.44460037536621094 0.9098
[0.25936666 0.2549688 ]
99 0.4441087425231934 0.9099
[0.26341057 0.25714532]
99 0.4438886375427246 0.9094
[0.26504323 0.25929582]
99 0.4433209228515625 0.9099
[0.26470578 0.26142251]
99 0.44299615173339846 0.909
[0.2681394  0.26363775]
99 0.44248527297973633 0.9095
[0.2723305  0.26573992]
99 0.44197365798950194 0.9103
[0.27153292 0.2678922 ]
99 0.44142012100219724 0.91
[0.2749491  0.27002138]
99 0.4414026641845703 0.9096
[0.27961144 0.27208504]
99 0.4404766571044922 0.9103
[0.27873853 0.27416494]
99 0.4402165748596191 0.9105
[0.28244153 0.27624744]
99 0.4399014045715332 0.9098
[0.28579846 0.2783197 ]
99 0.43918082351684573 0.9102
[0.2865784  0.28041837]
99 0.43851141510009767 0.9099
[0.29006845 0.28256425]
99 0.43826575164794923 0.9098
[0.2899728 0.2844748]
99 0.4376086235046387 0.9112
[0.29298118 0.28651324]
99 0.43715989837646485 0.9107
[0.29427645 0.28856316]
99 0.43694443893432616 0.9101
[0.29707405 0.29048973]
99 0.43652541275024415 0.9102
[0.29888064 0.29249924]
99 0.43580108184814453 0.9104
[0.3009074  0.29449454]
99 0.4353564666748047 0.911
[0.30367604 0.29638287]
99 0.43497180099487304 0.9108
[0.30482057 0.29844898]
99 0.43472722549438475 0.9105
[0.3066767  0.30030662]
99 0.43401371536254885 0.9108
[0.3084399  0.30227306]
99 0.434215111541748 0.9108
[0.31088707 0.30414346]
99 0.4331152732849121 0.911
[0.3135382  0.30607194]
99 0.4327969177246094 0.9105
[0.31349814 0.30799335]
99 0.4325877182006836 0.911
[0.31693685 0.30984646]
99 0.43167535247802735 0.9113
[0.31750396 0.31176504]
99 0.4313162498474121 0.9115
[0.31954443 0.31360835]
99 0.4307709037780762 0.9115
[0.32368517 0.3154383 ]
99 0.4303806037902832 0.9109
[0.32557166 0.3172572 ]
99 0.4300411636352539 0.9112
[0.32647717 0.31914482]
99 0.42927253799438475 0.9112
[0.32851407 0.3208923 ]
99 0.42895722351074217 0.9112
[0.3316518  0.32276422]
99 0.4286813362121582 0.9113
[0.33239517 0.32445684]
99 0.4278480110168457 0.9107
[0.33348593 0.32636806]
99 0.42764149475097657 0.9103
[0.33555686 0.32810038]
99 0.42733368148803713 0.9113
[0.3383833  0.32989112]
99 0.426976057434082 0.9114
[0.34068048 0.33157814]
99 0.42632549591064456 0.911
[0.34156433 0.33334196]
99 0.4255753868103027 0.9109
[0.3430489 0.33509  ]
99 0.4255820236206055 0.9115
[0.3464434  0.33677244]
99 0.4248723220825195 0.9115
[0.34896693 0.33845267]
99 0.4247200897216797 0.9127
[0.3480608  0.34016433]
99 0.42413979415893555 0.9105
[0.35018346 0.34192342]
99 0.42343038330078125 0.9113
[0.35378256 0.3435851 ]
99 0.4236347213745117 0.9101
[0.35451   0.3451905]
99 0.4225528778076172 0.9123
[0.3560196  0.34690252]
99 0.4222314033508301 0.9117
[0.3572956 0.3484784]
99 0.4221949745178223 0.911
[0.35883155 0.35010877]
99 0.421244596862793 0.9122
[0.36039376 0.35179394]
99 0.4208589469909668 0.912
[0.36360878 0.3534256 ]
99 0.4202817932128906 0.9122
[0.36569813 0.35509047]
99 0.42013202667236327 0.9127
[0.36676115 0.3566094 ]
99 0.41958104705810545 0.9122
[0.3678909  0.35818124]
99 0.4187699127197266 0.9125
[0.3683336  0.35980675]
99 0.4185809265136719 0.912
[0.37180835 0.3613937 ]
99 0.41806973190307617 0.9121
[0.3735371  0.36300838]
99 0.41831528549194336 0.9112
[0.37577435 0.36444724]
99 0.41745229873657225 0.9122
[0.37546855 0.3659965 ]
99 0.4168621780395508 0.9127
[0.37754378 0.3675287 ]
99 0.41638318099975585 0.9124
[0.37755182 0.36900815]
99 0.4160313888549805 0.9131
[0.37951484 0.37057826]
99 0.4154780860900879 0.9126
[0.3820729  0.37211996]
99 0.4152768035888672 0.9126
[0.3845597  0.37363708]
99 0.4147432601928711 0.9128
[0.38627172 0.37509724]
99 0.4141860038757324 0.9125
[0.38600278 0.3766489 ]
99 0.41406376571655273 0.9125
[0.38924432 0.37810734]
99 0.41346809310913085 0.9129
[0.39150563 0.37958404]
99 0.41298568115234374 0.9125
[0.39234427 0.38097146]
99 0.4126871810913086 0.9129
[0.39417508 0.38245362]
99 0.4122250312805176 0.9129
[0.3936393  0.38393384]
99 0.4122541229248047 0.9128
[0.3978193 0.3853258]
99 0.41146598358154296 0.9131
[0.3967644  0.38671455]
99 0.41103828887939453 0.9127
[0.399327   0.38813755]
99 0.41091530685424804 0.9136
[0.40128574 0.38954467]
99 0.4100453094482422 0.9135
[0.40260294 0.39096546]
99 0.4098051513671875 0.913
[0.40141466 0.3923817 ]
99 0.40960432510375977 0.9128
[0.40537775 0.39372876]
99 0.40898916091918947 0.9132
[0.40463316 0.3950893 ]
99 0.4084725242614746 0.9136
[0.40757212 0.39639145]
99 0.4080660194396973 0.9133
[0.40785643 0.39785236]
99 0.4076055656433106 0.913
[0.4100444  0.39915797]
99 0.4075176170349121 0.9132
[0.4117016  0.40046656]
99 0.40687706604003904 0.9131
[0.4135998  0.40180042]
99 0.40649542083740237 0.9136
[0.41485426 0.40311527]
99 0.4061198974609375 0.9134
[0.41585115 0.4044768 ]
99 0.4056968742370605 0.9138
[0.41831946 0.4058183 ]
99 0.4053603607177734 0.9129
[0.4195806  0.40708414]
99 0.4050653739929199 0.9132
[0.42122382 0.40834385]
99 0.40457644424438477 0.9138
[0.42152578 0.40955323]
99 0.4039713722229004 0.9146
[0.42108735 0.4109418 ]
99 0.40366279067993166 0.9139
[0.42548427 0.41218057]
99 0.4033864990234375 0.9133
[0.42723233 0.41352168]
99 0.4031133316040039 0.9134
[0.42622513 0.41478795]
99 0.4027498222351074 0.9138
[0.42833105 0.41590297]
99 0.4020217697143555 0.914
[0.43163016 0.41720337]
99 0.40190603942871095 0.9142
[0.43247864 0.4184413 ]
99 0.40133915405273435 0.9145
[0.432706 0.419664]
99 0.40093046722412107 0.9141
[0.4324142 0.4208817]
99 0.40039428634643554 0.9142
[0.4334781  0.42205533]
99 0.4003692428588867 0.9145
[0.43675137 0.42326358]
99 0.3998564682006836 0.9146
[0.4396175  0.42447203]
99 0.3994164810180664 0.9145
[0.43916348 0.42571303]
99 0.39899715270996094 0.9145
[0.43987948 0.42689538]
99 0.39871612243652343 0.915
[0.4412076  0.42809105]
99 0.39845772247314454 0.9141
[0.4441572 0.4292181]
99 0.3979618988037109 0.9151
[0.44346926 0.4303175 ]
99 0.3973944236755371 0.9147
[0.44695628 0.4315991 ]
99 0.3973078109741211 0.9152
[0.4467677  0.43266818]
99 0.39713304748535155 0.9152
[0.44874528 0.4338933 ]
99 0.396475439453125 0.915
[0.45026872 0.4349933 ]
99 0.3960866554260254 0.9149
[0.44927645 0.43615597]
99 0.3958557014465332 0.9147
[0.45282534 0.43715483]
99 0.3955939552307129 0.9153
[0.452329   0.43839687]
99 0.3951722999572754 0.9143
[0.45555964 0.43948537]
99 0.39445858001708983 0.9153
[0.4568982 0.440667 ]
99 0.3944328987121582 0.9137
[0.4574906  0.44169375]
99 0.39381794662475583 0.915
[0.4561308  0.44278648]
99 0.3933454071044922 0.9153
[0.45824692 0.4438547 ]
99 0.3932780860900879 0.9149
[0.46085286 0.44497108]
99 0.39257141189575195 0.9154
[0.4602876 0.4460622]
99 0.3923520790100098 0.915
[0.46345136 0.4470719 ]
99 0.39230479583740235 0.9147
[0.46270275 0.44815   ]
99 0.39185988616943357 0.9156
[0.4636984  0.44921535]
99 0.3912908676147461 0.9158
[0.4664056 0.4501969]
99 0.3911087303161621 0.9161
[0.4665941  0.45138216]
99 0.39058632583618164 0.9155
[0.4686203 0.4524158]
99 0.3903891258239746 0.915
[0.468177   0.45346385]
99 0.3900257369995117 0.9156
[0.4676111  0.45450333]
99 0.389598072052002 0.9156
[0.47014558 0.4555157 ]
99 0.38962667388916017 0.9151
[0.47206977 0.45649266]
99 0.3889502380371094 0.916
[0.47492397 0.4575566 ]
99 0.3885763442993164 0.9157
[0.4733186  0.45865682]
99 0.3884305534362793 0.9152
[0.4778418  0.45957914]
99 0.3878021034240723 0.9158
[0.47686714 0.46053967]
99 0.38782730407714844 0.9148
[0.47744247 0.46153203]
99 0.38703250122070315 0.9164
[0.47997683 0.46252355]
99 0.3870164482116699 0.9159
[0.4789356  0.46348384]
99 0.3869493034362793 0.9153
[0.4817342  0.46447343]
99 0.3864096611022949 0.9158
[0.48187736 0.46548015]
99 0.3859021614074707 0.9159
[0.48530543 0.46646088]
99 0.3853905548095703 0.9165
[0.48107195 0.46737596]
99 0.3855863067626953 0.9158
[0.48588943 0.46831048]
99 0.38531786499023435 0.9157
[0.48765764 0.46935093]
99 0.38480141830444337 0.9157
[0.4873756  0.47028214]
99 0.3841816467285156 0.9164
[0.48814756 0.47123015]
99 0.3837972862243652 0.9161
[0.49185762 0.47213656]
99 0.38352364959716795 0.9169
[0.49124894 0.4730885 ]
99 0.38331910934448243 0.9158
[0.49391815 0.4739881 ]
99 0.38294381523132326 0.9169
[0.4924284  0.47497806]
99 0.3826704719543457 0.9165
[0.49269065 0.4759293 ]
99 0.3821919639587402 0.917
[0.49453345 0.4768242 ]
99 0.38200271797180174 0.9165
[0.4966727 0.4777374]
99 0.38171070709228516 0.9155
[0.4957296 0.4786349]
99 0.381206721496582 0.9164
[0.49768603 0.4795104 ]
99 0.3809151908874512 0.917
[0.49713054 0.4804068 ]
99 0.3809253044128418 0.9164
[0.49860573 0.48126903]
99 0.3805975303649902 0.9161
[0.49960482 0.48219603]
99 0.3800340270996094 0.9167
[0.49953443 0.48309278]
99 0.37945359306335447 0.9166
[0.5021692  0.48404598]
99 0.3797657093048096 0.9164
[0.50393146 0.48488837]
99 0.3794648880004883 0.9167
[0.507532   0.48565423]
99 0.37873338088989256 0.9173
[0.5066132  0.48659092]
99 0.3785062973022461 0.9165
[0.50476575 0.48751703]
99 0.3783458999633789 0.917
[0.5060462  0.48830342]
99 0.3779310291290283 0.9172
[0.5068081  0.48914826]
99 0.3774873947143555 0.917
[0.5112606 0.4900012]
99 0.37724376983642577 0.9169
[0.5081637  0.49084082]
99 0.3773272792816162 0.917
[0.51171756 0.4916117 ]
99 0.3767788558959961 0.9171
[0.5103918 0.492561 ]
99 0.3763232452392578 0.9173
[0.5130007 0.493344 ]
99 0.3761462677001953 0.917
[0.5140307  0.49420786]
99 0.3760929889678955 0.9167
[0.51266056 0.4950637 ]
99 0.37552026176452635 0.9173
[0.51518273 0.49583772]
99 0.3754309535980225 0.9165
[0.51486444 0.49659416]
99 0.3751643730163574 0.9169
[0.51612663 0.49751636]
99 0.3746050079345703 0.9176
[0.51841265 0.49829668]
99 0.3742598964691162 0.9177
[0.5183526  0.49909487]
99 0.3738297828674316 0.9173
[0.5187293  0.49988225]
99 0.3737524978637695 0.9169
[0.52041644 0.50079626]
99 0.3736786117553711 0.9162
[0.52240855 0.5014885 ]
99 0.3730854030609131 0.9164
[0.5229083 0.502195 ]
99 0.3728313980102539 0.9174
[0.5211035 0.5030786]
99 0.3725903736114502 0.9175
[0.5225776 0.5038954]
99 0.37234344787597656 0.917
[0.52281445 0.50463325]
99 0.37247937622070315 0.9161
[0.5252472 0.5054291]
99 0.37164646072387697 0.9172
[0.5261835  0.50618416]
99 0.3714300350189209 0.9172
[0.5257045  0.50694793]
99 0.3713892593383789 0.9163
[0.5271011 0.5076561]
99 0.37076971130371095 0.9171
[0.5288935  0.50850356]
99 0.3708566032409668 0.9162
[0.5277101 0.5092041]
99 0.3703498191833496 0.9177
[0.52881026 0.51000506]
99 0.37020344848632813 0.9166
[0.5313392  0.51064825]
99 0.36975623092651366 0.9178
[0.532332  0.5114113]
99 0.36957486305236814 0.9176
[0.5309156  0.51227415]
99 0.36933653602600097 0.9176
[0.5346004 0.5129779]
99 0.36899870223999026 0.9174
[0.53493  0.513637]
99 0.36884728622436525 0.9168
[0.53493094 0.51439196]
99 0.3682703952789307 0.9182
[0.5377795 0.5151488]
99 0.3680549133300781 0.9175
[0.53747725 0.5159124 ]
99 0.3679386943817139 0.9174
[0.53792226 0.51663566]
99 0.368076774597168 0.9173
[0.53974766 0.5172261 ]
99 0.36707814178466797 0.918
[0.53768826 0.51800376]
99 0.3670566654205322 0.9182
[0.5411432 0.5187058]
99 0.3670047996520996 0.9171
[0.54009604 0.51945937]
99 0.3667847984313965 0.9177
[0.5427684  0.52017534]
99 0.36627222175598145 0.9171
[0.5409471 0.5209563]
99 0.3660396350860596 0.9177
[0.5425345  0.52151406]
99 0.3657127128601074 0.9181
[0.5423426 0.5223023]
99 0.3653645942687988 0.9178
[0.5445518  0.52296305]
99 0.3653663398742676 0.9181
[0.5435053 0.5237129]
99 0.364993928527832 0.9177
[0.5470621 0.5243004]
99 0.36452950744628904 0.9183
[0.54575235 0.5250673 ]
99 0.3645091022491455 0.9179
[0.5497221 0.5256543]
99 0.363975581741333 0.9183
[0.5494831  0.52648896]
99 0.3639596138000488 0.9177
Working on regularization level 0.3
[-0.00425183 -0.00108371]
99 10.995122607421875 0.1868
[-0.00714101 -0.00018626]
99 5.901419091796875 0.2908
[-0.00512979  0.00120934]
99 3.1822224609375 0.4122
[-0.00130548  0.00287861]
99 1.8565170471191406 0.5324
[-0.00123792  0.00470961]
99 1.2228688537597656 0.6333
[0.00184469 0.00676006]
99 0.9185176193237304 0.7088
[0.00541838 0.00925448]
99 0.7776929367065429 0.7649
[0.00642855 0.01255358]
99 0.7175476501464844 0.8071
[0.0136404  0.01712593]
99 0.6945378875732422 0.8373
[0.01737604 0.02336738]
99 0.6873155975341797 0.8576
[0.02777838 0.03183328]
99 0.6849997970581054 0.8658
[0.04094269 0.04260242]
99 0.6849334777832031 0.8729
[0.05515167 0.05525446]
99 0.6845439971923828 0.8766
[0.06662491 0.06873833]
99 0.6843126251220704 0.8813
[0.07959925 0.08175352]
99 0.683726171875 0.8841
[0.09336951 0.0934081 ]
99 0.6832173065185547 0.8842
[0.10444178 0.10309058]
99 0.6824841339111328 0.8852
[0.11250859 0.11134157]
99 0.6816515472412109 0.8847
[0.12032118 0.11858765]
99 0.6804373855590821 0.8855
[0.12378726 0.12504959]
99 0.6790233505249024 0.8836
[0.13313723 0.13104142]
99 0.677821353149414 0.8844
[0.13912323 0.13667081]
99 0.6765341018676758 0.8858
[0.14458871 0.14219542]
99 0.6757280685424805 0.8862
[0.14961076 0.14759924]
99 0.6743825286865235 0.8854
[0.15444002 0.15295032]
99 0.6729545364379883 0.8851
[0.15960534 0.15815261]
99 0.6721512603759766 0.8852
[0.16545834 0.16333294]
99 0.6704152954101562 0.8866
[0.169745 0.168534]
99 0.6690545837402344 0.8843
[0.17655975 0.17367609]
99 0.6678556655883789 0.8843
[0.1798279  0.17873484]
99 0.6665491012573243 0.8855
[0.18460514 0.18372507]
99 0.6649989807128907 0.8861
[0.19052349 0.18867457]
99 0.6638135635375977 0.8862
[0.19522841 0.19345774]
99 0.6623246963500976 0.8863
[0.20111175 0.19826761]
99 0.6607170669555664 0.8888
[0.20467362 0.20312911]
99 0.6595904708862305 0.8878
[0.21039599 0.20790981]
99 0.6578579833984375 0.8864
[0.21309419 0.21264376]
99 0.6566817016601563 0.886
[0.21938248 0.21717182]
99 0.6546505050659179 0.8874
[0.22247145 0.22171795]
99 0.6532578964233399 0.889
[0.22766353 0.22631635]
99 0.6516235610961915 0.8866
[0.2351127 0.230724 ]
99 0.6503279968261719 0.8878
[0.23789078 0.2351379 ]
99 0.6486379791259765 0.8892
[0.24261595 0.23950094]
99 0.6472555587768555 0.8895
[0.24572152 0.24382408]
99 0.6455638488769532 0.8868
[0.24954176 0.2481928 ]
99 0.6438185485839844 0.8877
[0.25516307 0.252507  ]
99 0.642568115234375 0.8879
[0.25895196 0.25656527]
99 0.6413690963745117 0.89
[0.26337668 0.2607165 ]
99 0.6391162017822266 0.8884
[0.26683697 0.26485714]
99 0.6378965087890625 0.8879
[0.2701092  0.26884782]
99 0.6368994796752929 0.8882
[0.2761885  0.27286437]
99 0.6345874160766601 0.8895
[0.28163177 0.27676088]
99 0.6330287979125977 0.8896
[0.2839458  0.28067905]
99 0.6317422546386718 0.8898
[0.28795603 0.28451672]
99 0.6295679840087891 0.8904
[0.29088235 0.28846264]
99 0.6281046371459961 0.889
[0.29614902 0.29223996]
99 0.6266466033935547 0.8892
[0.29952675 0.29578176]
99 0.6249605056762695 0.8894
[0.30355555 0.2994803 ]
99 0.6231580902099609 0.8915
[0.30572483 0.3031888 ]
99 0.6218147918701172 0.8901
[0.31009814 0.30669722]
99 0.6200089080810547 0.8894
[0.3136957  0.31024253]
99 0.6186015869140625 0.8903
[0.31892624 0.3137486 ]
99 0.6172648254394532 0.8915
[0.32084185 0.31717548]
99 0.6159949234008789 0.8919
[0.3264857 0.3205361]
99 0.6138251998901367 0.8907
[0.32713786 0.3239143 ]
99 0.6125755676269531 0.8913
[0.3315121  0.32719216]
99 0.6110126708984375 0.8924
[0.33584565 0.3305298 ]
99 0.6093648834228516 0.8901
[0.34047818 0.33366424]
99 0.6076726776123047 0.8921
[0.34125894 0.33694473]
99 0.6062483840942383 0.8923
[0.346476  0.3401843]
99 0.605062744140625 0.8897
[0.34802365 0.34321195]
99 0.6035830429077148 0.892
[0.34912184 0.34637615]
99 0.6018350982666015 0.8901
[0.35660598 0.3492721 ]
99 0.6004234237670898 0.8912
[0.35580105 0.352512  ]
99 0.5990207809448242 0.8923
[0.36018643 0.3553884 ]
99 0.5974194229125976 0.8912
[0.36436206 0.3583278 ]
99 0.5961034378051758 0.8918
[0.36496547 0.3612258 ]
99 0.5946816604614258 0.8915
[0.3695705  0.36400717]
99 0.5930126495361329 0.8926
[0.37360415 0.36686614]
99 0.5910859161376953 0.893
[0.37564987 0.36974645]
99 0.5899639755249023 0.8911
[0.3799138 0.3724657]
99 0.5882687866210937 0.8919
[0.38118252 0.37516078]
99 0.5871096084594727 0.8925
[0.38290292 0.3778151 ]
99 0.5857540817260742 0.8927
[0.38595146 0.38066182]
99 0.5842473373413086 0.8934
[0.39101574 0.383342  ]
99 0.5828327590942383 0.8931
[0.39265493 0.3858896 ]
99 0.5811988861083984 0.8932
[0.39599556 0.38852116]
99 0.5799972717285157 0.8919
[0.39724192 0.3910672 ]
99 0.5791186737060547 0.894
[0.40147972 0.39353424]
99 0.5775696823120117 0.8935
[0.40301394 0.39596894]
99 0.5761540725708008 0.8936
[0.40526906 0.39838997]
99 0.5745418807983399 0.8949
[0.4071403  0.40078002]
99 0.5729802459716797 0.894
[0.41134745 0.40329012]
99 0.5718169982910156 0.8951
[0.41054294 0.40564722]
99 0.5704501403808594 0.8936
[0.4141998 0.4082167]
99 0.5696867706298828 0.8944
[0.41718644 0.4103745 ]
99 0.568688558959961 0.8934
[0.42074364 0.4126823 ]
99 0.5668493423461914 0.8946
[0.42085582 0.41482863]
99 0.5656618453979492 0.8943
[0.4246668 0.4170327]
99 0.56464443359375 0.8954
[0.4269733 0.419349 ]
99 0.5627060638427734 0.8948
[0.4276822  0.42167327]
99 0.5616323593139648 0.8926
[0.43291852 0.4238124 ]
99 0.560352651977539 0.8946
[0.43696493 0.42582056]
99 0.5593244400024414 0.897
[0.4353737  0.42794874]
99 0.5579224334716797 0.8957
[0.43879527 0.43010044]
99 0.5564100967407226 0.8945
[0.4413034  0.43222338]
99 0.5554314163208007 0.8953
[0.44432655 0.4342709 ]
99 0.5542053192138672 0.8966
[0.44530955 0.4362794 ]
99 0.5529641372680664 0.897
[0.44861263 0.43825483]
99 0.5517694549560547 0.8967
[0.4507205  0.44032493]
99 0.5508408813476563 0.896
[0.4517296  0.44235316]
99 0.5499941635131836 0.8952
[0.4546921  0.44422942]
99 0.5487235626220703 0.8958
[0.4548906  0.44614214]
99 0.5474165298461914 0.8956
[0.4580709  0.44799858]
99 0.5462256759643555 0.8956
[0.45985556 0.44990256]
99 0.5449010536193848 0.8965
[0.4613607  0.45167565]
99 0.5439182609558105 0.8967
[0.46291256 0.45353845]
99 0.5429466369628906 0.897
[0.4661139  0.45530885]
99 0.5412624862670898 0.897
[0.46732947 0.45713216]
99 0.5403280471801758 0.8965
[0.46841258 0.45905533]
99 0.5392930557250977 0.8959
[0.47083503 0.4608474 ]
99 0.5385215393066406 0.8956
[0.47462454 0.46239418]
99 0.5373766387939453 0.899
[0.47720715 0.46433774]
99 0.5360740478515625 0.8978
[0.47525173 0.4660079 ]
99 0.5347127708435059 0.8977
[0.47955242 0.46766552]
99 0.5343124374389648 0.8972
[0.48171026 0.4693751 ]
99 0.53304203414917 0.8977
[0.48232734 0.47111854]
99 0.5320180030822754 0.8982
[0.48353532 0.4727512 ]
99 0.5308904609680176 0.8973
[0.48657405 0.47448212]
99 0.5301363876342774 0.897
[0.48718822 0.47597983]
99 0.5288884437561036 0.8982
[0.48812503 0.4775958 ]
99 0.5276732902526855 0.8984
[0.4898372  0.47922304]
99 0.5270343734741211 0.8982
[0.4923998  0.48078886]
99 0.5254814720153809 0.8979
[0.4924476 0.4824358]
99 0.5247234970092773 0.8984
[0.495049   0.48381355]
99 0.5236697578430176 0.8995
[0.49545264 0.48533937]
99 0.5235575561523438 0.8978
[0.5010943  0.48696285]
99 0.5216482452392578 0.8988
[0.502988   0.48850596]
99 0.5210732521057129 0.8996
[0.5022833  0.49001732]
99 0.5210928268432617 0.8962
[0.5042249 0.4914686]
99 0.5191966949462891 0.8985
[0.50527024 0.49284607]
99 0.5182922622680665 0.8976
[0.5094312  0.49434388]
99 0.5171520866394043 0.8994
[0.508695   0.49575993]
99 0.5164730918884277 0.8993
[0.5102027 0.4971962]
99 0.5154725028991699 0.8975
[0.5114044  0.49848685]
99 0.5144904251098633 0.8983
[0.51403785 0.49989665]
99 0.5137612762451171 0.8994
[0.5149078 0.5014821]
99 0.5129652847290039 0.898
[0.51679957 0.50261235]
99 0.511965845489502 0.8999
[0.51972616 0.504026  ]
99 0.5108820152282715 0.9007
[0.52023715 0.50539577]
99 0.5096550659179687 0.8976
[0.52074784 0.5068585 ]
99 0.5088884407043457 0.8993
[0.52124685 0.50800747]
99 0.508359164428711 0.899
[0.52526546 0.5094752 ]
99 0.5070547203063965 0.8989
[0.5257767 0.5108135]
99 0.5063494117736816 0.8986
[0.5267212 0.5120246]
99 0.5055040000915527 0.8991
[0.52791154 0.51336664]
99 0.5051463409423829 0.8993
[0.5307697 0.5146575]
99 0.5044059951782227 0.8991
[0.53039134 0.5158634 ]
99 0.502980899810791 0.8997
[0.53061354 0.5169941 ]
99 0.5024069763183594 0.9015
[0.53362256 0.51837486]
99 0.50148443069458 0.8999
[0.5354024 0.519629 ]
99 0.500722590637207 0.8995
[0.5372848 0.5207927]
99 0.5008220764160156 0.8995
[0.53936136 0.52197707]
99 0.49922512741088865 0.8995
[0.54093426 0.52314234]
99 0.4982958908081055 0.9013
[0.5396825  0.52431333]
99 0.4978842086791992 0.9
[0.5401684  0.52536035]
99 0.4971599678039551 0.9009
[0.54364794 0.5268362 ]
99 0.4954857986450195 0.9001
[0.5448826 0.5279322]
99 0.4952817932128906 0.9011
[0.5459978 0.5290315]
99 0.4943793800354004 0.9001
[0.5459813  0.53014266]
99 0.4936986747741699 0.8998
[0.547646 0.53146 ]
99 0.4928031478881836 0.9003
[0.5493142  0.53253025]
99 0.4918064987182617 0.8995
[0.5485634 0.5336895]
99 0.4915853469848633 0.8995
[0.553497   0.53454775]
99 0.49083776092529297 0.9006
[0.5521875 0.5357368]
99 0.4897794662475586 0.9005
[0.5539925 0.5367247]
99 0.4892864616394043 0.9016
[0.5553594 0.5377797]
99 0.488306623840332 0.9019
[0.5564321  0.53894037]
99 0.48809436645507814 0.9015
[0.558223  0.5400511]
99 0.4869429122924805 0.9011
[0.5586837 0.5412077]
99 0.48627773284912107 0.8993
[0.5609033  0.54218745]
99 0.48526717834472655 0.9008
[0.56236446 0.5430995 ]
99 0.4849662078857422 0.9015
[0.56068623 0.5441399 ]
99 0.48401168518066406 0.9018
[0.56338054 0.5452353 ]
99 0.48330281677246095 0.901
[0.56588644 0.54618704]
99 0.4828629165649414 0.9018
[0.56434405 0.54709584]
99 0.48231594467163086 0.9021
[0.56474245 0.54818356]
99 0.48128153381347655 0.9023
[0.5672245 0.5492529]
99 0.48045785827636717 0.902
[0.56882644 0.5502477 ]
99 0.4799290054321289 0.902
[0.570502   0.55134046]
99 0.4802661659240723 0.9024
[0.57143325 0.5522232 ]
99 0.47902798385620116 0.9015
[0.5722579 0.5533822]
99 0.4786203811645508 0.9013
[0.5743395 0.554131 ]
99 0.4773324165344238 0.9032
[0.57610095 0.5550914 ]
99 0.47678615341186525 0.9019
[0.57591933 0.5559014 ]
99 0.4758250358581543 0.903
[0.5758217  0.55694276]
99 0.47525102157592775 0.9022
[0.57698536 0.5579899 ]
99 0.47487702255249026 0.9015
[0.5785591 0.5588499]
99 0.4739465972900391 0.9018
[0.5781913  0.55974185]
99 0.4731806579589844 0.9021
[0.58272    0.56070614]
99 0.4734400894165039 0.9023
[0.58248824 0.56155515]
99 0.4717391426086426 0.9019
[0.5833188  0.56242394]
99 0.47194294662475583 0.9027
[0.58276767 0.5634898 ]
99 0.47100329208374025 0.9013
[0.5852331 0.5641948]
99 0.47027372970581055 0.9023
[0.58634734 0.5651538 ]
99 0.46980259323120116 0.9023
[0.5866004 0.5659556]
99 0.46926207427978517 0.903
[0.58622557 0.5668668 ]
99 0.4688340171813965 0.902
[0.5878759 0.567673 ]
99 0.46811615142822266 0.9028
[0.59144014 0.5686182 ]
99 0.4676339149475098 0.9022
[0.5906369 0.5694536]
99 0.46663074798583987 0.9032
[0.5912261 0.5704508]
99 0.46632509002685546 0.9023
[0.59437114 0.57120305]
99 0.46588346405029296 0.9044
[0.5915546  0.57217604]
99 0.46613569641113284 0.9008
[0.595337  0.5728983]
99 0.4644255844116211 0.903
[0.59525466 0.57361346]
99 0.46361033477783203 0.904
[0.59447   0.5743683]
99 0.4640941253662109 0.9028
[0.59686464 0.5753777 ]
99 0.46304580459594724 0.9031
[0.5974628 0.5761588]
99 0.46201530838012694 0.9027
[0.5956133  0.57671857]
99 0.46233539123535156 0.9051
[0.5981885 0.5777076]
99 0.460735652923584 0.9034
[0.60096633 0.5784713 ]
99 0.460487043762207 0.9027
[0.601233   0.57926005]
99 0.46009063339233397 0.9056
[0.60267895 0.58007884]
99 0.4597522087097168 0.9045
[0.60233694 0.58091015]
99 0.4588330139160156 0.9027
[0.60408586 0.5814644 ]
99 0.4580552604675293 0.9036
[0.6037669  0.58228326]
99 0.4579582061767578 0.9039
[0.6039937 0.5831717]
99 0.45711356048583984 0.9028
[0.60446066 0.58376175]
99 0.45712366638183594 0.9053
[0.607859  0.5846735]
99 0.4559207878112793 0.9053
[0.6085828 0.5853959]
99 0.45630825119018553 0.9038
[0.60886264 0.5862526 ]
99 0.4552421989440918 0.9036
[0.6077991  0.58706826]
99 0.45484337997436525 0.9024
[0.6095961  0.58766234]
99 0.45404507598876953 0.9038
[0.6100119 0.5884972]
99 0.4532915252685547 0.9033
[0.61243397 0.5892367 ]
99 0.45329333724975585 0.9031
[0.61393404 0.5898108 ]
99 0.45266595458984377 0.9035
[0.6141819 0.5904282]
99 0.45287783584594726 0.9053
[0.61341053 0.5912839 ]
99 0.4511638961791992 0.9041
[0.61407214 0.5920672 ]
99 0.45211064224243164 0.9051
[0.61718744 0.59269285]
99 0.4505810600280762 0.9051
[0.61849165 0.5932732 ]
99 0.4508716423034668 0.9063
[0.61570656 0.59404206]
99 0.45031043319702146 0.9048
[0.617115  0.5947946]
99 0.4491162857055664 0.9057
[0.61812514 0.59557885]
99 0.44842882614135743 0.9048
[0.6193426 0.5960456]
99 0.4479602668762207 0.9049
[0.6217887 0.5969155]
99 0.449181583404541 0.9058
[0.6198794  0.59739107]
99 0.44683899841308594 0.9057
[0.6217358  0.59822476]
99 0.4465599365234375 0.9047
[0.6257312  0.59888357]
99 0.4467448524475098 0.905
[0.6232448 0.5996569]
99 0.44693818664550783 0.904
[0.6264041 0.6001889]
99 0.44560807876586916 0.907
[0.6253776 0.6009123]
99 0.4464811408996582 0.9042
[0.6254747  0.60143566]
99 0.444217839050293 0.9058
[0.62670094 0.6021355 ]
99 0.4443224380493164 0.9033
[0.62823147 0.6028732 ]
99 0.443515030670166 0.9051
[0.6274392  0.60337627]
99 0.4440966926574707 0.906
[0.6286568 0.6042351]
99 0.4423333923339844 0.9044
[0.62983745 0.60485715]
99 0.4429740661621094 0.9025
[0.63062024 0.60529804]
99 0.4420021713256836 0.9057
[0.6310737 0.6058593]
99 0.4410951797485352 0.906
[0.6309579  0.60656357]
99 0.4414668418884277 0.9052
[0.6333072 0.6071105]
99 0.44012520294189456 0.9068
[0.6323936  0.60778916]
99 0.4404908149719238 0.9054
[0.63390553 0.60848355]
99 0.43968919982910154 0.9053
[0.63422465 0.6091038 ]
99 0.43884459533691406 0.9049
[0.63500947 0.60963935]
99 0.43928530502319335 0.9048
[0.6364842  0.61031264]
99 0.43815825119018553 0.9054
[0.63572276 0.61083305]
99 0.4371527359008789 0.9057
[0.6383741  0.61152005]
99 0.43726489410400393 0.9051
[0.63658446 0.6120992 ]
99 0.43671443939208987 0.9056
[0.63837737 0.6126259 ]
99 0.43697481079101563 0.9058
[0.63894767 0.6133808 ]
99 0.43654766464233397 0.9055
[0.6409551 0.6138928]
99 0.4357140174865723 0.9062
[0.6389985 0.614482 ]
99 0.43548606872558593 0.9069
[0.63995045 0.6149278 ]
99 0.43464895401000975 0.9068
[0.64136136 0.61557156]
99 0.4345398223876953 0.9069
[0.6414328  0.61627114]
99 0.43420308837890625 0.9055
[0.6423586 0.6168143]
99 0.4339810760498047 0.9066
[0.64404005 0.61729664]
99 0.43369309387207033 0.9069
[0.64432776 0.61789227]
99 0.4333164054870606 0.9049
[0.64492446 0.61840665]
99 0.4323763954162598 0.9063
[0.64407146 0.61908394]
99 0.4319861915588379 0.9057
[0.64538014 0.61955297]
99 0.4317259307861328 0.9069
[0.6456725  0.62010264]
99 0.4315221984863281 0.907
[0.6473961  0.62077415]
99 0.431392463684082 0.9049
[0.64685583 0.6214413 ]
99 0.4308304290771484 0.906
[0.6478531 0.6217928]
99 0.4303405853271484 0.9064
[0.64841616 0.62238324]
99 0.4295336471557617 0.9056
[0.64997035 0.6227629 ]
99 0.4302468803405762 0.9056
[0.6518452  0.62334657]
99 0.4285076812744141 0.9079
[0.65045434 0.6238847 ]
99 0.4286380500793457 0.907
[0.65071374 0.62438357]
99 0.42814962997436523 0.9074
[0.6491624 0.6248988]
99 0.4277810188293457 0.9068
[0.65159476 0.6255553 ]
99 0.42723715057373046 0.9059
[0.6526588 0.6261452]
99 0.4272462715148926 0.9057
[0.65236795 0.6265526 ]
99 0.4264367919921875 0.907
[0.65483654 0.6272759 ]
99 0.42673640823364256 0.9058
[0.65430063 0.62753665]
99 0.4266265190124512 0.9071
[0.6538309 0.6280881]
99 0.4256779655456543 0.9063
[0.65709305 0.6286065 ]
99 0.42589689407348635 0.9071
