
CommandNotFoundError: Your shell has not been properly configured to use 'conda deactivate'.
To initialize your shell, run

    $ conda init <SHELL_NAME>

Currently supported shells are:
  - bash
  - fish
  - tcsh
  - xonsh
  - zsh
  - powershell

See 'conda init --help' for more information and options.

IMPORTANT: You may need to close and restart your shell after running 'conda init'.


cuda:0
Generate alignment plot for autograd linear network and lr data with dropout
Traceback (most recent call last):
  File "simulation_align.py", line 418, in <module>
    n, d, p_list, reg_list, 'non', 'lr', step, n_step, reg_step, n_iter, dropout=True)
  File "simulation_align.py", line 101, in get_autograd_align_df
    for reg in reg_list:
TypeError: 'float' object is not iterable
