
CommandNotFoundError: Your shell has not been properly configured to use 'conda deactivate'.
To initialize your shell, run

    $ conda init <SHELL_NAME>

Currently supported shells are:
  - bash
  - fish
  - tcsh
  - xonsh
  - zsh
  - powershell

See 'conda init --help' for more information and options.

IMPORTANT: You may need to close and restart your shell after running 'conda init'.


cuda:0
Preparing datasets...
Preparing networks...
Fitting three-layer networks...
Generating network with reg level 0
modifying second layer regularization...
modifying third layer regularization...
Generating network with reg level 0.1
modifying second layer regularization...
modifying third layer regularization...
Generating network with reg level 0.3
modifying second layer regularization...
modifying third layer regularization...
Generating dataframes...
Working on regularization level 0
[ 0.00166215  0.00166215 -0.00068945 -0.00068945]
99 11.78141982421875 0.1498
[ 0.00500742  0.00500742 -0.00037647 -0.00037647]
99 10.054083056640625 0.1765
[4.602805e-03 4.602805e-03 5.025890e-07 5.025890e-07]
99 8.88647001953125 0.2129
[0.00477165 0.00477165 0.00048113 0.00048113]
99 7.924341796875 0.2477
[0.00405028 0.00405028 0.00102124 0.00102124]
99 7.126517163085937 0.2916
[0.00639108 0.00639108 0.00160893 0.00160893]
99 6.4633583984375 0.3273
[0.00722337 0.00722337 0.00221629 0.00221629]
99 5.909557739257813 0.3596
[0.00608497 0.00608497 0.00283567 0.00283567]
99 5.443074755859375 0.3905
[0.00951046 0.00951046 0.00344715 0.00344715]
99 5.050333642578125 0.4179
[0.0070637 0.0070637 0.0040517 0.0040517]
99 4.7149134765625 0.4418
[0.00867435 0.00867435 0.00464305 0.00464305]
99 4.426377990722656 0.4666
[0.01040362 0.01040362 0.00521837 0.00521837]
99 4.177473889160156 0.4881
[0.00988742 0.00988742 0.00577682 0.00577682]
99 3.9628118896484374 0.5056
[0.01029245 0.01029245 0.0063195  0.0063195 ]
99 3.7738311767578123 0.5226
[0.01333632 0.01333632 0.00684211 0.00684211]
99 3.609419665527344 0.5392
[0.01340026 0.01340026 0.00734808 0.00734808]
99 3.462641455078125 0.5557
[0.01359589 0.01359589 0.00784571 0.00784571]
99 3.333878936767578 0.5678
[0.01570408 0.01570408 0.0083203  0.0083203 ]
99 3.218401348876953 0.5796
[0.01228328 0.01228328 0.00878078 0.00878078]
99 3.113184423828125 0.5907
[0.01264367 0.01264367 0.00922759 0.00922759]
99 3.0171002075195315 0.6007
[0.01697913 0.01697913 0.00966091 0.00966091]
99 2.931066455078125 0.6087
[0.01425045 0.01425045 0.0100831  0.0100831 ]
99 2.8519462646484377 0.6186
[0.01777883 0.01777883 0.01049138 0.01049138]
99 2.7790433166503905 0.6276
[0.01482243 0.01482243 0.0108925  0.0108925 ]
99 2.713072894287109 0.6347
[0.01688735 0.01688735 0.01128334 0.01128334]
99 2.6504427001953124 0.641
[0.01986182 0.01986182 0.01166249 0.01166249]
99 2.5937106018066407 0.6494
[0.01769917 0.01769917 0.01203483 0.01203483]
99 2.539425311279297 0.6565
[0.01786636 0.01786636 0.01239762 0.01239762]
99 2.4895057373046874 0.6645
[0.02070789 0.02070789 0.01274837 0.01274837]
99 2.442090866088867 0.67
[0.01751801 0.01751801 0.01309406 0.01309406]
99 2.397747607421875 0.6762
[0.02068049 0.02068049 0.01343656 0.01343656]
99 2.3561013214111326 0.6791
[0.02172117 0.02172117 0.01376431 0.01376431]
99 2.3170750793457033 0.6837
[0.0222717  0.0222717  0.01409304 0.01409304]
99 2.280004476928711 0.6889
[0.02313646 0.02313646 0.014412   0.014412  ]
99 2.245391384887695 0.6923
[0.01821035 0.01821035 0.0147236  0.0147236 ]
99 2.2116830139160157 0.6972
[0.01825712 0.01825712 0.01503052 0.01503052]
99 2.1801809997558594 0.7012
[0.02361008 0.02361008 0.01533359 0.01533359]
99 2.1494358154296873 0.7057
[0.02236905 0.02236905 0.01562967 0.01562967]
99 2.120966534423828 0.7093
[0.02109588 0.02109588 0.01592368 0.01592368]
99 2.093150421142578 0.711
[0.0237192  0.0237192  0.01621026 0.01621026]
99 2.066513800048828 0.7148
[0.02553079 0.02553079 0.01649314 0.01649314]
99 2.0415612060546877 0.7178
[0.02504766 0.02504766 0.01677253 0.01677253]
99 2.0173993347167967 0.7216
[0.02447455 0.02447455 0.01704365 0.01704365]
99 1.9941671966552734 0.7241
[0.02313239 0.02313239 0.01731504 0.01731504]
99 1.972175469970703 0.7276
[0.02157885 0.02157885 0.01758154 0.01758154]
99 1.9501768432617188 0.7298
[0.02495037 0.02495037 0.01784321 0.01784321]
99 1.929671029663086 0.7319
[0.02626831 0.02626831 0.01809929 0.01809929]
99 1.9099942810058594 0.7339
[0.02454429 0.02454429 0.0183542  0.0183542 ]
99 1.8906396026611327 0.7362
[0.02774076 0.02774076 0.01860557 0.01860557]
99 1.8724100158691406 0.7388
[0.02620475 0.02620475 0.01885086 0.01885086]
99 1.8540824676513672 0.7415
[0.02656193 0.02656193 0.01909617 0.01909617]
99 1.8367628082275391 0.7441
[0.03094973 0.03094973 0.01933617 0.01933617]
99 1.8203343322753907 0.7465
[0.02895378 0.02895378 0.01957498 0.01957498]
99 1.8040255218505858 0.7487
[0.02873494 0.02873494 0.01980994 0.01980994]
99 1.7883134704589845 0.7514
[0.02938868 0.02938868 0.02004128 0.02004128]
99 1.7728611572265625 0.7538
[0.03086388 0.03086388 0.02027217 0.02027217]
99 1.7581926208496095 0.7552
[0.0326068  0.0326068  0.02049881 0.02049881]
99 1.7434975784301758 0.7566
[0.03035805 0.03035805 0.02072391 0.02072391]
99 1.729451498413086 0.7595
[0.02866747 0.02866747 0.02094385 0.02094385]
99 1.7162680068969727 0.7619
[0.0256219  0.0256219  0.02116116 0.02116116]
99 1.7030655944824218 0.763
[0.02928293 0.02928293 0.02137801 0.02137801]
99 1.6901169067382813 0.764
[0.03161012 0.03161012 0.02159165 0.02159165]
99 1.6774375686645508 0.7672
[0.03286289 0.03286289 0.02180357 0.02180357]
99 1.6655254425048829 0.7687
[0.02897417 0.02897417 0.02201228 0.02201228]
99 1.653929849243164 0.7699
[0.03496706 0.03496706 0.0222189  0.0222189 ]
99 1.642471401977539 0.7717
[0.03225552 0.03225552 0.02242346 0.02242346]
99 1.631443460083008 0.7728
[0.03183226 0.03183226 0.0226295  0.0226295 ]
99 1.6202545501708985 0.7748
[0.03205675 0.03205675 0.02283098 0.02283098]
99 1.6096394348144532 0.7765
[0.03318441 0.03318441 0.02302941 0.02302941]
99 1.5992388427734374 0.7779
[0.03154183 0.03154183 0.0232257  0.0232257 ]
99 1.5890191528320312 0.7803
[0.03134066 0.03134066 0.02342094 0.02342094]
99 1.5788702423095704 0.7819
[0.0310761 0.0310761 0.0236158 0.0236158]
99 1.5693636291503905 0.7831
[0.02973092 0.02973092 0.02380737 0.02380737]
99 1.559867317199707 0.7838
[0.03300092 0.03300092 0.02399584 0.02399584]
99 1.5506031311035156 0.7848
[0.03477149 0.03477149 0.02418598 0.02418598]
99 1.5417503372192383 0.7869
[0.02979519 0.02979519 0.02437373 0.02437373]
99 1.532609619140625 0.7877
[0.0332036  0.0332036  0.02455948 0.02455948]
99 1.5242364044189454 0.789
[0.03299803 0.03299803 0.02474369 0.02474369]
99 1.5155839935302735 0.791
[0.03655911 0.03655911 0.02492352 0.02492352]
99 1.5075730331420898 0.7912
[0.03521487 0.03521487 0.02510478 0.02510478]
99 1.4994005920410156 0.7936
[0.0327674  0.0327674  0.02528301 0.02528301]
99 1.491535775756836 0.7943
[0.0412403  0.0412403  0.02546269 0.02546269]
99 1.483718814086914 0.7954
[0.03404648 0.03404648 0.02564097 0.02564097]
99 1.4757651733398438 0.7963
[0.03730448 0.03730448 0.02581436 0.02581436]
99 1.4684631652832032 0.797
[0.0370713  0.0370713  0.02599139 0.02599139]
99 1.4608785781860352 0.7979
[0.03719348 0.03719348 0.02616354 0.02616354]
99 1.4535239761352539 0.7993
[0.03356197 0.03356197 0.0263361  0.0263361 ]
99 1.4462159957885743 0.8005
[0.03674079 0.03674079 0.02650401 0.02650401]
99 1.4391934539794922 0.8012
[0.03555127 0.03555127 0.02667392 0.02667392]
99 1.432298161315918 0.8019
[0.03588918 0.03588918 0.02684162 0.02684162]
99 1.4253906936645508 0.8025
[0.03819467 0.03819467 0.02700895 0.02700895]
99 1.419044448852539 0.804
[0.03718606 0.03718606 0.02717403 0.02717403]
99 1.4127137008666992 0.8047
[0.04004517 0.04004517 0.02733828 0.02733828]
99 1.4060687728881835 0.8057
[0.03536949 0.03536949 0.02750086 0.02750086]
99 1.399866015625 0.8068
[0.03930723 0.03930723 0.02766319 0.02766319]
99 1.393297932434082 0.8074
[0.04174698 0.04174698 0.02782525 0.02782525]
99 1.3870908325195312 0.8081
[0.04042529 0.04042529 0.02798446 0.02798446]
99 1.3814718139648436 0.8091
[0.03638874 0.03638874 0.02814448 0.02814448]
99 1.3756015533447266 0.8104
[0.04390645 0.04390645 0.02830142 0.02830142]
99 1.3695925003051759 0.8112
[0.04071163 0.04071163 0.02845884 0.02845884]
99 1.363748747253418 0.8118
[0.0391413  0.0391413  0.02861399 0.02861399]
99 1.3583862594604492 0.8124
[0.03926793 0.03926793 0.02877029 0.02877029]
99 1.3528326904296875 0.8133
[0.03754362 0.03754362 0.02892464 0.02892464]
99 1.3471157485961913 0.8135
[0.04048602 0.04048602 0.02907604 0.02907604]
99 1.341972356414795 0.8138
[0.04082047 0.04082047 0.02922741 0.02922741]
99 1.3364199745178222 0.814
[0.0424811  0.0424811  0.02937959 0.02937959]
99 1.3312544288635253 0.8149
[0.03753424 0.03753424 0.02952966 0.02952966]
99 1.3260491912841796 0.8158
[0.04176999 0.04176999 0.02968045 0.02968045]
99 1.320887996673584 0.8162
[0.03974781 0.03974781 0.02982557 0.02982557]
99 1.315971321105957 0.8163
[0.03895587 0.03895587 0.02997527 0.02997527]
99 1.3110456954956056 0.8169
[0.03615857 0.03615857 0.03012126 0.03012126]
99 1.3062242362976075 0.8174
[0.04165823 0.04165823 0.03026516 0.03026516]
99 1.3014239517211914 0.818
[0.04340551 0.04340551 0.0304104  0.0304104 ]
99 1.2967888648986816 0.8186
[0.03819397 0.03819397 0.03055599 0.03055599]
99 1.2922267578125 0.8191
[0.04296514 0.04296514 0.03070129 0.03070129]
99 1.2874184524536132 0.8201
[0.04270853 0.04270853 0.03084302 0.03084302]
99 1.2826652214050294 0.8201
[0.04024335 0.04024335 0.03098472 0.03098472]
99 1.2781062408447266 0.8205
[0.04302791 0.04302791 0.03112757 0.03112757]
99 1.2739068969726564 0.8209
[0.03721254 0.03721254 0.03126729 0.03126729]
99 1.2693912475585938 0.8218
[0.04192398 0.04192398 0.03140624 0.03140624]
99 1.2648503364562989 0.8225
[0.04135788 0.04135788 0.03154488 0.03154488]
99 1.2605945037841797 0.8233
[0.04092281 0.04092281 0.03168475 0.03168475]
99 1.2563695083618165 0.8234
[0.04211583 0.04211583 0.0318218  0.0318218 ]
99 1.2522176795959472 0.8243
[0.04668329 0.04668329 0.03195787 0.03195787]
99 1.2480239974975587 0.8249
[0.04045567 0.04045567 0.03209351 0.03209351]
99 1.2440464523315429 0.826
[0.04297392 0.04297392 0.03223075 0.03223075]
99 1.2398342033386232 0.8261
[0.04348345 0.04348345 0.03236574 0.03236574]
99 1.2358883682250976 0.8271
[0.04525074 0.04525074 0.03249777 0.03249777]
99 1.2318884933471679 0.8271
[0.03724699 0.03724699 0.03263265 0.03263265]
99 1.2280214630126953 0.8278
[0.04938516 0.04938516 0.03276628 0.03276628]
99 1.2239473320007324 0.8285
[0.04700539 0.04700539 0.03289858 0.03289858]
99 1.220100180053711 0.8289
[0.04608585 0.04608585 0.03303092 0.03303092]
99 1.216377448272705 0.8297
[0.04532026 0.04532026 0.03316467 0.03316467]
99 1.2127728424072266 0.8296
[0.04635626 0.04635626 0.03329238 0.03329238]
99 1.208977970123291 0.8306
[0.04414819 0.04414819 0.03342273 0.03342273]
99 1.2054891975402833 0.8311
[0.04733229 0.04733229 0.03355196 0.03355196]
99 1.2017090553283691 0.8319
[0.04255803 0.04255803 0.03367905 0.03367905]
99 1.1980060821533203 0.8322
[0.04705125 0.04705125 0.03380782 0.03380782]
99 1.1944620796203613 0.8331
[0.0494572  0.0494572  0.03393777 0.03393777]
99 1.1909805679321288 0.8333
[0.0428016  0.0428016  0.03406336 0.03406336]
99 1.187480150604248 0.8343
[0.05142677 0.05142677 0.03419054 0.03419054]
99 1.1841983093261719 0.8341
[0.04143659 0.04143659 0.03431698 0.03431698]
99 1.1805960861206055 0.8347
[0.05073642 0.05073642 0.03444299 0.03444299]
99 1.1774115066528321 0.835
[0.05072988 0.05072988 0.03456901 0.03456901]
99 1.1740564765930175 0.8354
[0.04864664 0.04864664 0.03469401 0.03469401]
99 1.1705859161376952 0.8356
[0.05116791 0.05116791 0.03481715 0.03481715]
99 1.1672925422668456 0.8358
[0.04939211 0.04939211 0.03494159 0.03494159]
99 1.1640471282958984 0.8362
[0.04889819 0.04889819 0.03506247 0.03506247]
99 1.1609238189697266 0.8362
[0.04413321 0.04413321 0.03518567 0.03518567]
99 1.1576273040771485 0.8365
[0.05246188 0.05246188 0.03530767 0.03530767]
99 1.1546416122436522 0.8368
Working on regularization level 0.1
[ 0.00101094  0.00101094 -0.00067876 -0.00067876]
99 9.71311435546875 0.1491
[ 0.00389084  0.00389084 -0.00034113 -0.00034113]
99 6.878532470703125 0.1752
[3.9651650e-03 3.9651650e-03 8.9554334e-05 8.9554334e-05]
99 5.09096005859375 0.2121
[0.00285183 0.00285183 0.00065509 0.00065509]
99 3.856838916015625 0.2518
[0.00452725 0.00452725 0.00133287 0.00133287]
99 3.007815002441406 0.2977
[0.0040097  0.0040097  0.00210882 0.00210882]
99 2.4285991577148436 0.3398
[0.0059671  0.0059671  0.00297292 0.00297292]
99 2.04158388671875 0.3775
[0.0065396  0.0065396  0.00394108 0.00394108]
99 1.7907301940917968 0.4113
[0.01016217 0.01016217 0.00501911 0.00501911]
99 1.6375762329101562 0.4493
[0.00956393 0.00956393 0.00624433 0.00624433]
99 1.5531069946289062 0.4808
[0.01255957 0.01255957 0.00765581 0.00765581]
99 1.515767218017578 0.5123
[0.01102612 0.01102612 0.009304   0.009304  ]
99 1.5102618530273437 0.5431
[0.01337839 0.01337839 0.01125642 0.01125642]
99 1.5246954528808594 0.5728
[0.01633541 0.01633541 0.01357692 0.01357692]
99 1.550866729736328 0.6022
[0.01765116 0.01765116 0.01634024 0.01634024]
99 1.5828119995117187 0.6298
[0.02316928 0.02316928 0.01964659 0.01964659]
99 1.6168579833984376 0.6521
[0.02487614 0.02487614 0.02359626 0.02359626]
99 1.650595721435547 0.6675
[0.02935665 0.02935665 0.02830349 0.02830349]
99 1.6823706115722656 0.6812
[0.0366685  0.0366685  0.03390962 0.03390962]
99 1.7109851684570312 0.6951
[0.04284496 0.04284496 0.04056322 0.04056322]
99 1.7355700805664063 0.7036
[0.05189452 0.05189452 0.04842538 0.04842538]
99 1.7553778747558593 0.7068
[0.0630834  0.0630834  0.05767119 0.05767119]
99 1.7702475280761718 0.7081
[0.07379732 0.07379732 0.06847894 0.06847894]
99 1.7800781005859374 0.7091
[0.08691334 0.08691334 0.08103109 0.08103109]
99 1.7850460388183593 0.7076
[0.09928789 0.09928789 0.09551934 0.09551934]
99 1.7853724731445313 0.7086
[0.11722868 0.11722868 0.11211944 0.11211944]
99 1.7815828063964845 0.7115
[0.13673362 0.13673362 0.13101286 0.13101286]
99 1.7744098815917968 0.7116
[0.15775679 0.15775679 0.1523324  0.1523324 ]
99 1.7641579345703124 0.711
[0.18177351 0.18177351 0.17615633 0.17615633]
99 1.751059228515625 0.7127
[0.2097532 0.2097532 0.2025139 0.2025139]
99 1.7356435424804688 0.7143
[0.24038076 0.24038076 0.23133294 0.23133294]
99 1.7185482299804689 0.7163
[0.26513878 0.26513878 0.26243773 0.26243773]
99 1.7003746887207032 0.718
[0.3049657  0.3049657  0.29560325 0.29560325]
99 1.6813824157714843 0.7192
[0.3380652 0.3380652 0.3304512 0.3304512]
99 1.6618732177734374 0.7211
[0.37705478 0.37705478 0.36650756 0.36650756]
99 1.641956982421875 0.7234
[0.41312075 0.41312075 0.4032032  0.4032032 ]
99 1.621942462158203 0.7269
[0.44743225 0.44743225 0.43990776 0.43990776]
99 1.6017483032226563 0.7329
[0.47859246 0.47859246 0.47598347 0.47598347]
99 1.5815994262695312 0.736
[0.52050674 0.52050674 0.5107994  0.5107994 ]
99 1.5617106994628907 0.7374
[0.5471317 0.5471317 0.5438105 0.5438105]
99 1.5422830322265626 0.74
[0.5858156  0.5858156  0.57461756 0.57461756]
99 1.5232584228515624 0.7431
[0.61271936 0.61271936 0.60296774 0.60296774]
99 1.5049326782226562 0.7473
[0.6261943 0.6261943 0.6286917 0.6286917]
99 1.48702490234375 0.7513
[0.6631225  0.6631225  0.65180117 0.65180117]
99 1.4697596069335936 0.7529
[0.68667835 0.68667835 0.6723617  0.6723617 ]
99 1.4530950378417968 0.7556
[0.7033904  0.7033904  0.69052345 0.69052345]
99 1.4369160278320312 0.7567
[0.7203374 0.7203374 0.7064803 0.7064803]
99 1.4213276306152345 0.7586
[0.7408521  0.7408521  0.72043455 0.72043455]
99 1.4064478637695312 0.7624
[0.75429493 0.75429493 0.7325901  0.7325901 ]
99 1.3920703918457031 0.764
[0.7654085 0.7654085 0.7431883 0.7431883]
99 1.378242266845703 0.7656
[0.76972413 0.76972413 0.75243884 0.75243884]
99 1.364915447998047 0.7679
[0.7764682 0.7764682 0.7605277 0.7605277]
99 1.3520204833984375 0.7703
[0.7828616  0.7828616  0.76759475 0.76759475]
99 1.3396309265136719 0.7718
[0.79293966 0.79293966 0.77384627 0.77384627]
99 1.3276060546875 0.774
[0.79788435 0.79788435 0.7793832  0.7793832 ]
99 1.316004852294922 0.7772
[0.8049352 0.8049352 0.7843209 0.7843209]
99 1.3047815979003907 0.7787
[0.8076234 0.8076234 0.7887249 0.7887249]
99 1.2939742858886718 0.7804
[0.8115853 0.8115853 0.7926898 0.7926898]
99 1.2833736083984375 0.7822
[0.817922 0.817922 0.796254 0.796254]
99 1.2731812133789062 0.7843
[0.8174943 0.8174943 0.7994911 0.7994911]
99 1.2631176086425782 0.787
[0.8257265  0.8257265  0.80246025 0.80246025]
99 1.2533984741210937 0.7881
[0.8274857 0.8274857 0.8051828 0.8051828]
99 1.2440627807617188 0.7876
[0.8298846 0.8298846 0.807708  0.807708 ]
99 1.2348925689697265 0.7905
[0.83346903 0.83346903 0.8100728  0.8100728 ]
99 1.2258839324951172 0.7909
[0.83766174 0.83766174 0.8122922  0.8122922 ]
99 1.2172560729980468 0.7943
[0.8299304 0.8299304 0.8144068 0.8144068]
99 1.2088002838134766 0.7969
[0.83365387 0.83365387 0.81638324 0.81638324]
99 1.2004197052001953 0.8013
[0.841642  0.841642  0.8182534 0.8182534]
99 1.192335888671875 0.8008
[0.8388058  0.8388058  0.82003236 0.82003236]
99 1.1844889434814454 0.8028
[0.8485962  0.8485962  0.82170004 0.82170004]
99 1.1767684936523437 0.8008
[0.84059983 0.84059983 0.8232938  0.8232938 ]
99 1.1691427032470703 0.8049
[0.8403194 0.8403194 0.8248148 0.8248148]
99 1.1617142944335936 0.8057
[0.8441392 0.8441392 0.8262314 0.8262314]
99 1.1544115478515624 0.8049
[0.8482875  0.8482875  0.82760864 0.82760864]
99 1.147452603149414 0.8076
[0.8500275 0.8500275 0.8289174 0.8289174]
99 1.1405118011474609 0.8086
[0.8453982 0.8453982 0.8301851 0.8301851]
99 1.133753909301758 0.8089
[0.8509761 0.8509761 0.8313982 0.8313982]
99 1.1272980255126954 0.811
[0.8509388 0.8509388 0.8325633 0.8325633]
99 1.1207827423095704 0.8128
[0.86022526 0.86022526 0.8336543  0.8336543 ]
99 1.1145665954589843 0.8122
[0.85125417 0.85125417 0.83471394 0.83471394]
99 1.1082150604248047 0.8138
[0.8564731 0.8564731 0.8357247 0.8357247]
99 1.102182794189453 0.8145
[0.8538598  0.8538598  0.83669776 0.83669776]
99 1.0962305419921874 0.816
[0.8633826  0.8633826  0.83762354 0.83762354]
99 1.0904315826416016 0.8167
[0.85656834 0.85656834 0.8385283  0.8385283 ]
99 1.0847849456787109 0.8179
[0.866297  0.866297  0.8394105 0.8394105]
99 1.079100274658203 0.8178
[0.8597063 0.8597063 0.8403036 0.8403036]
99 1.0735239715576173 0.8204
[0.86646515 0.86646515 0.84118444 0.84118444]
99 1.0681480102539063 0.8198
[0.86595833 0.86595833 0.8420463  0.8420463 ]
99 1.062883139038086 0.8215
[0.8673745  0.8673745  0.84288746 0.84288746]
99 1.0576117980957032 0.8228
[0.8629611 0.8629611 0.8437425 0.8437425]
99 1.0525315856933595 0.8225
[0.8661132 0.8661132 0.8445354 0.8445354]
99 1.0474708465576172 0.8253
[0.87066823 0.87066823 0.84532946 0.84532946]
99 1.0422834045410156 0.8256
[0.8706063 0.8706063 0.8461133 0.8461133]
99 1.037489633178711 0.825
[0.86818177 0.86818177 0.84690243 0.84690243]
99 1.032612063598633 0.8261
[0.86768323 0.86768323 0.8476459  0.8476459 ]
99 1.0279688598632812 0.829
[0.8676609  0.8676609  0.84839755 0.84839755]
99 1.0234806274414063 0.828
[0.87098396 0.87098396 0.8491174  0.8491174 ]
99 1.0186174224853515 0.8299
[0.87001675 0.87001675 0.8498173  0.8498173 ]
99 1.014245260620117 0.8308
[0.8707341 0.8707341 0.8504983 0.8504983]
99 1.0097292388916015 0.83
[0.87583214 0.87583214 0.851151   0.851151  ]
99 1.0053831848144532 0.8327
[0.87277865 0.87277865 0.8517802  0.8517802 ]
99 1.001030633544922 0.832
[0.87616485 0.87616485 0.85238534 0.85238534]
99 0.996726138305664 0.8314
[0.8747201  0.8747201  0.85297626 0.85297626]
99 0.99258642578125 0.8332
[0.8703514 0.8703514 0.8535431 0.8535431]
99 0.9885190795898438 0.833
[0.8764189 0.8764189 0.8541057 0.8541057]
99 0.9845229614257812 0.8341
[0.8776387  0.8776387  0.85465133 0.85465133]
99 0.9804881072998047 0.8358
[0.87679493 0.87679493 0.85519165 0.85519165]
99 0.9768451202392578 0.8351
[0.8830714 0.8830714 0.855713  0.855713 ]
99 0.9729458831787109 0.8368
[0.8783328  0.8783328  0.85622436 0.85622436]
99 0.9690178924560547 0.8379
[0.881104 0.881104 0.856719 0.856719]
99 0.9652136199951172 0.8386
[0.88646024 0.88646024 0.8572158  0.8572158 ]
99 0.961662533569336 0.8399
[0.88546556 0.88546556 0.8576995  0.8576995 ]
99 0.9579669525146485 0.84
[0.88276696 0.88276696 0.85815525 0.85815525]
99 0.9543529327392578 0.8394
[0.8873691  0.8873691  0.85860044 0.85860044]
99 0.9508934417724609 0.8405
[0.88728684 0.88728684 0.859036   0.859036  ]
99 0.9473415191650391 0.8422
[0.88416505 0.88416505 0.8594622  0.8594622 ]
99 0.9438379333496094 0.8422
[0.88534546 0.88534546 0.85989183 0.85989183]
99 0.9406149780273437 0.8422
[0.8871496 0.8871496 0.8602755 0.8602755]
99 0.9373295654296875 0.841
[0.88595784 0.88595784 0.8606662  0.8606662 ]
99 0.9340019317626953 0.8424
[0.88530946 0.88530946 0.8610732  0.8610732 ]
99 0.9307242919921875 0.8444
[0.888977  0.888977  0.8614366 0.8614366]
99 0.9275753295898438 0.8446
[0.8895602 0.8895602 0.8617942 0.8617942]
99 0.9244803985595703 0.8452
[0.8911101  0.8911101  0.86215216 0.86215216]
99 0.9213419006347656 0.845
[0.89286155 0.89286155 0.86251014 0.86251014]
99 0.9182365173339844 0.8459
[0.8923678 0.8923678 0.8628358 0.8628358]
99 0.9151049163818359 0.846
[0.88908845 0.88908845 0.8631784  0.8631784 ]
99 0.9122304168701172 0.8467
[0.89259356 0.89259356 0.8634953  0.8634953 ]
99 0.909290103149414 0.8478
[0.89306927 0.89306927 0.8638316  0.8638316 ]
99 0.9063809600830078 0.8481
[0.8953525 0.8953525 0.8641547 0.8641547]
99 0.9035691101074219 0.8468
[0.89454824 0.89454824 0.86446637 0.86446637]
99 0.9007572967529297 0.8488
[0.89466584 0.89466584 0.86475587 0.86475587]
99 0.8977927398681641 0.8479
[0.8888808 0.8888808 0.8650648 0.8650648]
99 0.8951138763427734 0.8499
[0.8952174 0.8952174 0.8653642 0.8653642]
99 0.8922847686767578 0.8495
[0.8984464  0.8984464  0.86565757 0.86565757]
99 0.8896377502441406 0.85
[0.8955473 0.8955473 0.8659556 0.8659556]
99 0.8869953857421875 0.8516
[0.8961463 0.8961463 0.8662275 0.8662275]
99 0.8842227447509765 0.8515
[0.89646226 0.89646226 0.8664882  0.8664882 ]
99 0.8818362243652343 0.8497
[0.8944687  0.8944687  0.86680114 0.86680114]
99 0.8791514739990235 0.8517
[0.89913714 0.89913714 0.86707336 0.86707336]
99 0.8764305511474609 0.8516
[0.89573073 0.89573073 0.86734176 0.86734176]
99 0.8739770629882813 0.8525
[0.8984036  0.8984036  0.86760974 0.86760974]
99 0.8713661682128906 0.8522
[0.8992531 0.8992531 0.8678688 0.8678688]
99 0.8687866760253906 0.8528
[0.8992816 0.8992816 0.8681214 0.8681214]
99 0.8664116485595703 0.8524
[0.90044206 0.90044206 0.86839914 0.86839914]
99 0.8642170654296875 0.8556
[0.89650047 0.89650047 0.8686308  0.8686308 ]
99 0.86176279296875 0.8532
[0.90210074 0.90210074 0.86890334 0.86890334]
99 0.8592922180175782 0.8539
[0.9005354  0.9005354  0.86912876 0.86912876]
99 0.8569956024169922 0.8534
[0.901285   0.901285   0.86937106 0.86937106]
99 0.8546664001464844 0.8539
[0.9010658 0.9010658 0.8696321 0.8696321]
99 0.8523807220458984 0.8557
[0.90363216 0.90363216 0.8698684  0.8698684 ]
99 0.8500177886962891 0.8543
Working on regularization level 0.3
[ 0.00171586  0.00171586 -0.0006535  -0.0006535 ]
99 6.66311669921875 0.1495
[ 0.00587643  0.00587643 -0.00026647 -0.00026647]
99 3.5360193115234373 0.1758
[0.00405125 0.00405125 0.00028125 0.00028125]
99 2.381425915527344 0.2166
[0.00211791 0.00211791 0.00110537 0.00110537]
99 2.056223907470703 0.2626
[0.00452212 0.00452212 0.00234259 0.00234259]
99 2.0340271362304687 0.3135
[0.00297487 0.00297487 0.00423122 0.00423122]
99 2.0880828796386717 0.3671
[0.00709878 0.00709878 0.00710278 0.00710278]
99 2.1448098754882814 0.4172
[0.0122862  0.0122862  0.01143714 0.01143714]
99 2.1878486694335937 0.462
[0.01940329 0.01940329 0.01792649 0.01792649]
99 2.2176612670898437 0.5007
[0.03112268 0.03112268 0.02759378 0.02759378]
99 2.237132666015625 0.5237
[0.04653635 0.04653635 0.04190961 0.04190961]
99 2.2488104614257813 0.5372
[0.06982384 0.06982384 0.06286895 0.06286895]
99 2.2545755126953124 0.5501
[0.10620303 0.10620303 0.09315387 0.09315387]
99 2.2563665405273436 0.55
[0.15314284 0.15314284 0.13594818 0.13594818]
99 2.25567744140625 0.5543
[0.2152057  0.2152057  0.19442867 0.19442867]
99 2.253407080078125 0.5657
[0.30471635 0.30471635 0.2703619  0.2703619 ]
99 2.2500151245117186 0.5692
[0.3924642 0.3924642 0.3608911 0.3608911]
99 2.245722204589844 0.5625
[0.49548873 0.49548873 0.45628697 0.45628697]
99 2.2408901489257813 0.561
[0.5792991 0.5792991 0.5421229 0.5421229]
99 2.2356791381835937 0.5529
[0.6455837 0.6455837 0.6076904 0.6076904]
99 2.2301508544921873 0.5472
[0.689428  0.689428  0.6513836 0.6513836]
99 2.22434833984375 0.5475
[0.72309375 0.72309375 0.6778805  0.6778805 ]
99 2.2182525268554687 0.5433
[0.727195  0.727195  0.6931795 0.6931795]
99 2.211892419433594 0.5457
[0.74859136 0.74859136 0.70185006 0.70185006]
99 2.2052120239257813 0.5471
[0.7369178 0.7369178 0.7069548 0.7069548]
99 2.1981994140625 0.5512
[0.7540199 0.7540199 0.7102515 0.7102515]
99 2.190785205078125 0.5513
[0.747911  0.747911  0.7127465 0.7127465]
99 2.182945959472656 0.5565
[0.75761425 0.75761425 0.71456206 0.71456206]
99 2.1746268310546877 0.559
[0.75018144 0.75018144 0.7159461  0.7159461 ]
99 2.1658507934570315 0.5609
[0.748603  0.748603  0.7169791 0.7169791]
99 2.156605322265625 0.5601
[0.75660646 0.75660646 0.71790075 0.71790075]
99 2.146904016113281 0.5663
[0.76388615 0.76388615 0.7185635  0.7185635 ]
99 2.136756628417969 0.5698
[0.74850637 0.74850637 0.71910083 0.71910083]
99 2.1261302612304687 0.5716
[0.75382936 0.75382936 0.7196285  0.7196285 ]
99 2.1151498901367187 0.5754
[0.75468296 0.75468296 0.7201304  0.7201304 ]
99 2.103682336425781 0.5762
[0.7608153 0.7608153 0.7205995 0.7205995]
99 2.0918555419921874 0.5792
[0.75256026 0.75256026 0.72120607 0.72120607]
99 2.0796845031738282 0.5885
[0.7532917  0.7532917  0.72185373 0.72185373]
99 2.067234509277344 0.5877
[0.7624023 0.7624023 0.722462  0.722462 ]
99 2.054371734619141 0.5884
[0.7598587 0.7598587 0.7231746 0.7231746]
99 2.0412767517089843 0.5951
[0.7544792  0.7544792  0.72393984 0.72393984]
99 2.027929693603516 0.6003
[0.7629203  0.7629203  0.72475576 0.72475576]
99 2.0144155395507815 0.6083
[0.74587125 0.74587125 0.7256154  0.7256154 ]
99 2.000714471435547 0.6101
[0.74770534 0.74770534 0.7264315  0.7264315 ]
99 1.9868223754882812 0.6115
[0.74784356 0.74784356 0.7273696  0.7273696 ]
99 1.9729366394042969 0.6178
[0.7534949 0.7534949 0.7283406 0.7283406]
99 1.9589966552734375 0.623
[0.7547334 0.7547334 0.7292895 0.7292895]
99 1.9449802124023436 0.6225
[0.75198907 0.75198907 0.73032975 0.73032975]
99 1.9310503784179687 0.6295
[0.7608886 0.7608886 0.7313778 0.7313778]
99 1.9168735595703126 0.6269
[0.7580962 0.7580962 0.7324555 0.7324555]
99 1.902911962890625 0.6378
[0.7601859 0.7601859 0.7336052 0.7336052]
99 1.8890156188964844 0.6404
[0.7541184  0.7541184  0.73483264 0.73483264]
99 1.8753277221679687 0.6432
[0.75931066 0.75931066 0.73601407 0.73601407]
99 1.8614886352539062 0.6428
[0.7605713 0.7605713 0.7372828 0.7372828]
99 1.8479450256347656 0.6499
[0.7618834 0.7618834 0.7385408 0.7385408]
99 1.834447265625 0.6529
[0.7624811  0.7624811  0.73980474 0.73980474]
99 1.8210323608398438 0.6572
[0.763913   0.763913   0.74104553 0.74104553]
99 1.8077870666503906 0.6597
[0.77365965 0.77365965 0.74233454 0.74233454]
99 1.7947400817871093 0.6614
[0.7633379 0.7633379 0.7437087 0.7437087]
99 1.781923846435547 0.6693
[0.76913303 0.76913303 0.7450054  0.7450054 ]
99 1.7692718994140626 0.6681
[0.7784009  0.7784009  0.74632543 0.74632543]
99 1.756636309814453 0.6746
[0.773945  0.773945  0.7476572 0.7476572]
99 1.7441340454101562 0.6801
[0.7729745 0.7729745 0.7489573 0.7489573]
99 1.731945751953125 0.6843
[0.7784066 0.7784066 0.7502526 0.7502526]
99 1.7199533142089845 0.6862
[0.77016604 0.77016604 0.75162953 0.75162953]
99 1.7082228088378906 0.6893
[0.7716363 0.7716363 0.7529535 0.7529535]
99 1.6965425720214844 0.6915
[0.7782751 0.7782751 0.7542531 0.7542531]
99 1.6851344482421875 0.6946
[0.7700377 0.7700377 0.7556031 0.7556031]
99 1.6738103881835937 0.6922
[0.77464443 0.77464443 0.7569286  0.7569286 ]
99 1.662871923828125 0.7034
[0.7751294 0.7751294 0.7581843 0.7581843]
99 1.6520221008300782 0.7044
[0.77753705 0.77753705 0.75945973 0.75945973]
99 1.6411742614746094 0.7003
[0.7798805 0.7798805 0.7607457 0.7607457]
99 1.6306922790527343 0.7031
[0.77963644 0.77963644 0.76199204 0.76199204]
99 1.6202961547851562 0.7083
[0.7793052  0.7793052  0.76324695 0.76324695]
99 1.6101196411132812 0.7161
[0.78923535 0.78923535 0.76446664 0.76446664]
99 1.5999920654296875 0.7169
[0.78578556 0.78578556 0.7657099  0.7657099 ]
99 1.590319354248047 0.7147
[0.79171944 0.79171944 0.7668697  0.7668697 ]
99 1.5803367431640625 0.7195
[0.78418195 0.78418195 0.7680839  0.7680839 ]
99 1.5708585388183594 0.7229
[0.78247243 0.78247243 0.76925856 0.76925856]
99 1.561602294921875 0.7266
[0.78836364 0.78836364 0.7704057  0.7704057 ]
99 1.552073260498047 0.7254
[0.7935844 0.7935844 0.7715169 0.7715169]
99 1.5431663452148439 0.7263
[0.7825525  0.7825525  0.77260035 0.77260035]
99 1.5340390197753906 0.7295
[0.7843134 0.7843134 0.7736975 0.7736975]
99 1.5251715209960937 0.7328
[0.80059946 0.80059946 0.7748109  0.7748109 ]
99 1.5167021301269532 0.7351
[0.79693913 0.79693913 0.7758147  0.7758147 ]
99 1.508210986328125 0.7365
[0.8019899  0.8019899  0.77689713 0.77689713]
99 1.4997726989746094 0.7391
[0.7932645  0.7932645  0.77790934 0.77790934]
99 1.4915516784667968 0.7379
[0.79402125 0.79402125 0.77892804 0.77892804]
99 1.483240301513672 0.7417
[0.792518  0.792518  0.7798949 0.7798949]
99 1.4754621643066406 0.7405
[0.79094714 0.79094714 0.78086215 0.78086215]
99 1.46766142578125 0.7422
[0.7914659 0.7914659 0.7818538 0.7818538]
99 1.4598124877929688 0.7458
[0.79171276 0.79171276 0.7827495  0.7827495 ]
99 1.4522751708984376 0.7444
[0.79334515 0.79334515 0.78366834 0.78366834]
99 1.4450598876953125 0.7461
[0.79482967 0.79482967 0.78460634 0.78460634]
99 1.4374952819824218 0.7487
[0.8018436 0.8018436 0.7854713 0.7854713]
99 1.430107763671875 0.7493
[0.7971002 0.7971002 0.7863579 0.7863579]
99 1.4230610473632812 0.7512
[0.8009955 0.8009955 0.7872149 0.7872149]
99 1.4159263122558594 0.7508
[0.8000114 0.8000114 0.7880856 0.7880856]
99 1.409067010498047 0.7509
[0.7923912 0.7923912 0.7889143 0.7889143]
99 1.4020400939941406 0.7527
[0.8032654  0.8032654  0.78967124 0.78967124]
99 1.3955268859863281 0.7487
[0.800072  0.800072  0.7904772 0.7904772]
99 1.3889716613769532 0.7536
[0.8079532 0.8079532 0.7912518 0.7912518]
99 1.3821958435058594 0.7532
[0.8109896 0.8109896 0.7920426 0.7920426]
99 1.3758226684570312 0.7533
[0.808176  0.808176  0.7928801 0.7928801]
99 1.3696125671386719 0.7626
[0.8093851 0.8093851 0.7936102 0.7936102]
99 1.3632076904296875 0.759
[0.8080957  0.8080957  0.79433227 0.79433227]
99 1.3572558471679688 0.7569
[0.81205165 0.81205165 0.7950994  0.7950994 ]
99 1.3508855529785155 0.7619
[0.8047145  0.8047145  0.79579794 0.79579794]
99 1.3452824462890625 0.7627
[0.81327367 0.81327367 0.79653084 0.79653084]
99 1.3394057678222657 0.7643
[0.8138222 0.8138222 0.7972056 0.7972056]
99 1.3335599365234374 0.7641
[0.8068977  0.8068977  0.79791707 0.79791707]
99 1.327880792236328 0.7655
[0.8069778  0.8069778  0.79860675 0.79860675]
99 1.3220402099609374 0.7675
[0.81307083 0.81307083 0.79924655 0.79924655]
99 1.3165122924804689 0.766
[0.8041992 0.8041992 0.7999492 0.7999492]
99 1.3110472595214844 0.7704
[0.8153014 0.8153014 0.8006051 0.8006051]
99 1.3056801696777345 0.7681
[0.81684625 0.81684625 0.8012219  0.8012219 ]
99 1.3007807312011719 0.7701
[0.8155757 0.8155757 0.8018255 0.8018255]
99 1.29570693359375 0.769
[0.8121644  0.8121644  0.80248606 0.80248606]
99 1.289985528564453 0.774
[0.81555855 0.81555855 0.803073   0.803073  ]
99 1.2856234741210937 0.7706
[0.8165973 0.8165973 0.8037256 0.8037256]
99 1.27973447265625 0.7742
[0.8161181  0.8161181  0.80433476 0.80433476]
99 1.2749826171875 0.7745
[0.8137213 0.8137213 0.8048972 0.8048972]
99 1.2699693481445313 0.7758
[0.8208253  0.8208253  0.80556166 0.80556166]
99 1.2653605529785157 0.7775
[0.8177788  0.8177788  0.80608994 0.80608994]
99 1.2602469482421874 0.7749
[0.814329  0.814329  0.8066627 0.8066627]
99 1.2560881225585938 0.7778
[0.8170388 0.8170388 0.8072077 0.8072077]
99 1.2511430541992188 0.7767
[0.8127139 0.8127139 0.807817  0.807817 ]
99 1.2463786437988282 0.7837
[0.8215062  0.8215062  0.80833375 0.80833375]
99 1.2420134094238282 0.7849
[0.8165035 0.8165035 0.808869  0.808869 ]
99 1.2377606994628907 0.7839
[0.81678504 0.81678504 0.80937815 0.80937815]
99 1.2332858642578124 0.7826
[0.8184972 0.8184972 0.8099419 0.8099419]
99 1.2293766723632813 0.7887
[0.81044763 0.81044763 0.8104769  0.8104769 ]
99 1.2248116577148438 0.782
[0.8204518 0.8204518 0.8110486 0.8110486]
99 1.220339370727539 0.7886
[0.8186546  0.8186546  0.81152123 0.81152123]
99 1.2164151611328125 0.7858
[0.82015055 0.82015055 0.81206363 0.81206363]
99 1.2122129669189454 0.7906
[0.8240345  0.8240345  0.81254625 0.81254625]
99 1.2080552124023438 0.7868
[0.8283015 0.8283015 0.8130096 0.8130096]
99 1.203641226196289 0.7855
[0.81780297 0.81780297 0.8134956  0.8134956 ]
99 1.2005679870605468 0.7858
[0.8282115 0.8282115 0.8140462 0.8140462]
99 1.1963390563964844 0.7903
[0.822798 0.822798 0.814556 0.814556]
99 1.192085482788086 0.794
[0.82672787 0.82672787 0.8149765  0.8149765 ]
99 1.1878974151611328 0.7939
[0.82492805 0.82492805 0.8154421  0.8154421 ]
99 1.184573797607422 0.7944
[0.82670903 0.82670903 0.8159338  0.8159338 ]
99 1.180822979736328 0.7952
[0.83175856 0.83175856 0.8163599  0.8163599 ]
99 1.1774712982177735 0.7933
[0.83257604 0.83257604 0.81689507 0.81689507]
99 1.1734408386230468 0.7978
[0.83150476 0.83150476 0.81732005 0.81732005]
99 1.1700842559814453 0.7954
[0.82197475 0.82197475 0.81772906 0.81772906]
99 1.1667095764160156 0.7975
[0.83162326 0.83162326 0.81828266 0.81828266]
99 1.1626446166992188 0.7975
[0.8250596  0.8250596  0.81867945 0.81867945]
99 1.159185708618164 0.8015
[0.83328295 0.83328295 0.8191324  0.8191324 ]
99 1.155793621826172 0.8009
