cuda:0
5
Preparing datasets...
Preparing networks...
Fitting two-layer networks...
Generating network with reg level 0
modifying second layer regularization...
Generating network with reg level 0.1
modifying second layer regularization...
Generating network with reg level 0.3
modifying second layer regularization...
Generating dataframes...
Working on regularization level 0
[0.01336956 0.01323872]
99 17.94048505859375 0.1475
[0.01623178 0.01409079]
99 14.454678955078125 0.2105
[0.01298096 0.01506687]
99 12.085034716796875 0.2778
[0.01357121 0.01610125]
99 10.352911328125 0.3322
[0.01416054 0.01715683]
99 9.049042724609375 0.3798
[0.01383163 0.01820135]
99 8.041386157226562 0.4206
[0.01332795 0.01921504]
99 7.245047241210938 0.4545
[0.01792136 0.0201884 ]
99 6.603132788085937 0.4823
[0.0169129  0.02111789]
99 6.075900842285156 0.5091
[0.01838748 0.02200519]
99 5.6405189453125 0.5321
[0.019073   0.02285792]
99 5.272330615234375 0.5519
[0.01950037 0.02366608]
99 4.960386596679688 0.5715
[0.0200382  0.02443953]
99 4.690700744628907 0.5893
[0.02028998 0.02517499]
99 4.4572583618164066 0.6037
[0.02284674 0.02587836]
99 4.2523870971679685 0.6164
[0.02399874 0.02655627]
99 4.072486065673828 0.6297
[0.02312652 0.02720825]
99 3.9123873168945313 0.6406
[0.02341162 0.02783034]
99 3.7689276977539063 0.6525
[0.02462208 0.02842886]
99 3.6394223083496096 0.664
[0.02373466 0.02900672]
99 3.5228229553222654 0.6723
[0.02404829 0.02956456]
99 3.416191033935547 0.6803
[0.02627484 0.03009821]
99 3.318655609130859 0.6868
[0.02567629 0.03062089]
99 3.2291375244140625 0.6928
[0.02733686 0.03112381]
99 3.145975961303711 0.6992
[0.02866847 0.03161295]
99 3.0682001556396483 0.7061
[0.02974655 0.03208286]
99 2.996545864868164 0.7122
[0.0284749 0.0325422]
99 2.929742236328125 0.7165
[0.02878161 0.03298882]
99 2.8673914672851564 0.7222
[0.02879544 0.03342583]
99 2.809207421875 0.7271
[0.02975499 0.03384773]
99 2.754510906982422 0.7307
[0.03036411 0.03426177]
99 2.7033230407714846 0.736
[0.03131405 0.03466782]
99 2.654329196166992 0.7394
[0.03209614 0.03506149]
99 2.6078995697021483 0.7437
[0.03392519 0.03544668]
99 2.564366271972656 0.7464
[0.03436328 0.0358233 ]
99 2.5237371856689452 0.75
[0.03251178 0.0361903 ]
99 2.4846685607910155 0.7535
[0.03446687 0.03655387]
99 2.4471401580810546 0.757
[0.03509902 0.03690644]
99 2.411837503051758 0.7596
[0.03569322 0.03725414]
99 2.377960446166992 0.7642
[0.03607212 0.03759586]
99 2.346192707824707 0.7676
[0.0339935 0.0379316]
99 2.3148337661743166 0.7711
[0.03616802 0.03825991]
99 2.2853808639526365 0.773
[0.03407265 0.03858303]
99 2.2570746139526365 0.7756
[0.03514025 0.03889969]
99 2.2301375518798827 0.7783
[0.03574217 0.03921139]
99 2.204489628601074 0.7808
[0.04065261 0.03951798]
99 2.1794576538085937 0.7838
[0.0372168  0.03982104]
99 2.1551120300292967 0.7859
[0.03624909 0.04011858]
99 2.1321698669433595 0.7879
[0.03676248 0.04041125]
99 2.109696195983887 0.7893
[0.03683473 0.04069855]
99 2.0885943176269532 0.7915
[0.03811292 0.04098273]
99 2.0677682800292967 0.7933
[0.03880054 0.04126294]
99 2.047495686340332 0.7953
[0.04033702 0.04154075]
99 2.027880953979492 0.797
[0.03808524 0.04181442]
99 2.0094570739746094 0.7991
[0.03670202 0.0420825 ]
99 1.9917540618896485 0.8001
[0.04122721 0.0423498 ]
99 1.9736427505493164 0.8022
[0.04237676 0.04261047]
99 1.9569334686279296 0.8033
[0.0420986  0.04286839]
99 1.9404216094970703 0.8041
[0.04179348 0.0431247 ]
99 1.9246534149169923 0.8053
[0.04013336 0.04337721]
99 1.9092037322998048 0.8074
[0.04144829 0.04362614]
99 1.8940592544555663 0.8091
[0.04102392 0.04387389]
99 1.8792616455078126 0.8105
[0.0422738  0.04411748]
99 1.8646292419433594 0.812
[0.04159266 0.04435844]
99 1.8506701721191405 0.8129
[0.04198671 0.04459604]
99 1.8372512451171874 0.8135
[0.04331752 0.04483189]
99 1.824013264465332 0.815
[0.04155932 0.04506408]
99 1.8108350326538085 0.8163
[0.04340037 0.04529512]
99 1.7981185806274413 0.8173
[0.04495503 0.04552354]
99 1.785869839477539 0.819
[0.04555874 0.04574792]
99 1.7741283325195312 0.8193
[0.04389643 0.04597206]
99 1.7626970184326172 0.8203
[0.04275187 0.04619326]
99 1.751243133544922 0.8206
[0.04403454 0.04641165]
99 1.740217008972168 0.8207
[0.04261359 0.04662823]
99 1.7292552810668946 0.8219
[0.04500799 0.04684301]
99 1.7187874588012695 0.8227
[0.04767257 0.04705465]
99 1.708166893005371 0.8237
[0.04616473 0.0472653 ]
99 1.6980654052734374 0.8245
[0.04232453 0.0474738 ]
99 1.6880880294799805 0.8252
[0.04338195 0.04767951]
99 1.6786022003173828 0.826
[0.04664825 0.04788463]
99 1.6690212158203126 0.8267
[0.04405042 0.0480876 ]
99 1.6594061157226563 0.8275
[0.04716743 0.0482881 ]
99 1.6504505126953124 0.8281
[0.04696954 0.04848763]
99 1.6416018615722656 0.8293
[0.04742518 0.04868537]
99 1.6327410972595215 0.8297
[0.04854592 0.04888161]
99 1.6240942008972168 0.8312
[0.04708162 0.04907671]
99 1.6155894294738768 0.8315
[0.04557004 0.04927058]
99 1.6069076866149903 0.8325
[0.0484411  0.04946181]
99 1.5990203300476074 0.8337
[0.04863103 0.04965246]
99 1.5906978294372558 0.8345
[0.0480515  0.04984158]
99 1.5826855628967285 0.8348
[0.04602286 0.0500291 ]
99 1.5749813331604003 0.8353
[0.04978485 0.05021319]
99 1.5677243553161622 0.8364
[0.04887207 0.05039833]
99 1.559967855834961 0.8369
[0.05005817 0.05058194]
99 1.5528366035461425 0.837
[0.05099244 0.0507638 ]
99 1.5456471313476563 0.8374
[0.04886853 0.05094406]
99 1.5387288116455078 0.8379
[0.05018899 0.0511242 ]
99 1.5311253952026367 0.8384
[0.05076736 0.05130307]
99 1.524373154449463 0.8393
[0.04918326 0.05148097]
99 1.5177451721191406 0.84
[0.04909214 0.05165634]
99 1.5108911682128907 0.8401
[0.04981953 0.05183214]
99 1.5044106292724608 0.8404
[0.05067524 0.05200576]
99 1.4981062713623048 0.8408
[0.04975547 0.05217809]
99 1.4914795204162599 0.8417
[0.05304841 0.05234928]
99 1.4854273155212403 0.8424
[0.05283003 0.05252068]
99 1.4791121849060058 0.8427
[0.05024833 0.05269008]
99 1.473218377685547 0.8435
[0.05122243 0.05285887]
99 1.4672258377075196 0.8438
[0.05239389 0.05302639]
99 1.4612676055908203 0.8444
[0.05291973 0.05319418]
99 1.4551891799926757 0.8449
[0.05071861 0.05335916]
99 1.449619204711914 0.8454
[0.0553544  0.05352442]
99 1.4439061599731444 0.8456
[0.05276661 0.05368832]
99 1.438234105682373 0.8465
[0.0515637  0.05385134]
99 1.4326238899230956 0.8469
[0.05263973 0.05401272]
99 1.427544906616211 0.8474
[0.05425979 0.05417472]
99 1.4219752571105957 0.8474
[0.05410305 0.05433479]
99 1.4164678565979003 0.8482
[0.05418045 0.05449507]
99 1.4111320220947265 0.8484
[0.05417949 0.05465351]
99 1.4060973770141603 0.8491
[0.05516353 0.05481112]
99 1.4009722442626953 0.8498
[0.05295337 0.05496848]
99 1.3958451873779296 0.8503
[0.05302939 0.05512503]
99 1.390678598022461 0.8506
[0.053208   0.05528124]
99 1.3856858421325684 0.8511
[0.05720461 0.05543653]
99 1.3809893028259277 0.851
[0.05562425 0.05559005]
99 1.376210848236084 0.8516
[0.05424608 0.05574363]
99 1.3714752197265625 0.8516
[0.05559317 0.05589701]
99 1.3667758903503417 0.8521
[0.05512856 0.05604897]
99 1.3620716697692872 0.8527
[0.05540933 0.05619898]
99 1.3573175354003906 0.8528
[0.05804831 0.05634969]
99 1.3528737144470215 0.8532
[0.05623795 0.05650048]
99 1.3485720695495604 0.8534
[0.05664637 0.05665054]
99 1.344041902923584 0.854
[0.05491631 0.05679958]
99 1.3394960975646972 0.8538
[0.05519718 0.05694804]
99 1.3355895751953124 0.8545
[0.0569875  0.05709627]
99 1.3310607078552246 0.8549
[0.05669344 0.05724308]
99 1.326685806274414 0.8547
[0.05944592 0.05738867]
99 1.3226885917663573 0.8551
[0.05720094 0.0575355 ]
99 1.3183498085021972 0.8558
[0.05552984 0.05768035]
99 1.3141812446594239 0.8558
[0.05893922 0.05782663]
99 1.3101138069152831 0.8561
[0.05656767 0.05797109]
99 1.3061449829101563 0.8565
[0.05794111 0.0581148 ]
99 1.3022517227172852 0.8565
[0.05862028 0.05825905]
99 1.2980215354919433 0.8567
[0.0574469  0.05840113]
99 1.2941613685607911 0.8572
[0.05967585 0.05854421]
99 1.290213084411621 0.8575
[0.05825463 0.05868626]
99 1.286493421936035 0.8582
[0.05840116 0.05882811]
99 1.2826656455993652 0.8584
[0.05751319 0.05897043]
99 1.2786054458618163 0.8584
[0.0592758  0.05911082]
99 1.2748228424072265 0.8592
[0.06033511 0.0592508 ]
99 1.2711407539367676 0.8596
[0.05811548 0.05939074]
99 1.2677317810058595 0.8594
[0.05910506 0.05953   ]
99 1.2642083015441894 0.8597
[0.06154855 0.05966833]
99 1.2605867530822754 0.8604
[0.06005665 0.0598057 ]
99 1.2569815055847169 0.8605
[0.06203539 0.05994421]
99 1.2534021606445314 0.8609
[0.06030167 0.06008233]
99 1.2499087348937987 0.8612
[0.05969019 0.06021999]
99 1.2462075607299805 0.8612
[0.05812322 0.0603571 ]
99 1.242740111541748 0.8615
[0.06347989 0.06049394]
99 1.2392751556396484 0.8617
[0.06286822 0.06062959]
99 1.2359784469604491 0.8618
[0.06211905 0.06076492]
99 1.232702025604248 0.8625
[0.06183096 0.06090054]
99 1.22934390335083 0.8627
[0.06094747 0.06103509]
99 1.2259427597045898 0.863
[0.06156077 0.06116967]
99 1.2229304618835448 0.8632
[0.06167413 0.06130375]
99 1.2196340065002442 0.8634
[0.06212531 0.0614375 ]
99 1.2162339744567872 0.8632
[0.06261716 0.06157069]
99 1.2131870864868164 0.8641
[0.06381717 0.06170323]
99 1.209931575012207 0.8641
[0.06259549 0.06183597]
99 1.2064811950683594 0.8641
[0.06371007 0.06196837]
99 1.2036631866455079 0.8642
[0.06129295 0.06209994]
99 1.200610639190674 0.8647
[0.06202624 0.06223135]
99 1.197861826324463 0.8648
[0.06487273 0.06236247]
99 1.1946505882263183 0.8656
[0.06741814 0.06249354]
99 1.1916265243530273 0.8652
[0.06125686 0.06262367]
99 1.1886877700805665 0.8657
[0.06229674 0.0627537 ]
99 1.1855794082641602 0.8661
[0.06311134 0.06288336]
99 1.1829456039428712 0.8667
[0.06419589 0.06301326]
99 1.1797224197387695 0.8664
[0.063315   0.06314193]
99 1.1769956253051759 0.8669
[0.0637835 0.0632718]
99 1.1742870132446288 0.867
[0.06640806 0.06340031]
99 1.1711345108032227 0.8666
[0.06439744 0.06352793]
99 1.1683753509521484 0.867
[0.06446361 0.0636552 ]
99 1.1657809005737305 0.8676
[0.06603508 0.06378292]
99 1.1629243087768555 0.8683
[0.06585462 0.06390942]
99 1.160174504852295 0.8684
[0.0646629  0.06403653]
99 1.1573804473876954 0.8682
[0.06341988 0.06416287]
99 1.1546679088592529 0.8682
[0.06635886 0.06428893]
99 1.152069190979004 0.8688
[0.06484723 0.06441562]
99 1.1493047966003418 0.8691
[0.06797382 0.06454121]
99 1.146619464111328 0.8693
[0.0638387  0.06466654]
99 1.1440078758239747 0.8694
[0.06577946 0.06479076]
99 1.1413892513275146 0.8695
[0.0660184 0.0649155]
99 1.1385360527038575 0.8698
[0.06592897 0.06503971]
99 1.1360568729400635 0.8701
[0.0658443  0.06516463]
99 1.1336280384063722 0.8704
[0.06588331 0.06528842]
99 1.1309052959442139 0.8702
[0.06861281 0.06541242]
99 1.1283802265167235 0.8705
[0.06572916 0.06553535]
99 1.1260245750427247 0.8711
[0.06858015 0.06565881]
99 1.123455976486206 0.8709
[0.06701986 0.0657814 ]
99 1.1207626392364503 0.8715
[0.06721856 0.0659041 ]
99 1.1183640281677245 0.8716
[0.06918793 0.06602626]
99 1.1158258991241454 0.8721
[0.07063255 0.06614744]
99 1.1139951469421387 0.8723
[0.06761182 0.06626943]
99 1.111443102645874 0.8725
[0.06806648 0.06639066]
99 1.108897354888916 0.873
[0.06856694 0.06651112]
99 1.1066657276153564 0.8727
[0.06911458 0.06663257]
99 1.1039671802520752 0.8737
[0.06731518 0.06675367]
99 1.1019695137023926 0.8732
[0.06867511 0.06687497]
99 1.0996487731933593 0.8737
[0.06862637 0.06699376]
99 1.0973072147369385 0.8738
[0.06865591 0.06711384]
99 1.0947656970977784 0.8743
[0.06761286 0.06723396]
99 1.092391526031494 0.8747
[0.068964   0.06735244]
99 1.0902752780914307 0.8751
[0.06975092 0.06747192]
99 1.0881899738311767 0.8751
[0.0689665  0.06759173]
99 1.0856983512878418 0.8752
[0.07118992 0.06771012]
99 1.0834255321502686 0.8758
[0.06857762 0.06782795]
99 1.0816340782165528 0.8755
[0.07177463 0.06794621]
99 1.079285110092163 0.8754
[0.07099307 0.06806424]
99 1.0768786518096924 0.876
[0.06872398 0.06818173]
99 1.0747319355010987 0.8761
[0.07338023 0.06829915]
99 1.072483517074585 0.8762
[0.07174077 0.06841657]
99 1.0708075275421143 0.8767
[0.06941954 0.06853373]
99 1.0685847831726074 0.8763
[0.07042686 0.06865057]
99 1.066292580795288 0.8766
[0.07084696 0.06876682]
99 1.0646138580322266 0.8768
[0.0706523  0.06888457]
99 1.0622071121215821 0.8771
[0.07024316 0.06900102]
99 1.0599879337310791 0.8775
[0.07070938 0.06911769]
99 1.0580315032958985 0.8773
[0.07227746 0.06923239]
99 1.05604271774292 0.8776
[0.07192865 0.06934753]
99 1.053937509918213 0.8776
[0.07221381 0.06946313]
99 1.051915731048584 0.8779
[0.0728147  0.06957799]
99 1.049932042694092 0.8778
[0.07154934 0.06969301]
99 1.047700638961792 0.878
[0.07160327 0.06980951]
99 1.0456796314239503 0.8783
[0.07266938 0.06992262]
99 1.0437106735229493 0.8786
[0.07217774 0.07003678]
99 1.0416594692230225 0.8788
[0.07176875 0.07015143]
99 1.0397056018829345 0.8787
[0.07368048 0.07026558]
99 1.037943423461914 0.8786
[0.07207686 0.07038008]
99 1.0359451301574707 0.8791
[0.07417023 0.07049317]
99 1.03436224861145 0.8792
[0.07200556 0.07060583]
99 1.03235717086792 0.8799
[0.07148907 0.07071967]
99 1.0304967449188231 0.8797
[0.07160816 0.07083217]
99 1.0285725105285644 0.8794
[0.07253211 0.07094626]
99 1.026458624649048 0.8805
[0.07488634 0.07105895]
99 1.0247063472747804 0.8806
[0.07471569 0.07117161]
99 1.0228480564117433 0.8807
[0.07204258 0.07128393]
99 1.0210923824310303 0.8803
[0.07210498 0.07139616]
99 1.01918913230896 0.8805
[0.07306997 0.07150842]
99 1.0173823078155517 0.8807
[0.07470427 0.07161998]
99 1.0155861923217773 0.8807
[0.07376134 0.07173133]
99 1.013662968826294 0.8812
[0.07455504 0.07184283]
99 1.0118192985534669 0.8811
[0.07439404 0.07195454]
99 1.009988196182251 0.8813
[0.07587089 0.07206559]
99 1.0084738677978515 0.8818
[0.07328716 0.07217614]
99 1.006637585067749 0.882
[0.07524995 0.07228706]
99 1.0046508182525635 0.8819
[0.07560053 0.07239699]
99 1.0030078384399415 0.8821
[0.07585614 0.07250759]
99 1.0013279594421387 0.8817
[0.0768529 0.0726186]
99 0.9994726161956787 0.8828
[0.07557676 0.07272865]
99 0.9978162464141845 0.8825
[0.07323048 0.07283849]
99 0.9960917430877686 0.8829
[0.07246864 0.07294862]
99 0.994494448852539 0.8834
[0.076665   0.07305838]
99 0.9925589378356934 0.8829
[0.07603931 0.073167  ]
99 0.9908550426483155 0.8833
[0.07501003 0.07327592]
99 0.9897014533996582 0.8837
[0.07481656 0.07338541]
99 0.9878435810089111 0.8841
[0.07640285 0.07349417]
99 0.9859963764190673 0.8836
[0.07514708 0.07360326]
99 0.98411233253479 0.8839
[0.07797531 0.07371307]
99 0.982894421005249 0.8844
[0.07712502 0.07382096]
99 0.9811282661437988 0.8847
[0.07456106 0.07392888]
99 0.979209268951416 0.8846
[0.0767503  0.07403713]
99 0.9775658393859863 0.8844
[0.07767152 0.07414544]
99 0.9761128383636475 0.8851
[0.07741617 0.07425345]
99 0.9744643604278564 0.8854
[0.07777311 0.07436162]
99 0.9730267951965332 0.8856
[0.07760163 0.07446842]
99 0.9714360763549804 0.8859
[0.07789826 0.07457548]
99 0.9698952007293701 0.8859
[0.07753018 0.07468311]
99 0.9682926120758056 0.8862
[0.07820393 0.07479008]
99 0.9669736831665039 0.8864
[0.0785254  0.07489689]
99 0.965043510055542 0.8859
[0.07964247 0.07500387]
99 0.9634954410552978 0.8861
[0.07785551 0.07511059]
99 0.9620901317596435 0.8862
[0.07798602 0.07521696]
99 0.9605177238464355 0.8863
[0.07871374 0.07532336]
99 0.9591716270446777 0.8862
[0.0797643  0.07542917]
99 0.9576753765106201 0.8869
[0.07810624 0.07553577]
99 0.9560340854644775 0.8869
[0.07865103 0.07564137]
99 0.9542696224212647 0.8871
[0.07669425 0.07574704]
99 0.9530539825439454 0.8873
[0.07812975 0.07585113]
99 0.9516835563659668 0.8869
[0.07875778 0.07595751]
99 0.9498680809020996 0.8872
[0.07747314 0.07606249]
99 0.9487416366577148 0.8874
[0.08012484 0.0761679 ]
99 0.9469231159210205 0.8874
[0.08035927 0.07627255]
99 0.9454867553710937 0.8874
[0.0803502  0.07637722]
99 0.9440702156066895 0.8875
[0.08050189 0.07648178]
99 0.9425376178741455 0.8874
[0.07731523 0.07658651]
99 0.9410695671081543 0.8876
[0.08141689 0.07669081]
99 0.9397430454254151 0.8875
[0.08273945 0.07679512]
99 0.9386024955749511 0.8879
[0.07935529 0.07689812]
99 0.9369839794158935 0.8881
[0.08183154 0.07700226]
99 0.935601974105835 0.8883
[0.08056325 0.07710539]
99 0.9340049438476562 0.8884
Working on regularization level 0.1
[0.01555888 0.01326885]
99 16.05330029296875 0.1498
[0.01258444 0.01422531]
99 11.4096677734375 0.2258
[0.01275971 0.0153963 ]
99 8.338787768554688 0.3045
[0.01269629 0.01671033]
99 6.2234092041015625 0.3742
[0.01682208 0.01807998]
99 4.737840344238281 0.4383
[0.01563886 0.01947146]
99 3.677856579589844 0.489
[0.01915337 0.02085589]
99 2.9120202026367186 0.5354
[0.01968088 0.02221385]
99 2.3467128723144532 0.5751
[0.02086404 0.02353155]
99 1.9237914764404296 0.6142
[0.02008184 0.02483136]
99 1.6024716278076172 0.6468
[0.0222976  0.02611675]
99 1.35453006439209 0.6773
[0.0234271  0.02738999]
99 1.161173844909668 0.6995
[0.02464462 0.02867242]
99 1.008858853149414 0.7213
[0.02658037 0.02997822]
99 0.8889150177001953 0.7434
[0.029116  0.0313208]
99 0.7941596977233887 0.7613
[0.02852625 0.03272587]
99 0.7193920219421387 0.7778
[0.03304629 0.03421976]
99 0.6599934623718262 0.797
[0.03343946 0.03582158]
99 0.6137867424011231 0.8119
[0.03659725 0.03756406]
99 0.5778380531311035 0.8237
[0.03637094 0.03948314]
99 0.5496338241577149 0.8343
[0.03927046 0.04157798]
99 0.5282335464477539 0.846
[0.04079904 0.04391745]
99 0.511860457611084 0.8551
[0.04441065 0.04652976]
99 0.499409513092041 0.8649
[0.04753986 0.04942639]
99 0.4906593910217285 0.8706
[0.0512629  0.05265253]
99 0.48269137496948245 0.8781
[0.05432711 0.05622838]
99 0.4772204200744629 0.883
[0.05853282 0.06018507]
99 0.4725905265808105 0.887
[0.06292685 0.06450496]
99 0.46932419815063475 0.89
[0.06788248 0.06923588]
99 0.46682485809326174 0.8922
[0.0720048  0.07430628]
99 0.4648555137634277 0.8952
[0.07721137 0.07978552]
99 0.4630966705322266 0.8978
[0.08471918 0.0855737 ]
99 0.4616172836303711 0.9011
[0.0854277  0.09166092]
99 0.4607603179931641 0.902
[0.0951838  0.09800738]
99 0.459541820526123 0.9034
[0.10229652 0.10448628]
99 0.4588010665893555 0.9044
[0.11054336 0.11105349]
99 0.458052498626709 0.9047
[0.11198333 0.11764579]
99 0.4573385284423828 0.9057
[0.1214013  0.12421422]
99 0.45677185134887693 0.9052
[0.12637316 0.13061918]
99 0.4560108596801758 0.9057
[0.13422155 0.13673581]
99 0.45540564041137693 0.9054
[0.1392703  0.14260134]
99 0.45509957427978515 0.906
[0.1456159  0.14817064]
99 0.45463875122070313 0.9061
[0.14960355 0.15336947]
99 0.45420211715698244 0.9064
[0.15399818 0.15823935]
99 0.4538664916992188 0.907
[0.15970275 0.16280031]
99 0.45320159759521483 0.908
[0.16244732 0.16703117]
99 0.45293168334960937 0.9078
[0.16445673 0.17094877]
99 0.4525484359741211 0.9085
[0.17334546 0.17461012]
99 0.4519432678222656 0.9077
[0.17580953 0.17804156]
99 0.45172580718994143 0.909
[0.17872532 0.18130508]
99 0.45108828125 0.9091
[0.18118325 0.18436213]
99 0.45073738861083984 0.9087
[0.1852174 0.1872952]
99 0.4501606918334961 0.9088
[0.18698464 0.19002663]
99 0.44968592224121096 0.9084
[0.19169395 0.19264139]
99 0.4497166107177734 0.9084
[0.19146635 0.19524322]
99 0.4489441703796387 0.9091
[0.19680907 0.19777094]
99 0.448574600982666 0.9085
[0.19757254 0.20017949]
99 0.44789523315429686 0.9087
[0.20047139 0.2025324 ]
99 0.44798017578125 0.9082
[0.20216177 0.20488189]
99 0.44752994232177734 0.9083
[0.20187542 0.2071562 ]
99 0.4470998519897461 0.9082
[0.20601064 0.20945774]
99 0.44649823989868165 0.909
[0.21259084 0.21170694]
99 0.44601066741943357 0.9093
[0.21121866 0.21399106]
99 0.4455896240234375 0.9097
[0.2142745 0.216188 ]
99 0.4452117774963379 0.9083
[0.21653642 0.21834354]
99 0.44483745193481444 0.9094
[0.21744579 0.2204993 ]
99 0.4443609169006348 0.9093
[0.21946907 0.22262241]
99 0.44415129318237306 0.9094
[0.22498184 0.22481282]
99 0.4437545997619629 0.909
[0.22637141 0.22699311]
99 0.4432712142944336 0.9088
[0.22752132 0.22914977]
99 0.4429732795715332 0.9086
[0.2293109  0.23125795]
99 0.44270302810668943 0.9085
[0.23087385 0.23336272]
99 0.44201130981445313 0.909
[0.23532668 0.23550844]
99 0.4419359733581543 0.9092
[0.23697525 0.23762475]
99 0.44112802810668944 0.9086
[0.23425716 0.2397329 ]
99 0.44092007217407225 0.909
[0.23901986 0.2417709 ]
99 0.4403248069763184 0.9094
[0.24362226 0.24388261]
99 0.43981017150878904 0.9086
[0.24624172 0.2459548 ]
99 0.43937576293945313 0.9088
[0.24735065 0.24797595]
99 0.43937034149169923 0.9094
[0.24676087 0.25006145]
99 0.4386483184814453 0.9083
[0.2538131  0.25208914]
99 0.4382336448669434 0.9099
[0.25200728 0.25415525]
99 0.437727513885498 0.9099
[0.25639844 0.2562018 ]
99 0.4373417091369629 0.9091
[0.25566795 0.25817406]
99 0.43700167541503904 0.9098
[0.25955203 0.26024216]
99 0.43668658447265624 0.9088
[0.26445374 0.2622104 ]
99 0.4361060943603516 0.9089
[0.26456815 0.26424453]
99 0.4356813720703125 0.9094
[0.26918086 0.26620314]
99 0.43529554901123046 0.9094
[0.2697708  0.26819754]
99 0.4348034713745117 0.9092
[0.27133232 0.27021766]
99 0.4344864891052246 0.9096
[0.2741225  0.27210492]
99 0.43375117721557616 0.9094
[0.27559072 0.27404943]
99 0.4338335762023926 0.9095
[0.2777765 0.2759644]
99 0.432955256652832 0.9111
[0.27967194 0.27789718]
99 0.4330759712219238 0.9094
[0.27991542 0.27984327]
99 0.4321924575805664 0.91
[0.28144935 0.28168842]
99 0.4319953399658203 0.9095
[0.28347492 0.28362226]
99 0.4313961372375488 0.9097
[0.28508496 0.2854748 ]
99 0.43109459381103515 0.9108
[0.29009238 0.28739423]
99 0.4306870269775391 0.9097
[0.2903188  0.28925213]
99 0.4300204376220703 0.9103
[0.29287928 0.29109567]
99 0.4298149269104004 0.9093
[0.29488283 0.29298705]
99 0.42945165634155275 0.909
[0.29595995 0.2947799 ]
99 0.42938190307617186 0.9094
[0.29842106 0.29666883]
99 0.42840741806030275 0.9092
[0.29975653 0.29843432]
99 0.42820480880737305 0.91
[0.3016135  0.30032107]
99 0.4276172798156738 0.9104
[0.3053441  0.30213386]
99 0.4272000526428223 0.9107
[0.3104132  0.30384186]
99 0.4269631912231445 0.9099
[0.3079749  0.30562422]
99 0.4263248664855957 0.9102
[0.30895   0.3073662]
99 0.42623882141113284 0.9093
[0.3111867 0.3091423]
99 0.42564519500732423 0.91
[0.30948764 0.31091595]
99 0.4251977394104004 0.9103
[0.31598023 0.3126513 ]
99 0.42470385513305664 0.9108
[0.3175449  0.31442025]
99 0.4242713470458984 0.9104
[0.31898525 0.31608593]
99 0.42376993103027344 0.911
[0.3187398  0.31787926]
99 0.42330806884765626 0.91
[0.32331082 0.31959116]
99 0.42286203231811526 0.9107
[0.32273036 0.321301  ]
99 0.4228967544555664 0.9106
[0.3282642  0.32291093]
99 0.4222418998718262 0.9117
[0.3278265 0.3246124]
99 0.4216717056274414 0.9107
[0.3283992 0.3262398]
99 0.4214132667541504 0.9103
[0.3318993  0.32789648]
99 0.4209357795715332 0.9114
[0.332901  0.3295466]
99 0.4208378341674805 0.9106
[0.33515495 0.331195  ]
99 0.42023409576416015 0.9104
[0.3361087  0.33284923]
99 0.419872599029541 0.911
[0.33969927 0.3344542 ]
99 0.41929554290771487 0.9108
[0.33811632 0.33607587]
99 0.4188038513183594 0.9116
[0.33929884 0.3376242 ]
99 0.41877555694580076 0.9108
[0.34410703 0.33931977]
99 0.4180523780822754 0.912
[0.3451721  0.34081465]
99 0.418035587310791 0.9107
[0.348777   0.34243682]
99 0.4173126800537109 0.9119
[0.35064805 0.34401947]
99 0.4169046813964844 0.9111
[0.3483185 0.3455616]
99 0.41642031860351564 0.911
[0.35309732 0.34708047]
99 0.41574268493652344 0.911
[0.35025272 0.34860143]
99 0.4157126876831055 0.9098
[0.35449892 0.35014555]
99 0.4151438552856445 0.911
[0.35505986 0.3517337 ]
99 0.41507961349487305 0.9104
[0.35791275 0.3532575 ]
99 0.41453847274780276 0.9113
[0.36096916 0.35472542]
99 0.41386773834228513 0.9115
[0.35927573 0.35611686]
99 0.41369097213745115 0.9111
[0.36411068 0.35772285]
99 0.4134312599182129 0.9121
[0.3640442 0.3591578]
99 0.413000316619873 0.9103
[0.3635727  0.36065635]
99 0.41229136276245115 0.9108
[0.36465776 0.3621469 ]
99 0.41203875885009766 0.9122
[0.37118456 0.36355317]
99 0.4115268592834473 0.9115
[0.37057284 0.36504072]
99 0.41117232742309573 0.9118
[0.37276527 0.36651695]
99 0.41071000900268556 0.9108
[0.37399685 0.36797777]
99 0.41053944244384766 0.9119
[0.37538636 0.36937118]
99 0.4100061958312988 0.911
[0.37650284 0.37072694]
99 0.4097937202453613 0.9103
[0.37711877 0.37214667]
99 0.4094418571472168 0.9112
[0.3782     0.37360477]
99 0.40862443771362306 0.9118
[0.37997368 0.37497237]
99 0.4086521430969238 0.912
[0.38041782 0.3763536 ]
99 0.40817346801757814 0.9115
[0.385929  0.3777491]
99 0.40738240127563474 0.912
[0.3853981 0.3791138]
99 0.40716608505249025 0.9115
[0.386467  0.3804555]
99 0.40722281341552735 0.9121
[0.38923144 0.38183513]
99 0.4065990791320801 0.9119
[0.38953516 0.38318738]
99 0.40630763244628904 0.9109
[0.38828313 0.384602  ]
99 0.40600380172729494 0.9111
[0.39370182 0.38589916]
99 0.40540455474853515 0.9119
[0.39798984 0.38718203]
99 0.4050684410095215 0.9127
[0.39582646 0.38848174]
99 0.40472324142456056 0.9116
[0.3972068  0.38985005]
99 0.40414370346069334 0.9115
[0.39868715 0.3912179 ]
99 0.40417793655395506 0.9122
[0.3999194  0.39246053]
99 0.4035228469848633 0.9118
[0.39950833 0.39377648]
99 0.4032631324768066 0.9117
[0.40193734 0.39504617]
99 0.40253205642700196 0.9122
[0.40422854 0.39629388]
99 0.4023061393737793 0.9112
[0.4063402  0.39754313]
99 0.4019216720581055 0.9116
[0.40887845 0.39884913]
99 0.40157537841796875 0.9112
[0.40768674 0.40006095]
99 0.40134834518432616 0.9113
[0.40868393 0.40136936]
99 0.400996403503418 0.9117
[0.41378582 0.4026244 ]
99 0.4004953727722168 0.9119
[0.41097915 0.4038463 ]
99 0.39993352966308593 0.9116
[0.41296428 0.4050297 ]
99 0.3997881164550781 0.9125
[0.4167005 0.4063083]
99 0.3991943252563477 0.9126
[0.41634762 0.40745658]
99 0.39917799530029296 0.9132
[0.41524222 0.4087791 ]
99 0.3987219024658203 0.9125
[0.4190787  0.40993685]
99 0.3982376182556152 0.9122
[0.4204794 0.4111135]
99 0.39818292236328123 0.9129
[0.4203543  0.41231585]
99 0.39759265670776367 0.9128
[0.4219439 0.4134501]
99 0.3974958457946777 0.9118
[0.42453727 0.41467917]
99 0.39674384841918947 0.9124
[0.42829362 0.41589287]
99 0.3968775909423828 0.9126
[0.4273711 0.417079 ]
99 0.39610250549316406 0.9125
[0.4252285  0.41817653]
99 0.39591107482910154 0.9119
[0.42886227 0.41934282]
99 0.39540847702026366 0.9126
[0.42996588 0.42044002]
99 0.3949422622680664 0.9123
[0.43327373 0.42162636]
99 0.3947879119873047 0.9122
[0.43341446 0.42276093]
99 0.3942378341674805 0.9129
[0.43517128 0.42391247]
99 0.39387569732666017 0.9129
[0.43595418 0.42501706]
99 0.39368393936157225 0.9132
[0.43764603 0.42614445]
99 0.39350009689331056 0.9124
[0.43797365 0.42726278]
99 0.3930680450439453 0.9128
[0.4388758 0.4284201]
99 0.3924586135864258 0.9123
[0.44182426 0.42945635]
99 0.3922689453125 0.9122
[0.4412918 0.4306175]
99 0.39203941879272464 0.9132
[0.44236323 0.43166378]
99 0.3915717948913574 0.9126
[0.4417029  0.43273717]
99 0.3909819061279297 0.9127
[0.44512773 0.43386385]
99 0.39078988189697267 0.9131
[0.4454822  0.43491423]
99 0.39031659240722655 0.9132
[0.44466242 0.43599865]
99 0.3902720413208008 0.9127
[0.4484614 0.43708  ]
99 0.38987477645874025 0.9118
[0.4495755 0.4380956]
99 0.3901525550842285 0.9128
[0.45190147 0.4392123 ]
99 0.3891669891357422 0.9133
[0.45353818 0.4402919 ]
99 0.388914183807373 0.913
[0.4529501  0.44128737]
99 0.3884052101135254 0.9128
[0.45359087 0.44231373]
99 0.38802231140136717 0.9134
[0.45165166 0.44333056]
99 0.3879836631774902 0.9125
[0.45575193 0.44432637]
99 0.38754816513061524 0.9128
[0.45557547 0.44532716]
99 0.38729506759643556 0.9124
[0.45839062 0.44637504]
99 0.38688685150146485 0.9134
[0.46206823 0.4474519 ]
99 0.38652759552001953 0.9129
[0.4602609 0.4483881]
99 0.3861430114746094 0.9134
[0.4630499  0.44937855]
99 0.38598507843017577 0.9131
[0.46326295 0.45033148]
99 0.3855593547821045 0.9136
[0.4643718  0.45139825]
99 0.385688606262207 0.9138
[0.4671545  0.45235756]
99 0.38478001098632814 0.9129
[0.46576637 0.453253  ]
99 0.3849596618652344 0.9139
[0.46600515 0.4542589 ]
99 0.38440517044067385 0.9131
[0.46740282 0.45522958]
99 0.3845351600646973 0.9141
[0.47061795 0.45630684]
99 0.38377099075317384 0.9134
[0.469241   0.45723453]
99 0.3833318904876709 0.9131
[0.4708569  0.45816946]
99 0.3829765979766846 0.9133
[0.47226626 0.45909533]
99 0.3829410701751709 0.9133
[0.47282985 0.46006688]
99 0.3822886959075928 0.9137
[0.47215247 0.46106297]
99 0.3819316951751709 0.9143
[0.47498962 0.46194842]
99 0.38178448486328126 0.9145
[0.47500768 0.46283734]
99 0.3818728313446045 0.9136
[0.47572684 0.46382   ]
99 0.38126730651855467 0.9146
[0.4798164  0.46471468]
99 0.3811111831665039 0.9138
[0.48068947 0.46567163]
99 0.3807912887573242 0.9133
[0.47803307 0.46651712]
99 0.3806399543762207 0.9134
[0.48299775 0.4675131 ]
99 0.37992608261108396 0.9138
[0.48175946 0.4684071 ]
99 0.3798728630065918 0.9143
[0.4828301  0.46930096]
99 0.37923884887695314 0.9141
[0.4855135  0.47013888]
99 0.37961620750427244 0.9134
[0.48773918 0.4710623 ]
99 0.3787002754211426 0.9142
[0.48692247 0.47197476]
99 0.378529504776001 0.915
[0.48994932 0.47283515]
99 0.3780403888702393 0.9146
[0.48814514 0.47377253]
99 0.3777134143829346 0.9139
[0.4916234  0.47462064]
99 0.37740883750915527 0.9144
[0.48876572 0.47545612]
99 0.37720615005493163 0.9151
[0.48934674 0.4764026 ]
99 0.37722162437438966 0.915
[0.4908414  0.47719276]
99 0.3771453285217285 0.9151
[0.494576   0.47809416]
99 0.37663171653747557 0.9147
[0.49247777 0.4788863 ]
99 0.37593082313537596 0.9151
[0.49559882 0.47973162]
99 0.3761124111175537 0.9136
[0.49445686 0.4805968 ]
99 0.3756302799224854 0.9147
[0.49707288 0.4813753 ]
99 0.3759183532714844 0.9152
[0.49593943 0.4822721 ]
99 0.3747810760498047 0.9152
[0.49901012 0.48312145]
99 0.3743852306365967 0.9152
[0.4989998  0.48399258]
99 0.3744425350189209 0.9144
[0.50018716 0.48481384]
99 0.37430084686279297 0.9156
[0.50225574 0.48555693]
99 0.37398196563720704 0.9152
[0.5012546 0.4864703]
99 0.37357684783935546 0.915
[0.50325143 0.48723173]
99 0.37320527000427245 0.916
[0.5022258  0.48811164]
99 0.3729077224731445 0.9155
[0.5047797 0.488881 ]
99 0.37255243530273435 0.915
[0.5054355 0.4896757]
99 0.3727000747680664 0.9156
[0.5056965  0.49041268]
99 0.372351163482666 0.9149
[0.50459605 0.4913074 ]
99 0.3717749641418457 0.915
[0.5084249 0.4921456]
99 0.3713480884552002 0.9155
[0.5073526  0.49285683]
99 0.3710775730133057 0.9155
[0.5091785  0.49365658]
99 0.3709381175994873 0.9162
[0.51095223 0.49447364]
99 0.370711043548584 0.9152
[0.51337075 0.49524474]
99 0.37041163635253904 0.9154
[0.5121341  0.49605137]
99 0.370360587310791 0.9154
[0.51136976 0.49682525]
99 0.3700155868530273 0.9158
[0.5139936  0.49749964]
99 0.3696395824432373 0.9156
[0.5147236 0.4982656]
99 0.36911186599731444 0.9154
[0.51267993 0.49904564]
99 0.3690945541381836 0.9162
[0.518701  0.4998705]
99 0.368753547668457 0.9165
[0.5169398  0.50057775]
99 0.36840950202941897 0.9165
[0.51899856 0.5014163 ]
99 0.36811949195861815 0.9166
[0.5155472  0.50212795]
99 0.36842338790893553 0.9167
[0.51789594 0.5028156 ]
99 0.36769539489746095 0.9161
[0.52299064 0.50357103]
99 0.36735947341918945 0.9166
[0.5219458 0.5042979]
99 0.36751705055236816 0.9153
[0.52311385 0.5050181 ]
99 0.366697233581543 0.917
[0.52073735 0.5057905 ]
99 0.36705718574523927 0.9169
[0.5260329 0.5064754]
99 0.3663225337982178 0.9163
[0.5245048  0.50718707]
99 0.366423823928833 0.915
[0.5264965  0.50792336]
99 0.36613769226074216 0.9155
[0.52324027 0.508594  ]
99 0.3658188571929932 0.9169
[0.5240378  0.50936824]
99 0.36528475685119627 0.9158
[0.5260121 0.5100717]
99 0.3651392936706543 0.9164
[0.5285643  0.51076406]
99 0.3649364166259766 0.9163
[0.52822936 0.5115515 ]
99 0.36456606521606444 0.916
[0.5296373 0.5122443]
99 0.36454597778320313 0.9166
[0.5312385  0.51293916]
99 0.36377913627624514 0.9175
[0.532276  0.5136553]
99 0.3637535873413086 0.9173
[0.53144896 0.51433855]
99 0.36346185188293456 0.9168
[0.5341165  0.51500094]
99 0.36353843955993653 0.9169
[0.53229403 0.5157458 ]
99 0.3631066764831543 0.9168
[0.5375292  0.51642805]
99 0.3632661064147949 0.9164
[0.53646916 0.5171008 ]
99 0.36219845809936524 0.9167
[0.53879195 0.5178438 ]
99 0.36228517684936523 0.9175
[0.53628737 0.5184739 ]
99 0.36220196723937986 0.9176
Working on regularization level 0.3
[0.0153316  0.01333306]
99 12.82679296875 0.1562
[0.01159712 0.01453698]
99 7.066972314453125 0.2618
[0.01317878 0.01619829]
99 3.9561138427734375 0.3741
[0.01520786 0.01819491]
99 2.3187842041015627 0.4787
[0.01621882 0.02042909]
99 1.47949609375 0.5733
[0.01863089 0.02292204]
99 1.0584080596923828 0.6616
[0.02364729 0.02592731]
99 0.8514624923706055 0.7316
[0.02785774 0.02979047]
99 0.7550548202514649 0.7866
[0.03364367 0.03499237]
99 0.7111671768188477 0.8262
[0.04024241 0.04202506]
99 0.6916542221069336 0.8507
[0.04821353 0.05123683]
99 0.6831196853637695 0.8673
[0.06146862 0.0627744 ]
99 0.6791809295654296 0.874
[0.07093429 0.0757818 ]
99 0.6761838088989258 0.8793
[0.08620371 0.08935881]
99 0.6740239501953125 0.8821
[0.09673685 0.10183927]
99 0.6728082641601563 0.8828
[0.1102075 0.1123555]
99 0.6711120727539063 0.8836
[0.11767712 0.12100971]
99 0.6700712539672852 0.8835
[0.1254118  0.12794094]
99 0.6689040161132812 0.8858
[0.12930626 0.1339094 ]
99 0.6676286605834961 0.8857
[0.13377243 0.13937192]
99 0.666198225402832 0.8844
[0.13963297 0.14423563]
99 0.6651802627563477 0.8845
[0.14532691 0.14917605]
99 0.6642466125488281 0.8819
[0.15118563 0.15392955]
99 0.662444287109375 0.8855
[0.15610798 0.15870014]
99 0.6618168869018555 0.8864
[0.15683371 0.1634873 ]
99 0.6601957336425781 0.8857
[0.16535747 0.1681484 ]
99 0.6589409439086914 0.8847
[0.16792302 0.17274821]
99 0.6577300598144531 0.8861
[0.1741508  0.17732874]
99 0.6566949462890626 0.8881
[0.17838846 0.1820343 ]
99 0.6554685897827148 0.8867
[0.18248679 0.18667072]
99 0.6537892181396484 0.8866
[0.18736134 0.19123213]
99 0.6527071563720703 0.8875
[0.19293681 0.19582929]
99 0.6513864547729492 0.8842
[0.19752596 0.2002205 ]
99 0.6501278457641602 0.8881
[0.19957654 0.2046809 ]
99 0.6490186599731446 0.8843
[0.2047258 0.2091003]
99 0.6472018524169922 0.8885
[0.21086596 0.21347617]
99 0.645593000793457 0.8866
[0.2166333 0.2178444]
99 0.6443074920654297 0.888
[0.22039567 0.22203909]
99 0.643172477722168 0.8856
[0.22280286 0.226384  ]
99 0.6416462951660157 0.8871
[0.22876556 0.23059265]
99 0.640159617614746 0.8882
[0.23191562 0.23478477]
99 0.6386329086303711 0.8876
[0.23615225 0.2388304 ]
99 0.6377798294067383 0.8884
[0.24307527 0.24298048]
99 0.6358678848266601 0.8876
[0.24561352 0.24702337]
99 0.6345338272094727 0.8884
[0.24824822 0.25095043]
99 0.6331486892700195 0.8893
[0.25111818 0.2548751 ]
99 0.6315840911865235 0.8886
[0.2597863 0.2588108]
99 0.6303712509155274 0.8886
[0.25975984 0.26270893]
99 0.6285835144042968 0.8898
[0.2639651 0.2665143]
99 0.6270852920532226 0.8889
[0.2670025 0.2703538]
99 0.6257052825927735 0.8887
[0.2725046 0.2739803]
99 0.6244412811279297 0.8909
[0.27671483 0.27778342]
99 0.6223616790771485 0.8901
[0.28058368 0.28145546]
99 0.6211835205078124 0.89
[0.28700912 0.28510678]
99 0.6200805572509765 0.8878
[0.2877738 0.2887033]
99 0.6187015319824218 0.89
[0.28949484 0.29217666]
99 0.6168136779785156 0.8907
[0.29392216 0.29558992]
99 0.6157401596069336 0.8922
[0.30056995 0.29911643]
99 0.6140216934204101 0.8917
[0.30140838 0.30247957]
99 0.6128408187866211 0.8903
[0.30463645 0.30595535]
99 0.6113841934204102 0.8923
[0.30944198 0.30925304]
99 0.6099487731933594 0.8924
[0.31525928 0.31264907]
99 0.6085184982299805 0.8911
[0.31993994 0.3159156 ]
99 0.6070769638061524 0.892
[0.32014063 0.31908   ]
99 0.6058245407104492 0.893
[0.32296732 0.322281  ]
99 0.6039340270996094 0.8921
[0.32543993 0.325428  ]
99 0.6027540466308594 0.8923
[0.329074   0.32860327]
99 0.6016504776000977 0.89
[0.3305138 0.3315923]
99 0.5999611831665039 0.8931
[0.33575088 0.33460113]
99 0.5985056335449219 0.893
[0.34194022 0.33770406]
99 0.5969637115478515 0.8933
[0.33837712 0.3407097 ]
99 0.5951847030639649 0.8938
[0.3464259  0.34363618]
99 0.5941311080932618 0.8937
[0.34642947 0.3465081 ]
99 0.5927493637084961 0.8943
[0.35386482 0.34949607]
99 0.5912993591308594 0.8926
[0.35381353 0.35240945]
99 0.5900221252441407 0.8926
[0.36027843 0.35517624]
99 0.5889364730834961 0.8946
[0.3596408  0.35795352]
99 0.5875688140869141 0.8916
[0.3645418 0.3607968]
99 0.5861518463134766 0.8929
[0.3641507  0.36346012]
99 0.5845241500854492 0.8948
[0.36744022 0.3660798 ]
99 0.583237452697754 0.8945
[0.37181428 0.36874995]
99 0.5815379959106445 0.8935
[0.37186897 0.37143213]
99 0.5806248657226563 0.8946
[0.37719077 0.3740894 ]
99 0.579201025390625 0.8941
[0.37732852 0.37660378]
99 0.5781802276611329 0.8941
[0.38495818 0.37926418]
99 0.5764654479980469 0.8952
[0.38488215 0.38170785]
99 0.5752698837280273 0.8952
[0.38855705 0.38435364]
99 0.5741513000488281 0.8945
[0.39195025 0.38672534]
99 0.5726235336303711 0.8941
[0.39133418 0.38901234]
99 0.5711507385253907 0.8956
[0.3969708  0.39163956]
99 0.5700530899047852 0.8936
[0.39977548 0.39397702]
99 0.5690388870239258 0.8945
[0.4007928 0.3961738]
99 0.5680384490966797 0.8963
[0.40316156 0.39865547]
99 0.5664199432373047 0.8952
[0.40548465 0.400951  ]
99 0.5650673400878906 0.8953
[0.40989968 0.40320718]
99 0.5641218322753906 0.8971
[0.41082704 0.4054962 ]
99 0.5628877212524414 0.8957
[0.41337946 0.40764534]
99 0.5617123031616211 0.8973
[0.41587165 0.4099938 ]
99 0.5606069046020508 0.8958
[0.41971272 0.41222176]
99 0.55955517578125 0.8977
[0.419116   0.41428488]
99 0.5579206253051758 0.896
[0.42213178 0.41662207]
99 0.5568403900146485 0.8953
[0.42402887 0.41867462]
99 0.5552002014160157 0.8967
[0.42866415 0.420871  ]
99 0.5543651611328125 0.895
[0.42810822 0.42280385]
99 0.5534837310791015 0.8976
[0.43283203 0.42484063]
99 0.5522529724121094 0.8962
[0.43441448 0.4268791 ]
99 0.5508106872558594 0.8975
[0.4330735  0.42897415]
99 0.5503276550292969 0.8969
[0.43827108 0.43095016]
99 0.5490620559692383 0.8979
[0.4373507 0.432989 ]
99 0.5475756744384765 0.8972
[0.4404353 0.4348843]
99 0.5466066329956055 0.8968
[0.44302526 0.43691584]
99 0.5455173141479492 0.8963
[0.44436887 0.43879825]
99 0.5442407623291016 0.8974
[0.4499618 0.4406582]
99 0.5433182334899902 0.897
[0.44752502 0.44257474]
99 0.5417429740905761 0.8969
[0.4512255  0.44449124]
99 0.540839119720459 0.898
[0.45377868 0.4462664 ]
99 0.5403673629760742 0.8972
[0.4538487  0.44810635]
99 0.5391743087768555 0.8981
[0.45741686 0.44985113]
99 0.5375938179016113 0.8974
[0.45902523 0.4517081 ]
99 0.5370936546325683 0.8968
[0.46140015 0.45341742]
99 0.5361744285583496 0.8975
[0.46339795 0.45523283]
99 0.5346778244018555 0.898
[0.46540278 0.45696324]
99 0.5338813812255859 0.8992
[0.46725944 0.45867968]
99 0.5330946685791016 0.8977
[0.46769574 0.46036902]
99 0.5317121879577636 0.8986
[0.46902955 0.46215838]
99 0.5307194526672363 0.8974
[0.47302297 0.46386895]
99 0.52952236328125 0.8983
[0.47346935 0.46536443]
99 0.5291816688537597 0.899
[0.4763349  0.46709517]
99 0.5277183822631836 0.8982
[0.47586727 0.46862367]
99 0.527061018371582 0.8992
[0.4801439  0.47031936]
99 0.5259208312988282 0.899
[0.48064718 0.47187954]
99 0.5249585533142089 0.8989
[0.48259935 0.47341686]
99 0.5244800491333008 0.8986
[0.48301673 0.47509277]
99 0.5229225578308105 0.8988
[0.48543495 0.4766164 ]
99 0.5219571014404297 0.8998
[0.4876884  0.47806868]
99 0.5214961517333985 0.8994
[0.49092013 0.47968453]
99 0.5197157478332519 0.8994
[0.490993  0.4812283]
99 0.5192426681518555 0.8996
[0.4940962 0.4827783]
99 0.5179769485473633 0.8995
[0.49379486 0.4841188 ]
99 0.5179140830993653 0.9001
[0.49650297 0.48574835]
99 0.5167386215209961 0.899
[0.49771556 0.48717752]
99 0.5155994689941407 0.9004
[0.49855897 0.48857236]
99 0.5149497299194336 0.8989
[0.5018765 0.490058 ]
99 0.5137287094116211 0.8992
[0.5004979 0.49144  ]
99 0.5136738006591797 0.8992
[0.5037966  0.49286118]
99 0.5125990669250489 0.899
[0.50472534 0.4942757 ]
99 0.5113889465332031 0.8994
[0.50929075 0.4957504 ]
99 0.5106630653381348 0.9001
[0.50758165 0.49712726]
99 0.5099982124328614 0.8994
[0.5095948  0.49829835]
99 0.5094290626525879 0.9003
[0.5094156 0.499753 ]
99 0.5080047790527343 0.9001
[0.51352596 0.5011702 ]
99 0.5066515525817871 0.9005
[0.5137685 0.50245  ]
99 0.5061050155639648 0.9002
[0.515534  0.5037917]
99 0.5056784133911133 0.9008
[0.5184866 0.5050809]
99 0.5049140533447266 0.8994
[0.5197251 0.5063729]
99 0.5036536659240722 0.9009
[0.5200933  0.50772005]
99 0.5031196960449219 0.9005
[0.52106684 0.5089626 ]
99 0.5016417716979981 0.9002
[0.52205276 0.51018405]
99 0.5013895904541016 0.9003
[0.5240086  0.51126486]
99 0.5011869720458985 0.9007
[0.52736384 0.51274395]
99 0.4994361793518066 0.9007
[0.5272667  0.51397777]
99 0.4988149040222168 0.9013
[0.5298333  0.51522833]
99 0.4979101181030273 0.9002
[0.5277251 0.5164325]
99 0.4972228668212891 0.9013
[0.5322971  0.51763064]
99 0.4966357162475586 0.9008
[0.5322616  0.51886076]
99 0.4955162208557129 0.9013
[0.5318911  0.52011526]
99 0.4954646209716797 0.9014
[0.5341185  0.52116185]
99 0.49497330169677733 0.9019
[0.53496844 0.52246666]
99 0.4948693908691406 0.9
[0.5403973 0.5235192]
99 0.49315283508300783 0.901
[0.5418322  0.52473867]
99 0.49195081634521487 0.901
[0.5406261  0.52585185]
99 0.491680403137207 0.9006
[0.5392647 0.5269662]
99 0.4907722625732422 0.9017
[0.5412671  0.52798164]
99 0.48976261901855467 0.9012
[0.54449284 0.5292057 ]
99 0.48928561630249023 0.9015
[0.5438075  0.53025424]
99 0.48851314315795896 0.9018
[0.5453231 0.5313816]
99 0.4877491989135742 0.9012
[0.547182   0.53244525]
99 0.4876069206237793 0.9016
[0.5480138  0.53351724]
99 0.486273469543457 0.9025
[0.5478473  0.53475946]
99 0.4855143188476562 0.9027
[0.5493444 0.5357321]
99 0.4849502204895019 0.901
[0.55158657 0.5368721 ]
99 0.4843072135925293 0.9019
[0.55212003 0.5379519 ]
99 0.4841885192871094 0.9014
[0.555088   0.53882754]
99 0.4833405067443848 0.9024
[0.5525791 0.5399987]
99 0.48266982345581055 0.9025
[0.55426764 0.54097706]
99 0.4820524261474609 0.9027
[0.55703586 0.5419595 ]
99 0.4813169128417969 0.9028
[0.5545168  0.54293734]
99 0.4807053253173828 0.9029
[0.55934167 0.5440371 ]
99 0.4792916137695313 0.9028
[0.56128865 0.5449404 ]
99 0.47908962326049803 0.902
[0.56059635 0.54603755]
99 0.4783639877319336 0.9024
[0.5620728 0.5470655]
99 0.4779677551269531 0.9027
[0.56263024 0.5479557 ]
99 0.4782408843994141 0.9019
[0.5656096  0.54905343]
99 0.47739199829101564 0.9025
[0.5667243  0.54990476]
99 0.4761830253601074 0.9028
[0.56767917 0.5509069 ]
99 0.4755097999572754 0.9029
[0.56817174 0.5518578 ]
99 0.47448978881835935 0.9036
[0.5711708 0.5528337]
99 0.47403281478881837 0.9026
[0.57219166 0.5537345 ]
99 0.4742686828613281 0.9021
[0.5697715 0.5545376]
99 0.47285816955566407 0.9024
[0.57085747 0.55558777]
99 0.47225972595214843 0.9037
[0.5732136 0.5564975]
99 0.47159869842529295 0.903
[0.57622945 0.5574122 ]
99 0.4705727523803711 0.9028
[0.5761308  0.55836797]
99 0.47078199920654296 0.9042
[0.5762802 0.5591949]
99 0.4702140281677246 0.9032
[0.5775076 0.5602488]
99 0.46918883438110354 0.9038
[0.57819635 0.56107664]
99 0.4683645210266113 0.9024
[0.57896584 0.562051  ]
99 0.4676562080383301 0.9034
[0.5789243  0.56285053]
99 0.4683064750671387 0.9028
[0.5809952 0.5635925]
99 0.4669268013000488 0.9033
[0.5810082  0.56450266]
99 0.4664788040161133 0.904
[0.58247924 0.5654459 ]
99 0.46595879287719727 0.9032
[0.58396316 0.5662887 ]
99 0.4647911506652832 0.9031
[0.58794004 0.56717515]
99 0.46464658966064454 0.9038
[0.584657   0.56795746]
99 0.4643712013244629 0.9035
[0.58808947 0.5686553 ]
99 0.46351360092163085 0.904
[0.5886569  0.56964046]
99 0.46322018966674805 0.9029
[0.5890484  0.57053506]
99 0.46264078979492185 0.9028
[0.5895789 0.5713748]
99 0.4621144546508789 0.9049
[0.5897654 0.5722205]
99 0.46113829116821287 0.9032
[0.59172636 0.57294595]
99 0.46060296936035156 0.9045
[0.5925929 0.573813 ]
99 0.4605683830261231 0.903
[0.59304696 0.57455486]
99 0.45961848907470704 0.9044
[0.5926405 0.5753655]
99 0.4589221405029297 0.9032
[0.5942141  0.57607645]
99 0.4596570816040039 0.9031
[0.59808123 0.5769262 ]
99 0.4577984336853027 0.9044
[0.59597147 0.5776557 ]
99 0.45786550216674804 0.9029
[0.59798026 0.57854986]
99 0.4571163162231445 0.9045
[0.59979475 0.5793734 ]
99 0.45601522674560546 0.9047
[0.5989144 0.5800086]
99 0.45616803970336917 0.9049
[0.6024663 0.5807497]
99 0.4556236785888672 0.9042
[0.60116416 0.5815385 ]
99 0.454678751373291 0.9043
[0.6016432 0.5823739]
99 0.4544589340209961 0.9034
[0.6036955  0.58308107]
99 0.454350171661377 0.9037
[0.6046571 0.5839274]
99 0.45367744750976563 0.904
[0.6040199 0.5845959]
99 0.4525183753967285 0.9049
[0.6043791 0.5853634]
99 0.45267810287475585 0.9044
[0.6042095  0.58610123]
99 0.45169886245727536 0.9055
[0.6073923 0.5868719]
99 0.4515167640686035 0.9049
[0.6075352 0.587641 ]
99 0.4513027709960937 0.9045
[0.6070157 0.588239 ]
99 0.45082533493041993 0.9043
[0.60881674 0.5889135 ]
99 0.45016271057128904 0.9037
[0.60851073 0.5897872 ]
99 0.4498807693481445 0.9058
[0.610453   0.59046143]
99 0.44833932037353513 0.9041
[0.61362696 0.5910917 ]
99 0.448609659576416 0.905
[0.6128602 0.591786 ]
99 0.44842767028808594 0.9052
[0.6112122 0.5924183]
99 0.4479237846374512 0.9045
[0.614961  0.5931607]
99 0.446895149230957 0.9051
[0.6152015 0.5939006]
99 0.4460256393432617 0.9044
[0.61626995 0.594592  ]
99 0.447095849609375 0.9053
[0.61539114 0.59519005]
99 0.4462099319458008 0.9049
[0.6180878  0.59603184]
99 0.4452853477478027 0.905
[0.6175713 0.596559 ]
99 0.4460725463867187 0.9047
[0.6176586  0.59715337]
99 0.444762361907959 0.9058
[0.6219309 0.5979003]
99 0.44383037261962893 0.9055
[0.62053025 0.598611  ]
99 0.44294069900512695 0.9047
[0.62177753 0.5992134 ]
99 0.44313290939331057 0.9058
[0.62212354 0.5999264 ]
99 0.4424601791381836 0.9047
[0.62197065 0.6004133 ]
99 0.4425570411682129 0.9058
[0.6240615 0.6011765]
99 0.44146225357055663 0.9044
[0.62558115 0.6018788 ]
99 0.4412721710205078 0.9047
[0.62559    0.60248196]
99 0.4410932891845703 0.9056
[0.624338   0.60308826]
99 0.44011468963623046 0.9064
[0.6251635 0.6036962]
99 0.43999823608398436 0.9051
[0.62794673 0.6044154 ]
99 0.4397706962585449 0.9061
[0.6266064  0.60509205]
99 0.4389070175170898 0.9051
[0.6286308 0.6056313]
99 0.4383736434936523 0.905
[0.6278811 0.6062176]
99 0.4384602508544922 0.906
[0.63008225 0.607019  ]
99 0.43818385391235354 0.9055
[0.6310829 0.6075664]
99 0.43746391754150393 0.9055
[0.62926155 0.6081911 ]
99 0.437030778503418 0.9052
[0.63034064 0.6087368 ]
99 0.4364134147644043 0.9062
[0.6329889 0.6092933]
99 0.43591608123779296 0.9057
[0.63490945 0.6100041 ]
99 0.4359050765991211 0.905
[0.63203216 0.6105483 ]
99 0.4353419822692871 0.9053
[0.6343576 0.61121  ]
99 0.43478898239135744 0.9069
[0.63224715 0.6118886 ]
99 0.4350671569824219 0.9053
[0.63447076 0.6123368 ]
99 0.4340511528015137 0.9065
[0.6355435 0.6128575]
99 0.43378408660888673 0.9057
[0.6355207  0.61353445]
99 0.4337061149597168 0.9066
[0.63735735 0.6139894 ]
99 0.4334695289611816 0.9053
[0.636041   0.61467785]
99 0.43396551361083985 0.9055
[0.63987315 0.61521894]
99 0.4323971176147461 0.9056
[0.6387991 0.6157542]
99 0.43204875030517575 0.9069
[0.6394331 0.6162721]
99 0.4318200714111328 0.9056
[0.6392128  0.61689264]
99 0.4310859558105469 0.9058
[0.6407718 0.6173522]
99 0.4316599342346191 0.9064
[0.640764   0.61798227]
99 0.42992831802368164 0.9057
[0.6401571 0.6185993]
99 0.4303440170288086 0.9054
[0.6422957  0.61921734]
99 0.42939894485473634 0.9063
[0.643043   0.61977315]
99 0.42913970947265623 0.9064
[0.6448401  0.62032664]
99 0.428845645904541 0.9067
[0.64483106 0.6208931 ]
99 0.428021573638916 0.9064
[0.64506924 0.6214556 ]
99 0.4279600227355957 0.9056
[0.64554816 0.6219329 ]
99 0.4270255683898926 0.9062
[0.6461457 0.6224526]
99 0.4269617980957031 0.9071
[0.64645743 0.6230209 ]
99 0.4268252723693848 0.9058
[0.6486911 0.6235012]
99 0.4261233901977539 0.9065
[0.6488754 0.6239909]
99 0.4261044242858887 0.9062
[0.6492685  0.62445307]
99 0.42555911407470703 0.9081
[0.6490167 0.625081 ]
99 0.425693229675293 0.9066
