
CommandNotFoundError: Your shell has not been properly configured to use 'conda deactivate'.
To initialize your shell, run

    $ conda init <SHELL_NAME>

Currently supported shells are:
  - bash
  - fish
  - tcsh
  - xonsh
  - zsh
  - powershell

See 'conda init --help' for more information and options.

IMPORTANT: You may need to close and restart your shell after running 'conda init'.


cuda:0
Generate alignment plot for autograd relu network and nn data with dropout
999 25.37977409362793 [0.23720609]
1999 16.032386779785156 [0.36369303]
2999 7.160486698150635 [0.45933127]
3999 5.590095043182373 [0.53310144]
4999 9.500814437866211 [0.58851826]
5999 4.8079400062561035 [0.63140035]
6999 3.260388135910034 [0.6607159]
7999 3.462648630142212 [0.6866064]
8999 3.840831756591797 [0.7055509]
9999 3.540663957595825 [0.7238986]
10999 4.082346439361572 [0.7365454]
11999 3.4333510398864746 [0.74912995]
12999 3.757658004760742 [0.76220936]
13999 3.823209762573242 [0.77187204]
14999 2.0204007625579834 [0.7761335]
15999 2.5040512084960938 [0.78302115]
16999 3.5620062351226807 [0.7918326]
17999 2.0417723655700684 [0.7980602]
18999 2.83473539352417 [0.803071]
19999 2.729332208633423 [0.8071315]
20999 2.661190986633301 [0.8105396]
21999 2.654660940170288 [0.8140372]
22999 3.220184326171875 [0.81772906]
23999 2.1226003170013428 [0.82076573]
24999 2.1887242794036865 [0.82393986]
25999 1.4797545671463013 [0.824565]
26999 2.52673602104187 [0.82898897]
27999 2.4239420890808105 [0.83039767]
28999 1.5706740617752075 [0.8335143]
29999 2.278951406478882 [0.8336594]
30999 1.4926546812057495 [0.8358149]
31999 1.7143484354019165 [0.8372722]
32999 1.7683602571487427 [0.83839124]
33999 1.743949294090271 [0.8420512]
34999 1.8465279340744019 [0.8433662]
35999 1.5911141633987427 [0.8440537]
36999 1.1873472929000854 [0.8468079]
37999 1.856011152267456 [0.8466062]
38999 1.8103313446044922 [0.8500326]
39999 2.1026456356048584 [0.848303]
40999 1.5782582759857178 [0.8500475]
41999 1.5943750143051147 [0.84966534]
42999 1.2687774896621704 [0.8502158]
43999 1.254552960395813 [0.84911543]
44999 1.7820535898208618 [0.852551]
45999 1.6298770904541016 [0.852139]
46999 1.3565417528152466 [0.8541478]
47999 1.3360553979873657 [0.855845]
48999 1.3533068895339966 [0.85569656]
49999 1.5966829061508179 [0.8559383]
50999 1.831364393234253 [0.85563505]
51999 1.707566738128662 [0.8563732]
52999 1.25599205493927 [0.8580616]
53999 1.7661592960357666 [0.8567101]
54999 1.9407994747161865 [0.859508]
55999 1.6531908512115479 [0.85889095]
56999 1.898879051208496 [0.859324]
57999 2.239044189453125 [0.85879725]
58999 1.6703258752822876 [0.859469]
59999 1.6679589748382568 [0.8594291]
[0.85939986]
999 18.511240005493164 [0.32660913]
1999 10.340978622436523 [0.4425075]
2999 7.276042461395264 [0.53726995]
3999 5.995764255523682 [0.60969436]
4999 3.998769998550415 [0.667023]
5999 4.024704933166504 [0.71027356]
6999 3.7324841022491455 [0.7451711]
7999 3.991807222366333 [0.77090305]
8999 4.2051920890808105 [0.79105276]
9999 2.6568026542663574 [0.8057803]
10999 4.107888221740723 [0.8194979]
11999 3.4528257846832275 [0.8297691]
12999 3.6091575622558594 [0.8392134]
13999 3.354057550430298 [0.8461841]
14999 3.2412242889404297 [0.8514239]
15999 1.778925895690918 [0.85713917]
16999 2.823803663253784 [0.8614598]
17999 2.405200242996216 [0.8660192]
18999 2.2129671573638916 [0.86808413]
19999 2.261094570159912 [0.87354994]
20999 2.5236477851867676 [0.8762745]
21999 2.4714510440826416 [0.87820274]
22999 1.7856942415237427 [0.8800739]
23999 2.207507610321045 [0.8820598]
24999 2.19140887260437 [0.88187796]
25999 1.8187041282653809 [0.883276]
26999 1.5263783931732178 [0.88450485]
27999 2.264312744140625 [0.8849529]
28999 1.9503273963928223 [0.8863168]
29999 2.8156895637512207 [0.8869917]
30999 1.6585564613342285 [0.8889078]
31999 2.2094850540161133 [0.8898532]
32999 2.0027427673339844 [0.89065385]
33999 1.5927077531814575 [0.89021623]
34999 2.5337142944335938 [0.892036]
35999 2.8912200927734375 [0.89225507]
36999 1.6906907558441162 [0.8923403]
[0.8923198]
999 56.47316360473633 [0.00917117]
1999 42.048797607421875 [0.0141531]
2999 33.6353645324707 [0.01650928]
3999 35.31298828125 [0.01788785]
4999 25.683197021484375 [0.02006528]
5999 21.03399658203125 [0.02266073]
6999 18.73248863220215 [0.02426365]
7999 32.71734619140625 [0.02664054]
8999 22.224124908447266 [0.02937375]
9999 22.59881591796875 [0.03226237]
10999 22.119972229003906 [0.03531165]
11999 22.54823112487793 [0.03862477]
12999 12.395651817321777 [0.04168045]
13999 15.976959228515625 [0.04555812]
14999 13.945610046386719 [0.04891372]
15999 12.46374225616455 [0.05288158]
16999 12.556925773620605 [0.05631833]
17999 11.05354118347168 [0.06070469]
18999 10.235379219055176 [0.06472497]
19999 7.92543363571167 [0.06849754]
20999 7.597208023071289 [0.07352331]
21999 5.774326801300049 [0.07759894]
22999 10.038235664367676 [0.08174898]
23999 8.307524681091309 [0.0867731]
24999 9.253955841064453 [0.09134895]
25999 6.455493450164795 [0.09651771]
26999 4.719327449798584 [0.10163969]
27999 3.625837564468384 [0.10633477]
28999 5.792382717132568 [0.11118149]
29999 4.9221720695495605 [0.11630697]
30999 5.028209209442139 [0.12223802]
31999 4.035270690917969 [0.12735786]
32999 4.22549295425415 [0.13298184]
33999 3.2601988315582275 [0.13853197]
34999 2.8003811836242676 [0.14384124]
35999 3.6208391189575195 [0.1496623]
36999 3.353727340698242 [0.15531132]
37999 3.4821527004241943 [0.16119887]
38999 2.521718740463257 [0.1668349]
39999 3.2648608684539795 [0.17271009]
40999 2.859483480453491 [0.17910537]
41999 1.932798147201538 [0.18455265]
42999 2.766508102416992 [0.1905649]
43999 2.8114213943481445 [0.19681166]
44999 2.284961223602295 [0.20306472]
45999 2.645864725112915 [0.20849378]
46999 1.598765254020691 [0.21533075]
47999 2.567023515701294 [0.22130683]
48999 1.228426456451416 [0.22713284]
49999 1.6894080638885498 [0.23306046]
50999 1.1956604719161987 [0.23900191]
51999 1.461102843284607 [0.24549112]
52999 1.56104576587677 [0.25085953]
53999 1.3417900800704956 [0.257277]
54999 1.9704015254974365 [0.26271173]
55999 1.4937992095947266 [0.26950002]
56999 1.5893937349319458 [0.2751559]
57999 1.6921099424362183 [0.2806455]
58999 2.4002695083618164 [0.28631893]
59999 0.9014861583709717 [0.29174685]
60999 1.407861590385437 [0.2971892]
61999 1.094894528388977 [0.30309492]
62999 1.414268136024475 [0.30893698]
63999 1.0475056171417236 [0.3147521]
64999 1.1832150220870972 [0.32032833]
65999 0.9856745600700378 [0.32561627]
66999 1.1935539245605469 [0.33081228]
67999 1.6516622304916382 [0.3364533]
68999 0.9307505488395691 [0.34182447]
69999 0.8152511119842529 [0.34675422]
70999 1.0205830335617065 [0.35267276]
71999 0.8947225213050842 [0.3578372]
72999 0.9332241415977478 [0.36268076]
73999 1.2098323106765747 [0.36732394]
74999 0.9185993075370789 [0.3720467]
75999 1.0227644443511963 [0.3773778]
76999 0.7646176815032959 [0.38228625]
77999 0.549690306186676 [0.38679612]
78999 1.0257636308670044 [0.3916964]
79999 0.7365949749946594 [0.3964989]
80999 0.8412184715270996 [0.40076363]
81999 0.9006446599960327 [0.4054239]
82999 0.5097057223320007 [0.40974775]
83999 0.728313684463501 [0.41406196]
84999 1.0548980236053467 [0.41834944]
85999 0.7939791679382324 [0.42267096]
86999 0.6964268088340759 [0.42652035]
87999 0.8665725588798523 [0.43049794]
88999 0.9499444961547852 [0.43473646]
89999 0.5513618588447571 [0.43871617]
90999 0.9907350540161133 [0.44235155]
91999 0.8133654594421387 [0.44666353]
92999 0.8461695909500122 [0.44992375]
93999 0.5273845791816711 [0.4536532]
94999 0.8163602948188782 [0.45738173]
95999 0.8815913200378418 [0.46055886]
96999 0.7283753752708435 [0.46429855]
97999 0.7430505156517029 [0.46751627]
98999 0.7335808277130127 [0.47107375]
99999 0.4946831464767456 [0.47446394]
100999 0.7876682877540588 [0.47800085]
101999 0.6845855712890625 [0.48096305]
102999 0.8964027762413025 [0.48419505]
103999 0.6495013236999512 [0.48735154]
104999 0.4832842946052551 [0.49052218]
105999 0.8453032970428467 [0.49355978]
106999 0.6323031783103943 [0.4965121]
107999 0.6995768547058105 [0.49930945]
108999 0.670447826385498 [0.5025373]
109999 0.9298207759857178 [0.5052814]
110999 0.7294344305992126 [0.5083059]
111999 0.6626911163330078 [0.5111531]
112999 0.39067623019218445 [0.5142359]
113999 0.6367044448852539 [0.51688987]
114999 0.45394429564476013 [0.5193039]
115999 0.6267696022987366 [0.52228814]
116999 0.607065737247467 [0.5249339]
117999 0.7990186810493469 [0.5275027]
118999 0.554857611656189 [0.5301788]
119999 0.6789692044258118 [0.5329649]
120999 0.4913473427295685 [0.53531086]
121999 0.7855386734008789 [0.53767496]
122999 0.6134318113327026 [0.5400645]
123999 0.7870690822601318 [0.5423815]
124999 0.39054977893829346 [0.5447102]
125999 0.5509355664253235 [0.54712224]
126999 0.6547678112983704 [0.54936373]
127999 0.5073306560516357 [0.5519437]
128999 0.648457944393158 [0.55420244]
129999 0.5737736225128174 [0.55687]
130999 0.56995689868927 [0.5589857]
131999 0.5825479030609131 [0.5606803]
132999 0.48012575507164 [0.5632351]
133999 0.26503923535346985 [0.56518346]
134999 0.5818506479263306 [0.5671837]
135999 0.6340706944465637 [0.5694295]
136999 0.5554215312004089 [0.57095253]
137999 0.2611505687236786 [0.57309127]
138999 0.657525897026062 [0.57497793]
139999 0.5895963311195374 [0.57698256]
140999 0.723875880241394 [0.5789098]
141999 0.5769214034080505 [0.58077335]
142999 0.6620704531669617 [0.58231336]
143999 0.3665351867675781 [0.5843033]
144999 0.7427743077278137 [0.5861698]
145999 0.516610324382782 [0.5875479]
146999 0.610150158405304 [0.589903]
147999 0.712866485118866 [0.59121525]
148999 0.4156560003757477 [0.5928914]
149999 0.5647013187408447 [0.5945959]
150999 0.32940953969955444 [0.5960866]
151999 0.40306800603866577 [0.5978849]
152999 0.5077657699584961 [0.5997321]
153999 0.6322543025016785 [0.6008296]
154999 0.5735823512077332 [0.60240334]
155999 0.4464404881000519 [0.6039985]
156999 0.42398715019226074 [0.6054235]
157999 0.6223320960998535 [0.60677797]
158999 0.7387063503265381 [0.608418]
159999 0.47629138827323914 [0.60979414]
160999 0.6724479794502258 [0.611702]
161999 0.3833160698413849 [0.6130613]
162999 0.39945974946022034 [0.61451256]
163999 0.529802680015564 [0.6160641]
164999 0.6414210200309753 [0.61755943]
165999 0.4822600483894348 [0.61878437]
166999 0.5312004089355469 [0.6199046]
167999 0.45450925827026367 [0.6212183]
168999 0.5888316631317139 [0.6226412]
169999 0.39013639092445374 [0.623894]
170999 0.25353601574897766 [0.62539876]
171999 0.40451139211654663 [0.6269087]
172999 0.5021762251853943 [0.62789345]
173999 0.2921638488769531 [0.6292843]
174999 0.5387735962867737 [0.63048506]
175999 0.4145738184452057 [0.63168406]
176999 0.37759366631507874 [0.6328018]
177999 0.45213431119918823 [0.6342189]
178999 0.6835768222808838 [0.63566774]
179999 0.4083479344844818 [0.63668215]
180999 0.35078203678131104 [0.6381356]
181999 0.498904824256897 [0.6388159]
182999 0.3553953468799591 [0.6399456]
183999 0.5217097997665405 [0.6411147]
184999 0.3904472887516022 [0.64273715]
185999 0.4180167317390442 [0.64384776]
186999 0.6267401576042175 [0.6452102]
187999 0.2866173982620239 [0.6462726]
188999 0.2613939344882965 [0.6473251]
189999 0.4144124984741211 [0.6483367]
190999 0.5265656113624573 [0.64959913]
191999 0.4847301244735718 [0.65078]
192999 0.4132542312145233 [0.65180343]
193999 0.39845743775367737 [0.65283847]
194999 0.6303833723068237 [0.6537631]
195999 0.4532826840877533 [0.654929]
196999 0.48526495695114136 [0.6560072]
197999 0.29517027735710144 [0.65713865]
198999 0.4988071322441101 [0.65794253]
199999 0.7641754150390625 [0.6591668]
200999 0.318153977394104 [0.6597474]
201999 0.42022228240966797 [0.66066706]
202999 0.5878714323043823 [0.6618486]
203999 0.4349979758262634 [0.66247135]
204999 0.5962008833885193 [0.6634722]
205999 0.3661777079105377 [0.6643995]
206999 0.35564830899238586 [0.66534734]
207999 0.3805588483810425 [0.6663313]
208999 0.4287544786930084 [0.66743916]
209999 0.4595745801925659 [0.66865563]
210999 0.582597553730011 [0.669418]
211999 0.3948313891887665 [0.6701561]
212999 0.502124547958374 [0.6711903]
213999 0.446612149477005 [0.6724103]
214999 0.3736260235309601 [0.67339]
215999 0.3566550314426422 [0.67413026]
216999 0.45849260687828064 [0.6749586]
217999 0.4828169047832489 [0.6760308]
218999 0.4886977970600128 [0.6767786]
219999 0.320302277803421 [0.6778501]
220999 0.2739202678203583 [0.6785999]
221999 0.46586576104164124 [0.679152]
222999 0.22937290370464325 [0.68019694]
223999 0.4628237187862396 [0.6808431]
224999 0.4153270721435547 [0.6818417]
225999 0.6908597350120544 [0.68266934]
226999 0.4349675178527832 [0.6835201]
227999 0.39832544326782227 [0.68427765]
228999 0.249139204621315 [0.685283]
229999 0.5608524680137634 [0.68589765]
230999 0.5495560169219971 [0.68670905]
231999 0.3629149794578552 [0.6875391]
232999 0.4056410789489746 [0.68813914]
233999 0.4764458239078522 [0.6886093]
234999 0.46343544125556946 [0.68979764]
235999 0.46013346314430237 [0.6902098]
236999 0.4239060878753662 [0.69073194]
237999 0.4123649597167969 [0.6916654]
238999 0.2857302129268646 [0.69221246]
239999 0.613338828086853 [0.69309914]
240999 0.3224114775657654 [0.6939124]
241999 0.30784741044044495 [0.6945924]
242999 0.32492706179618835 [0.6951434]
243999 0.22146663069725037 [0.6961699]
244999 0.44018882513046265 [0.6969572]
245999 0.36727407574653625 [0.6972689]
246999 0.3405276834964752 [0.69792634]
247999 0.3608194589614868 [0.69827574]
248999 0.35398736596107483 [0.69876707]
249999 0.3745732009410858 [0.69941425]
250999 0.37881994247436523 [0.7004069]
251999 0.4355382025241852 [0.70103544]
252999 0.39167752861976624 [0.7016868]
253999 0.4362143576145172 [0.7022512]
254999 0.277276873588562 [0.7024803]
255999 0.44794851541519165 [0.7032427]
256999 0.34030067920684814 [0.7039566]
257999 0.40612950921058655 [0.7043667]
258999 0.4337233603000641 [0.7047777]
259999 0.3769834041595459 [0.70553017]
260999 0.36593112349510193 [0.7060086]
261999 0.3364185690879822 [0.7061684]
262999 0.3141676187515259 [0.70698917]
263999 0.3004668653011322 [0.7076424]
264999 0.3428376615047455 [0.708441]
265999 0.2734490931034088 [0.7093106]
266999 0.31422799825668335 [0.7094633]
267999 0.40999746322631836 [0.7105514]
268999 0.604590117931366 [0.71101665]
269999 0.4030618667602539 [0.71149665]
270999 0.40108805894851685 [0.7119469]
271999 0.3587050437927246 [0.7126217]
272999 0.4538915455341339 [0.71324897]
273999 0.39435943961143494 [0.71400976]
274999 0.40220481157302856 [0.71445364]
275999 0.47494757175445557 [0.71504563]
276999 0.4600376784801483 [0.7154434]
277999 0.42110857367515564 [0.7164351]
278999 0.26742374897003174 [0.71655226]
279999 0.4539696276187897 [0.71712714]
280999 0.4611499607563019 [0.7174398]
281999 0.33665961027145386 [0.71822786]
282999 0.278928279876709 [0.7186416]
283999 0.39501339197158813 [0.7189839]
284999 0.2554246485233307 [0.71995133]
285999 0.340790331363678 [0.72054076]
286999 0.3523925244808197 [0.720755]
287999 0.4694086015224457 [0.7212541]
288999 0.2326924055814743 [0.7220651]
289999 0.3899352252483368 [0.7225904]
290999 0.3055407702922821 [0.7230349]
291999 0.2857738137245178 [0.72343]
292999 0.44422218203544617 [0.72361183]
293999 0.4723600745201111 [0.7244768]
294999 0.44327986240386963 [0.72504985]
295999 0.46487441658973694 [0.72520536]
296999 0.7319241166114807 [0.7259602]
297999 0.35274726152420044 [0.7262721]
298999 0.4001126289367676 [0.72671247]
299999 0.3599134087562561 [0.72754776]
300999 0.3522469997406006 [0.72803265]
301999 0.4877423048019409 [0.72829026]
302999 0.33555901050567627 [0.7285455]
303999 0.2725156545639038 [0.729234]
304999 0.4632658362388611 [0.729514]
305999 0.363555371761322 [0.73002774]
306999 0.42572706937789917 [0.73053265]
307999 0.3550434112548828 [0.7313913]
308999 0.2670856714248657 [0.73161554]
309999 0.33644789457321167 [0.73183346]
310999 0.3835844099521637 [0.73217094]
311999 0.38410866260528564 [0.73276794]
312999 0.4159644544124603 [0.7332214]
313999 0.310763418674469 [0.7336224]
314999 0.3651103079319 [0.7342199]
315999 0.305853009223938 [0.7343909]
316999 0.3055906593799591 [0.7349344]
317999 0.38096585869789124 [0.73518133]
318999 0.35478171706199646 [0.73562235]
319999 0.4727894365787506 [0.73590136]
320999 0.3992552161216736 [0.73624986]
321999 0.5627468228340149 [0.7370163]
322999 0.3521578013896942 [0.7372779]
323999 0.48478415608406067 [0.7374663]
324999 0.3426241874694824 [0.73814344]
325999 0.24518300592899323 [0.73831546]
326999 0.3595642149448395 [0.7388527]
327999 0.20157817006111145 [0.7393094]
328999 0.31606146693229675 [0.7394514]
329999 0.336840957403183 [0.73970467]
330999 0.39732176065444946 [0.74049276]
331999 0.3828275203704834 [0.740666]
332999 0.34363195300102234 [0.741173]
333999 0.4046935439109802 [0.7416887]
334999 0.2875548005104065 [0.7422628]
335999 0.35891592502593994 [0.74234396]
[0.7423214]
999 46.33772277832031 [0.03998888]
1999 51.122859954833984 [0.04826727]
2999 28.998077392578125 [0.05168569]
3999 55.932918548583984 [0.05444609]
4999 49.878143310546875 [0.05689644]
5999 25.50704002380371 [0.05975233]
6999 27.717269897460938 [0.06280478]
7999 30.425384521484375 [0.06559884]
8999 24.236698150634766 [0.06929091]
9999 24.142709732055664 [0.07207572]
10999 20.89419937133789 [0.07581101]
11999 17.17176628112793 [0.07988542]
12999 19.96746063232422 [0.08418512]
13999 14.61738109588623 [0.08820402]
14999 14.331159591674805 [0.0925471]
15999 9.142537117004395 [0.09747092]
16999 14.692605018615723 [0.10208108]
17999 12.685778617858887 [0.10686643]
18999 12.025836944580078 [0.11109828]
19999 10.660867691040039 [0.11627797]
20999 9.569531440734863 [0.12139653]
21999 10.036317825317383 [0.12658297]
22999 6.789576053619385 [0.13159908]
23999 6.68931245803833 [0.13726388]
24999 8.791318893432617 [0.14330068]
25999 4.486494064331055 [0.14887479]
26999 6.829370498657227 [0.15453555]
27999 4.477728843688965 [0.16036128]
28999 5.961262226104736 [0.16651407]
29999 4.568513870239258 [0.17249684]
30999 6.232121467590332 [0.17804399]
31999 4.039677143096924 [0.1844686]
32999 4.549829483032227 [0.19146866]
33999 3.3426296710968018 [0.19793266]
34999 3.9303672313690186 [0.2045437]
35999 4.0567450523376465 [0.21119413]
36999 3.4481749534606934 [0.218046]
37999 2.9720537662506104 [0.22439374]
38999 2.541227340698242 [0.23040742]
39999 2.3602778911590576 [0.23674315]
40999 2.6451470851898193 [0.24364237]
41999 2.8874897956848145 [0.2501628]
42999 2.475228786468506 [0.25650612]
43999 1.997660756111145 [0.26332247]
44999 2.0707943439483643 [0.2697905]
45999 1.6653976440429688 [0.2765468]
46999 2.2117202281951904 [0.28253752]
47999 1.647281289100647 [0.28959906]
48999 2.563822031021118 [0.29567122]
49999 2.2896924018859863 [0.30261195]
50999 2.3518002033233643 [0.30900672]
51999 1.887848138809204 [0.3158461]
52999 2.017110824584961 [0.3220028]
53999 1.1957870721817017 [0.32848865]
54999 1.7456735372543335 [0.33486736]
55999 1.4533556699752808 [0.34119034]
56999 0.9164248704910278 [0.34702387]
57999 1.5225247144699097 [0.35253152]
58999 1.567278265953064 [0.35881096]
59999 1.230704665184021 [0.3648441]
60999 1.682329535484314 [0.37106234]
61999 1.2136178016662598 [0.37635547]
62999 1.2703911066055298 [0.38191554]
63999 1.1264312267303467 [0.387567]
64999 0.8978031873703003 [0.39325187]
65999 1.049805760383606 [0.39877704]
66999 1.251691222190857 [0.40429184]
67999 1.2375352382659912 [0.40997246]
68999 1.0264593362808228 [0.4147931]
69999 1.2462680339813232 [0.42032224]
70999 1.0721110105514526 [0.4247252]
71999 1.1749341487884521 [0.42985806]
72999 1.0242384672164917 [0.43501723]
73999 1.0709202289581299 [0.43983525]
74999 1.167480707168579 [0.44440696]
75999 0.6307270526885986 [0.44937566]
76999 1.2009812593460083 [0.45353472]
77999 1.139863133430481 [0.4583595]
78999 0.9720280766487122 [0.46261322]
79999 0.8144711852073669 [0.46650937]
80999 0.9751182198524475 [0.47063175]
81999 1.4380457401275635 [0.47507846]
82999 1.145268201828003 [0.47892177]
83999 1.1919678449630737 [0.48247638]
84999 0.9395013451576233 [0.48659983]
85999 0.7616032361984253 [0.49054343]
86999 0.8472162485122681 [0.4942346]
87999 0.9565176367759705 [0.4979617]
88999 1.3959137201309204 [0.5016105]
89999 1.0028691291809082 [0.50537646]
90999 0.9257336854934692 [0.5089667]
91999 1.3634364604949951 [0.51248753]
92999 0.732625424861908 [0.5158383]
93999 0.6687542796134949 [0.5186543]
94999 0.7949051260948181 [0.5217685]
95999 0.9218058586120605 [0.5250564]
96999 1.2003039121627808 [0.5282103]
97999 0.6848019957542419 [0.5310759]
98999 1.4344236850738525 [0.5345887]
99999 0.6326695084571838 [0.53752315]
100999 0.7553589940071106 [0.54063636]
101999 1.2706795930862427 [0.54371876]
102999 0.6818597316741943 [0.5463451]
103999 0.5200580954551697 [0.5490994]
104999 0.9518582224845886 [0.5519666]
105999 0.6779360175132751 [0.55402434]
106999 0.8507452011108398 [0.55663604]
107999 0.6771588921546936 [0.55888927]
108999 0.6123287677764893 [0.56145424]
109999 0.7189778089523315 [0.5642734]
110999 0.4528612494468689 [0.56677145]
111999 0.5897819399833679 [0.56956065]
112999 0.6930891871452332 [0.5719233]
113999 0.6998879313468933 [0.57416683]
114999 0.5910243988037109 [0.5759383]
115999 0.7149389982223511 [0.57822824]
116999 0.7957276701927185 [0.58044267]
117999 0.6774981021881104 [0.58261114]
118999 0.8395402431488037 [0.58487463]
119999 0.464282751083374 [0.58696824]
120999 0.6656431555747986 [0.5892016]
121999 0.6827132105827332 [0.5909318]
122999 0.6117904782295227 [0.5928365]
123999 0.8757269978523254 [0.59509456]
124999 1.0273529291152954 [0.5970804]
125999 0.666583240032196 [0.59885]
126999 0.9295042753219604 [0.60065097]
127999 0.90420001745224 [0.60257864]
128999 0.6287172436714172 [0.6043556]
129999 0.6917845010757446 [0.60589814]
130999 0.5856459140777588 [0.60779774]
131999 0.4874730706214905 [0.60937405]
132999 0.870134174823761 [0.61105555]
133999 0.47049444913864136 [0.61301696]
134999 0.7155186533927917 [0.6148317]
135999 0.4463103413581848 [0.6163332]
136999 0.5296533703804016 [0.617932]
137999 0.5737442374229431 [0.61964655]
138999 0.5502553582191467 [0.6211277]
139999 0.7324075102806091 [0.62282646]
140999 0.6492429971694946 [0.6245599]
141999 0.9100875854492188 [0.6260038]
142999 0.6003270149230957 [0.6274956]
143999 0.7095445990562439 [0.62892705]
144999 0.4111538529396057 [0.63024694]
145999 0.8100579380989075 [0.6315284]
146999 0.5002624988555908 [0.63302326]
147999 0.8987217545509338 [0.63456327]
148999 0.5411603450775146 [0.6360608]
149999 0.6596284508705139 [0.63762367]
150999 0.47634240984916687 [0.63858515]
151999 0.5861853957176208 [0.6398805]
152999 0.8279194235801697 [0.64152336]
153999 0.5299304723739624 [0.642942]
154999 0.5589289665222168 [0.64436746]
155999 0.4015994071960449 [0.64540756]
156999 0.5755441188812256 [0.6467065]
157999 0.503354549407959 [0.647741]
158999 0.5985350608825684 [0.6491878]
159999 0.6841261386871338 [0.65052485]
160999 0.7525864839553833 [0.65190774]
161999 0.6927300691604614 [0.65295887]
162999 0.5379915237426758 [0.6543522]
163999 0.47060179710388184 [0.655181]
164999 0.7407815456390381 [0.65655434]
165999 0.5930660367012024 [0.6576668]
166999 0.46983394026756287 [0.6588658]
167999 0.42423492670059204 [0.6601072]
168999 0.510823130607605 [0.66147256]
169999 0.46018362045288086 [0.66261715]
170999 0.6146256327629089 [0.66383123]
171999 0.6063873171806335 [0.66535413]
172999 0.5621611475944519 [0.66629773]
173999 0.7264991402626038 [0.66692156]
174999 0.3894191384315491 [0.6683079]
175999 0.4834347665309906 [0.6694151]
176999 0.3874143660068512 [0.6703341]
177999 0.4571535289287567 [0.6713758]
178999 0.695022463798523 [0.6720237]
179999 0.3483482897281647 [0.67309844]
180999 0.41694769263267517 [0.67384934]
181999 0.41608381271362305 [0.67539054]
182999 0.46437332034111023 [0.6760879]
183999 0.38950812816619873 [0.67693436]
184999 0.5076770782470703 [0.6778042]
185999 0.5994451642036438 [0.67855114]
186999 0.45506879687309265 [0.6792915]
187999 0.26723363995552063 [0.6801743]
188999 0.4790133535861969 [0.681039]
189999 0.5712121725082397 [0.6820995]
190999 0.3266139030456543 [0.68317413]
191999 0.6092495918273926 [0.68416995]
192999 0.4867667257785797 [0.6849531]
193999 0.45343512296676636 [0.6861078]
194999 0.35587257146835327 [0.6866251]
195999 0.6071451902389526 [0.68745124]
196999 0.3908597230911255 [0.6886423]
197999 0.4552294909954071 [0.6894016]
198999 0.536941647529602 [0.6899965]
199999 0.5393930077552795 [0.6914294]
200999 0.6338546872138977 [0.6920688]
201999 0.49056464433670044 [0.6929533]
202999 0.4307572841644287 [0.6936987]
203999 0.3758947253227234 [0.6944483]
204999 0.41027915477752686 [0.69528323]
205999 0.43556493520736694 [0.69608563]
206999 0.33543577790260315 [0.6969907]
207999 0.3958255350589752 [0.6976926]
208999 0.31529179215431213 [0.69808936]
209999 0.7348611354827881 [0.6989581]
210999 0.4431582987308502 [0.6996642]
211999 0.3288313150405884 [0.70067525]
212999 0.309902161359787 [0.70168024]
213999 0.5211512446403503 [0.7023807]
214999 0.6227462291717529 [0.7032553]
215999 0.6471716165542603 [0.70415914]
216999 0.583842396736145 [0.7049739]
217999 0.3786095082759857 [0.7054662]
218999 0.45599815249443054 [0.70642155]
219999 0.45426633954048157 [0.7071253]
220999 0.2727360129356384 [0.7077478]
221999 0.3495534062385559 [0.7086174]
222999 0.36933860182762146 [0.7095578]
223999 0.5533342361450195 [0.71030223]
224999 0.45489370822906494 [0.7110814]
225999 0.4127742648124695 [0.7118158]
226999 0.42378363013267517 [0.7122543]
227999 0.39817550778388977 [0.7130632]
228999 0.43120384216308594 [0.71356976]
229999 0.3738369643688202 [0.71418357]
230999 0.37049949169158936 [0.71502715]
231999 0.6338314414024353 [0.71566015]
232999 0.6346246004104614 [0.7163606]
233999 0.664683997631073 [0.7171872]
234999 0.3793242275714874 [0.71760803]
235999 0.36726003885269165 [0.71832573]
236999 0.39809364080429077 [0.718878]
237999 0.6515293717384338 [0.71947205]
238999 0.47709813714027405 [0.72022015]
239999 0.6844459176063538 [0.72059476]
240999 0.5208884477615356 [0.72115487]
241999 0.38313254714012146 [0.721717]
242999 0.4243519604206085 [0.72239345]
243999 0.5502663254737854 [0.72275597]
244999 0.43514347076416016 [0.7236005]
245999 0.3832327127456665 [0.72400445]
246999 0.5258545875549316 [0.72458816]
247999 0.22341907024383545 [0.72517914]
248999 0.5036436915397644 [0.72594255]
249999 0.4693361222743988 [0.72645414]
250999 0.3680034577846527 [0.72690016]
251999 0.49966710805892944 [0.7274775]
252999 0.4249763786792755 [0.72823644]
253999 0.48362264037132263 [0.72856045]
254999 0.615877091884613 [0.72901493]
255999 0.46863147616386414 [0.7294618]
256999 0.35673773288726807 [0.7303994]
257999 0.382862389087677 [0.7307625]
258999 0.6991494297981262 [0.7314187]
259999 0.394248902797699 [0.731939]
260999 0.3641360402107239 [0.73243195]
261999 0.4406907558441162 [0.7330245]
262999 0.529719889163971 [0.7335379]
263999 0.47708722949028015 [0.73399675]
264999 0.3489258587360382 [0.7343092]
265999 0.3723817467689514 [0.73508304]
266999 0.45715925097465515 [0.7352931]
267999 0.49742141366004944 [0.73595417]
268999 0.43382909893989563 [0.7360957]
269999 0.378229022026062 [0.7366658]
270999 0.651811957359314 [0.73754567]
271999 0.37454652786254883 [0.738168]
272999 0.5113556385040283 [0.7380983]
[0.73809963]
999 43.06991195678711 [0.00796888]
1999 55.76474380493164 [0.00942601]
2999 51.34764099121094 [0.00991316]
3999 45.49344253540039 [0.01007817]
4999 44.09296798706055 [0.0101893]
5999 52.88041687011719 [0.01037969]
6999 29.31493377685547 [0.01042306]
7999 27.16153335571289 [0.01047571]
8999 29.90376091003418 [0.01053445]
9999 36.20988082885742 [0.01057634]
10999 44.76129913330078 [0.01077463]
11999 49.94346618652344 [0.01088169]
12999 28.45280647277832 [0.01093289]
13999 38.018489837646484 [0.01105069]
14999 34.30378341674805 [0.01117773]
15999 38.17345428466797 [0.01122131]
16999 37.8682975769043 [0.0114281]
17999 45.63584899902344 [0.01146664]
18999 29.94384765625 [0.01157603]
19999 34.45951461791992 [0.01179094]
20999 30.74422264099121 [0.01197817]
21999 40.3511962890625 [0.01206208]
22999 30.65731430053711 [0.01213796]
23999 35.07209014892578 [0.01236917]
24999 28.350814819335938 [0.01256096]
25999 26.24996566772461 [0.01270031]
26999 30.052507400512695 [0.0129685]
27999 28.7657470703125 [0.01311857]
28999 26.62557601928711 [0.01331748]
29999 27.699575424194336 [0.01340189]
30999 23.256046295166016 [0.01366213]
31999 22.21809196472168 [0.0138313]
32999 32.928123474121094 [0.01408869]
33999 47.50752639770508 [0.01434254]
34999 30.979965209960938 [0.01451136]
35999 38.160125732421875 [0.01473599]
36999 22.470853805541992 [0.01494284]
37999 25.86591339111328 [0.01510339]
38999 33.565486907958984 [0.01540658]
39999 27.623592376708984 [0.01554597]
[0.01564775]
999 44.000526428222656 [0.00641368]
1999 42.887020111083984 [0.00755122]
2999 44.803768157958984 [0.00799706]
3999 48.686370849609375 [0.00812655]
4999 61.15061569213867 [0.00812248]
5999 67.03759765625 [0.00818938]
6999 43.17015838623047 [0.00830076]
7999 35.38489532470703 [0.00830418]
8999 65.61646270751953 [0.00840998]
9999 32.00970458984375 [0.00842359]
10999 52.11103820800781 [0.00852024]
11999 50.59025192260742 [0.00850855]
12999 37.054622650146484 [0.00852455]
13999 45.663909912109375 [0.00865008]
14999 35.62637710571289 [0.00877996]
15999 31.838396072387695 [0.00879821]
16999 34.8836555480957 [0.00879494]
17999 20.376510620117188 [0.00888981]
18999 23.430599212646484 [0.00888548]
19999 28.54961395263672 [0.00898994]
20999 31.607669830322266 [0.00907075]
21999 38.0681037902832 [0.00905051]
22999 23.46542739868164 [0.00923666]
23999 34.028160095214844 [0.00944376]
24999 31.113237380981445 [0.00952192]
25999 23.871498107910156 [0.00962276]
26999 31.96440887451172 [0.00969615]
27999 26.036170959472656 [0.00987989]
28999 28.08572769165039 [0.00985328]
29999 26.320148468017578 [0.0100177]
30999 30.16915512084961 [0.01021124]
31999 27.101531982421875 [0.01031376]
32999 24.69318389892578 [0.01052606]
33999 32.72032928466797 [0.01067763]
34999 31.87586784362793 [0.01084331]
35999 25.754501342773438 [0.0109542]
36999 28.17038917541504 [0.01108263]
37999 21.237926483154297 [0.01130845]
38999 17.6026554107666 [0.01143372]
39999 17.934900283813477 [0.01157022]
[0.01167155]
