cuda:0
4
Preparing datasets...
Preparing networks...
Fitting two-layer networks...
Generating network with reg level 0
modifying second layer regularization...
Generating network with reg level 0.1
modifying second layer regularization...
Generating network with reg level 0.3
modifying second layer regularization...
Generating dataframes...
Working on regularization level 0
[0.01410713 0.01187356]
99 17.81035244140625 0.1193
[0.01453924 0.01238476]
99 13.5713517578125 0.2026
[0.01434397 0.01314149]
99 11.00113291015625 0.2807
[0.01435916 0.01400093]
99 9.205816357421876 0.3454
[0.0154301 0.0148753]
99 7.927788745117187 0.4065
[0.01795508 0.01574381]
99 6.99280498046875 0.4522
[0.01546394 0.0165835 ]
99 6.283890600585938 0.4902
[0.01799227 0.0173994 ]
99 5.729079833984375 0.5229
[0.01836938 0.01817901]
99 5.287531689453125 0.5502
[0.01937971 0.01892869]
99 4.92526976928711 0.571
[0.01898862 0.01964431]
99 4.624161456298828 0.5906
[0.02019142 0.02033151]
99 4.368546893310547 0.6083
[0.01971056 0.02099205]
99 4.151390563964844 0.6241
[0.02158766 0.0216301 ]
99 3.961804962158203 0.6384
[0.01980096 0.02224799]
99 3.7958104736328124 0.6509
[0.02044087 0.02283999]
99 3.6512347717285154 0.662
[0.02167956 0.02341632]
99 3.5210661193847654 0.6709
[0.02248067 0.02397096]
99 3.4056073333740233 0.6793
[0.0231384  0.02450907]
99 3.29978821105957 0.6869
[0.0241592  0.02503344]
99 3.2043765869140626 0.6955
[0.02333743 0.02554037]
99 3.117339422607422 0.7044
[0.0233836  0.02603458]
99 3.0366026306152345 0.7095
[0.02381062 0.02651056]
99 2.963345162963867 0.7152
[0.02550419 0.02697877]
99 2.895055456542969 0.7216
[0.02516997 0.02743167]
99 2.8323005157470704 0.7271
[0.02551101 0.0278738 ]
99 2.772672317504883 0.7312
[0.02693307 0.02830324]
99 2.717788708496094 0.7348
[0.02754324 0.02872443]
99 2.6661899368286135 0.7389
[0.0265181  0.02913428]
99 2.618068832397461 0.7427
[0.0283838  0.02953514]
99 2.5724727600097657 0.7468
[0.0276414  0.02992601]
99 2.5295021102905273 0.7503
[0.02879839 0.03030947]
99 2.489151936340332 0.7533
[0.03073668 0.03068329]
99 2.4508277618408205 0.7572
[0.02795379 0.03105177]
99 2.4146991287231447 0.7601
[0.02831262 0.03141081]
99 2.380445878601074 0.7629
[0.02877621 0.03176101]
99 2.3475929290771482 0.766
[0.03100392 0.03210797]
99 2.3161292297363283 0.7687
[0.02982937 0.03244849]
99 2.286448838806152 0.7722
[0.03117646 0.03278007]
99 2.258177456665039 0.7742
[0.03058911 0.0331085 ]
99 2.231060273742676 0.7767
[0.03072255 0.03342789]
99 2.204698075866699 0.7788
[0.03112906 0.03374562]
99 2.179764683532715 0.7813
[0.03175884 0.0340586 ]
99 2.1559046096801757 0.7827
[0.0331791  0.03436458]
99 2.1329826370239258 0.7853
[0.0314841  0.03466611]
99 2.11062540435791 0.7871
[0.03336623 0.03496549]
99 2.0899399032592774 0.7887
[0.03142212 0.03525727]
99 2.068596844482422 0.7909
[0.03433754 0.03554714]
99 2.049079542541504 0.7925
[0.03329099 0.03583441]
99 2.0301108474731446 0.7939
[0.0332497  0.03611572]
99 2.011124719238281 0.7951
[0.03506887 0.03639272]
99 1.9935066612243653 0.796
[0.03549629 0.03666746]
99 1.976523159790039 0.7972
[0.03525798 0.03693972]
99 1.959783861541748 0.7994
[0.03395949 0.03720819]
99 1.943726067352295 0.801
[0.03724541 0.03747211]
99 1.9277209312438965 0.8022
[0.0351827  0.03773247]
99 1.9125315170288086 0.8039
[0.03299204 0.03799263]
99 1.8982609649658204 0.8049
[0.03657249 0.03824759]
99 1.8831643211364746 0.8067
[0.03550894 0.03849936]
99 1.8688416915893555 0.8081
[0.03691488 0.03875242]
99 1.8550331169128418 0.8092
[0.03614999 0.03899908]
99 1.8421445808410644 0.8102
[0.03871809 0.03924517]
99 1.8289029647827149 0.8115
[0.03824481 0.03948613]
99 1.8168403549194336 0.8136
[0.03715399 0.03972585]
99 1.8042182640075684 0.8143
[0.03740409 0.03996726]
99 1.7921781814575195 0.8157
[0.03823415 0.04020168]
99 1.7806753807067872 0.8168
[0.03793626 0.04043637]
99 1.7692167510986327 0.8178
[0.03747143 0.04066837]
99 1.7581133567810059 0.8185
[0.03860087 0.04089936]
99 1.746878229522705 0.8193
[0.03863542 0.04112688]
99 1.7366698539733887 0.821
[0.03986822 0.04135328]
99 1.725815476989746 0.822
[0.0400713  0.04157712]
99 1.7155818954467774 0.8231
[0.04041524 0.04180021]
99 1.7057657524108887 0.8242
[0.04071164 0.04202077]
99 1.6964906997680664 0.8252
[0.03946663 0.04223889]
99 1.686788200378418 0.8254
[0.03961062 0.04245796]
99 1.6771297019958495 0.8261
[0.03997713 0.04267256]
99 1.6679917320251465 0.827
[0.0403649  0.04288626]
99 1.6590023277282715 0.8284
[0.04002893 0.04309904]
99 1.6499758827209472 0.8291
[0.04153799 0.04331156]
99 1.6410195358276367 0.83
[0.04260713 0.04352051]
99 1.6330604347229003 0.831
[0.04111654 0.04373149]
99 1.624791333770752 0.8307
[0.04265736 0.04393811]
99 1.6165205009460448 0.8315
[0.04246592 0.0441415 ]
99 1.6089346168518066 0.8327
[0.04387259 0.04434553]
99 1.600514959716797 0.8334
[0.04170983 0.04454871]
99 1.5930311492919922 0.8338
[0.04110602 0.04475008]
99 1.584962329864502 0.8345
[0.04176519 0.04495066]
99 1.5777490928649902 0.8349
[0.04315174 0.04515085]
99 1.570523101043701 0.8358
[0.04462823 0.04534613]
99 1.5631389770507813 0.836
[0.04442567 0.04554189]
99 1.556588003540039 0.8367
[0.04297934 0.0457381 ]
99 1.5494264068603516 0.8374
[0.04500638 0.04593467]
99 1.54270884475708 0.838
[0.04520292 0.04612464]
99 1.5358221366882325 0.8386
[0.04359781 0.04631547]
99 1.5291647010803222 0.8388
[0.04495055 0.04650583]
99 1.5229671104431153 0.8394
[0.04173793 0.0466974 ]
99 1.5159685195922852 0.8397
[0.04504072 0.04688338]
99 1.5098699714660644 0.8405
[0.04353816 0.04706889]
99 1.5032530372619628 0.8409
[0.04530122 0.04725437]
99 1.4972460289001466 0.8413
[0.04368427 0.04744105]
99 1.491064743041992 0.8416
[0.04560788 0.04762499]
99 1.4855792747497558 0.842
[0.04517289 0.0478061 ]
99 1.4795516387939454 0.8425
[0.04665937 0.04798906]
99 1.4744229400634765 0.8433
[0.04521764 0.04817079]
99 1.4678106491088867 0.844
[0.04740253 0.04835059]
99 1.4622743453979492 0.8446
[0.04855157 0.04852888]
99 1.457046385192871 0.8447
[0.04835115 0.04870662]
99 1.4516083839416505 0.8453
[0.04800185 0.04888304]
99 1.4463134735107421 0.8456
[0.04592956 0.04905945]
99 1.4407380859375 0.8461
[0.04774043 0.04923426]
99 1.4353911109924316 0.8465
[0.04679759 0.04940856]
99 1.4300402305603028 0.8469
[0.04975983 0.04958138]
99 1.424724242401123 0.8475
[0.0488208  0.04975401]
99 1.4200064132690429 0.8476
[0.04813275 0.04992419]
99 1.414943711090088 0.8481
[0.05068414 0.05009577]
99 1.4103656326293945 0.8485
[0.05000265 0.05026569]
99 1.4051741668701172 0.8483
[0.04913519 0.05043377]
99 1.4005787910461425 0.8494
[0.04803939 0.05060293]
99 1.3959634231567384 0.8499
[0.04773478 0.05077029]
99 1.391608034515381 0.8504
[0.04933051 0.05093737]
99 1.3865740562438964 0.851
[0.05027537 0.05110276]
99 1.3817471015930176 0.851
[0.04802993 0.05126906]
99 1.3770374084472656 0.8511
[0.05093914 0.05143484]
99 1.3721065391540528 0.8511
[0.05090828 0.0515972 ]
99 1.3683044921875 0.852
[0.04848443 0.05175977]
99 1.3636267234802246 0.8523
[0.04862632 0.05192311]
99 1.3598696273803712 0.8524
[0.04972029 0.0520838 ]
99 1.355485952758789 0.8532
[0.05235863 0.05224451]
99 1.3511690078735352 0.8535
[0.0499858  0.05240605]
99 1.3466192527770997 0.8533
[0.05240783 0.05256427]
99 1.3423674560546874 0.8541
[0.05165356 0.05272206]
99 1.338959649658203 0.8537
[0.05239493 0.0528815 ]
99 1.334942692565918 0.8538
[0.0527725  0.05303903]
99 1.3312058937072755 0.8541
[0.05043275 0.0531963 ]
99 1.3268152053833009 0.8546
[0.05007584 0.05335151]
99 1.3230481559753418 0.855
[0.05368619 0.05350779]
99 1.3191093246459962 0.8551
[0.05213098 0.0536628 ]
99 1.315373342895508 0.8554
[0.05244606 0.05381738]
99 1.3113844848632812 0.856
[0.05382551 0.05396985]
99 1.3081541954040528 0.8561
[0.05266453 0.05412282]
99 1.3045448120117187 0.8567
[0.05454659 0.05427701]
99 1.3006674766540527 0.8574
[0.05270682 0.05442892]
99 1.297037328338623 0.8577
[0.05243133 0.05457871]
99 1.2932105575561523 0.8579
[0.05415544 0.05473048]
99 1.289533029937744 0.8576
[0.05228217 0.05488099]
99 1.2859756065368653 0.858
[0.05248169 0.0550295 ]
99 1.2832213569641113 0.8576
[0.05271356 0.05517954]
99 1.279210747528076 0.8579
[0.05544437 0.05533026]
99 1.275244856262207 0.8584
[0.05313603 0.05547691]
99 1.2719308731079102 0.859
[0.05460872 0.05562406]
99 1.2686158645629884 0.8591
[0.05379256 0.05577086]
99 1.2654279396057129 0.8592
[0.05564397 0.05591784]
99 1.2617555755615235 0.86
[0.05454687 0.05606402]
99 1.2588079811096191 0.8594
[0.05333978 0.05620837]
99 1.2557941246032716 0.8602
[0.05506069 0.05635414]
99 1.2525502891540528 0.8603
[0.05393045 0.05649889]
99 1.2493874374389649 0.8609
[0.05546497 0.05664216]
99 1.2463920486450195 0.8612
[0.0549182  0.05678764]
99 1.243158721923828 0.8614
[0.05452802 0.05692923]
99 1.2402505668640136 0.8617
[0.05671288 0.05707115]
99 1.2368780113220215 0.8621
[0.05621501 0.05721453]
99 1.233863133239746 0.8622
[0.05570331 0.0573572 ]
99 1.2310943664550782 0.863
[0.05625717 0.05749836]
99 1.2278377937316896 0.8626
[0.05744917 0.05764029]
99 1.2244091667175292 0.8628
[0.05778198 0.05777972]
99 1.221934407043457 0.8633
[0.05650624 0.0579192 ]
99 1.2192342323303222 0.8634
[0.05735195 0.05805928]
99 1.2161684371948243 0.8634
[0.05904488 0.05819839]
99 1.2133759323120117 0.8636
[0.05648828 0.05833668]
99 1.2103719772338868 0.864
[0.05774004 0.05847661]
99 1.207545896911621 0.8648
[0.05690396 0.05861514]
99 1.2044827415466308 0.8653
[0.05834353 0.05875289]
99 1.2018065093994141 0.865
[0.05908624 0.05889032]
99 1.1989291259765624 0.8653
[0.05758946 0.05902695]
99 1.1962822570800782 0.8656
[0.05792884 0.0591631 ]
99 1.1934943710327148 0.8658
[0.05753074 0.05929987]
99 1.1907248680114746 0.866
[0.058699   0.05943533]
99 1.188128455352783 0.8661
[0.05773864 0.05957167]
99 1.1850724182128907 0.8662
[0.05847704 0.05970647]
99 1.1827739624023437 0.8668
[0.05849736 0.05984161]
99 1.1804965270996093 0.8674
[0.05813129 0.05997431]
99 1.177834748840332 0.8672
[0.05782016 0.06011019]
99 1.1747418243408203 0.868
[0.05935583 0.06024455]
99 1.172410570526123 0.868
[0.05851392 0.06037763]
99 1.1695106559753419 0.8679
[0.05761262 0.06051004]
99 1.166900479888916 0.8683
[0.06001236 0.0606431 ]
99 1.164470684814453 0.8686
[0.05964103 0.06077559]
99 1.1620702850341798 0.869
[0.05925772 0.06090739]
99 1.1600315521240234 0.8691
[0.06250874 0.06103896]
99 1.1574664680480957 0.8695
[0.06063154 0.06117136]
99 1.154769515991211 0.8693
[0.05942011 0.06130229]
99 1.1524108085632325 0.8697
[0.06104983 0.06143245]
99 1.1499407150268555 0.8705
[0.06087727 0.06156439]
99 1.1475021209716796 0.8706
[0.06068362 0.06169514]
99 1.1450084342956544 0.8705
[0.06079366 0.06182606]
99 1.142367842102051 0.8709
[0.06080686 0.06195439]
99 1.1404980590820313 0.8715
[0.06202593 0.06208399]
99 1.1377892547607422 0.8719
[0.06024334 0.06221354]
99 1.1353497436523436 0.872
[0.06110708 0.06234216]
99 1.133355280303955 0.8724
[0.06319283 0.06247099]
99 1.130825969696045 0.8723
[0.06220189 0.06259779]
99 1.1286970420837403 0.8723
[0.06216944 0.06272795]
99 1.1264136497497559 0.8726
[0.0615741  0.06285458]
99 1.1241743530273438 0.8727
[0.0638658  0.06298085]
99 1.1218901275634765 0.8728
[0.06150911 0.06310933]
99 1.1194317749023437 0.873
[0.06419484 0.06323645]
99 1.117423338317871 0.8731
[0.06314567 0.06336346]
99 1.1151102081298827 0.8732
[0.06135192 0.06348842]
99 1.1129307640075683 0.8737
[0.06512368 0.06361514]
99 1.1110102516174316 0.8738
[0.06392567 0.06374238]
99 1.1084374542236328 0.874
[0.064395   0.06386836]
99 1.1065526557922363 0.8746
[0.06462163 0.06399228]
99 1.104368236541748 0.8742
[0.06067094 0.06411844]
99 1.102472654724121 0.8745
[0.06452326 0.06424343]
99 1.1007256973266601 0.8745
[0.06162977 0.06436832]
99 1.0981682624816895 0.8748
[0.06500937 0.06449357]
99 1.0959067924499513 0.8752
[0.06372498 0.0646171 ]
99 1.0936494453430177 0.8752
[0.06285013 0.06474084]
99 1.0915385375976563 0.8755
[0.06480055 0.0648643 ]
99 1.089475025177002 0.8759
[0.0643359  0.06498779]
99 1.0876046356201172 0.8765
[0.06466766 0.06511053]
99 1.0853834121704102 0.8768
[0.06577783 0.06523351]
99 1.0832314590454102 0.8766
[0.06513464 0.06535795]
99 1.0811039268493652 0.8765
[0.06358536 0.06547875]
99 1.0799129188537597 0.8768
[0.06445754 0.06560224]
99 1.0772587982177735 0.8768
[0.06472561 0.06572475]
99 1.0752668670654297 0.8773
[0.06411431 0.06584655]
99 1.073512638092041 0.8777
[0.06625693 0.06596795]
99 1.07145479888916 0.8776
[0.06748437 0.06608826]
99 1.0693642875671387 0.8776
[0.06653243 0.06620986]
99 1.067486710357666 0.8779
[0.06709474 0.06633109]
99 1.065791702270508 0.8785
[0.06718145 0.06645133]
99 1.0641222290039063 0.8788
[0.06727112 0.06657261]
99 1.0616767311096191 0.8783
[0.06686126 0.06669313]
99 1.0597679466247558 0.8788
[0.06575792 0.06681344]
99 1.057742610168457 0.8787
[0.06694815 0.06693389]
99 1.0559556434631348 0.8788
[0.06827294 0.06705192]
99 1.0541542861938478 0.8788
[0.06747545 0.06717198]
99 1.0521960037231446 0.8791
[0.06686895 0.06729023]
99 1.0506217597961425 0.8791
[0.06545287 0.06740995]
99 1.0488799308776855 0.8792
[0.06776048 0.06752916]
99 1.0468431449890137 0.8791
[0.06784294 0.06764702]
99 1.0453761596679687 0.8792
[0.0679493  0.06776387]
99 1.0438740646362306 0.8791
[0.06974865 0.06788429]
99 1.0417666046142577 0.8792
[0.06850364 0.06800133]
99 1.0399395057678222 0.8793
[0.06724151 0.06811917]
99 1.0382647888183594 0.8794
[0.06827451 0.06823573]
99 1.0367618591308594 0.8798
[0.06906644 0.06835239]
99 1.034763191986084 0.8798
[0.0704487  0.06846978]
99 1.0327067863464356 0.8798
[0.06839292 0.06858633]
99 1.0314537879943848 0.8803
[0.06959175 0.06870416]
99 1.029147646331787 0.88
[0.07044665 0.06882025]
99 1.0274514602661133 0.8803
[0.06856852 0.06893719]
99 1.0254590126037597 0.8804
[0.06857125 0.06905366]
99 1.024013826751709 0.8806
[0.06997328 0.06916816]
99 1.022299757385254 0.8804
[0.06878777 0.06928417]
99 1.0203233489990233 0.8803
[0.06895927 0.06939942]
99 1.0188186904907226 0.8802
[0.07038102 0.06951422]
99 1.0177912322998046 0.8806
[0.07050829 0.06962986]
99 1.0154278533935548 0.8808
[0.06900174 0.06974418]
99 1.0138017524719238 0.8809
[0.06983986 0.06985911]
99 1.012599984741211 0.8814
[0.07238103 0.06997395]
99 1.0107904899597169 0.8813
[0.07078966 0.07008752]
99 1.0091088386535645 0.8813
[0.06905776 0.07020061]
99 1.0075531173706054 0.8815
[0.07159358 0.07031623]
99 1.005435791015625 0.8815
[0.07300574 0.07042943]
99 1.0039228675842284 0.8812
[0.07027329 0.070543  ]
99 1.0024478500366212 0.8818
[0.07009319 0.07065609]
99 1.001042148590088 0.8819
[0.0708879  0.07076987]
99 0.9991246101379394 0.8818
[0.07088118 0.0708842 ]
99 0.9975442169189453 0.8822
[0.07211385 0.07099752]
99 0.9956497276306152 0.8827
[0.071718   0.07110897]
99 0.9945360412597656 0.8824
[0.07021108 0.0712215 ]
99 0.9931544158935547 0.8824
[0.07228754 0.0713332 ]
99 0.9914972587585449 0.8825
[0.07091319 0.07144491]
99 0.9903281372070313 0.8829
[0.07342242 0.07155745]
99 0.9881742576599121 0.883
[0.07111698 0.0716691 ]
99 0.9868950790405273 0.883
[0.0720969  0.07178123]
99 0.9849929145812988 0.8837
[0.0736402  0.07189126]
99 0.9835813095092774 0.8836
[0.07361775 0.07200163]
99 0.9821100502014161 0.8834
[0.07244702 0.0721136 ]
99 0.980585205078125 0.8836
[0.07114501 0.07222401]
99 0.9793444908142089 0.8836
[0.07330066 0.07233541]
99 0.9776919647216797 0.8842
[0.07037272 0.07244648]
99 0.9758957107543945 0.8839
[0.0735503  0.07255615]
99 0.9748873184204102 0.884
[0.0745407 0.0726658]
99 0.9737949043273926 0.8842
[0.07340098 0.07277501]
99 0.9720848243713379 0.8843
[0.07511711 0.07288567]
99 0.9702564292907715 0.8844
[0.07477158 0.07299578]
99 0.9688149765014649 0.8847
[0.07372414 0.07310352]
99 0.9678202407836914 0.8845
[0.07504801 0.07321456]
99 0.9657341270446778 0.8845
[0.07206994 0.07332354]
99 0.9646016525268555 0.8846
[0.07216875 0.07343275]
99 0.9634318969726563 0.8849
[0.07459732 0.07354116]
99 0.9615515365600585 0.8847
[0.0744641  0.07365154]
99 0.9601584030151367 0.8849
[0.07388262 0.07375968]
99 0.9587347190856934 0.8849
[0.07345154 0.07386782]
99 0.9569640655517578 0.8844
[0.07513518 0.07397612]
99 0.9559560195922852 0.885
[0.07447844 0.07408428]
99 0.9545848907470703 0.885
Working on regularization level 0.1
[0.01371528 0.01187856]
99 15.870264501953125 0.1222
[0.01505702 0.01245875]
99 10.641519091796875 0.2193
[0.01341869 0.01335578]
99 7.5018912109375 0.315
[0.01496876 0.01440249]
99 5.466407177734375 0.4
[0.01558791 0.0155013 ]
99 4.11732119140625 0.4682
[0.01670476 0.01662614]
99 3.195618328857422 0.528
[0.01663899 0.01774853]
99 2.5429960693359375 0.5757
[0.0174144  0.01887442]
99 2.0658360290527344 0.6122
[0.02016779 0.01999245]
99 1.7085245056152343 0.6486
[0.02096111 0.02111763]
99 1.4366908050537108 0.676
[0.02164167 0.02223888]
99 1.2255658981323243 0.7012
[0.02309283 0.02337427]
99 1.060608952331543 0.7233
[0.02300026 0.02453357]
99 0.9300476638793945 0.7419
[0.02485294 0.02573188]
99 0.8268635116577149 0.759
[0.02501281 0.02696558]
99 0.7446057113647461 0.7742
[0.02602421 0.02826902]
99 0.6804226097106933 0.789
[0.02895567 0.02964395]
99 0.6288831504821777 0.8042
[0.02935714 0.03112965]
99 0.5891307403564453 0.8179
[0.03065533 0.0327346 ]
99 0.558069319152832 0.8292
[0.03411383 0.03448891]
99 0.5341187599182129 0.8414
[0.03626315 0.03643448]
99 0.516201114654541 0.8482
[0.03862939 0.03857808]
99 0.5022543594360351 0.8566
[0.039757   0.04095177]
99 0.49140686950683593 0.8659
[0.04408899 0.04357759]
99 0.483701611328125 0.8722
[0.04672275 0.04651168]
99 0.47785269317626955 0.8782
[0.04893627 0.04973388]
99 0.47315002975463866 0.8832
[0.05371954 0.05329927]
99 0.469428736114502 0.8879
[0.0572086  0.05719531]
99 0.46710606994628906 0.8918
[0.0608425  0.06146006]
99 0.4653881530761719 0.8938
[0.06691366 0.06604856]
99 0.4636051979064941 0.8953
[0.07248323 0.07101378]
99 0.462254020690918 0.8972
[0.07680415 0.07628752]
99 0.4617523132324219 0.9
[0.08319994 0.08180933]
99 0.460664705657959 0.8997
[0.09010918 0.08760706]
99 0.45976321411132814 0.8998
[0.09562381 0.09358583]
99 0.4593920150756836 0.9009
[0.1011821  0.09963675]
99 0.4587248260498047 0.9015
[0.10572997 0.10580153]
99 0.4581063003540039 0.9033
[0.11405835 0.11182249]
99 0.45767193145751955 0.9042
[0.11867902 0.11777262]
99 0.4573420440673828 0.9038
[0.12699969 0.12358349]
99 0.45686236038208006 0.9038
[0.1317866  0.12913352]
99 0.4564023941040039 0.904
[0.13847895 0.13440315]
99 0.4562408157348633 0.9045
[0.14224814 0.1393775 ]
99 0.45611725845336915 0.9039
[0.14777742 0.14411236]
99 0.4555404151916504 0.9049
[0.15230298 0.14856982]
99 0.4551419456481934 0.9048
[0.15544373 0.15275367]
99 0.45462537002563475 0.9048
[0.16072412 0.15654537]
99 0.45450109939575195 0.904
[0.16480729 0.16028266]
99 0.4540122283935547 0.9039
[0.16964136 0.16363905]
99 0.45381895980834963 0.9047
[0.17267701 0.16695097]
99 0.45317129211425783 0.9044
[0.17647204 0.17009582]
99 0.45312253189086915 0.9047
[0.1778497 0.1730138]
99 0.4525190574645996 0.9049
[0.17748688 0.17580797]
99 0.452303532409668 0.9052
[0.18386625 0.17857103]
99 0.45194191818237306 0.9047
[0.18667924 0.18128158]
99 0.4515385055541992 0.9047
[0.18979314 0.18385966]
99 0.4513034706115723 0.9048
[0.19113828 0.18639801]
99 0.45071280059814456 0.9048
[0.1957273  0.18891975]
99 0.45079000244140627 0.9048
[0.19554356 0.19134393]
99 0.45017658767700197 0.9048
[0.19879407 0.19373801]
99 0.4498318389892578 0.9055
[0.2021548  0.19612874]
99 0.44945026245117187 0.905
[0.20318389 0.19859287]
99 0.44890306701660154 0.9048
[0.20741309 0.2009465 ]
99 0.44877774505615237 0.9051
[0.20749936 0.2032883 ]
99 0.4487696075439453 0.9054
[0.21143028 0.2055864 ]
99 0.44801050186157226 0.9048
[0.21592921 0.2078947 ]
99 0.4479057441711426 0.9052
[0.21808381 0.21020344]
99 0.44726824340820315 0.9048
[0.21949746 0.212483  ]
99 0.4470313865661621 0.9053
[0.22419007 0.21478203]
99 0.44623549575805666 0.9052
[0.22317371 0.21704336]
99 0.44611395263671877 0.9047
[0.22672379 0.21933228]
99 0.4456972885131836 0.9058
[0.23003379 0.22160105]
99 0.4452078186035156 0.9059
[0.23124342 0.22382379]
99 0.44460090103149413 0.906
[0.23193358 0.22604007]
99 0.4444907760620117 0.9055
[0.23733519 0.22835656]
99 0.444330842590332 0.9051
[0.23826808 0.23055917]
99 0.44380841522216796 0.9061
[0.2384177  0.23277044]
99 0.4431737739562988 0.9056
[0.24330208 0.2349867 ]
99 0.4427421058654785 0.9053
[0.24614239 0.23721178]
99 0.4423563987731934 0.9058
[0.24677554 0.23940225]
99 0.44194977416992187 0.9061
[0.24911861 0.24148518]
99 0.4419555999755859 0.9057
[0.252173   0.24375993]
99 0.44101489486694334 0.9059
[0.25336945 0.24587242]
99 0.44110793380737306 0.9056
[0.25621694 0.24806948]
99 0.4405228439331055 0.9056
[0.25767258 0.25014415]
99 0.4399149841308594 0.9063
[0.26174042 0.25233254]
99 0.43952551498413084 0.9059
[0.26249188 0.25445276]
99 0.43924998474121096 0.9058
[0.26583174 0.25657427]
99 0.4387145652770996 0.9061
[0.2672202 0.2587186]
99 0.4380666946411133 0.9065
[0.26859462 0.2607518 ]
99 0.4377202926635742 0.9067
[0.27072695 0.2629222 ]
99 0.43738900833129885 0.9061
[0.27328593 0.26496404]
99 0.43691932678222656 0.9065
[0.27486885 0.2670144 ]
99 0.4364555953979492 0.9064
[0.28018218 0.26902503]
99 0.43626225662231444 0.9063
[0.2805679  0.27111498]
99 0.4360048110961914 0.9061
[0.28065053 0.27312115]
99 0.43558392028808596 0.9073
[0.2848038  0.27516446]
99 0.43500003128051756 0.9067
[0.28753257 0.27723053]
99 0.43469304809570314 0.9064
[0.28917655 0.2791792 ]
99 0.43411271591186523 0.907
[0.29098454 0.2812086 ]
99 0.4340655960083008 0.9067
[0.29143125 0.28317845]
99 0.43326035232543947 0.9072
[0.2956528  0.28513396]
99 0.4330034004211426 0.9064
[0.2965273 0.2870311]
99 0.4324900115966797 0.9074
[0.29840502 0.28901199]
99 0.4321129981994629 0.9075
[0.29972574 0.29105794]
99 0.43157539672851564 0.9069
[0.3032694  0.29297417]
99 0.4313782493591309 0.9065
[0.30608422 0.29485288]
99 0.4306908462524414 0.9072
[0.3062136 0.296715 ]
99 0.43038223419189453 0.9076
[0.30912572 0.29858765]
99 0.43010403747558595 0.9067
[0.31021369 0.3005163 ]
99 0.4297755241394043 0.9068
[0.31255138 0.30242068]
99 0.4291113754272461 0.9078
[0.31466228 0.30429694]
99 0.4287389839172363 0.907
[0.316367 0.30618 ]
99 0.428260945892334 0.9079
[0.32057014 0.30799907]
99 0.42772778091430663 0.9072
[0.32263163 0.30985108]
99 0.42731521072387696 0.9074
[0.32283917 0.31160215]
99 0.4271757858276367 0.9074
[0.323332   0.31346434]
99 0.4265816009521484 0.9075
[0.32668474 0.31526017]
99 0.4264662673950195 0.9063
[0.3273464  0.31709543]
99 0.4257685935974121 0.9082
[0.32879138 0.31885418]
99 0.42528809585571287 0.9075
[0.33316183 0.32061008]
99 0.4248998046875 0.9072
[0.3345347 0.3223949]
99 0.42467626495361327 0.9078
[0.3321577 0.3241373]
99 0.42401375198364255 0.9086
[0.3369724  0.32593665]
99 0.4236001235961914 0.9087
[0.3392361 0.3277104]
99 0.4232208282470703 0.9083
[0.3399195  0.32935062]
99 0.42303263931274415 0.9088
[0.34195313 0.33113608]
99 0.42262285232543945 0.908
[0.34375015 0.33281437]
99 0.42226692962646484 0.9075
[0.34695157 0.33444285]
99 0.4217063278198242 0.9083
[0.34747973 0.33617613]
99 0.421239835357666 0.9082
[0.34847653 0.3377839 ]
99 0.4209360092163086 0.9087
[0.3530234 0.3395885]
99 0.4205677490234375 0.9087
[0.35382962 0.34113255]
99 0.4199602233886719 0.9084
[0.35363492 0.34277058]
99 0.4196002586364746 0.9088
[0.3555391 0.3444501]
99 0.41890376052856443 0.9084
[0.35812205 0.34615248]
99 0.4188352897644043 0.9082
[0.35941422 0.34774244]
99 0.4182870170593262 0.9083
[0.36105463 0.34931841]
99 0.4179938865661621 0.909
[0.3625238  0.35094997]
99 0.4175996536254883 0.9085
[0.36616474 0.3525082 ]
99 0.4172677116394043 0.908
[0.36738324 0.35419235]
99 0.41670341796875 0.9091
[0.36912206 0.35573465]
99 0.41637094955444337 0.9084
[0.37056768 0.35721484]
99 0.41613291778564454 0.9086
[0.37179348 0.3588642 ]
99 0.415537735748291 0.9089
[0.3719165  0.36037627]
99 0.41519007339477537 0.9093
[0.3743901  0.36191788]
99 0.4148873657226563 0.9096
[0.3760535  0.36350188]
99 0.4142907814025879 0.9103
[0.37872285 0.3649796 ]
99 0.4140930908203125 0.908
[0.38030085 0.36648628]
99 0.4134750129699707 0.9091
[0.38251582 0.36796123]
99 0.41322803497314453 0.9092
[0.3821595  0.36941695]
99 0.412677220916748 0.9096
[0.38390622 0.37098357]
99 0.4121826011657715 0.9094
[0.38497454 0.3724703 ]
99 0.4117321632385254 0.9096
[0.38570714 0.37395477]
99 0.4113060760498047 0.9096
[0.38943595 0.37542677]
99 0.4112298202514648 0.911
[0.38875484 0.3768421 ]
99 0.41077175521850584 0.9093
[0.39096534 0.37824044]
99 0.41090298233032224 0.9081
[0.3927553  0.37964526]
99 0.41004605407714845 0.9103
[0.3954685  0.38118246]
99 0.4096826141357422 0.9096
[0.3970054  0.38258952]
99 0.4089183975219727 0.9095
[0.39590392 0.38388768]
99 0.4089295570373535 0.9098
[0.398568   0.38540277]
99 0.40854028396606445 0.9094
[0.4004549 0.3867662]
99 0.40800782165527344 0.9097
[0.40178785 0.38816196]
99 0.4078538887023926 0.9104
[0.40189505 0.38951755]
99 0.40765327911376953 0.9107
[0.40403447 0.39089206]
99 0.40690835189819335 0.9107
[0.40533084 0.39224297]
99 0.406717276763916 0.9098
[0.40868396 0.39364243]
99 0.40617575607299805 0.9098
[0.41061318 0.3949772 ]
99 0.4055343994140625 0.9107
[0.40957612 0.3962804 ]
99 0.4056976989746094 0.9092
[0.41246724 0.3976807 ]
99 0.4051406761169434 0.9098
[0.4126361  0.39899108]
99 0.40453507080078127 0.9111
[0.41494033 0.40029126]
99 0.40451040115356446 0.91
[0.4178349  0.40161818]
99 0.40393212966918945 0.9103
[0.41607    0.40293202]
99 0.40334516143798826 0.9109
[0.41854423 0.40414828]
99 0.4033117935180664 0.9104
[0.42148766 0.40549368]
99 0.4027350189208984 0.9105
[0.42351314 0.40674785]
99 0.40233690032958985 0.9111
[0.42129967 0.4081497 ]
99 0.40208662338256834 0.911
[0.42523712 0.40933907]
99 0.4015165794372559 0.911
[0.42668828 0.41062686]
99 0.4011291473388672 0.9107
[0.4277268  0.41187432]
99 0.4009436393737793 0.9107
[0.427515   0.41313478]
99 0.4004879852294922 0.9108
[0.4294827  0.41439036]
99 0.3999327033996582 0.9105
[0.43178982 0.41558814]
99 0.39989026947021483 0.9115
[0.42956606 0.4168074 ]
99 0.39939183349609375 0.9105
[0.43490773 0.4180609 ]
99 0.39925024337768555 0.9107
[0.43662608 0.41924068]
99 0.39844927978515626 0.9114
[0.4385051  0.42046347]
99 0.3984832054138184 0.9117
[0.43706387 0.42158285]
99 0.3981850799560547 0.9119
[0.43920147 0.42285845]
99 0.3976156867980957 0.9109
[0.43945655 0.42402154]
99 0.39710958862304685 0.9123
[0.44019142 0.42526174]
99 0.39703571548461913 0.9121
[0.4413069  0.42640796]
99 0.39655464248657224 0.9114
[0.44446737 0.42756194]
99 0.3961696601867676 0.9127
[0.44603762 0.42872676]
99 0.39573488006591795 0.9123
[0.44527823 0.42990637]
99 0.3956468574523926 0.9124
[0.44629386 0.43106592]
99 0.3951515411376953 0.9121
[0.44959235 0.43221352]
99 0.39469613571166995 0.9131
[0.45069516 0.43332124]
99 0.3944918914794922 0.9117
[0.4520206  0.43438515]
99 0.39448836975097656 0.9106
[0.45183223 0.43559876]
99 0.39387049407958985 0.9112
[0.4533464  0.43663543]
99 0.3937559341430664 0.9127
[0.45479706 0.43773213]
99 0.3934752769470215 0.9115
[0.45455933 0.43893397]
99 0.3927933891296387 0.9114
[0.45467255 0.4400216 ]
99 0.39243605499267575 0.9127
[0.458927   0.44116628]
99 0.39206779251098633 0.9122
[0.46212012 0.4422252 ]
99 0.3915808319091797 0.9125
[0.45948264 0.44328913]
99 0.39158439865112304 0.9115
[0.4609394  0.44437966]
99 0.39116452865600587 0.913
[0.46156603 0.4454269 ]
99 0.39064993591308594 0.9127
[0.46621516 0.44648868]
99 0.3900832977294922 0.9131
[0.46370962 0.4475846 ]
99 0.38998514709472654 0.9134
[0.46723396 0.44863942]
99 0.38959733123779294 0.9126
[0.46891454 0.449635  ]
99 0.3896989013671875 0.9125
[0.46777847 0.4506689 ]
99 0.38913090591430666 0.9119
[0.46727154 0.4517232 ]
99 0.3889726364135742 0.9112
[0.4711931  0.45275554]
99 0.3882554977416992 0.9132
[0.4717123  0.45382702]
99 0.38782237548828125 0.9129
[0.4720946  0.45486742]
99 0.3876845771789551 0.9128
[0.47494194 0.45582098]
99 0.3875990135192871 0.9123
[0.47502595 0.45696023]
99 0.3870476303100586 0.9133
[0.47529328 0.4578341 ]
99 0.3867755126953125 0.913
[0.47678423 0.45887837]
99 0.3867349655151367 0.9122
[0.4782306 0.4598856]
99 0.38644321899414064 0.9132
[0.47987363 0.4608219 ]
99 0.38594613189697263 0.9131
[0.47834    0.46181655]
99 0.385725569152832 0.9132
[0.4820003 0.4628042]
99 0.38533910751342776 0.9125
[0.48170492 0.46376693]
99 0.38507206535339356 0.9136
[0.48315293 0.4647914 ]
99 0.3843630226135254 0.9135
[0.48330146 0.46575737]
99 0.38456842346191406 0.9132
[0.48460594 0.46666902]
99 0.383951976776123 0.9134
[0.48545462 0.467617  ]
99 0.3837148239135742 0.9144
[0.4886979 0.4685879]
99 0.38327362632751466 0.9133
[0.48753572 0.46956548]
99 0.3827871532440186 0.913
[0.48805878 0.4704209 ]
99 0.3829705078125 0.9122
[0.49070033 0.47139576]
99 0.38228788681030273 0.9135
[0.4919652  0.47233725]
99 0.3825483142852783 0.9132
[0.49087286 0.47329697]
99 0.38179013175964355 0.9136
[0.4922487 0.4741623]
99 0.38150191535949707 0.9133
[0.494711   0.47511455]
99 0.38106359519958494 0.9132
[0.49555397 0.4760271 ]
99 0.38104464263916016 0.9124
[0.49658448 0.47696596]
99 0.38046381759643555 0.9136
[0.49626297 0.47789878]
99 0.3801689079284668 0.9139
[0.49907437 0.47879165]
99 0.3798213031768799 0.9137
[0.49929002 0.47972515]
99 0.37977375831604004 0.9138
[0.50066566 0.48057452]
99 0.3792516773223877 0.9139
[0.49965686 0.48149872]
99 0.37892009811401367 0.9143
[0.5038811  0.48234963]
99 0.3785120601654053 0.9144
[0.50347495 0.48321328]
99 0.37844691009521486 0.9137
[0.50338984 0.4840185 ]
99 0.3783837036132813 0.9141
[0.50456196 0.48494247]
99 0.3780626522064209 0.9134
[0.50681746 0.4858675 ]
99 0.37745557975769045 0.9143
[0.5082194  0.48669255]
99 0.3772610683441162 0.9143
[0.5082402 0.4875809]
99 0.37697488174438476 0.9146
[0.5110336  0.48840934]
99 0.3767495304107666 0.9137
[0.5069926 0.4892757]
99 0.3765421661376953 0.9143
[0.5091476  0.49011332]
99 0.37615040435791014 0.9139
[0.5135812 0.4909869]
99 0.37550180778503417 0.9142
[0.51282364 0.49176618]
99 0.3757409099578857 0.9146
[0.5115572 0.4926333]
99 0.3750920555114746 0.9143
[0.5138584  0.49343765]
99 0.37496959114074707 0.9146
[0.512494   0.49429536]
99 0.37551245346069334 0.9124
[0.5139468  0.49511492]
99 0.374274027633667 0.9146
[0.5157042  0.49591738]
99 0.37422172546386717 0.914
[0.5171089  0.49677894]
99 0.37426693687438967 0.9139
[0.5176416  0.49752945]
99 0.37362767524719237 0.9148
[0.5198183 0.4983716]
99 0.37347693061828613 0.9143
[0.52068865 0.49913183]
99 0.37301115226745607 0.9154
[0.52077043 0.4999617 ]
99 0.37309089393615724 0.9141
[0.5212116 0.5006423]
99 0.3727057342529297 0.9145
[0.5224049  0.50157803]
99 0.37210004615783693 0.9154
[0.523205  0.5023218]
99 0.3718370651245117 0.9144
[0.5237555  0.50306296]
99 0.37177279777526856 0.9137
[0.5235418  0.50385016]
99 0.371334513092041 0.9143
[0.52576035 0.50467664]
99 0.37085137786865235 0.9148
[0.5275886 0.5054577]
99 0.3706950157165527 0.9154
[0.52768445 0.5061632 ]
99 0.37086057205200196 0.9151
[0.52953106 0.50699097]
99 0.3702979305267334 0.9151
[0.5303498 0.507706 ]
99 0.370171280670166 0.9149
[0.53047353 0.50851625]
99 0.3697116539001465 0.914
[0.53020436 0.5092278 ]
99 0.36955914611816404 0.9146
[0.530951  0.5099783]
99 0.3694210018157959 0.9156
[0.5329415  0.51086724]
99 0.3692142345428467 0.9161
[0.53301305 0.5115246 ]
99 0.36862652626037595 0.9155
[0.53362954 0.51226205]
99 0.3685481586456299 0.9151
[0.53577435 0.5129759 ]
99 0.36802073287963866 0.9148
[0.5355685 0.5136809]
99 0.3679931365966797 0.9145
[0.53639597 0.51444   ]
99 0.3673448379516602 0.9148
[0.5378393 0.515166 ]
99 0.367741491317749 0.9146
[0.5360389 0.5159059]
99 0.3672216735839844 0.9152
[0.5387912  0.51663816]
99 0.3666963314056397 0.9161
[0.5394914  0.51741505]
99 0.3664563495635986 0.9166
[0.5394965 0.5180328]
99 0.3666121082305908 0.9149
[0.54170537 0.5187831 ]
99 0.3663295612335205 0.9151
[0.5397015 0.5195374]
99 0.3659048324584961 0.9161
[0.54383    0.52022606]
99 0.3654044040679932 0.9155
[0.54122406 0.5209362 ]
99 0.3650323379516602 0.9164
[0.5448289 0.5216825]
99 0.3651310005187988 0.9157
[0.5452505 0.5223691]
99 0.36464517402648927 0.9163
Working on regularization level 0.3
[0.0143443  0.01188221]
99 12.57774150390625 0.1325
[0.01283188 0.01262121]
99 6.502426708984375 0.2603
[0.01518277 0.01383919]
99 3.4961989990234374 0.3959
[0.01580758 0.01531467]
99 2.02977216796875 0.5196
[0.01535617 0.01702699]
99 1.3136178314208984 0.6122
[0.01866941 0.01899337]
99 0.9624588516235352 0.6908
[0.02053006 0.0213907 ]
99 0.7952727127075195 0.7526
[0.02441659 0.02449738]
99 0.7196110916137696 0.8008
[0.029657   0.02865454]
99 0.6891001403808594 0.8353
[0.03285272 0.03423781]
99 0.6767654327392578 0.858
[0.04248464 0.04157872]
99 0.6724375991821289 0.8709
[0.05107869 0.05071595]
99 0.6705741973876953 0.8773
[0.06183353 0.06128672]
99 0.6703820739746094 0.8789
[0.0744657  0.07251832]
99 0.6696507797241211 0.8827
[0.08619052 0.0830477 ]
99 0.6685227294921875 0.8813
[0.09362701 0.09233715]
99 0.6680024826049805 0.883
[0.10194125 0.09997633]
99 0.6669786788940429 0.8838
[0.11154266 0.10663071]
99 0.6665027145385742 0.884
[0.11449011 0.11239856]
99 0.6653994735717773 0.8845
[0.12138362 0.1176912 ]
99 0.6648489410400391 0.8825
[0.12665418 0.12285759]
99 0.663654621887207 0.8836
[0.1328547  0.12782803]
99 0.6629021133422851 0.8844
[0.13710766 0.13290402]
99 0.6619019180297852 0.8845
[0.14096707 0.13776511]
99 0.6608588241577148 0.8842
[0.14738125 0.14278786]
99 0.6600662307739258 0.8842
[0.15389119 0.14778544]
99 0.6595350662231445 0.8837
[0.1553524  0.15261175]
99 0.6579679840087891 0.8848
[0.16315012 0.15755068]
99 0.6575564987182617 0.8843
[0.16849343 0.16241305]
99 0.6559017135620118 0.8847
[0.17168047 0.16722192]
99 0.6548875915527343 0.8843
[0.17496534 0.17204699]
99 0.6536834426879883 0.8851
[0.18205522 0.1769832 ]
99 0.6522906829833984 0.8852
[0.1858379 0.1816798]
99 0.6510615539550781 0.8841
[0.18953763 0.1863773 ]
99 0.6501283584594727 0.8864
[0.19731013 0.19109759]
99 0.6489752029418945 0.8857
[0.20049742 0.19584599]
99 0.6473619171142578 0.8867
[0.20472229 0.20033783]
99 0.6463478866577148 0.8853
[0.21209581 0.2049485 ]
99 0.6447328506469726 0.8862
[0.21557124 0.20954366]
99 0.6438286026000977 0.8859
[0.219189   0.21400985]
99 0.6425980865478516 0.8859
[0.22329053 0.21835497]
99 0.6413153015136719 0.8872
[0.22882965 0.2228369 ]
99 0.6401835952758789 0.8865
[0.23045482 0.22720845]
99 0.6385253326416016 0.8862
[0.23649672 0.23147538]
99 0.6372378051757812 0.8866
[0.24300902 0.23582473]
99 0.6359323013305664 0.887
[0.24456938 0.2402722 ]
99 0.634748927307129 0.8875
[0.25080225 0.2443925 ]
99 0.6336716140747071 0.8871
[0.2547292  0.24849163]
99 0.6317512847900391 0.8879
[0.2589795  0.25259352]
99 0.6302031875610351 0.8876
[0.26206967 0.25668165]
99 0.6290597030639649 0.888
[0.26608807 0.2606193 ]
99 0.6276856994628907 0.8868
[0.27063876 0.26464072]
99 0.6263311416625976 0.8881
[0.27557012 0.2686883 ]
99 0.6251332550048828 0.8869
[0.2776052  0.27247998]
99 0.6240176300048829 0.8879
[0.2848657  0.27647394]
99 0.622463134765625 0.8868
[0.28741857 0.28029075]
99 0.6213467468261719 0.8875
[0.2898117  0.28405258]
99 0.6203023147583008 0.8869
[0.2955733 0.2878365]
99 0.6182814331054688 0.888
[0.2987489  0.29142863]
99 0.6168546340942382 0.8886
[0.3004542  0.29510808]
99 0.6153539184570312 0.8885
[0.30362815 0.29879272]
99 0.6136987594604493 0.8885
[0.3115364  0.30240074]
99 0.612190673828125 0.8887
[0.31633976 0.30582494]
99 0.6114079681396485 0.8894
[0.31612965 0.30930716]
99 0.6099390701293945 0.8898
[0.32166153 0.3127937 ]
99 0.6082487503051758 0.8898
[0.3252966  0.31619778]
99 0.6069485717773437 0.8882
[0.3265433 0.319588 ]
99 0.6054243515014649 0.8885
[0.3317399 0.3229039]
99 0.6041862533569335 0.89
[0.33378842 0.32629144]
99 0.6025798980712891 0.8896
[0.33896548 0.32951084]
99 0.6010839141845703 0.8893
[0.3418092  0.33272213]
99 0.599774024963379 0.8905
[0.34324148 0.33603835]
99 0.5986012908935547 0.889
[0.34727475 0.33907253]
99 0.5969122467041016 0.8913
[0.35088196 0.3421921 ]
99 0.5957090454101562 0.8909
[0.3525803  0.34534368]
99 0.594724349975586 0.8893
[0.35870722 0.3483069 ]
99 0.5933772506713867 0.8902
[0.3602137  0.35139865]
99 0.591804052734375 0.8907
[0.3676501 0.3543293]
99 0.5904394897460937 0.89
[0.36709347 0.35723674]
99 0.5893042358398437 0.8898
[0.36819103 0.36016276]
99 0.5876048965454101 0.8907
[0.37397802 0.36310825]
99 0.5866911514282227 0.8902
[0.37362626 0.36592737]
99 0.5851726593017578 0.8904
[0.38057172 0.36873353]
99 0.5840305313110351 0.8903
[0.38200366 0.3714907 ]
99 0.5828199676513672 0.8913
[0.38797516 0.3742669 ]
99 0.5809773010253906 0.8924
[0.3887887 0.3768349]
99 0.5798195404052734 0.8909
[0.38979793 0.379516  ]
99 0.5790490127563477 0.8918
[0.39279053 0.38237596]
99 0.5774753448486328 0.8916
[0.39702103 0.38499674]
99 0.5764918762207031 0.8908
[0.39901426 0.38761967]
99 0.5746075820922851 0.8924
[0.4019511  0.39016384]
99 0.5733754302978515 0.8924
[0.40296024 0.39260733]
99 0.5718850051879882 0.892
[0.40637347 0.3951279 ]
99 0.5710339294433594 0.8928
[0.4080293 0.3977471]
99 0.569546760559082 0.8917
[0.41192034 0.40014657]
99 0.5684924133300782 0.8928
[0.41447374 0.40253985]
99 0.5672451889038086 0.893
[0.41689932 0.40494043]
99 0.5666149932861329 0.8936
[0.41947237 0.40718883]
99 0.5658171249389649 0.892
[0.4235301  0.40974104]
99 0.5636843215942383 0.8927
[0.42337033 0.41210687]
99 0.5627061889648437 0.8915
[0.42613536 0.41424876]
99 0.5613361297607422 0.8934
[0.42862663 0.4165887 ]
99 0.5604280990600586 0.8935
[0.43305308 0.41882256]
99 0.5593626098632812 0.8923
[0.4332974 0.4211392]
99 0.5581250640869141 0.8934
[0.43617004 0.4233173 ]
99 0.5566426849365235 0.8943
[0.43778387 0.42554313]
99 0.5553657745361328 0.892
[0.43806088 0.42766225]
99 0.5544034118652343 0.8932
[0.44189107 0.4297799 ]
99 0.5528048278808594 0.8954
[0.44511607 0.43179882]
99 0.5515542053222656 0.8949
[0.44594178 0.43398675]
99 0.5507496520996094 0.8938
[0.45016736 0.4360923 ]
99 0.549838215637207 0.8944
[0.45146075 0.4381725 ]
99 0.5480549087524414 0.8939
[0.45349866 0.44008863]
99 0.5472567535400391 0.8943
[0.45303962 0.44217893]
99 0.546460464477539 0.8933
[0.45610672 0.4440888 ]
99 0.5451945755004883 0.8948
[0.4600468  0.44609275]
99 0.5441679832458496 0.8955
[0.46214357 0.4480163 ]
99 0.5428066307067871 0.8957
[0.46431372 0.44994986]
99 0.5418362915039062 0.8954
[0.46672893 0.45185748]
99 0.5410920463562011 0.8951
[0.46679094 0.45373383]
99 0.539818302154541 0.8964
[0.47105816 0.45552838]
99 0.5396237754821778 0.8947
[0.471035   0.45750186]
99 0.5378641761779785 0.8957
[0.47615138 0.4593379 ]
99 0.536721142578125 0.8952
[0.4752798  0.46106833]
99 0.535390601348877 0.8958
[0.47774634 0.46293378]
99 0.5350305992126465 0.8952
[0.47841844 0.4646805 ]
99 0.5337684104919433 0.8958
[0.481614   0.46654338]
99 0.5331603164672851 0.8959
[0.4814349  0.46813533]
99 0.5317174514770507 0.8952
[0.4865939 0.4698297]
99 0.5307371482849121 0.8958
[0.4855266 0.471531 ]
99 0.5298773330688477 0.8961
[0.48831788 0.4732415 ]
99 0.5290561721801758 0.8956
[0.49016294 0.47485527]
99 0.5277088508605957 0.8955
[0.49214378 0.47670662]
99 0.5266560836791992 0.8961
[0.49293378 0.4783038 ]
99 0.5261145713806152 0.8959
[0.49502474 0.47977948]
99 0.5252715278625488 0.8965
[0.49401933 0.48137677]
99 0.5236883438110351 0.8963
[0.49978787 0.48304078]
99 0.5229975662231445 0.8962
[0.50175774 0.4846279 ]
99 0.5220372619628906 0.8965
[0.5031458 0.4862638]
99 0.5208477226257324 0.8965
[0.5023798 0.4878491]
99 0.520083984375 0.8965
[0.5080566  0.48936367]
99 0.5193439285278321 0.8962
[0.5059525 0.4908827]
99 0.5187310768127441 0.8964
[0.5056662  0.49232408]
99 0.5174955856323242 0.8973
[0.5097022 0.493829 ]
99 0.5168038795471191 0.8962
[0.5105875 0.4952433]
99 0.5158362037658691 0.8966
[0.51564366 0.49678963]
99 0.5148679916381836 0.8972
[0.5152964  0.49813545]
99 0.5140699493408203 0.8969
[0.5152511 0.4997182]
99 0.513390225982666 0.8963
[0.5172318  0.50100374]
99 0.5125899597167969 0.8976
[0.5202997 0.5026175]
99 0.5116068923950196 0.8971
[0.51924783 0.50393856]
99 0.5102144317626953 0.8977
[0.52254754 0.505222  ]
99 0.5098091407775879 0.8968
[0.52524257 0.50670564]
99 0.5085911743164062 0.8973
[0.52555954 0.50808007]
99 0.5075513069152832 0.8976
[0.52599305 0.50942856]
99 0.5072909538269043 0.8987
[0.5261374 0.5107487]
99 0.5063908012390137 0.8976
[0.52773935 0.5121435 ]
99 0.5055587646484375 0.898
[0.52921903 0.51329505]
99 0.5046938323974609 0.8981
[0.5337475  0.51470846]
99 0.5034473175048828 0.898
[0.5329785 0.5159962]
99 0.5029073402404786 0.8991
[0.53510237 0.51717645]
99 0.5025004760742188 0.8973
[0.5376291 0.5186044]
99 0.5014723426818848 0.8986
[0.53772783 0.51990145]
99 0.5010558715820312 0.8985
[0.5406865 0.5210617]
99 0.49986601486206056 0.8999
[0.5419802  0.52233225]
99 0.49966505813598633 0.8968
[0.54183286 0.52355015]
99 0.49846318359375 0.8981
[0.5426238 0.5247676]
99 0.4980108154296875 0.8978
[0.5453615  0.52601135]
99 0.4968583679199219 0.8989
[0.5445246 0.5272275]
99 0.49620712966918945 0.8989
[0.547825   0.52830905]
99 0.4948922775268555 0.8985
[0.5475206 0.5294471]
99 0.4947207336425781 0.899
[0.5507763 0.5307385]
99 0.49351165618896486 0.8992
[0.55032986 0.5319594 ]
99 0.4936074005126953 0.8979
[0.5523341 0.5330117]
99 0.49231278915405274 0.8993
[0.554019 0.534131]
99 0.4915920310974121 0.8985
[0.5523642 0.5353975]
99 0.4910023666381836 0.8999
[0.55610734 0.5365457 ]
99 0.48972082138061523 0.9002
[0.55679435 0.53760976]
99 0.48947259368896484 0.9006
[0.5593213 0.538655 ]
99 0.48846938171386717 0.9
[0.5589082  0.53977704]
99 0.4879034950256348 0.899
[0.56001914 0.54080504]
99 0.48723974151611327 0.8995
[0.5613034  0.54198575]
99 0.4862250457763672 0.9
[0.5624434 0.5428972]
99 0.48569086456298827 0.8994
[0.56233555 0.54399383]
99 0.4854957130432129 0.8979
[0.5665667 0.5451772]
99 0.4848559265136719 0.8993
[0.56367314 0.5463158 ]
99 0.4842007873535156 0.9001
[0.56706643 0.54726183]
99 0.4834925102233887 0.9009
[0.5681694 0.5482351]
99 0.48241823348999024 0.8993
[0.56891227 0.54917574]
99 0.48224824829101565 0.9
[0.5715048  0.55028605]
99 0.48169016799926756 0.9001
[0.5723095 0.5514654]
99 0.4808790748596191 0.9002
[0.57289064 0.5523943 ]
99 0.4807543647766113 0.8995
[0.57184863 0.5533353 ]
99 0.4789814842224121 0.9003
[0.572741   0.55433494]
99 0.47862221145629885 0.9005
[0.5744193 0.555228 ]
99 0.47833059387207033 0.8999
[0.5775567 0.5561665]
99 0.4771874954223633 0.9005
[0.5798706  0.55726135]
99 0.4765626007080078 0.9009
[0.57822925 0.55824673]
99 0.47614687423706054 0.9014
[0.58118886 0.55919176]
99 0.4752087463378906 0.9019
[0.58162665 0.5601009 ]
99 0.4747558815002441 0.9019
[0.5822677 0.5611429]
99 0.4739231689453125 0.9016
[0.5836382 0.5620881]
99 0.4735227462768555 0.9005
[0.58367217 0.5629233 ]
99 0.47350699615478514 0.9011
[0.5858419  0.56391096]
99 0.47190223770141604 0.9012
[0.5861126  0.56481063]
99 0.47193383560180663 0.9006
[0.5877557  0.56563544]
99 0.4716351379394531 0.9012
[0.58642614 0.56661636]
99 0.47016247482299806 0.9018
[0.588793  0.5675977]
99 0.4698761604309082 0.9015
[0.59368616 0.5684355 ]
99 0.46961218338012695 0.9013
[0.5904867  0.56937915]
99 0.46863234939575193 0.9023
[0.5927208 0.570231 ]
99 0.4684355941772461 0.902
[0.59343326 0.57094705]
99 0.4681293197631836 0.9027
[0.591502  0.5719661]
99 0.4673487289428711 0.9021
[0.59406775 0.57262385]
99 0.4665244514465332 0.9015
[0.5957918 0.5736041]
99 0.46607154006958007 0.9017
[0.59695846 0.57453537]
99 0.4653875473022461 0.9022
[0.59681624 0.57525826]
99 0.4653889747619629 0.9011
[0.59658414 0.57614267]
99 0.4643717086791992 0.9029
[0.59980774 0.5771488 ]
99 0.463435538482666 0.9024
[0.6004165 0.5778428]
99 0.46325431060791017 0.9018
[0.5994841 0.5785922]
99 0.46265760879516604 0.9024
[0.60303587 0.57945985]
99 0.4619576507568359 0.9024
[0.60419875 0.58036804]
99 0.46200917816162107 0.9023
[0.6052498 0.5810047]
99 0.4614736053466797 0.9024
[0.604557  0.5818938]
99 0.46048161544799804 0.9021
[0.60473454 0.5826944 ]
99 0.46028470687866213 0.9025
[0.6055941 0.5834093]
99 0.45914929428100587 0.9042
[0.6046816 0.5843193]
99 0.45971578826904297 0.8997
[0.6094619 0.5851542]
99 0.4580409065246582 0.9029
[0.6083116  0.58569866]
99 0.4578591537475586 0.9027
[0.6107494 0.5864345]
99 0.4572760406494141 0.903
[0.6110653  0.58737004]
99 0.4567466796875 0.9031
[0.60990673 0.58813024]
99 0.4566247215270996 0.9028
[0.6111609 0.5888149]
99 0.45619626770019533 0.9029
[0.61336875 0.5897303 ]
99 0.4556605041503906 0.9034
[0.6141006  0.59030807]
99 0.4546230094909668 0.9036
[0.6163872 0.5911445]
99 0.4545006530761719 0.904
[0.61655605 0.5918813 ]
99 0.4536707847595215 0.9035
[0.61719763 0.59257674]
99 0.4537740737915039 0.9033
[0.61592305 0.59325624]
99 0.4527689781188965 0.903
[0.6178973  0.59410614]
99 0.45280685958862305 0.903
[0.61899006 0.5946807 ]
99 0.45173293380737306 0.9039
[0.6191365  0.59534496]
99 0.4519036468505859 0.9029
[0.62113285 0.59614027]
99 0.4516527648925781 0.9025
[0.6216874  0.59678596]
99 0.45052440338134764 0.9036
[0.6211793 0.5974759]
99 0.45026911315917967 0.9029
[0.6223683 0.5982463]
99 0.4494494552612305 0.9046
[0.62293524 0.59894556]
99 0.4488032325744629 0.9045
[0.6240866 0.5995081]
99 0.44818094329833985 0.9038
[0.6235947 0.6002263]
99 0.4484325592041016 0.904
[0.62456554 0.6009599 ]
99 0.44755156860351564 0.904
[0.6257303 0.6016084]
99 0.44718550262451173 0.9028
[0.62674737 0.60227215]
99 0.4467176155090332 0.9041
[0.62771475 0.60302716]
99 0.4462197868347168 0.9028
[0.62625724 0.6036169 ]
99 0.4457277793884277 0.9045
[0.62854034 0.6042991 ]
99 0.44518834533691404 0.9032
[0.62884355 0.6049453 ]
99 0.4447943389892578 0.9038
[0.6303676 0.6054944]
99 0.444619930267334 0.9042
[0.63360834 0.6063884 ]
99 0.4443990699768066 0.9046
[0.6298469 0.6068908]
99 0.4436573745727539 0.9048
[0.63359153 0.6074521 ]
99 0.44388844451904297 0.9041
[0.634541   0.60828775]
99 0.44260555572509763 0.9047
[0.6342684 0.6089059]
99 0.44185353240966796 0.9051
[0.6331685 0.6093323]
99 0.44209077377319334 0.9044
[0.6354218  0.61017156]
99 0.440760124206543 0.9061
[0.63545865 0.61081386]
99 0.44123689193725585 0.9048
[0.6384325  0.61147326]
99 0.4408068328857422 0.904
[0.63687474 0.6117835 ]
99 0.44118521347045897 0.9056
[0.6376639  0.61259216]
99 0.44019677047729494 0.9045
[0.64003175 0.613372  ]
99 0.43896759033203125 0.9048
[0.64005643 0.6138434 ]
99 0.43820523529052735 0.905
[0.63986695 0.6144667 ]
99 0.4387838356018066 0.9052
[0.6400701 0.6150252]
99 0.438491552734375 0.9042
[0.64114565 0.615804  ]
99 0.43809162826538084 0.9061
[0.6416727 0.6162289]
99 0.4370497848510742 0.9059
[0.642242  0.6169516]
99 0.43708060302734375 0.9049
[0.6433635  0.61731726]
99 0.4371977600097656 0.9033
[0.6442328 0.6180022]
99 0.43592789611816407 0.9054
[0.6440664 0.6185881]
99 0.4355176971435547 0.9051
[0.6464481 0.6191053]
99 0.4358666580200195 0.9061
[0.64418584 0.6196653 ]
99 0.43477354888916014 0.9072
[0.6454103  0.62023664]
99 0.43460388259887694 0.9062
[0.6453333 0.6209964]
99 0.4337151786804199 0.9055
[0.6482269 0.6215572]
99 0.43337408905029295 0.9045
[0.64939994 0.62203556]
99 0.4334039993286133 0.9059
[0.64935905 0.62256885]
99 0.4329022201538086 0.9055
[0.6489003 0.6231541]
99 0.43318894119262696 0.9057
[0.651098  0.6238369]
99 0.4323523811340332 0.9052
[0.6514353  0.62424207]
99 0.4315707130432129 0.9067
[0.6525688 0.6248548]
99 0.4307942352294922 0.9058
[0.65272945 0.6252995 ]
99 0.430869149017334 0.9064
[0.6531021  0.62581325]
99 0.430946452331543 0.9046
[0.65246147 0.6264529 ]
99 0.4303533569335937 0.9054
[0.65417784 0.6269787 ]
99 0.42941108322143556 0.9065
[0.6555139 0.6275188]
99 0.4290436965942383 0.9071
[0.65622586 0.6279049 ]
99 0.4290259925842285 0.9059
[0.6566412 0.6286086]
99 0.42841808395385744 0.906
[0.65697384 0.6289796 ]
99 0.4285365615844727 0.9051
[0.6568618  0.62958854]
99 0.4287418022155762 0.9046
[0.65632665 0.6300206 ]
99 0.4283480499267578 0.9051
