
CommandNotFoundError: Your shell has not been properly configured to use 'conda deactivate'.
To initialize your shell, run

    $ conda init <SHELL_NAME>

Currently supported shells are:
  - bash
  - fish
  - tcsh
  - xonsh
  - zsh
  - powershell

See 'conda init --help' for more information and options.

IMPORTANT: You may need to close and restart your shell after running 'conda init'.


cuda:0
Generate alignment plot for autograd sigmoid network and nn data with dropout
999 0.3151729106903076 [0.17091732]
1999 0.12950760126113892 [0.28093418]
2999 0.08078058063983917 [0.37692973]
3999 0.08398167788982391 [0.45034865]
4999 0.0509212426841259 [0.503709]
5999 0.037237223237752914 [0.540829]
6999 0.03364360332489014 [0.5660105]
7999 0.02311514876782894 [0.5881207]
8999 0.04321156069636345 [0.60524637]
9999 0.032626114785671234 [0.6159609]
10999 0.041971947997808456 [0.6256634]
11999 0.04692205786705017 [0.6333642]
12999 0.034276317805051804 [0.64158314]
13999 0.037851739674806595 [0.6467594]
14999 0.03312958776950836 [0.6500918]
15999 0.027815626934170723 [0.65507895]
16999 0.028928719460964203 [0.6583095]
17999 0.03410288318991661 [0.659058]
18999 0.019653813913464546 [0.6593796]
19999 0.0346742607653141 [0.6626604]
20999 0.027392787858843803 [0.6651629]
21999 0.03428075835108757 [0.6645818]
22999 0.05109265819191933 [0.6649653]
23999 0.031145958229899406 [0.6681261]
24999 0.03385356813669205 [0.666318]
25999 0.021865239366889 [0.6678087]
26999 0.035124629735946655 [0.6690374]
27999 0.023771414533257484 [0.67154694]
28999 0.03547279164195061 [0.6738246]
29999 0.025672869756817818 [0.6742261]
30999 0.029463427141308784 [0.6730787]
31999 0.02855900302529335 [0.6771751]
32999 0.026947464793920517 [0.675109]
33999 0.025212092325091362 [0.67331606]
34999 0.021469099447131157 [0.6757537]
35999 0.03410913795232773 [0.6744268]
36999 0.03351138159632683 [0.673817]
37999 0.021728063002228737 [0.67386353]
[0.6737521]
999 0.21467836201190948 [0.17292625]
1999 0.13661715388298035 [0.31139678]
2999 0.07296766340732574 [0.4173347]
3999 0.057040583342313766 [0.49757746]
4999 0.07992634922266006 [0.5568897]
5999 0.06096911430358887 [0.59218204]
6999 0.05702121928334236 [0.61706066]
7999 0.04510326310992241 [0.6309163]
8999 0.039477407932281494 [0.63938296]
9999 0.05251113325357437 [0.6455977]
10999 0.044943682849407196 [0.65249145]
11999 0.05343557894229889 [0.6573968]
12999 0.04570833966135979 [0.66002655]
13999 0.029994390904903412 [0.6634477]
14999 0.03852586820721626 [0.66642016]
15999 0.051959503442049026 [0.669731]
16999 0.04127915948629379 [0.6702706]
17999 0.03574759513139725 [0.6750619]
18999 0.051519278436899185 [0.67523515]
19999 0.032334234565496445 [0.67701495]
20999 0.032952647656202316 [0.6755878]
21999 0.04336219280958176 [0.67731625]
22999 0.02935127355158329 [0.6791249]
23999 0.04288524389266968 [0.68009585]
24999 0.04994244500994682 [0.68144]
25999 0.03857753798365593 [0.68322635]
26999 0.02887708880007267 [0.68489856]
27999 0.04654000326991081 [0.68600976]
28999 0.0543469563126564 [0.68839717]
29999 0.02711489424109459 [0.6893135]
30999 0.027836216613650322 [0.6910752]
31999 0.02899184450507164 [0.68869257]
32999 0.036975231021642685 [0.69001216]
33999 0.05506530776619911 [0.6918378]
34999 0.02787373773753643 [0.69079244]
35999 0.04318268224596977 [0.68975115]
36999 0.03740977868437767 [0.68958336]
37999 0.03777480497956276 [0.6914899]
38999 0.03994173929095268 [0.6931874]
39999 0.04209038242697716 [0.69117004]
40999 0.042553823441267014 [0.6918321]
41999 0.032812535762786865 [0.69283545]
42999 0.035656701773405075 [0.6945907]
43999 0.03397509083151817 [0.6932202]
44999 0.03721075505018234 [0.69224143]
45999 0.03378154709935188 [0.6945453]
46999 0.03860222548246384 [0.695066]
47999 0.03421055153012276 [0.6982011]
48999 0.03362005576491356 [0.69879144]
49999 0.04515404626727104 [0.6981931]
50999 0.04140074551105499 [0.69955415]
51999 0.0232585147023201 [0.6983631]
52999 0.031436800956726074 [0.69847715]
53999 0.02558756247162819 [0.6953426]
54999 0.026257552206516266 [0.6929421]
55999 0.02257820963859558 [0.69601774]
56999 0.04433124139904976 [0.6954564]
57999 0.04072382673621178 [0.697787]
58999 0.030325446277856827 [0.69624895]
59999 0.030314192175865173 [0.6950758]
60999 0.02745990641415119 [0.6950102]
[0.69486517]
999 0.518647313117981 [0.04961314]
1999 0.4174804091453552 [0.06398872]
2999 0.4137934744358063 [0.07223787]
3999 0.254066526889801 [0.07692921]
4999 0.36613360047340393 [0.0806058]
5999 0.35086989402770996 [0.08305942]
6999 0.2716873586177826 [0.08616313]
7999 0.18412292003631592 [0.08871777]
8999 0.2551923394203186 [0.0919662]
9999 0.18267565965652466 [0.09518346]
10999 0.22444669902324677 [0.09854593]
11999 0.14434395730495453 [0.1028142]
12999 0.12378846853971481 [0.10610928]
13999 0.17616160213947296 [0.10988528]
14999 0.15424475073814392 [0.11324101]
15999 0.10309414565563202 [0.11755428]
16999 0.14125023782253265 [0.12137293]
17999 0.1533602923154831 [0.12568633]
18999 0.08641990274190903 [0.1303564]
19999 0.06495341658592224 [0.13443373]
20999 0.08963070064783096 [0.13906932]
21999 0.0864446833729744 [0.14363787]
22999 0.06917306035757065 [0.14902811]
23999 0.08373139053583145 [0.15379108]
24999 0.07610444724559784 [0.15907122]
25999 0.07967739552259445 [0.16401133]
26999 0.0536278560757637 [0.17003126]
27999 0.04861166328191757 [0.1758683]
28999 0.05393665283918381 [0.181161]
29999 0.05774402990937233 [0.18669449]
30999 0.047062285244464874 [0.19314843]
31999 0.05358027294278145 [0.19911589]
32999 0.04467303678393364 [0.20552184]
33999 0.0368865467607975 [0.21202889]
34999 0.02858649007976055 [0.21889783]
35999 0.035466212779283524 [0.22514702]
36999 0.038402412086725235 [0.2321778]
37999 0.02926238626241684 [0.2388566]
38999 0.026112379506230354 [0.24579893]
39999 0.031283438205718994 [0.25354773]
40999 0.03295003995299339 [0.2609382]
41999 0.02618391439318657 [0.26864326]
42999 0.01982017233967781 [0.27562857]
43999 0.018862949684262276 [0.28309625]
44999 0.021554959937930107 [0.28975233]
45999 0.015145426616072655 [0.29710066]
46999 0.019986703991889954 [0.30573195]
47999 0.015245133079588413 [0.31297162]
48999 0.012834113091230392 [0.32017457]
49999 0.018723635002970695 [0.32750207]
50999 0.017811980098485947 [0.33460283]
51999 0.0184873528778553 [0.34188858]
52999 0.015270857140421867 [0.3493608]
53999 0.01512904092669487 [0.35687616]
54999 0.0145676014944911 [0.36434975]
55999 0.014579877257347107 [0.37112075]
56999 0.01486358605325222 [0.37825963]
57999 0.014107354916632175 [0.3850414]
58999 0.009818819351494312 [0.39201295]
59999 0.008591338992118835 [0.39906728]
60999 0.007533680181950331 [0.4056882]
61999 0.009422815404832363 [0.4118618]
62999 0.013248487375676632 [0.41806427]
63999 0.011034833267331123 [0.42438573]
64999 0.010219814255833626 [0.4307441]
65999 0.008335077203810215 [0.4361614]
66999 0.00809978973120451 [0.44195983]
67999 0.009883256629109383 [0.44809428]
68999 0.006874438840895891 [0.4535039]
69999 0.0075278859585523605 [0.45916066]
70999 0.005365490913391113 [0.46435532]
71999 0.006467833183705807 [0.4696729]
72999 0.008140009827911854 [0.4741818]
73999 0.005383329465985298 [0.47896567]
74999 0.006436023395508528 [0.48376158]
75999 0.008190011605620384 [0.48849148]
76999 0.006066341418772936 [0.49271926]
77999 0.006080972030758858 [0.49666113]
78999 0.006928617134690285 [0.5004653]
79999 0.006605222821235657 [0.5048998]
80999 0.006627168506383896 [0.5089067]
81999 0.005902884062379599 [0.5122691]
82999 0.006946577690541744 [0.5157418]
83999 0.004775614943355322 [0.5186877]
84999 0.00862810853868723 [0.5219039]
85999 0.006238688249140978 [0.52506316]
86999 0.008526592515408993 [0.52845234]
87999 0.0065701622515916824 [0.53139806]
88999 0.0057448092848062515 [0.5340378]
89999 0.006583707872778177 [0.53673947]
90999 0.0039816973730921745 [0.53934854]
91999 0.009507498703897 [0.54165125]
92999 0.007432933431118727 [0.54366374]
93999 0.005019816104322672 [0.54613155]
94999 0.003352971514686942 [0.5481095]
95999 0.006749311462044716 [0.550253]
96999 0.005511429626494646 [0.5526274]
97999 0.00887357909232378 [0.55449677]
98999 0.0066811381839215755 [0.55621654]
99999 0.004674877505749464 [0.5583667]
100999 0.0061171590350568295 [0.5603149]
101999 0.005263006780296564 [0.5621365]
102999 0.006883553229272366 [0.56396616]
103999 0.004929381888359785 [0.5657917]
104999 0.005844550207257271 [0.56714773]
105999 0.008445536717772484 [0.5686072]
106999 0.006770033854991198 [0.5708249]
107999 0.005438701249659061 [0.57206935]
108999 0.0063188886269927025 [0.5734429]
109999 0.00464685307815671 [0.5745226]
110999 0.005852175876498222 [0.57598615]
111999 0.0051089185290038586 [0.5770532]
112999 0.005696284119039774 [0.57843864]
113999 0.0036200769245624542 [0.5796085]
114999 0.005076208617538214 [0.5809536]
115999 0.006643746979534626 [0.5821921]
116999 0.0046078902669250965 [0.5832265]
117999 0.0055003114975988865 [0.5844155]
118999 0.006716327741742134 [0.5856933]
119999 0.006498769391328096 [0.5867053]
120999 0.006014241836965084 [0.5877354]
121999 0.0059360903687775135 [0.58893985]
122999 0.004052567295730114 [0.5898846]
123999 0.006025795824825764 [0.5911514]
124999 0.003651512088254094 [0.5920848]
125999 0.00643614586442709 [0.5931214]
126999 0.006504994351416826 [0.59411615]
127999 0.006167654879391193 [0.5951109]
128999 0.004945768043398857 [0.59572893]
129999 0.006277861539274454 [0.5968669]
130999 0.004670452326536179 [0.59763575]
131999 0.005674222484230995 [0.5984925]
132999 0.005134092643857002 [0.59964573]
133999 0.0037173847667872906 [0.6004311]
134999 0.005235851742327213 [0.601516]
135999 0.0044941348023712635 [0.6024512]
136999 0.004665694199502468 [0.6031709]
137999 0.005571335554122925 [0.6039083]
138999 0.006268684286624193 [0.60469127]
139999 0.007013934664428234 [0.6056471]
140999 0.005962532479315996 [0.60591066]
141999 0.005830154288560152 [0.60695016]
142999 0.005164667963981628 [0.6077325]
143999 0.005222377832978964 [0.6084702]
144999 0.004325739573687315 [0.6088333]
145999 0.007337970193475485 [0.60998344]
146999 0.006727558095008135 [0.6105537]
147999 0.0044547091238200665 [0.6108201]
148999 0.007565475534647703 [0.6112746]
149999 0.004564598202705383 [0.61179376]
150999 0.005352721083909273 [0.6123877]
151999 0.005483732093125582 [0.61274004]
152999 0.004452941939234734 [0.6134706]
153999 0.006915495730936527 [0.61414015]
154999 0.00475545646622777 [0.6148273]
155999 0.004705355502665043 [0.6155914]
156999 0.006672270130366087 [0.61621195]
157999 0.004094733390957117 [0.61643636]
158999 0.004830156918615103 [0.616941]
159999 0.004530656151473522 [0.61761904]
160999 0.005739710759371519 [0.617837]
161999 0.005259504076093435 [0.6183577]
162999 0.005176318809390068 [0.61890465]
163999 0.004215574823319912 [0.6194994]
164999 0.005933267995715141 [0.6200244]
165999 0.006521101575344801 [0.62041146]
166999 0.004400375299155712 [0.62074995]
167999 0.005606741178780794 [0.6211951]
168999 0.0058768573217093945 [0.62129533]
169999 0.005083373747766018 [0.62144375]
170999 0.005330354440957308 [0.62195253]
171999 0.004585246555507183 [0.62225837]
172999 0.0037303613498806953 [0.6226925]
173999 0.0029333005659282207 [0.62336284]
174999 0.006701174657791853 [0.62385386]
175999 0.0063104573637247086 [0.6245528]
176999 0.00611526845023036 [0.6250821]
177999 0.004235136788338423 [0.6255517]
178999 0.004854858387261629 [0.6260511]
179999 0.0039039873518049717 [0.6262332]
180999 0.004491586238145828 [0.6269444]
181999 0.005123524460941553 [0.62759256]
182999 0.0053280992433428764 [0.6280789]
183999 0.005312773399055004 [0.6283459]
184999 0.005921896081417799 [0.62881726]
185999 0.0045942459255456924 [0.6290629]
186999 0.006614730227738619 [0.6292357]
187999 0.004262389615178108 [0.62973696]
188999 0.007621789816766977 [0.6297684]
[0.6297898]
999 0.5257338881492615 [0.00641127]
1999 0.5285007953643799 [0.02385888]
2999 0.37924614548683167 [0.0325324]
3999 0.4233018457889557 [0.03690699]
4999 0.24946410953998566 [0.04045926]
5999 0.31866294145584106 [0.04281525]
6999 0.2230372130870819 [0.04517936]
7999 0.2630773186683655 [0.04860846]
8999 0.26193657517433167 [0.05020523]
9999 0.14740276336669922 [0.0524604]
10999 0.2165677398443222 [0.05505308]
11999 0.12902012467384338 [0.05764131]
12999 0.2130659967660904 [0.06030501]
13999 0.1721419095993042 [0.06378374]
14999 0.1184300035238266 [0.06659187]
15999 0.12467671185731888 [0.07015103]
16999 0.13107848167419434 [0.07331885]
17999 0.0839504823088646 [0.07625204]
18999 0.07935541123151779 [0.07938116]
19999 0.09571708738803864 [0.08277974]
20999 0.09166394174098969 [0.08676734]
21999 0.07311660051345825 [0.09026067]
22999 0.08917485922574997 [0.09444552]
23999 0.08177264779806137 [0.09829914]
24999 0.09898567944765091 [0.10298402]
25999 0.05792366713285446 [0.10759291]
26999 0.0639348104596138 [0.11178998]
27999 0.07687217742204666 [0.11715969]
28999 0.057557541877031326 [0.1216346]
29999 0.04494166374206543 [0.1270071]
30999 0.0525096170604229 [0.13229695]
31999 0.047327976673841476 [0.1376475]
32999 0.04312584176659584 [0.14315663]
33999 0.03161376714706421 [0.14854781]
34999 0.03718512877821922 [0.15408123]
35999 0.03640066459774971 [0.15991941]
36999 0.03249344602227211 [0.16591044]
37999 0.0338716134428978 [0.17260236]
38999 0.03695657476782799 [0.1789283]
39999 0.02441663295030594 [0.18502855]
40999 0.017810044810175896 [0.1914042]
41999 0.01903516799211502 [0.19789036]
42999 0.021355604752898216 [0.20521674]
43999 0.018973061814904213 [0.21203747]
44999 0.014984929002821445 [0.21871419]
45999 0.024609599262475967 [0.22566944]
46999 0.021361317485570908 [0.232884]
47999 0.020661253482103348 [0.24062753]
48999 0.014808925800025463 [0.24778348]
49999 0.01136672031134367 [0.25493]
50999 0.024862239137291908 [0.26285857]
51999 0.010998309589922428 [0.27043658]
52999 0.012320144101977348 [0.27805954]
53999 0.012728271074593067 [0.28472584]
54999 0.009376196190714836 [0.2921955]
55999 0.018719537183642387 [0.29936838]
56999 0.013907911255955696 [0.30699104]
57999 0.006549931596964598 [0.3145312]
58999 0.010083530098199844 [0.32201353]
59999 0.014303128235042095 [0.32910833]
60999 0.012994874268770218 [0.33606988]
61999 0.007917771115899086 [0.34366626]
62999 0.01040172390639782 [0.35087237]
63999 0.008720404468476772 [0.35748562]
64999 0.012595947831869125 [0.3647564]
65999 0.010574204847216606 [0.37131256]
66999 0.010216997936367989 [0.37807563]
67999 0.007708167657256126 [0.38437644]
68999 0.0062087359838187695 [0.39100793]
69999 0.00761968782171607 [0.39769205]
70999 0.004954358097165823 [0.40355903]
71999 0.005938321817666292 [0.4094037]
72999 0.005779006518423557 [0.4155852]
73999 0.006026185117661953 [0.42154172]
74999 0.004644591826945543 [0.42766902]
75999 0.005120177287608385 [0.43294647]
76999 0.008911419659852982 [0.4381921]
77999 0.006696956232190132 [0.44317138]
78999 0.007884914986789227 [0.4484332]
79999 0.00494040921330452 [0.45339906]
80999 0.00496009411290288 [0.4585974]
81999 0.005387130659073591 [0.4636016]
82999 0.005032203625887632 [0.46842512]
83999 0.0067060855217278 [0.4730162]
84999 0.005750850774347782 [0.47699207]
85999 0.005881503690034151 [0.48129854]
86999 0.004630102775990963 [0.48541915]
87999 0.0038168260361999273 [0.48948163]
88999 0.00678704958409071 [0.49340656]
89999 0.005251202266663313 [0.4970359]
90999 0.005451389588415623 [0.5008584]
91999 0.003606981597840786 [0.50431025]
92999 0.005154128652065992 [0.5080049]
93999 0.0060102143324911594 [0.51125634]
94999 0.005224086344242096 [0.5142113]
95999 0.005930566228926182 [0.51757294]
96999 0.004226980730891228 [0.5204492]
97999 0.004804725758731365 [0.523161]
98999 0.00425035459920764 [0.526441]
99999 0.003930318634957075 [0.5288804]
100999 0.004868857562541962 [0.53178465]
101999 0.004945585038512945 [0.534362]
102999 0.005840490106493235 [0.5367086]
103999 0.004919361788779497 [0.53892225]
104999 0.004756744019687176 [0.54163617]
105999 0.005392140243202448 [0.54378074]
106999 0.003759888233616948 [0.5462839]
107999 0.004796830005943775 [0.5486679]
108999 0.004351120442152023 [0.55093026]
109999 0.0042555807158350945 [0.5531833]
110999 0.003918192349374294 [0.55530894]
111999 0.0046748267486691475 [0.5573115]
112999 0.005539234261959791 [0.5591164]
113999 0.0029353657737374306 [0.5609003]
114999 0.003780361730605364 [0.56294394]
115999 0.003342375159263611 [0.56466466]
116999 0.0041159032844007015 [0.56606]
117999 0.005259974393993616 [0.5677286]
118999 0.0049080210737884045 [0.56930673]
119999 0.0042628939263522625 [0.57060003]
120999 0.005123808979988098 [0.5726233]
121999 0.0043610697612166405 [0.5741909]
122999 0.004349812399595976 [0.57571507]
123999 0.0034573208540678024 [0.57730335]
124999 0.004634225741028786 [0.5787515]
125999 0.004689118359237909 [0.5805249]
126999 0.003953531384468079 [0.5815908]
127999 0.0032809539698064327 [0.5828222]
128999 0.004262758418917656 [0.5842773]
129999 0.004856573883444071 [0.5857387]
130999 0.004875732120126486 [0.5870423]
131999 0.00413226755335927 [0.58813375]
132999 0.003235842799767852 [0.5894648]
133999 0.0037316696252673864 [0.59074444]
134999 0.0055110570974648 [0.5916067]
135999 0.0038450949359685183 [0.593205]
136999 0.003555940929800272 [0.5945806]
137999 0.00418635131791234 [0.59552145]
138999 0.00432791979983449 [0.59658647]
139999 0.004717788193374872 [0.59764886]
140999 0.0036608539521694183 [0.59871453]
141999 0.0018869958585128188 [0.59986395]
142999 0.004627116024494171 [0.6008309]
143999 0.004918484948575497 [0.60172653]
144999 0.003880706150084734 [0.6024706]
145999 0.004101651255041361 [0.60373]
146999 0.002588869072496891 [0.60485506]
147999 0.005422160495072603 [0.60581756]
148999 0.004749030340462923 [0.60717565]
149999 0.004437463358044624 [0.60732096]
150999 0.004349634051322937 [0.6082369]
151999 0.0044875312596559525 [0.6090347]
152999 0.004338822327554226 [0.60979795]
153999 0.004055969417095184 [0.6105885]
154999 0.002522497670724988 [0.6118691]
155999 0.004619142971932888 [0.61261284]
156999 0.00387708842754364 [0.6129979]
157999 0.0028078644536435604 [0.6140883]
158999 0.0036330672446638346 [0.6150186]
159999 0.004060423467308283 [0.6158998]
160999 0.004220301751047373 [0.61662]
161999 0.003712124191224575 [0.6173694]
162999 0.004457199480384588 [0.6180247]
163999 0.00382441864348948 [0.6182897]
164999 0.004655275959521532 [0.6192596]
165999 0.004778624977916479 [0.6200557]
166999 0.0049424380995333195 [0.62051594]
167999 0.004154983442276716 [0.6213059]
168999 0.0035394178703427315 [0.6217526]
169999 0.0032995580695569515 [0.62248254]
170999 0.002633836818858981 [0.6228886]
171999 0.005037503316998482 [0.6238732]
172999 0.0029446769040077925 [0.6244989]
173999 0.0029664821922779083 [0.6252294]
174999 0.004047210793942213 [0.62567335]
175999 0.003817643504589796 [0.6262829]
176999 0.004309425130486488 [0.62676746]
177999 0.003229317022487521 [0.6278629]
178999 0.003765116212889552 [0.6283693]
179999 0.002915758639574051 [0.6287901]
180999 0.0034742155112326145 [0.62946385]
181999 0.0023656408302485943 [0.6300993]
182999 0.0032543744891881943 [0.63086283]
183999 0.004371097777038813 [0.6316247]
184999 0.0033663269132375717 [0.6321531]
185999 0.003595644375309348 [0.6326564]
186999 0.0033357401844114065 [0.63321894]
187999 0.0038049572613090277 [0.6338712]
188999 0.004509910475462675 [0.63445497]
189999 0.004647259134799242 [0.6349725]
190999 0.0041736033745110035 [0.6356042]
191999 0.0023938023950904608 [0.63581777]
192999 0.003843755694106221 [0.6364634]
193999 0.003440798493102193 [0.63715774]
194999 0.003803816856816411 [0.63771206]
195999 0.0034814232494682074 [0.6381826]
196999 0.0027590012177824974 [0.63861173]
197999 0.003523005172610283 [0.6391976]
198999 0.0033195747528225183 [0.6395624]
199999 0.0024234631564468145 [0.6401587]
200999 0.0056145042181015015 [0.64042383]
201999 0.003628120291978121 [0.6409615]
202999 0.0032392358407378197 [0.64129597]
203999 0.0038502535317093134 [0.6419019]
204999 0.0032935841009020805 [0.6424188]
205999 0.003577921539545059 [0.6429838]
206999 0.0035043777897953987 [0.6434413]
207999 0.002888117451220751 [0.6436416]
208999 0.0032160847913473845 [0.64421415]
209999 0.003184487111866474 [0.6445386]
210999 0.004706182517111301 [0.64462256]
[0.6446249]
999 0.5997018218040466 [0.01770639]
1999 0.6632379293441772 [0.02054294]
2999 0.42265045642852783 [0.02186314]
3999 0.4070553481578827 [0.02249473]
4999 0.32423925399780273 [0.02283581]
5999 0.4374464750289917 [0.02310712]
6999 0.4940626323223114 [0.02325617]
7999 0.45266950130462646 [0.02334208]
8999 0.3972758650779724 [0.02345376]
9999 0.4484279453754425 [0.02358277]
10999 0.39892733097076416 [0.02372122]
11999 0.4242524206638336 [0.02394699]
12999 0.2759232223033905 [0.0240497]
13999 0.4951476454734802 [0.02413806]
14999 0.44049060344696045 [0.02410038]
15999 0.31402477622032166 [0.02422662]
16999 0.508298933506012 [0.02438269]
17999 0.2597768008708954 [0.02442629]
18999 0.3131049573421478 [0.02457308]
19999 0.29389068484306335 [0.02450709]
20999 0.2905718684196472 [0.02465647]
21999 0.2606147229671478 [0.02473194]
22999 0.39744502305984497 [0.02496066]
23999 0.18999864161014557 [0.02505021]
24999 0.30216172337532043 [0.02518885]
25999 0.4570891559123993 [0.02526731]
26999 0.3515792489051819 [0.02543422]
27999 0.2656499743461609 [0.02556464]
28999 0.4010288119316101 [0.02574724]
29999 0.25768065452575684 [0.02584659]
30999 0.4072856903076172 [0.02601894]
31999 0.2208455204963684 [0.02616942]
32999 0.2782379686832428 [0.02634582]
33999 0.40942275524139404 [0.02643115]
34999 0.1967787891626358 [0.02666384]
35999 0.37336593866348267 [0.02675121]
36999 0.21514399349689484 [0.02683696]
37999 0.18751440942287445 [0.02697589]
38999 0.24068450927734375 [0.02719702]
39999 0.29923638701438904 [0.02742777]
[0.02745653]
999 0.47090619802474976 [-0.00276642]
1999 0.6020444631576538 [0.00124506]
2999 0.3674805462360382 [0.00371677]
3999 0.42116183042526245 [0.00518812]
4999 0.3851736783981323 [0.00610406]
5999 0.5290796756744385 [0.00674817]
6999 0.3920510709285736 [0.00712479]
7999 0.31180763244628906 [0.00736492]
8999 0.5239323973655701 [0.00766525]
9999 0.4389345347881317 [0.00781436]
10999 0.3808739483356476 [0.00785793]
11999 0.4064406454563141 [0.00822684]
12999 0.49517208337783813 [0.00842168]
13999 0.3358060121536255 [0.00863639]
14999 0.4988584816455841 [0.00882764]
15999 0.3074578642845154 [0.00900312]
16999 0.5128973126411438 [0.0090644]
17999 0.24820253252983093 [0.00931539]
18999 0.3402751088142395 [0.0095467]
19999 0.32371631264686584 [0.00980052]
20999 0.29584917426109314 [0.00991048]
21999 0.29583996534347534 [0.01000102]
22999 0.3928000032901764 [0.01013029]
23999 0.3126789331436157 [0.01046568]
24999 0.40835925936698914 [0.01055824]
25999 0.3243959844112396 [0.01086752]
26999 0.3470456600189209 [0.01115685]
27999 0.2691052258014679 [0.01136514]
28999 0.2575197219848633 [0.01141403]
29999 0.2864481210708618 [0.01150218]
30999 0.35555845499038696 [0.01186215]
31999 0.175880566239357 [0.01221238]
32999 0.22670096158981323 [0.01243432]
33999 0.26789554953575134 [0.01260137]
34999 0.2322513908147812 [0.01282831]
35999 0.2806883156299591 [0.01297288]
36999 0.2680818438529968 [0.01329113]
37999 0.18403898179531097 [0.01352289]
38999 0.2956060469150543 [0.01371201]
39999 0.3186558783054352 [0.01383271]
[0.01394821]
