cuda:0
9
Preparing datasets...
Preparing networks...
Fitting two-layer networks...
Generating network with reg level 0
modifying second layer regularization...
Generating network with reg level 0.1
modifying second layer regularization...
Generating network with reg level 0.3
modifying second layer regularization...
Generating dataframes...
Working on regularization level 0
[-0.00395072 -0.00248142]
99 16.881797607421873 0.1478
[-0.00125723 -0.00172366]
99 13.43401669921875 0.2074
[-0.0020386  -0.00080851]
99 10.99818203125 0.2801
[1.37136385e-05 1.46997438e-04]
99 9.316256420898437 0.3437
[-0.00204249  0.00108923]
99 8.14137783203125 0.4019
[0.00353302 0.00199123]
99 7.27415048828125 0.4425
[0.00432605 0.00284244]
99 6.597893286132813 0.4762
[0.00390393 0.00365604]
99 6.060617175292969 0.507
[0.00368904 0.00443454]
99 5.620310424804687 0.5319
[0.00644626 0.00517848]
99 5.255485510253906 0.555
[0.00644112 0.00589198]
99 4.943866247558594 0.5729
[0.00756452 0.00657565]
99 4.677139373779297 0.5922
[0.01054189 0.00723173]
99 4.447959753417969 0.6084
[0.01020673 0.00786418]
99 4.243838287353515 0.6231
[0.01076451 0.00847073]
99 4.064802166748047 0.6366
[0.01133418 0.00905642]
99 3.905105230712891 0.6459
[0.01064392 0.0096244 ]
99 3.7631830322265625 0.6565
[0.01066082 0.01016991]
99 3.635084649658203 0.6668
[0.01083637 0.01069938]
99 3.5198578796386717 0.6751
[0.01460201 0.01121111]
99 3.4150667114257813 0.685
[0.01210688 0.01170937]
99 3.3193847045898437 0.6926
[0.01178926 0.01218714]
99 3.230444155883789 0.6992
[0.01352519 0.01265671]
99 3.150131118774414 0.7056
[0.013842   0.01310801]
99 3.0755022125244142 0.7108
[0.01756302 0.013552  ]
99 3.0061736267089842 0.7169
[0.01538794 0.01398622]
99 2.942451580810547 0.7227
[0.0168441  0.01440805]
99 2.8830026458740234 0.7271
[0.0164723  0.01481367]
99 2.826704006958008 0.7312
[0.01510889 0.01521216]
99 2.7743976654052735 0.736
[0.02001481 0.0156027 ]
99 2.725079653930664 0.7405
[0.01981179 0.01598397]
99 2.6790509216308593 0.7456
[0.0187287  0.01635739]
99 2.635815838623047 0.7491
[0.02040361 0.01672087]
99 2.594519384765625 0.7523
[0.02160527 0.01707692]
99 2.55539208984375 0.7568
[0.02020487 0.01742409]
99 2.5183198333740235 0.7599
[0.02232449 0.01776554]
99 2.483541778564453 0.7634
[0.02141832 0.01810162]
99 2.4501856719970703 0.7659
[0.02043468 0.01842856]
99 2.4178981658935546 0.769
[0.01963453 0.01875086]
99 2.3874988647460937 0.7711
[0.02534073 0.01906995]
99 2.3583600982666018 0.7735
[0.02193334 0.01937852]
99 2.3311439453125 0.7762
[0.02276515 0.01968307]
99 2.3035628646850586 0.7784
[0.02183694 0.01998592]
99 2.2790140045166014 0.7807
[0.02387286 0.0202815 ]
99 2.254229054260254 0.7837
[0.02410611 0.02058007]
99 2.2299259658813475 0.7856
[0.02527198 0.02086639]
99 2.2070814544677733 0.787
[0.0254276  0.02114937]
99 2.1848653472900392 0.7897
[0.02684873 0.02143194]
99 2.1635457427978517 0.7917
[0.02354749 0.02170892]
99 2.1432644912719727 0.793
[0.0231745  0.02198279]
99 2.1230440963745116 0.7944
[0.02451968 0.02225007]
99 2.10415945892334 0.7948
[0.02432518 0.0225211 ]
99 2.0854943786621094 0.7974
[0.0277017  0.02278226]
99 2.067532304382324 0.7991
[0.0278473  0.02304419]
99 2.049599934387207 0.8006
[0.02721544 0.02330248]
99 2.033406623840332 0.8021
[0.02873521 0.02355882]
99 2.0164146896362305 0.8026
[0.02603203 0.02381017]
99 2.0001446243286134 0.8043
[0.02609868 0.02405971]
99 1.9847744522094726 0.8055
[0.02640765 0.02430453]
99 1.969385740661621 0.8076
[0.02886781 0.02454984]
99 1.954453889465332 0.8086
[0.03046177 0.02478965]
99 1.9402337844848634 0.8106
[0.03028116 0.02502969]
99 1.9265597503662109 0.8115
[0.02820467 0.02526685]
99 1.9128707885742187 0.8135
[0.03112862 0.02550258]
99 1.9004228637695313 0.8146
[0.0304591  0.02573551]
99 1.8870439376831054 0.8157
[0.02795074 0.02596625]
99 1.8743429992675782 0.8163
[0.03098135 0.02619311]
99 1.8615233627319336 0.8175
[0.03162238 0.02642193]
99 1.850019790649414 0.8181
[0.03212287 0.02664682]
99 1.837862890625 0.8192
[0.03192465 0.02686868]
99 1.8263082138061524 0.8205
[0.03178199 0.02708845]
99 1.8157998977661134 0.8212
[0.03158672 0.02730987]
99 1.8043981048583984 0.8216
[0.03150523 0.02752622]
99 1.793492889404297 0.8226
[0.03405369 0.02774065]
99 1.7828937622070313 0.8235
[0.03093855 0.02795565]
99 1.7727541015625 0.824
[0.03260163 0.02816855]
99 1.7622310348510741 0.8247
[0.0354933 0.0283791]
99 1.7520490234375 0.8257
[0.03090686 0.02858739]
99 1.7421861267089844 0.8264
[0.03523158 0.02879704]
99 1.7327859008789062 0.8273
[0.0316586  0.02900139]
99 1.7234238525390626 0.828
[0.03166563 0.0292103 ]
99 1.7146561416625976 0.8289
[0.03372579 0.02941248]
99 1.7048870559692382 0.8297
[0.03536503 0.02961659]
99 1.6960924591064452 0.83
[0.03496559 0.02981779]
99 1.6870789321899413 0.8309
[0.03600536 0.03001878]
99 1.6787782836914062 0.8318
[0.0357069  0.03021888]
99 1.6702178985595704 0.8328
[0.03499819 0.03041499]
99 1.6618796920776366 0.8335
[0.03666282 0.03061288]
99 1.6537473785400392 0.8341
[0.03454229 0.03080614]
99 1.6459646057128907 0.8338
[0.03560005 0.03100246]
99 1.6379535888671874 0.8347
[0.0363032  0.03119434]
99 1.630439241027832 0.8352
[0.03877343 0.03138756]
99 1.6229076232910156 0.8364
[0.03583518 0.03157852]
99 1.6147605354309083 0.8369
[0.03774453 0.03176609]
99 1.607435132598877 0.8372
[0.03748662 0.03195466]
99 1.6006055969238282 0.8386
[0.03985943 0.03214347]
99 1.5937679000854492 0.8385
[0.03524606 0.03232983]
99 1.5863363647460937 0.8395
[0.03726875 0.03251465]
99 1.5796212394714355 0.8392
[0.03723481 0.0327011 ]
99 1.5729163291931152 0.8404
[0.03944245 0.03288424]
99 1.5664214393615723 0.8406
[0.04105691 0.0330669 ]
99 1.5595132911682128 0.841
[0.03832604 0.03324763]
99 1.552678140258789 0.8416
[0.03997197 0.03342992]
99 1.5468903938293457 0.842
[0.03807604 0.0336088 ]
99 1.5410124000549317 0.843
[0.04394258 0.03378693]
99 1.5339429695129394 0.8433
[0.03972979 0.0339639 ]
99 1.5275267120361329 0.844
[0.04053576 0.03413839]
99 1.5225259895324708 0.8438
[0.03989246 0.03431695]
99 1.5161393653869628 0.8448
[0.03908564 0.03449333]
99 1.5096423377990722 0.8453
[0.04068977 0.03466756]
99 1.503730305480957 0.8458
[0.04116519 0.03484041]
99 1.4985087181091308 0.8456
[0.0427972  0.03501227]
99 1.4921115425109863 0.847
[0.04261897 0.03518565]
99 1.4864662734985352 0.8469
[0.04053239 0.0353567 ]
99 1.4812265579223634 0.8477
[0.04143558 0.03552619]
99 1.4753472396850587 0.8482
[0.04159208 0.03569532]
99 1.4699232749938964 0.8489
[0.04218816 0.0358621 ]
99 1.4644162803649903 0.8494
[0.04304146 0.03603161]
99 1.4597712242126464 0.8492
[0.04221024 0.03619907]
99 1.4542713035583497 0.8497
[0.04401407 0.03636407]
99 1.4491816177368164 0.8498
[0.04267894 0.03653087]
99 1.4444917434692384 0.8502
[0.04390072 0.03669255]
99 1.4392992347717286 0.8505
[0.04347831 0.03686044]
99 1.4340151725769044 0.8514
[0.04356018 0.03702269]
99 1.429349821472168 0.8517
[0.04439287 0.03718608]
99 1.4241081275939942 0.8517
[0.04482882 0.0373473 ]
99 1.4196657569885254 0.8523
[0.04429016 0.03750754]
99 1.4144979614257813 0.8529
[0.04432528 0.03767028]
99 1.4101805114746093 0.8522
[0.04298772 0.0378291 ]
99 1.4051026336669923 0.8531
[0.04395847 0.03798909]
99 1.40005365524292 0.8537
[0.04568934 0.03814648]
99 1.3955748168945312 0.8541
[0.04607937 0.03830557]
99 1.3912284378051758 0.8539
[0.04380379 0.03846388]
99 1.386081957244873 0.8546
[0.0474794  0.03861918]
99 1.3829180671691894 0.8549
[0.04452031 0.03877664]
99 1.3777300582885743 0.8552
[0.04721158 0.03893175]
99 1.3735723304748535 0.8554
[0.04571497 0.03908542]
99 1.3694106399536132 0.8559
[0.04480568 0.03924055]
99 1.365080812072754 0.8564
[0.0470668  0.03939537]
99 1.360304470062256 0.8565
[0.04758572 0.03954848]
99 1.3564595573425293 0.8567
[0.04533615 0.0397016 ]
99 1.3526070693969727 0.8576
[0.04678532 0.03985406]
99 1.348105997467041 0.8583
[0.0472543 0.0400044]
99 1.3442735473632812 0.8582
[0.04732264 0.04015609]
99 1.3403808212280273 0.8582
[0.0469684  0.04030743]
99 1.336494766998291 0.8584
[0.04646171 0.04045589]
99 1.332509072113037 0.8586
[0.04636307 0.04060804]
99 1.3283400283813476 0.8588
[0.0466755  0.04075549]
99 1.3249386741638183 0.8595
[0.04831008 0.04090108]
99 1.3212023902893066 0.8594
[0.04735503 0.04105188]
99 1.3173690460205079 0.8595
[0.04820735 0.0411995 ]
99 1.3136157623291016 0.8598
[0.04775356 0.04134795]
99 1.3094048599243164 0.8603
[0.0500637  0.04149247]
99 1.3053174331665038 0.8603
[0.04859432 0.0416398 ]
99 1.301875160217285 0.861
[0.0470061  0.04178327]
99 1.2983804664611815 0.8612
[0.04889238 0.04193005]
99 1.2945970779418945 0.8613
[0.04654646 0.04207416]
99 1.2911802406311035 0.8619
[0.04808978 0.04221953]
99 1.2879449661254883 0.862
[0.04821868 0.04236278]
99 1.2845246559143066 0.862
[0.05164116 0.04250636]
99 1.280667992401123 0.8621
[0.04912398 0.04264867]
99 1.2771850914001466 0.8623
[0.04850878 0.04279045]
99 1.273541342163086 0.8625
[0.04994325 0.04293284]
99 1.2706160690307617 0.8631
[0.05179699 0.04307467]
99 1.2672495277404785 0.8633
[0.05202659 0.04321563]
99 1.2638587547302247 0.864
[0.05011587 0.04335556]
99 1.2608641075134277 0.8637
[0.04990425 0.04349495]
99 1.2578690391540528 0.8641
[0.05141608 0.04363486]
99 1.254160878753662 0.8645
[0.0521214  0.04377497]
99 1.25105479888916 0.8648
[0.05211219 0.0439137 ]
99 1.2478900825500487 0.8648
[0.05323092 0.04405418]
99 1.2446761711120606 0.8651
[0.04896889 0.04419026]
99 1.2415448600769043 0.8652
[0.0507315  0.04432799]
99 1.2387878723144532 0.8652
[0.05201436 0.04446747]
99 1.235478444671631 0.8657
[0.05337882 0.04460375]
99 1.2319531982421874 0.8661
[0.053659   0.04474106]
99 1.2293418106079101 0.8662
[0.05328827 0.04487628]
99 1.2265566970825195 0.8661
[0.05226111 0.04501348]
99 1.2233408081054689 0.8664
[0.05235591 0.04514918]
99 1.2203021842956543 0.8665
[0.05281283 0.04528297]
99 1.2173251373291016 0.8667
[0.05270532 0.04541972]
99 1.2142480003356935 0.8674
[0.05320872 0.04555391]
99 1.2112573905944823 0.868
[0.05080893 0.04568848]
99 1.2087851058959962 0.8673
[0.05416726 0.04582474]
99 1.2061411125183106 0.868
[0.05270257 0.04595658]
99 1.2034019775390625 0.8681
[0.05405036 0.04609058]
99 1.2006695266723633 0.8685
[0.05212202 0.04622325]
99 1.1976553970336914 0.8686
[0.05329174 0.04635651]
99 1.1949479751586913 0.8689
[0.05189389 0.04648902]
99 1.1920864128112794 0.8695
[0.05507385 0.04662038]
99 1.1895158988952637 0.8694
[0.05735105 0.046753  ]
99 1.1871168739318847 0.8693
[0.05462231 0.04688412]
99 1.1846732192993163 0.8695
[0.05519973 0.04701392]
99 1.1820286643981934 0.8696
[0.05734362 0.0471462 ]
99 1.179017985534668 0.8696
[0.05477757 0.04727536]
99 1.1763455558776856 0.8698
[0.05704491 0.0474043 ]
99 1.1736488220214845 0.8697
[0.05537061 0.04753677]
99 1.1711262565612792 0.8703
[0.05773132 0.04766633]
99 1.1682578598022462 0.8705
[0.05844077 0.0477952 ]
99 1.1660713470458985 0.8708
[0.05651359 0.04792525]
99 1.1632024337768554 0.8708
[0.05894393 0.04805256]
99 1.1609838493347169 0.8707
[0.05465594 0.04818264]
99 1.1583801635742188 0.8708
[0.05602759 0.04831082]
99 1.1559159912109376 0.8708
[0.05801573 0.04843824]
99 1.1534462226867677 0.8707
[0.05684223 0.04856649]
99 1.1510909446716309 0.8714
[0.05514228 0.04869301]
99 1.1485021713256836 0.8715
[0.05753737 0.04882222]
99 1.1458686378479004 0.872
[0.05604447 0.04894944]
99 1.1434595710754394 0.872
[0.05598241 0.04907591]
99 1.1410351707458497 0.8718
[0.05823255 0.04920087]
99 1.139190012359619 0.8716
[0.05782519 0.04932838]
99 1.1371578941345215 0.8725
[0.05621047 0.0494548 ]
99 1.134571237182617 0.8725
[0.05959336 0.04957902]
99 1.131944930267334 0.8725
[0.05713434 0.04970367]
99 1.1295426383972167 0.8723
[0.05826562 0.04982735]
99 1.127687117767334 0.8722
[0.05825488 0.04995352]
99 1.124805103302002 0.8724
[0.05616643 0.05007968]
99 1.1227472419738769 0.873
[0.05943749 0.05020273]
99 1.120403907775879 0.8727
[0.05935225 0.05032741]
99 1.1186301681518556 0.8729
[0.05930317 0.05044966]
99 1.1160771385192871 0.873
[0.05884796 0.05057373]
99 1.1139474060058594 0.8736
[0.06104401 0.05069748]
99 1.112194184112549 0.8735
[0.060339   0.05082054]
99 1.1096741584777832 0.8738
[0.05862227 0.0509433 ]
99 1.107206381225586 0.8738
[0.05882574 0.05106624]
99 1.1047733238220214 0.8739
[0.05939322 0.051188  ]
99 1.1025446113586426 0.8741
[0.06210252 0.05130932]
99 1.100608393096924 0.8742
[0.05841159 0.05143031]
99 1.0988860069274902 0.8742
[0.06260077 0.0515536 ]
99 1.0963444808959961 0.8748
[0.06034855 0.05167542]
99 1.0941275749206543 0.8749
[0.05963979 0.05179724]
99 1.0922869632720946 0.875
[0.06013686 0.05191688]
99 1.0902872131347656 0.875
[0.06115947 0.05203772]
99 1.0882499526977538 0.8753
[0.05801509 0.05215869]
99 1.0863938488006593 0.8751
[0.06301204 0.05227861]
99 1.0843916599273682 0.8755
[0.06344349 0.05239988]
99 1.08185128364563 0.8759
[0.06139735 0.05251843]
99 1.079942091369629 0.8761
[0.06215457 0.05263906]
99 1.0777884506225586 0.8762
[0.06319785 0.0527587 ]
99 1.0760384754180907 0.8764
[0.06324121 0.05287632]
99 1.074220285797119 0.8764
[0.06089625 0.05299743]
99 1.0720351097106933 0.8767
[0.0617345 0.0531148]
99 1.0702020519256592 0.8768
[0.06146983 0.05323442]
99 1.0679979591369628 0.8772
[0.06127984 0.05335176]
99 1.0658814685821534 0.8775
[0.06447058 0.05347045]
99 1.0641037254333496 0.8778
[0.0610242  0.05358744]
99 1.0621595161437989 0.8775
[0.06219485 0.05370578]
99 1.0603795223236083 0.8778
[0.06273226 0.053822  ]
99 1.0580785812377929 0.8781
[0.06272797 0.05394334]
99 1.056499686050415 0.8784
[0.06454919 0.0540589 ]
99 1.0544292915344238 0.8788
[0.06279794 0.05417478]
99 1.052672956085205 0.8786
[0.06577791 0.05429253]
99 1.050778638458252 0.879
[0.06436559 0.05441244]
99 1.0488201957702636 0.8791
[0.0626644  0.05452645]
99 1.0471270950317382 0.8791
[0.06260269 0.05464273]
99 1.0452614109039307 0.8795
[0.0633027  0.05475765]
99 1.043335216140747 0.8796
[0.06345665 0.05487432]
99 1.041314302444458 0.8795
[0.06419234 0.05499074]
99 1.0398305728912354 0.8799
[0.06287413 0.05510434]
99 1.0379922317504884 0.8799
[0.06574093 0.05522174]
99 1.036547620010376 0.8799
[0.0666616  0.05533845]
99 1.034522452545166 0.8802
[0.06732969 0.05545294]
99 1.0326532726287843 0.8806
[0.06517546 0.05556798]
99 1.0307242988586425 0.8807
[0.0648008  0.05568284]
99 1.0290599182128906 0.8808
[0.06245985 0.05579687]
99 1.0271102149963378 0.881
[0.06585049 0.05591172]
99 1.0258763179779053 0.8816
[0.06599453 0.05602525]
99 1.0240771965026856 0.8815
[0.06709862 0.05613918]
99 1.0221321670532226 0.882
[0.0661031  0.05625362]
99 1.0203603321075438 0.8824
[0.06510384 0.05636657]
99 1.018541822052002 0.8825
[0.06233819 0.0564806 ]
99 1.017161823272705 0.8826
[0.06649174 0.05659253]
99 1.0153793308258057 0.8828
[0.06620016 0.05670622]
99 1.0136345081329345 0.8831
[0.06584008 0.05681971]
99 1.0119701606750489 0.8834
[0.06560836 0.05693246]
99 1.010603384399414 0.8834
[0.06599848 0.0570467 ]
99 1.0083408710479735 0.8839
[0.06631193 0.05715938]
99 1.0067914936065674 0.8839
[0.06724948 0.05727093]
99 1.0051720634460448 0.884
[0.06862907 0.05738253]
99 1.003829738998413 0.8839
[0.06623909 0.05749656]
99 1.0018231369018555 0.8842
[0.06643727 0.05760738]
99 1.000141270828247 0.8847
[0.0643662  0.05771914]
99 0.9988551948547363 0.8843
[0.06554461 0.05783103]
99 0.997404674911499 0.8841
[0.06608632 0.05794229]
99 0.9960372257232666 0.8843
[0.06629171 0.05805283]
99 0.9941390403747559 0.8848
[0.06921559 0.05816394]
99 0.9927936477661132 0.8848
[0.06991558 0.05827477]
99 0.9914081539154053 0.8848
[0.06930818 0.05838457]
99 0.9899272846221924 0.8842
[0.06827459 0.05849624]
99 0.9880236705780029 0.885
[0.06943304 0.05860848]
99 0.986772529220581 0.8847
[0.06617157 0.05871823]
99 0.9853865428924561 0.8848
[0.06892779 0.05883055]
99 0.9834622058868409 0.885
[0.06750734 0.05894021]
99 0.9819378402709961 0.8847
[0.07142685 0.05905102]
99 0.9800923606872559 0.8849
[0.06940733 0.05915925]
99 0.9789458267211915 0.885
[0.06840587 0.05926972]
99 0.9777134037017823 0.8848
[0.06921009 0.05938061]
99 0.9759764266967773 0.8847
[0.06966748 0.05948872]
99 0.9743803123474121 0.8855
[0.06927277 0.05959874]
99 0.972755212020874 0.8854
[0.06983159 0.0597092 ]
99 0.971728796005249 0.8855
Working on regularization level 0.1
[-0.00356781 -0.00245636]
99 15.101089111328125 0.1506
[-0.00442727 -0.00160434]
99 10.543394189453124 0.2222
[-0.00122396 -0.00053176]
99 7.51785546875 0.3166
[0.00236567 0.00061639]
99 5.574855883789063 0.4001
[0.0017845  0.00176192]
99 4.276424194335937 0.4622
[0.00440273 0.00288284]
99 3.3611048034667967 0.5142
[0.00233473 0.00397575]
99 2.6939784545898435 0.5595
[0.00732214 0.00504546]
99 2.1942525238037107 0.6006
[0.0055364  0.00610751]
99 1.8147170654296876 0.6359
[0.00677776 0.00715574]
99 1.5234212585449218 0.6638
[0.00902598 0.00820394]
99 1.2963750610351563 0.6892
[0.0127462  0.00925207]
99 1.1189191040039062 0.7141
[0.01068501 0.01032375]
99 0.978044499206543 0.7364
[0.01244036 0.01142001]
99 0.86732158203125 0.754
[0.01543218 0.01255796]
99 0.778945686340332 0.7695
[0.02005383 0.01376356]
99 0.7086886909484863 0.7849
[0.0178935  0.01503773]
99 0.6532414199829102 0.7994
[0.02253805 0.01644395]
99 0.610141943359375 0.8127
[0.02196415 0.01796017]
99 0.5764502960205078 0.8254
[0.02352826 0.01964924]
99 0.5502442344665527 0.8364
[0.02471589 0.02153823]
99 0.530038981628418 0.8473
[0.02935549 0.02363341]
99 0.5148878509521484 0.8568
[0.030611   0.02597985]
99 0.5033725791931153 0.8638
[0.03373748 0.02863181]
99 0.4943132675170898 0.8706
[0.03678002 0.03158268]
99 0.487628483581543 0.8771
[0.0411834  0.03489058]
99 0.4828515830993652 0.8808
[0.04466801 0.03853379]
99 0.4785575172424316 0.8863
[0.05099356 0.04257292]
99 0.47577788619995115 0.8888
[0.05374027 0.04699464]
99 0.47317867431640626 0.8922
[0.05756427 0.05181072]
99 0.4713368057250977 0.8954
[0.06370891 0.05702396]
99 0.47034638366699216 0.8973
[0.06769352 0.062626  ]
99 0.46858296813964845 0.8986
[0.07700948 0.0685506 ]
99 0.46748372497558593 0.8995
[0.08416058 0.07474219]
99 0.46671196212768556 0.901
[0.09145149 0.08123687]
99 0.46562116241455076 0.9019
[0.09703121 0.08782911]
99 0.4650937644958496 0.9019
[0.1034742  0.09443762]
99 0.46469363098144534 0.9027
[0.1111565  0.10113093]
99 0.46388026809692384 0.9031
[0.11871193 0.1077074 ]
99 0.4630762252807617 0.9037
[0.1234176  0.11415938]
99 0.4625580986022949 0.9038
[0.13018453 0.12040475]
99 0.4620777503967285 0.9042
[0.13550638 0.12637813]
99 0.4616121124267578 0.904
[0.14509363 0.13207358]
99 0.4611903701782227 0.905
[0.14787658 0.13745396]
99 0.4606086082458496 0.9043
[0.15127425 0.1424471 ]
99 0.46026861877441405 0.9048
[0.15774791 0.14721292]
99 0.4599690315246582 0.9044
[0.15972304 0.15165144]
99 0.45964625854492186 0.9043
[0.1655376  0.15595554]
99 0.45921830368041994 0.9037
[0.17140482 0.15984415]
99 0.4585632881164551 0.9045
[0.17400965 0.16354252]
99 0.45823787384033204 0.9048
[0.17794666 0.16711494]
99 0.45800957946777343 0.9042
[0.18379813 0.17049389]
99 0.4576552619934082 0.9036
[0.18419248 0.17377146]
99 0.45708158416748046 0.9044
[0.18850946 0.17680834]
99 0.4567731979370117 0.9048
[0.1906564  0.17985725]
99 0.4562112808227539 0.9052
[0.19402006 0.18278223]
99 0.4561364189147949 0.9032
[0.1961793  0.18562226]
99 0.4555537452697754 0.9057
[0.19827881 0.18837735]
99 0.45496401138305664 0.9049
[0.20165804 0.1910057 ]
99 0.45504908523559573 0.9045
[0.20393805 0.19365104]
99 0.4541991912841797 0.9046
[0.20637095 0.19621527]
99 0.4539596481323242 0.9048
[0.21006452 0.19883494]
99 0.4534611869812012 0.905
[0.21218163 0.20134807]
99 0.45335207290649415 0.9047
[0.21373993 0.20396382]
99 0.4527585395812988 0.9052
[0.22001654 0.20634307]
99 0.4525501647949219 0.9043
[0.21897629 0.20881127]
99 0.4518139671325684 0.9052
[0.22261237 0.21125452]
99 0.451374919128418 0.9056
[0.22457568 0.21376121]
99 0.45142321014404296 0.9041
[0.22667293 0.21609077]
99 0.4506314544677734 0.9043
[0.22810924 0.21845256]
99 0.45033792572021486 0.9048
[0.23186255 0.2207812 ]
99 0.4497191162109375 0.9042
[0.2322846  0.22323771]
99 0.4492130592346191 0.9046
[0.23649438 0.22555575]
99 0.4487535400390625 0.9051
[0.24183543 0.22787078]
99 0.44853945083618163 0.9037
[0.24242152 0.23013717]
99 0.4480299697875977 0.9047
[0.24463245 0.23249009]
99 0.44788478317260744 0.9052
[0.24817531 0.23469691]
99 0.4472534706115723 0.9048
[0.24993093 0.23700602]
99 0.44711016159057615 0.9057
[0.2523948  0.23930678]
99 0.44667007751464843 0.905
[0.2549685  0.24150473]
99 0.44607561950683594 0.9053
[0.2570063 0.243794 ]
99 0.44546595153808594 0.9057
[0.25900993 0.24598175]
99 0.445390291595459 0.9053
[0.26026237 0.24824719]
99 0.4451016975402832 0.9063
[0.26453573 0.2504559 ]
99 0.444400106048584 0.9058
[0.26739013 0.25258613]
99 0.44428346099853516 0.9053
[0.26782694 0.2548177 ]
99 0.44323953704833985 0.9062
[0.2693098  0.25700623]
99 0.443363037109375 0.9054
[0.2715836 0.2591211]
99 0.44273079986572267 0.9054
[0.27474654 0.2612813 ]
99 0.4423630989074707 0.9058
[0.27852458 0.26347676]
99 0.4417253746032715 0.9063
[0.27826774 0.26556003]
99 0.44141323165893553 0.9056
[0.27977118 0.26765418]
99 0.4407067001342773 0.9054
[0.2841358  0.26984587]
99 0.44087192993164065 0.905
[0.28658938 0.2719115 ]
99 0.43990929107666016 0.9058
[0.29011458 0.27392253]
99 0.44004971771240237 0.9059
[0.29283938 0.2760418 ]
99 0.4392994338989258 0.9061
[0.2901619  0.27805826]
99 0.4385481010437012 0.9054
[0.29174298 0.28008997]
99 0.4385583106994629 0.9062
[0.29690117 0.28223485]
99 0.43801268234252927 0.9052
[0.2985092  0.28420985]
99 0.437607649230957 0.9056
[0.2969438  0.28618053]
99 0.43694585647583006 0.906
[0.30307987 0.28829232]
99 0.43655173263549807 0.9065
[0.30625334 0.2902586 ]
99 0.4363461517333984 0.907
[0.3087925 0.2922318]
99 0.43593733367919923 0.9068
[0.3083127 0.2941059]
99 0.43592273406982424 0.9059
[0.31298244 0.29613543]
99 0.4349634101867676 0.9058
[0.31478885 0.2981087 ]
99 0.4344281799316406 0.9051
[0.3153709 0.3000323]
99 0.43418444747924806 0.9057
[0.3145463  0.30197594]
99 0.4335160224914551 0.9067
[0.31749994 0.30387935]
99 0.4331028617858887 0.9059
[0.3182392  0.30585447]
99 0.4329841697692871 0.9061
[0.323064  0.3076533]
99 0.4321931793212891 0.907
[0.32484162 0.30958098]
99 0.4318527755737305 0.9068
[0.32582393 0.3114221 ]
99 0.4314817024230957 0.9073
[0.328874  0.3133151]
99 0.4312575149536133 0.9065
[0.33054224 0.31512725]
99 0.4308535980224609 0.9072
[0.33275458 0.31699848]
99 0.4302380722045898 0.9069
[0.33744597 0.31881282]
99 0.42991921157836915 0.9056
[0.33861193 0.32056844]
99 0.42938035278320313 0.9065
[0.33721966 0.32242832]
99 0.42877011795043946 0.9072
[0.34166008 0.3242854 ]
99 0.4285069236755371 0.9068
[0.3425673  0.32607552]
99 0.42783582000732423 0.9065
[0.34474066 0.3278229 ]
99 0.42745276260375975 0.9063
[0.34565437 0.3296245 ]
99 0.42730218048095703 0.9067
[0.34642586 0.33134386]
99 0.42694561614990234 0.9073
[0.35009253 0.33309615]
99 0.42588593292236326 0.907
[0.35141218 0.334781  ]
99 0.42571090774536136 0.9075
[0.35338306 0.33653155]
99 0.42540349349975587 0.9077
[0.35488626 0.3382727 ]
99 0.4249438865661621 0.9077
[0.35731956 0.33986947]
99 0.42447320785522463 0.9067
[0.3579517  0.34167588]
99 0.42404843368530276 0.9076
[0.36117077 0.34331715]
99 0.42374914245605466 0.9075
[0.36450976 0.34498182]
99 0.4230005233764648 0.9073
[0.36383346 0.34661177]
99 0.42322165985107424 0.9077
[0.36560813 0.34827682]
99 0.4233199722290039 0.9061
[0.36712697 0.35000306]
99 0.42226458435058595 0.906
[0.37066972 0.35165837]
99 0.42139364395141604 0.9077
[0.36973906 0.35327756]
99 0.42144107360839844 0.9083
[0.37172976 0.35487354]
99 0.4208773086547852 0.9074
[0.37321025 0.35650796]
99 0.4203281608581543 0.9072
[0.37650365 0.35804358]
99 0.41981552658081056 0.9075
[0.3781587 0.3596558]
99 0.4194729789733887 0.9076
[0.3777007  0.36126173]
99 0.4191573570251465 0.9071
[0.37896016 0.3629011 ]
99 0.4186239372253418 0.9081
[0.38406676 0.3644034 ]
99 0.41867557678222656 0.9078
[0.38533664 0.3659687 ]
99 0.41799505462646486 0.9091
[0.38282302 0.36753434]
99 0.41716890335083007 0.9085
[0.38688695 0.3690421 ]
99 0.41762384338378905 0.9083
[0.39071003 0.37058854]
99 0.4165654266357422 0.9084
[0.38983703 0.37209988]
99 0.4164140907287598 0.9079
[0.3913511  0.37350923]
99 0.41604818420410156 0.9084
[0.39424762 0.3751147 ]
99 0.4156287338256836 0.9079
[0.39252782 0.37661088]
99 0.415084162902832 0.908
[0.39757007 0.3780864 ]
99 0.4146171020507812 0.909
[0.39813054 0.3795262 ]
99 0.41455634765625 0.9085
[0.3973841  0.38103855]
99 0.4138196403503418 0.9079
[0.4035727 0.3824694]
99 0.413215901184082 0.9082
[0.40012446 0.38393155]
99 0.4131852409362793 0.908
[0.40435684 0.38537264]
99 0.41291075897216795 0.9086
[0.40468428 0.3868626 ]
99 0.41236851806640623 0.9093
[0.40524346 0.38829118]
99 0.4118893798828125 0.9084
[0.41004655 0.38965386]
99 0.4115210090637207 0.9087
[0.41033265 0.39098164]
99 0.4111266395568848 0.9087
[0.41367006 0.3924245 ]
99 0.4105836181640625 0.9091
[0.41455597 0.39389277]
99 0.4099922233581543 0.9087
[0.41417655 0.3952061 ]
99 0.40980052185058596 0.9087
[0.41464838 0.39656782]
99 0.4097919738769531 0.9096
[0.41933942 0.3979867 ]
99 0.4090365631103516 0.9084
[0.4185834 0.3993786]
99 0.4086325729370117 0.9085
[0.4212066  0.40072328]
99 0.40849333877563476 0.9093
[0.4207083  0.40204448]
99 0.4075536346435547 0.9094
[0.42357218 0.4034187 ]
99 0.40785448379516603 0.9084
[0.42542794 0.40471563]
99 0.4070066223144531 0.9092
[0.42648023 0.40600106]
99 0.40698732681274413 0.9088
[0.42835638 0.40740624]
99 0.406382625579834 0.9094
[0.4285659  0.40868843]
99 0.4057906105041504 0.9093
[0.4309108  0.40994373]
99 0.4053178596496582 0.9089
[0.43151227 0.41119987]
99 0.4050025733947754 0.9088
[0.433026   0.41256014]
99 0.40501781997680664 0.9091
[0.43553606 0.41386724]
99 0.4048872283935547 0.9081
[0.43743443 0.4151199 ]
99 0.40397514877319335 0.9095
[0.43597433 0.41632724]
99 0.4038451217651367 0.9098
[0.4382712 0.4176317]
99 0.4035446098327637 0.9096
[0.44141257 0.41884723]
99 0.40291702423095704 0.9102
[0.44212428 0.42013285]
99 0.4025835372924805 0.9096
[0.44377378 0.42132512]
99 0.40189614181518557 0.91
[0.44539827 0.4225942 ]
99 0.4018551773071289 0.9097
[0.44521904 0.4237773 ]
99 0.401548087310791 0.9101
[0.44603404 0.4249203 ]
99 0.4012519660949707 0.9107
[0.44648448 0.42623082]
99 0.4007311653137207 0.91
[0.44875067 0.42735323]
99 0.40021984558105467 0.9107
[0.4487835  0.42868528]
99 0.40008752365112304 0.9098
[0.4523085  0.42982394]
99 0.39946865234375 0.9103
[0.45263347 0.4309484 ]
99 0.399441463470459 0.9103
[0.45567837 0.4322307 ]
99 0.3992416603088379 0.9104
[0.4548588  0.43343762]
99 0.3984135368347168 0.91
[0.45542943 0.43451306]
99 0.39806133422851564 0.911
[0.4559636  0.43571967]
99 0.3977090446472168 0.9104
[0.45877966 0.43685684]
99 0.3976364326477051 0.909
[0.46001813 0.43803313]
99 0.39735247039794924 0.9099
[0.46107325 0.43910074]
99 0.3965021461486816 0.9102
[0.46335134 0.4402653 ]
99 0.39653686447143555 0.9109
[0.46238908 0.44134182]
99 0.3958831977844238 0.9112
[0.46461314 0.44244614]
99 0.39584095916748047 0.9099
[0.4662374  0.44361353]
99 0.39569712982177735 0.9106
[0.4654479 0.4446833]
99 0.3945752510070801 0.9108
[0.46837407 0.44582513]
99 0.39463852386474607 0.9115
[0.46899843 0.44693536]
99 0.39401943817138674 0.9104
[0.46844336 0.44800612]
99 0.39382382736206056 0.9115
[0.47028485 0.44906846]
99 0.39333777923583985 0.9109
[0.47453082 0.45008582]
99 0.3930598442077637 0.9106
[0.47449636 0.45122814]
99 0.3927988815307617 0.9111
[0.47516248 0.45227572]
99 0.3927372169494629 0.9116
[0.47815046 0.45333198]
99 0.39216469268798826 0.9115
[0.47873566 0.45437562]
99 0.39154966888427734 0.9115
[0.4796894  0.45543522]
99 0.3915677207946777 0.9107
[0.47772667 0.4564776 ]
99 0.39123242645263673 0.9103
[0.48020825 0.45749643]
99 0.39091234512329104 0.9118
[0.48209417 0.45859095]
99 0.3906959136962891 0.9111
[0.48442948 0.45956957]
99 0.3905054344177246 0.9117
[0.48299924 0.4605188 ]
99 0.38991321182250976 0.911
[0.4838238  0.46162328]
99 0.3896700149536133 0.9115
[0.4855833 0.4626323]
99 0.3889869110107422 0.9116
[0.4879536  0.46359685]
99 0.3885071880340576 0.9121
[0.48764396 0.4646976 ]
99 0.3885474983215332 0.9115
[0.48917115 0.46562126]
99 0.3882813167572021 0.9117
[0.48856208 0.46662614]
99 0.3880000888824463 0.911
[0.49078733 0.46767414]
99 0.3878654678344727 0.9109
[0.49210232 0.46849558]
99 0.38750386695861816 0.9123
[0.49512914 0.46954903]
99 0.38689332466125487 0.9116
[0.49326307 0.4704598 ]
99 0.3863283592224121 0.9119
[0.49738058 0.47140518]
99 0.38598798332214357 0.9124
[0.49450803 0.4723616 ]
99 0.3860248821258545 0.9124
[0.49937856 0.47335172]
99 0.38566164779663087 0.9122
[0.49640495 0.474293  ]
99 0.38523170318603517 0.9125
[0.50265115 0.47525758]
99 0.38534007377624513 0.913
[0.5007898  0.47624797]
99 0.38449028968811033 0.9116
[0.50246906 0.47707435]
99 0.38433800048828126 0.9126
[0.49993947 0.47806132]
99 0.38376470069885255 0.9122
[0.5035125  0.47904083]
99 0.38364418067932127 0.9128
[0.50319433 0.4799593 ]
99 0.3834877197265625 0.9116
[0.50451654 0.48086694]
99 0.38412210655212403 0.9101
[0.5061546  0.48173514]
99 0.38272649612426757 0.9121
[0.5075795  0.48266542]
99 0.38210790214538576 0.913
[0.5073127  0.48355737]
99 0.3820264755249023 0.9128
[0.5103442  0.48448822]
99 0.3818101993560791 0.9125
[0.51004565 0.4853657 ]
99 0.38141636924743655 0.9125
[0.51214904 0.4863227 ]
99 0.38124084892272947 0.9124
[0.51220554 0.4871014 ]
99 0.3807420310974121 0.9126
[0.5114208  0.48807898]
99 0.3804237850189209 0.9128
[0.51536983 0.4888359 ]
99 0.38016531219482425 0.9133
[0.5166506 0.4897419]
99 0.3796240779876709 0.9125
[0.51864016 0.49060485]
99 0.37946387557983396 0.9128
[0.5171307  0.49140754]
99 0.37926211585998537 0.9125
[0.5187023  0.49236184]
99 0.3790899429321289 0.9125
[0.5176014  0.49323824]
99 0.3786500919342041 0.9124
[0.5175005  0.49418035]
99 0.3787260021209717 0.9133
[0.522068   0.49490276]
99 0.37831814498901367 0.9129
[0.5210243  0.49576795]
99 0.37751186904907225 0.9135
[0.52239126 0.4966127 ]
99 0.37716770210266115 0.9127
[0.52333367 0.49742705]
99 0.376908247756958 0.9129
[0.52252555 0.49828446]
99 0.37649902229309085 0.9129
[0.52507156 0.49915072]
99 0.37660085220336914 0.9124
[0.52623695 0.49999076]
99 0.3762585178375244 0.9136
[0.5262257  0.50071126]
99 0.3758077590942383 0.9124
[0.52612084 0.501562  ]
99 0.37571969566345215 0.9135
[0.52824235 0.5023349 ]
99 0.3752020767211914 0.9135
[0.5286275 0.5031646]
99 0.3747309539794922 0.9134
[0.5295799 0.5039657]
99 0.37471579284667966 0.9136
[0.5293121 0.504709 ]
99 0.3751757373809814 0.9146
[0.5316288  0.50557894]
99 0.3740902698516846 0.9136
[0.53012526 0.5063378 ]
99 0.3739124435424805 0.9135
[0.5326691 0.5070675]
99 0.37368354721069336 0.9148
[0.5342067 0.5079535]
99 0.37331608352661133 0.9137
[0.5352343 0.5086315]
99 0.3730071548461914 0.9139
[0.5343104 0.5094408]
99 0.37292054901123045 0.9138
[0.53758246 0.5102613 ]
99 0.372431148147583 0.9139
[0.5381206  0.51101106]
99 0.3725723487854004 0.9137
[0.5371117  0.51179045]
99 0.37185512275695803 0.9138
[0.5417452  0.51243037]
99 0.37215177383422854 0.9142
[0.5411187 0.5132805]
99 0.3719331729888916 0.9142
[0.53872246 0.5139926 ]
99 0.371166743850708 0.9152
[0.54138947 0.51476365]
99 0.37139549255371096 0.9144
[0.5438528  0.51557875]
99 0.3704740501403809 0.9139
[0.544011   0.51628864]
99 0.37023584175109864 0.9152
[0.5454185 0.5170717]
99 0.37040151901245116 0.9146
[0.54519886 0.5177728 ]
99 0.36986956214904787 0.9145
[0.5455113  0.51857525]
99 0.369999503326416 0.9134
[0.5470131 0.5192087]
99 0.369377347946167 0.9144
[0.5473569  0.51994115]
99 0.3688895511627197 0.9142
[0.54816055 0.52063936]
99 0.36879377250671386 0.9147
[0.5482805 0.5214263]
99 0.3685693145751953 0.9138
[0.5508901  0.52214223]
99 0.36823772583007813 0.9148
[0.5504534 0.5227732]
99 0.3678270965576172 0.9142
[0.5517895 0.5235119]
99 0.36767241477966306 0.9142
[0.55250794 0.5242762 ]
99 0.3673328140258789 0.9143
[0.55373037 0.5249566 ]
99 0.3672009132385254 0.9149
[0.5526212  0.52568585]
99 0.3670871627807617 0.9145
[0.55505395 0.5263102 ]
99 0.3666955104827881 0.9143
[0.55414027 0.52714705]
99 0.36671736183166503 0.9147
Working on regularization level 0.3
[-0.0051668  -0.00240138]
99 12.064397998046875 0.1561
[-0.00290943 -0.00133893]
99 6.451434619140625 0.264
[-3.3558444e-03  8.3562001e-05]
99 3.5466541748046874 0.4004
[0.00269177 0.00166058]
99 2.108668048095703 0.508
[0.00436889 0.00334628]
99 1.3748738494873047 0.6014
[0.00504758 0.00527746]
99 1.0019009796142577 0.6777
[0.0081312  0.00766287]
99 0.8204826477050782 0.7442
[0.01316117 0.01087883]
99 0.7376373489379883 0.7936
[0.0183596 0.0153193]
99 0.7026615219116211 0.8303
[0.02677291 0.02145878]
99 0.6888207672119141 0.8552
[0.0315618  0.02975352]
99 0.6835771820068359 0.869
[0.0455795  0.04040034]
99 0.68070029296875 0.875
[0.05670146 0.05294823]
99 0.679276693725586 0.8794
[0.07620572 0.06640909]
99 0.6783957504272461 0.8812
[0.08501743 0.07948713]
99 0.6774436737060547 0.8836
[0.09771565 0.09106411]
99 0.6765690063476563 0.8811
[0.10771815 0.10078462]
99 0.6757884475708008 0.8832
[0.11729121 0.10914688]
99 0.6742414657592773 0.8826
[0.12472514 0.11621274]
99 0.6733618957519532 0.8833
[0.1292134  0.12251334]
99 0.6724971008300781 0.8835
[0.13457666 0.12833895]
99 0.6713540985107422 0.8831
[0.1427476 0.1339886]
99 0.6700147933959961 0.8833
[0.14571807 0.13943377]
99 0.669323536682129 0.8827
[0.1514013  0.14463155]
99 0.6683455673217773 0.8826
[0.15593258 0.14974912]
99 0.6673335754394532 0.8833
[0.16271336 0.15495919]
99 0.6660578811645508 0.8811
[0.166012   0.15989664]
99 0.6647365310668946 0.883
[0.17234823 0.16507256]
99 0.6635361083984375 0.8826
[0.17668211 0.17006132]
99 0.6624890060424805 0.8826
[0.1824356  0.17495407]
99 0.6611002151489258 0.8835
[0.18757373 0.17993803]
99 0.6595481582641601 0.8825
[0.19038354 0.18480253]
99 0.658667561340332 0.8823
[0.1997864  0.18961518]
99 0.6576883422851563 0.8844
[0.20164865 0.19426973]
99 0.6560173751831054 0.8833
[0.20663266 0.19911025]
99 0.6548460525512695 0.8821
[0.21382834 0.20376378]
99 0.6537143173217773 0.8831
[0.21536154 0.20835261]
99 0.6522979095458984 0.8836
[0.22101949 0.21288262]
99 0.6509797912597656 0.8844
[0.22821608 0.21757513]
99 0.6493638458251954 0.882
[0.229821 0.221981]
99 0.6483105682373047 0.8848
[0.23440456 0.22648244]
99 0.6473003036499023 0.8827
[0.24171224 0.23094086]
99 0.6454639877319336 0.8823
[0.2434611 0.2352237]
99 0.6441294174194336 0.8833
[0.25138417 0.2396707 ]
99 0.6429748992919921 0.8824
[0.2537089 0.2439285]
99 0.6415609603881836 0.8857
[0.257164   0.24810484]
99 0.6399083786010742 0.8837
[0.26217562 0.25222078]
99 0.638334521484375 0.8842
[0.26621544 0.2564019 ]
99 0.6376607070922852 0.8854
[0.26971108 0.26052323]
99 0.636681608581543 0.8846
[0.27255905 0.26460695]
99 0.6340484985351562 0.8846
[0.28122473 0.26865777]
99 0.6330339920043946 0.8846
[0.28150502 0.27251005]
99 0.6318024063110351 0.8845
[0.28688914 0.2764137 ]
99 0.6295791732788086 0.8845
[0.29048434 0.28033122]
99 0.6281086853027343 0.8846
[0.29829082 0.28430095]
99 0.6271354949951172 0.8859
[0.29863486 0.28807366]
99 0.624922541809082 0.8857
[0.29973927 0.29177955]
99 0.6241493057250976 0.8858
[0.30683613 0.29548082]
99 0.6227851379394531 0.8863
[0.30839393 0.29908523]
99 0.6214315689086914 0.8847
[0.31565422 0.30264464]
99 0.6195227615356446 0.8865
[0.31741616 0.30628076]
99 0.6182537811279297 0.8843
[0.32105297 0.3098131 ]
99 0.6163140380859375 0.8859
[0.32541272 0.31337017]
99 0.6152372863769531 0.8863
[0.32865834 0.3168305 ]
99 0.613708023071289 0.8873
[0.3314493  0.32015955]
99 0.6121410140991211 0.8858
[0.3362177  0.32368794]
99 0.6110270767211914 0.887
[0.33935606 0.32699287]
99 0.6101138565063476 0.8873
[0.34199953 0.33030078]
99 0.6076742614746093 0.8872
[0.34597614 0.33350527]
99 0.6063388076782227 0.8872
[0.34825337 0.3367989 ]
99 0.6051452285766602 0.8854
[0.3528582  0.33992878]
99 0.604226268005371 0.8861
[0.35437414 0.3430194 ]
99 0.6024268463134765 0.8873
[0.35919604 0.34618402]
99 0.6007564544677735 0.8871
[0.36178955 0.34914052]
99 0.5999105545043946 0.8879
[0.36501268 0.35223806]
99 0.598212173461914 0.8876
[0.36700866 0.35530257]
99 0.59721240234375 0.8874
[0.37319186 0.35819092]
99 0.5952137969970703 0.8886
[0.37454483 0.36111507]
99 0.5941389175415039 0.889
[0.37910557 0.36406794]
99 0.5930718307495118 0.8892
[0.37990534 0.3668914 ]
99 0.5913008346557617 0.8881
[0.38331378 0.36975774]
99 0.5896975280761719 0.8881
[0.38677385 0.37253702]
99 0.5885379867553711 0.8885
[0.38905925 0.37533602]
99 0.5872156356811523 0.8885
[0.39306664 0.3780858 ]
99 0.5857963882446289 0.8887
[0.39487863 0.38075414]
99 0.5843442443847656 0.8901
[0.39510104 0.38347068]
99 0.5829790328979492 0.8892
[0.40205422 0.38608354]
99 0.5819797470092773 0.889
[0.40412232 0.38872746]
99 0.5810186309814453 0.8886
[0.40597373 0.39131823]
99 0.5789327972412109 0.8905
[0.40709427 0.393869  ]
99 0.5779284332275391 0.8898
[0.41053483 0.39635167]
99 0.5769989028930664 0.8892
[0.41530368 0.39879957]
99 0.5758000091552734 0.8908
[0.41551375 0.4012579 ]
99 0.5739368591308593 0.8898
[0.42099446 0.40374047]
99 0.5724224731445312 0.8902
[0.42106017 0.40616685]
99 0.5715548461914063 0.8917
[0.42477137 0.40853372]
99 0.5703782302856445 0.8898
[0.4271163  0.41095635]
99 0.5691549987792969 0.8902
[0.43011862 0.41325977]
99 0.5676349609375 0.8912
[0.429914 0.415582]
99 0.5667171829223633 0.8912
[0.43523857 0.4178417 ]
99 0.5653012390136719 0.89
[0.43549812 0.42004076]
99 0.564116471862793 0.8903
[0.43694672 0.42238975]
99 0.5625743179321289 0.8909
[0.4417312  0.42459902]
99 0.5615279815673828 0.8907
[0.44245455 0.42682803]
99 0.5611403167724609 0.8908
[0.44551733 0.42879146]
99 0.5593317169189453 0.8915
[0.4484332  0.43110844]
99 0.5584139785766602 0.8917
[0.4481162 0.433262 ]
99 0.5568319213867188 0.8912
[0.4526999  0.43512225]
99 0.5562536407470703 0.8909
[0.45485118 0.43735635]
99 0.5546236083984375 0.892
[0.45697927 0.43926796]
99 0.5537391616821289 0.8923
[0.45781016 0.4413267 ]
99 0.5522140319824219 0.8917
[0.46044055 0.44346327]
99 0.5510818328857422 0.8922
[0.46354452 0.44537115]
99 0.5496189491271972 0.8922
[0.46454677 0.44737697]
99 0.5489231216430664 0.8917
[0.46454632 0.4493121 ]
99 0.5479401489257812 0.8912
[0.4701029 0.4511908]
99 0.5464367446899414 0.8925
[0.47073427 0.453122  ]
99 0.5454408515930176 0.8935
[0.47051907 0.4549849 ]
99 0.5443501884460449 0.8932
[0.47488177 0.4567344 ]
99 0.5437820556640625 0.8929
[0.47668266 0.45868704]
99 0.5424300910949708 0.8926
[0.47801638 0.46062815]
99 0.5419316108703613 0.8922
[0.47929043 0.46249402]
99 0.5406578796386718 0.8934
[0.4815644 0.4641646]
99 0.5397260940551758 0.8932
[0.48421037 0.46609518]
99 0.538761466217041 0.8941
[0.48678982 0.46774247]
99 0.537539323425293 0.8935
[0.48693788 0.46949542]
99 0.5363699447631836 0.8938
[0.49031848 0.4711027 ]
99 0.5351905456542969 0.8936
[0.4905803  0.47298425]
99 0.5342401542663574 0.8935
[0.4947814  0.47467116]
99 0.5331908264160157 0.8938
[0.49411514 0.47629964]
99 0.5319883079528809 0.894
[0.49712023 0.47791773]
99 0.530518611907959 0.8943
[0.4996589  0.47960684]
99 0.5305655235290527 0.8938
[0.50114733 0.4812982 ]
99 0.5294028656005859 0.8948
[0.50224155 0.48281267]
99 0.5283030555725098 0.895
[0.5041937  0.48449668]
99 0.5271855567932129 0.8947
[0.5069042 0.4859237]
99 0.5261237564086914 0.8946
[0.50807667 0.48759812]
99 0.5253491523742676 0.8944
[0.5088878  0.48917523]
99 0.5244860321044922 0.894
[0.51036316 0.49074167]
99 0.5231978607177734 0.895
[0.51168084 0.4922719 ]
99 0.5229952507019043 0.8949
[0.5158339 0.4936008]
99 0.5217787971496582 0.8941
[0.5147105  0.49527615]
99 0.5205887893676758 0.8949
[0.5166847  0.49669048]
99 0.5196112312316895 0.8967
[0.5194548  0.49820894]
99 0.518991690826416 0.8951
[0.5204816  0.49962673]
99 0.5180442611694336 0.8955
[0.52226317 0.5010982 ]
99 0.5172404563903809 0.8947
[0.5240204  0.50242704]
99 0.5161730644226075 0.8952
[0.5242712 0.5039007]
99 0.515299698638916 0.8966
[0.52761227 0.50549287]
99 0.5143719665527344 0.8949
[0.527387   0.50663847]
99 0.5133664161682129 0.8952
[0.5290831  0.50807846]
99 0.512310733795166 0.8954
[0.5311853 0.5095293]
99 0.5118962951660156 0.8957
[0.53225875 0.5108353 ]
99 0.5110318260192871 0.8952
[0.53461343 0.51225877]
99 0.5098797843933105 0.8971
[0.5345653  0.51356053]
99 0.5088030326843261 0.8961
[0.5369316 0.5149414]
99 0.5085440223693848 0.8957
[0.5380098 0.5161431]
99 0.5077789421081543 0.8962
[0.5384257  0.51754326]
99 0.5066536643981934 0.8962
[0.54059356 0.5188696 ]
99 0.5065730796813965 0.8957
[0.5411427  0.52005845]
99 0.5050839256286621 0.8958
[0.5433239 0.5213035]
99 0.5041224151611328 0.8973
[0.54526955 0.52257144]
99 0.5037545349121094 0.8966
[0.5476074 0.5238178]
99 0.5023517395019531 0.8967
[0.54700613 0.5248796 ]
99 0.501387385559082 0.8979
[0.5497058 0.5263399]
99 0.5020598731994629 0.8962
[0.5497435 0.5275002]
99 0.5003473724365234 0.8976
[0.5514746  0.52878726]
99 0.499842813873291 0.8966
[0.55137557 0.5300362 ]
99 0.498993090057373 0.8972
[0.55439717 0.53100497]
99 0.49781832733154296 0.8971
[0.554195   0.53223646]
99 0.4970452407836914 0.8977
[0.5581577  0.53346974]
99 0.4961059814453125 0.8972
[0.55742764 0.534551  ]
99 0.49553684005737303 0.8988
[0.55835646 0.53585154]
99 0.49520630798339843 0.8972
[0.5594908 0.5367666]
99 0.49390932006835936 0.8976
[0.56264293 0.5380245 ]
99 0.49422281188964845 0.8971
[0.56263375 0.53923094]
99 0.4928513511657715 0.8971
[0.56429976 0.540239  ]
99 0.4917617172241211 0.8989
[0.5640005  0.54131335]
99 0.49133375625610354 0.8983
[0.56684935 0.5424097 ]
99 0.4907840888977051 0.8983
[0.5677021  0.54344815]
99 0.4905571678161621 0.8988
[0.5678299 0.5445076]
99 0.48886202239990234 0.8986
[0.57071906 0.5457498 ]
99 0.4886923553466797 0.8976
[0.57074016 0.5466716 ]
99 0.487418839263916 0.8987
[0.57146126 0.54773223]
99 0.48628570556640627 0.898
[0.5743158 0.5487932]
99 0.4867346656799316 0.8964
[0.57213163 0.54981315]
99 0.48562840270996094 0.8981
[0.5763383 0.5508035]
99 0.4851279899597168 0.8987
[0.57413685 0.55187696]
99 0.48516995239257815 0.8967
[0.5767152 0.5528362]
99 0.4835924819946289 0.8975
[0.5787838  0.55386126]
99 0.4834590675354004 0.8977
[0.57939184 0.5549928 ]
99 0.48240488204956056 0.8982
[0.5814931  0.55596244]
99 0.4821025260925293 0.8976
[0.5808972 0.5567416]
99 0.4807253562927246 0.8997
[0.58172804 0.5578527 ]
99 0.47985025482177734 0.8997
[0.5838986 0.5588966]
99 0.4798584518432617 0.8977
[0.5849414  0.55976313]
99 0.4788586723327637 0.8988
[0.58558    0.56070894]
99 0.47860686950683595 0.8988
[0.58530647 0.56169415]
99 0.4774564346313477 0.8991
[0.58773136 0.56273377]
99 0.47683159332275393 0.8983
[0.5892693  0.56356263]
99 0.47659061584472656 0.8981
[0.59125096 0.56458163]
99 0.4758346260070801 0.8994
[0.5915477 0.5653157]
99 0.4753327186584473 0.8998
[0.5921071 0.566368 ]
99 0.47430045776367186 0.9
[0.59415275 0.56733924]
99 0.47396383209228515 0.8999
[0.59408736 0.5681062 ]
99 0.4735065139770508 0.8996
[0.5945805  0.56897295]
99 0.4725633514404297 0.9004
[0.5933649  0.56993335]
99 0.47197509994506837 0.9004
[0.5981305 0.5707744]
99 0.4717452278137207 0.8983
[0.59670043 0.57178694]
99 0.47115318908691406 0.8989
[0.5986131  0.57251954]
99 0.4702706474304199 0.9006
[0.59871155 0.5734241 ]
99 0.4700490409851074 0.8982
[0.60087085 0.57414305]
99 0.4691804420471191 0.9011
[0.6026321 0.575081 ]
99 0.4683408851623535 0.8997
[0.6019743 0.575937 ]
99 0.4679964050292969 0.9008
[0.6021154 0.5769041]
99 0.4676013801574707 0.9006
[0.60566694 0.57767975]
99 0.467309610748291 0.9004
[0.60392785 0.57857436]
99 0.46658026428222654 0.9017
[0.60725456 0.57941175]
99 0.46638056182861326 0.9001
[0.60647213 0.5800946 ]
99 0.4647682815551758 0.9009
[0.60784245 0.5809446 ]
99 0.46527225875854494 0.9004
[0.6082363 0.58166  ]
99 0.46367829666137694 0.9014
[0.6082674  0.58258283]
99 0.4630276763916016 0.9019
[0.60932195 0.5835045 ]
99 0.4630650825500488 0.9009
[0.61151206 0.5841718 ]
99 0.4629843032836914 0.9016
[0.6125424  0.58507633]
99 0.462554679107666 0.8993
[0.6123253  0.58573645]
99 0.4608855239868164 0.9019
[0.6138799  0.58656025]
99 0.4613864219665527 0.9003
[0.61511046 0.5874168 ]
99 0.4603535903930664 0.9003
[0.6149829 0.5880645]
99 0.45947157287597656 0.9001
[0.6156687 0.5887352]
99 0.45972857513427734 0.8998
[0.6170131  0.58957994]
99 0.4589891464233398 0.9005
[0.61813235 0.5903221 ]
99 0.4583263366699219 0.9007
[0.6170319 0.5911083]
99 0.4579176727294922 0.9017
[0.6183784 0.5919564]
99 0.45768205642700194 0.9004
[0.6203293 0.5926113]
99 0.4567711364746094 0.9005
[0.6208359 0.5931597]
99 0.45611434326171874 0.9014
[0.62196064 0.5940607 ]
99 0.45534655838012694 0.9016
[0.62410426 0.59472483]
99 0.4551578346252441 0.9021
[0.62409997 0.5953692 ]
99 0.45499506454467775 0.9015
[0.6237439 0.5962251]
99 0.45421966705322264 0.9012
[0.6246413  0.59705174]
99 0.4532565338134766 0.9018
[0.6256887  0.59762675]
99 0.45304306716918946 0.9024
[0.62723535 0.59832036]
99 0.4526820846557617 0.9014
[0.6275578  0.59910786]
99 0.4527105583190918 0.9011
[0.6296004 0.5996863]
99 0.4520080490112305 0.902
[0.62895775 0.6005353 ]
99 0.45179760360717774 0.9024
[0.6297781  0.60115844]
99 0.4507768226623535 0.9034
[0.6294132  0.60186905]
99 0.44975518798828124 0.902
[0.6328729 0.6024681]
99 0.4496295440673828 0.9016
[0.6329408  0.60324293]
99 0.448525074005127 0.9034
[0.63263524 0.6038785 ]
99 0.44891275634765626 0.9018
[0.6330113  0.60451037]
99 0.44880928497314454 0.9011
[0.63418293 0.6051133 ]
99 0.44754432373046876 0.9017
[0.63595235 0.60578763]
99 0.44683275985717774 0.9021
[0.63564396 0.60643244]
99 0.44777181549072265 0.902
[0.63657993 0.60705596]
99 0.44636393966674803 0.9031
[0.6368494 0.6077232]
99 0.4460090156555176 0.9027
[0.6378704  0.60843885]
99 0.44554433059692383 0.904
[0.6386992 0.6092251]
99 0.4458301155090332 0.9026
[0.6393665  0.60968703]
99 0.4447331550598145 0.9033
[0.6389729 0.610353 ]
99 0.4435512222290039 0.9024
[0.6405261 0.6110169]
99 0.44356470489501953 0.9026
[0.6414472  0.61168617]
99 0.4431015754699707 0.9026
[0.6410547  0.61220986]
99 0.442865641784668 0.9022
[0.6423135 0.6129599]
99 0.4431288070678711 0.9026
[0.6438993 0.6134514]
99 0.44193901748657227 0.9035
[0.64404726 0.61394864]
99 0.4415685752868652 0.9031
[0.64441895 0.6148552 ]
99 0.4421433448791504 0.9017
[0.645257   0.61520475]
99 0.4406401237487793 0.9033
[0.64694893 0.6159679 ]
99 0.44022345428466797 0.904
[0.6475991  0.61650425]
99 0.4397603141784668 0.9031
[0.6475284 0.6171294]
99 0.4390292251586914 0.9037
[0.6483549 0.617654 ]
99 0.43913880615234374 0.9027
[0.6482661 0.6181466]
99 0.4382104316711426 0.9037
[0.64943254 0.6189499 ]
99 0.43781107254028323 0.9027
[0.65038115 0.6194009 ]
99 0.43746781845092775 0.9025
[0.6497757  0.62006444]
99 0.43754633026123047 0.9026
[0.65248084 0.6205327 ]
99 0.43685323410034177 0.9034
[0.6511898 0.6212146]
99 0.4367004699707031 0.905
[0.65230924 0.6218818 ]
99 0.4363929885864258 0.9047
[0.6537371 0.6224077]
99 0.43670211715698243 0.9043
[0.6546651  0.62278485]
99 0.435012215423584 0.9034
[0.6540323  0.62345815]
99 0.4347203094482422 0.9035
[0.65493095 0.6241638 ]
99 0.4355551139831543 0.9024
[0.6559725 0.624713 ]
99 0.4336487007141113 0.9037
[0.656436  0.6251683]
99 0.43387415618896485 0.9037
[0.65748143 0.6258708 ]
99 0.4331452133178711 0.9036
[0.65623885 0.6263174 ]
99 0.43307704162597654 0.9042
[0.6572415 0.6267037]
99 0.43341107330322265 0.9051
[0.6585104 0.6273548]
99 0.43164878082275393 0.9041
[0.65909064 0.6279    ]
99 0.4314376838684082 0.9041
[0.6600192  0.62832767]
99 0.4314717216491699 0.9047
[0.66020757 0.6289176 ]
99 0.4305702087402344 0.9045
[0.66145986 0.6294073 ]
99 0.4309225570678711 0.9034
[0.6603849  0.63010675]
99 0.4299978332519531 0.9043
[0.66141826 0.6306646 ]
99 0.42963347549438474 0.9046
[0.6626695 0.630901 ]
99 0.42964083862304686 0.9043
[0.66308004 0.6315019 ]
99 0.4294748664855957 0.9036
[0.66528255 0.6320733 ]
99 0.42892017211914063 0.9058
[0.6650709 0.6326448]
99 0.4278926788330078 0.9054
