cuda:0
0
Preparing datasets...
Preparing networks...
Fitting two-layer networks...
Generating network with reg level 0
modifying second layer regularization...
Generating network with reg level 0.1
modifying second layer regularization...
Generating network with reg level 0.3
modifying second layer regularization...
Generating dataframes...
Working on regularization level 0
[0.00027276 0.00156282]
99 14.0158228515625 0.1939
[0.00123341 0.00219437]
99 11.2158234375 0.2689
[0.00424036 0.00290739]
99 9.481603173828125 0.3332
[0.00467911 0.00366778]
99 8.235708740234376 0.3864
[0.0067748  0.00444047]
99 7.308993408203125 0.4293
[0.00758221 0.0052084 ]
99 6.592994567871094 0.4646
[0.00753843 0.00595628]
99 6.0244504150390625 0.4925
[0.00672171 0.00668295]
99 5.566436145019531 0.5188
[0.0083352  0.00738882]
99 5.184951586914062 0.5407
[0.01053928 0.00806966]
99 4.867884802246094 0.5621
[0.01208615 0.00872518]
99 4.598698468017578 0.5805
[0.01270622 0.00935722]
99 4.365946704101563 0.5955
[0.01332185 0.00997179]
99 4.164039416503906 0.6091
[0.01311854 0.01056085]
99 3.9875767822265624 0.6223
[0.01350529 0.0111361 ]
99 3.832159375 0.6359
[0.01613447 0.01168964]
99 3.6925963562011717 0.6487
[0.01621978 0.01222843]
99 3.5698809326171874 0.6575
[0.01722638 0.01274926]
99 3.456763293457031 0.6649
[0.01594164 0.01325269]
99 3.356623449707031 0.6714
[0.01765975 0.01374355]
99 3.262690985107422 0.6789
[0.01637747 0.0142215 ]
99 3.1784436462402343 0.686
[0.01961521 0.01468436]
99 3.0983911376953124 0.6909
[0.020421   0.01513786]
99 3.025378607177734 0.6975
[0.0197009  0.01558189]
99 2.9581538146972655 0.7031
[0.02036686 0.01601109]
99 2.894666873168945 0.708
[0.01815765 0.01643425]
99 2.835246185302734 0.714
[0.02083387 0.01684671]
99 2.7804676361083986 0.7183
[0.02147349 0.01725014]
99 2.726890432739258 0.7219
[0.02203586 0.017645  ]
99 2.6780196807861327 0.7265
[0.02193871 0.01803073]
99 2.631469918823242 0.731
[0.02356664 0.018412  ]
99 2.587170111083984 0.7353
[0.02105835 0.01878382]
99 2.546204669189453 0.7393
[0.02407263 0.01914707]
99 2.5058116882324217 0.7415
[0.02268556 0.01950775]
99 2.469037289428711 0.7448
[0.02325622 0.01985691]
99 2.4335059814453124 0.7477
[0.02345943 0.02020629]
99 2.3992422576904295 0.751
[0.02467638 0.02054338]
99 2.3664135498046877 0.7539
[0.02558465 0.02087817]
99 2.3342643005371095 0.7562
[0.02569508 0.02120657]
99 2.304792695617676 0.7601
[0.02346877 0.02153139]
99 2.2772252960205077 0.7621
[0.02683182 0.02184955]
99 2.250131408691406 0.7651
[0.02587913 0.02216323]
99 2.2225202743530272 0.7682
[0.02897741 0.02247052]
99 2.198275973510742 0.7715
[0.02353199 0.02277854]
99 2.174202619934082 0.773
[0.02712698 0.02307641]
99 2.1500862548828126 0.7751
[0.02627886 0.02337401]
99 2.1279027908325197 0.7772
[0.02682347 0.02366447]
99 2.1061941314697266 0.7788
[0.02861246 0.0239495 ]
99 2.0854614883422853 0.7802
[0.02599007 0.02423549]
99 2.066602522277832 0.7821
[0.02607075 0.02451502]
99 2.046484381103516 0.7827
[0.02956731 0.02479146]
99 2.0270125473022462 0.7843
[0.02898248 0.02506334]
99 2.008581945800781 0.7847
[0.03027444 0.025333  ]
99 1.9916464736938477 0.787
[0.02946761 0.02560173]
99 1.9752620178222655 0.789
[0.03062045 0.02586487]
99 1.9584686813354493 0.7911
[0.03208828 0.02612418]
99 1.9416644012451172 0.7926
[0.03162158 0.02638063]
99 1.9256858169555664 0.7938
[0.03032074 0.0266351 ]
99 1.9109769744873046 0.795
[0.02814776 0.02688419]
99 1.8955986022949218 0.7967
[0.03128118 0.02713689]
99 1.882331527709961 0.7977
[0.03210405 0.02738313]
99 1.868405909729004 0.7988
[0.03245304 0.02762567]
99 1.8542571075439453 0.7994
[0.03341011 0.02786792]
99 1.8410565032958985 0.8005
[0.03284756 0.02810782]
99 1.8284915710449219 0.8013
[0.03134    0.02834345]
99 1.8151564453125 0.8031
[0.03097879 0.02857964]
99 1.8028603271484376 0.8042
[0.03496224 0.02881074]
99 1.79094451751709 0.8051
[0.03401843 0.02904056]
99 1.7793256591796875 0.8068
[0.03458675 0.02927081]
99 1.7682103897094728 0.8085
[0.03430981 0.02949436]
99 1.7570019622802735 0.8098
[0.03431324 0.02971755]
99 1.7455979873657226 0.8111
[0.03569176 0.02993882]
99 1.735245851135254 0.8117
[0.03523537 0.03016224]
99 1.7246144165039063 0.8126
[0.03632279 0.03037928]
99 1.7136292282104493 0.8143
[0.0336573  0.03059691]
99 1.704644110107422 0.8155
[0.03544631 0.03081163]
99 1.6947354248046875 0.8163
[0.03667222 0.03102281]
99 1.6838249786376953 0.8183
[0.03498457 0.03123611]
99 1.6752483627319337 0.8186
[0.03538853 0.0314441 ]
99 1.665679776763916 0.8198
[0.03594124 0.03165332]
99 1.6573338905334474 0.821
[0.0349451  0.03185827]
99 1.6481265327453614 0.8225
[0.0373253  0.03206455]
99 1.6389635246276855 0.8233
[0.03744109 0.03226748]
99 1.6301207321166993 0.824
[0.03674892 0.03246792]
99 1.6221301330566407 0.8249
[0.03889137 0.03266744]
99 1.613206723022461 0.8258
[0.03764319 0.03287013]
99 1.6062088371276855 0.8263
[0.03918083 0.03306619]
99 1.598296523284912 0.8273
[0.03847681 0.03326182]
99 1.5898405906677247 0.8278
[0.03769772 0.03345627]
99 1.5812476440429688 0.828
[0.04070975 0.03364976]
99 1.5742446739196778 0.8288
[0.04001317 0.03384288]
99 1.5674219200134278 0.8291
[0.04072059 0.03403169]
99 1.5593975814819336 0.8296
[0.04074028 0.03421953]
99 1.5522759674072266 0.8312
[0.03982827 0.03441192]
99 1.5455732299804688 0.831
[0.04017269 0.03459637]
99 1.5375654930114746 0.8318
[0.03931322 0.03478284]
99 1.5312121002197265 0.8322
[0.04099175 0.03496886]
99 1.5240751495361329 0.8333
[0.04031064 0.03515217]
99 1.518183708190918 0.8341
[0.04017051 0.03533433]
99 1.5118175796508788 0.8346
[0.04003598 0.0355162 ]
99 1.5046704696655273 0.8356
[0.04022964 0.0356964 ]
99 1.498655876159668 0.8362
[0.04007657 0.03587522]
99 1.4918196815490723 0.8367
[0.04169825 0.03605482]
99 1.486761971282959 0.8373
[0.04291582 0.03623246]
99 1.4801428215026855 0.838
[0.04014157 0.036409  ]
99 1.4737797370910644 0.8388
[0.04167619 0.03658388]
99 1.468542091369629 0.8393
[0.04320984 0.03675994]
99 1.4620882362365724 0.8396
[0.04394311 0.03693312]
99 1.456580352783203 0.84
[0.0409685  0.03710385]
99 1.4503210494995118 0.8411
[0.04413431 0.0372779 ]
99 1.4452828681945802 0.8409
[0.04374272 0.03744863]
99 1.4400669776916504 0.8418
[0.04199472 0.03761863]
99 1.434098363494873 0.8424
[0.04455445 0.03778573]
99 1.4278594757080079 0.8428
[0.04281443 0.03795338]
99 1.4233844345092774 0.8429
[0.04297149 0.03812184]
99 1.4174799682617187 0.8435
[0.043007   0.03828692]
99 1.4124193870544433 0.8435
[0.04454402 0.03845374]
99 1.40675223236084 0.8442
[0.04409637 0.03861793]
99 1.4021596870422364 0.8445
[0.04738788 0.03878134]
99 1.3978848937988282 0.8445
[0.04531399 0.03894433]
99 1.3919885147094726 0.8452
[0.04543475 0.03910942]
99 1.3875470962524414 0.8458
[0.04591219 0.03926985]
99 1.382423501586914 0.8462
[0.04595556 0.03943282]
99 1.377653614807129 0.8467
[0.04302951 0.03959415]
99 1.373470122528076 0.8473
[0.04604983 0.03975073]
99 1.3684710021972657 0.8478
[0.04515063 0.03991012]
99 1.3638946830749512 0.8479
[0.04612597 0.04006699]
99 1.3589998695373535 0.8484
[0.04413591 0.04022504]
99 1.3543115043640137 0.8485
[0.04490103 0.04038294]
99 1.350200357055664 0.8491
[0.0462001  0.04053885]
99 1.3459254539489747 0.8494
[0.04843868 0.04069408]
99 1.3420064094543458 0.8503
[0.04638054 0.04084853]
99 1.3369196357727051 0.8503
[0.04859262 0.04100233]
99 1.3332438049316406 0.8509
[0.04837094 0.0411542 ]
99 1.329089643096924 0.8513
[0.04712993 0.04130802]
99 1.324491993713379 0.8511
[0.04529444 0.04145945]
99 1.3206526489257813 0.8513
[0.04951792 0.04160996]
99 1.3162220306396484 0.852
[0.04735322 0.04176082]
99 1.3124735542297363 0.852
[0.04705073 0.04191207]
99 1.3079416381835938 0.8521
[0.0461185  0.04206083]
99 1.303832536315918 0.8529
[0.04981876 0.04220858]
99 1.3000657928466797 0.8537
[0.04858756 0.04235828]
99 1.2958177124023438 0.8539
[0.04920716 0.04250574]
99 1.2917624572753905 0.8549
[0.04786276 0.04265501]
99 1.2877604888916017 0.8548
[0.04830312 0.04280124]
99 1.284006642150879 0.8551
[0.0478071  0.04294712]
99 1.2806866279602052 0.8557
[0.04996692 0.04309199]
99 1.276790866470337 0.8561
[0.04899079 0.04323849]
99 1.2733693965911865 0.8568
[0.0481351  0.04338144]
99 1.2695968463897704 0.8571
[0.05074356 0.04352633]
99 1.2659904052734374 0.8575
[0.05050259 0.04367083]
99 1.2629442665100097 0.8577
[0.05071401 0.04381364]
99 1.2597023906707763 0.8581
[0.04909435 0.04395476]
99 1.2558168529510498 0.8584
[0.04914058 0.04409847]
99 1.2521602386474608 0.8585
[0.05067805 0.04423966]
99 1.2484942001342774 0.8591
[0.05191812 0.04438164]
99 1.2458177211761474 0.859
[0.04794397 0.04452141]
99 1.241534854888916 0.8596
[0.05110183 0.04466086]
99 1.2377636909484864 0.8598
[0.05319005 0.04480083]
99 1.2342347396850586 0.8598
[0.05127968 0.044941  ]
99 1.2318973751068116 0.8598
[0.04976346 0.04507912]
99 1.228361442565918 0.8599
[0.0527315 0.0452168]
99 1.2248725963592528 0.8604
[0.0510737  0.04535566]
99 1.2220393222808839 0.8603
[0.05155608 0.04549277]
99 1.2182791568756104 0.8605
[0.05331836 0.04562896]
99 1.214969751739502 0.8613
[0.05211761 0.04576657]
99 1.2120108833312988 0.8612
[0.05127351 0.04590417]
99 1.208962685775757 0.8615
[0.05090105 0.04604048]
99 1.2068258380889894 0.8616
[0.05331024 0.04617344]
99 1.2026800670623778 0.862
[0.05428423 0.04631005]
99 1.2001640754699707 0.862
[0.05210293 0.04644442]
99 1.1970481567382814 0.8625
[0.05352989 0.04657863]
99 1.1936237018585205 0.8625
[0.05569172 0.04671295]
99 1.1901125926971436 0.8629
[0.05273407 0.04684698]
99 1.1873480976104736 0.8626
[0.0572396  0.04697797]
99 1.1846278415679932 0.8633
[0.05393496 0.04711084]
99 1.182128352355957 0.8635
[0.0538401  0.04724487]
99 1.178827409362793 0.8635
[0.05538164 0.04737522]
99 1.1760214546203613 0.864
[0.05383896 0.04750777]
99 1.173194239807129 0.864
[0.05304149 0.04763941]
99 1.1702696018218994 0.8643
[0.05599641 0.04777095]
99 1.167889012527466 0.8644
[0.05455903 0.0479007 ]
99 1.1650589115142822 0.8647
[0.05545178 0.04803009]
99 1.1623311756134034 0.8649
[0.05524806 0.04816128]
99 1.1593390392303466 0.8651
[0.05470408 0.04829109]
99 1.1564722610473632 0.8654
[0.05483795 0.04842241]
99 1.1536282596588134 0.8654
[0.05946879 0.04854995]
99 1.151320951461792 0.8654
[0.05535275 0.04867775]
99 1.148329257965088 0.866
[0.05549366 0.04880706]
99 1.1453007717132568 0.8661
[0.05781391 0.04893456]
99 1.1432234535217285 0.8665
[0.05640615 0.04906072]
99 1.1406809761047363 0.8672
[0.05694793 0.0491882 ]
99 1.1380801853179932 0.8673
[0.05607161 0.04931757]
99 1.1352419845581054 0.867
[0.05833472 0.04944276]
99 1.132626463317871 0.8677
[0.05697914 0.04956896]
99 1.1300028591156006 0.868
[0.05730513 0.0496954 ]
99 1.1275167446136474 0.8679
[0.05890661 0.04982205]
99 1.1253107585906983 0.8685
[0.05779031 0.04994648]
99 1.1224533451080323 0.8685
[0.0574698  0.05007221]
99 1.120238910293579 0.8687
[0.05875289 0.05019746]
99 1.1176623867034912 0.8684
[0.05891252 0.05032192]
99 1.1158763725280763 0.8689
[0.05677241 0.05044479]
99 1.113013697052002 0.8693
[0.05724159 0.05056876]
99 1.1102439392089845 0.8699
[0.05774876 0.05069358]
99 1.1078764198303224 0.87
[0.05794491 0.05081787]
99 1.1056815269470215 0.87
[0.05796798 0.0509406 ]
99 1.1033586906433106 0.8705
[0.05857354 0.05106359]
99 1.1011508117675781 0.8706
[0.0614715  0.05118647]
99 1.0986520805358886 0.8708
[0.05776678 0.05130741]
99 1.0963010677337646 0.8714
[0.06013523 0.05143037]
99 1.0938831939697267 0.8713
[0.0600276  0.05155089]
99 1.0911950790405274 0.8714
[0.06081558 0.05167249]
99 1.0892556522369385 0.8715
[0.06058075 0.05179495]
99 1.0867322006225586 0.8715
[0.05898259 0.05191644]
99 1.0846061504364013 0.8716
[0.05969243 0.05203461]
99 1.081644501876831 0.8723
[0.05851566 0.0521545 ]
99 1.0801302925109864 0.8725
[0.0611639  0.05227586]
99 1.078249744796753 0.8727
[0.06056451 0.05239693]
99 1.0757126884460448 0.8726
[0.06084414 0.05251549]
99 1.0738294193267823 0.8729
[0.06120382 0.05263625]
99 1.0712037719726561 0.8729
[0.06101463 0.05275368]
99 1.0698133361816407 0.873
[0.05842267 0.05287225]
99 1.0672408462524414 0.8729
[0.06169945 0.05299108]
99 1.0651404026031495 0.8733
[0.06041231 0.05311063]
99 1.0624943214416505 0.8738
[0.06255586 0.05322886]
99 1.0605346626281738 0.874
[0.06194957 0.05334688]
99 1.0580624378204346 0.8741
[0.06032461 0.05346279]
99 1.0557754119873046 0.8742
[0.06078158 0.05358087]
99 1.054101581954956 0.8743
[0.05977783 0.05369764]
99 1.052857917022705 0.8746
[0.06083582 0.05381387]
99 1.0501469493865967 0.8752
[0.06330709 0.05393203]
99 1.048067237854004 0.8755
[0.06204427 0.05404712]
99 1.045917904663086 0.8759
[0.06237244 0.05416307]
99 1.043627223587036 0.876
[0.06335345 0.05427925]
99 1.0417369316101075 0.8761
[0.06233998 0.05439504]
99 1.0399394847869874 0.8761
[0.06315105 0.05451099]
99 1.0383046222686767 0.8762
[0.06193707 0.05462624]
99 1.0363987056732178 0.8761
[0.06181625 0.05474032]
99 1.033918493270874 0.8761
[0.06133489 0.05485615]
99 1.0321823471069336 0.8762
[0.06460722 0.0549729 ]
99 1.0304877227783202 0.8759
[0.06380531 0.05508398]
99 1.028040071105957 0.8767
[0.06446823 0.05519846]
99 1.0264681602478027 0.8765
[0.06351023 0.05531292]
99 1.0247809371948242 0.8765
[0.06425554 0.05542644]
99 1.0224248332977295 0.8771
[0.06425852 0.05554044]
99 1.0203667961120606 0.8773
[0.06486211 0.05565264]
99 1.018746355819702 0.8768
[0.06464995 0.05576511]
99 1.016632999420166 0.8772
[0.06317849 0.05587748]
99 1.0148966163635254 0.8774
[0.06384514 0.05599214]
99 1.0135975677490234 0.8776
[0.06575295 0.05610289]
99 1.0119812080383301 0.8773
[0.06519637 0.05621392]
99 1.0090606376647948 0.8779
[0.06601944 0.05632573]
99 1.0073817920684816 0.878
[0.06512578 0.05643816]
99 1.0051825187683106 0.8783
[0.06437942 0.05654897]
99 1.0039817203521728 0.8783
[0.06266211 0.05666133]
99 1.0022803493499757 0.8788
[0.06439411 0.0567714 ]
99 1.000321445465088 0.879
[0.06430165 0.05688139]
99 0.998528708267212 0.8794
[0.06502016 0.05699307]
99 0.9969492622375489 0.8798
[0.06619351 0.05710375]
99 0.9952541198730469 0.8799
[0.06730522 0.05721456]
99 0.9934663833618164 0.88
[0.06768421 0.05732277]
99 0.9914847339630127 0.8799
[0.06908321 0.05743234]
99 0.9899591197967529 0.88
[0.06751835 0.05754307]
99 0.9882902229309082 0.8802
[0.06584713 0.05765232]
99 0.986474335861206 0.8802
[0.06749401 0.05776229]
99 0.9845610954284668 0.8806
[0.06772395 0.05786877]
99 0.98286142578125 0.8808
[0.06751467 0.05797809]
99 0.9813421298980712 0.8808
[0.06795691 0.05808496]
99 0.9795246917724609 0.8807
[0.06910383 0.0581956 ]
99 0.9778674808502197 0.8812
[0.06883448 0.05830332]
99 0.9763370189666748 0.8813
[0.0670822  0.05841106]
99 0.9747011581420898 0.8813
[0.06572454 0.05851996]
99 0.9731919574737549 0.8815
[0.06784975 0.05862812]
99 0.971191187286377 0.8822
[0.06785686 0.05873346]
99 0.9699612628936768 0.8819
[0.0676534  0.05883982]
99 0.9683521835327148 0.8818
[0.06860858 0.05894873]
99 0.9666766151428222 0.8822
[0.06923899 0.05905451]
99 0.9647886520385742 0.8823
[0.06984718 0.05916196]
99 0.9630127452850342 0.8827
[0.06846926 0.05926824]
99 0.961840015411377 0.8826
[0.06836101 0.05937408]
99 0.9599188373565674 0.883
[0.06833777 0.0594804 ]
99 0.958452974319458 0.8829
[0.06904531 0.05958487]
99 0.9568265846252442 0.883
[0.07011674 0.0596908 ]
99 0.9554698177337646 0.8831
[0.06829274 0.05979646]
99 0.9533680118560791 0.8831
[0.06848291 0.05990198]
99 0.951971834564209 0.8832
[0.07104571 0.06000723]
99 0.9506465263366699 0.8836
[0.06870235 0.06011105]
99 0.948892872619629 0.8838
[0.06881905 0.06021598]
99 0.9475235324859619 0.8833
[0.06938012 0.0603229 ]
99 0.9461280548095703 0.8836
[0.07057826 0.06042524]
99 0.9444198608398438 0.884
[0.06805    0.06052963]
99 0.9430605735778809 0.884
[0.07154765 0.06063192]
99 0.9414600482940674 0.8843
[0.06933315 0.06073925]
99 0.9397070625305176 0.8843
[0.07021296 0.06084181]
99 0.9386189281463623 0.8845
[0.0718846  0.06094425]
99 0.9370362903594971 0.8847
[0.06885437 0.06104732]
99 0.9354698608398437 0.8848
[0.07074793 0.06115236]
99 0.9343059791564942 0.8848
[0.0723535  0.06125508]
99 0.9327303058624268 0.8849
[0.0693925  0.06135714]
99 0.9307788387298584 0.8851
[0.07339954 0.06146148]
99 0.9295019470214844 0.8852
Working on regularization level 0.1
[0.00132615 0.00157768]
99 12.51353115234375 0.198
[0.00325505 0.00227992]
99 8.876472094726562 0.2816
[0.00537974 0.00312365]
99 6.590125390625 0.3622
[0.00385716 0.0040672 ]
99 5.024634997558594 0.4272
[0.007302  0.0050655]
99 3.919988293457031 0.4806
[0.00862648 0.0060802 ]
99 3.118747521972656 0.525
[0.01145379 0.00711256]
99 2.525767431640625 0.5659
[0.01180339 0.00814308]
99 2.0782434539794923 0.5991
[0.01291126 0.00919253]
99 1.7371639587402343 0.6322
[0.01359632 0.01023425]
99 1.4687733154296876 0.6608
[0.01585595 0.0112897 ]
99 1.2597999710083008 0.6841
[0.01500845 0.01237067]
99 1.0933826461791991 0.7065
[0.01802203 0.01348423]
99 0.9622556762695312 0.7255
[0.02009503 0.01462543]
99 0.8571001220703125 0.7424
[0.02208043 0.01581642]
99 0.7725591506958008 0.7619
[0.0228517  0.01708035]
99 0.7066597084045411 0.7765
[0.02619433 0.01844877]
99 0.6531399337768554 0.7902
[0.02377312 0.01992907]
99 0.6114626777648926 0.8067
[0.02719922 0.02154614]
99 0.5791250671386718 0.8202
[0.02971677 0.02333011]
99 0.554131999206543 0.8313
[0.03110592 0.0253307 ]
99 0.5349492729187012 0.8427
[0.03280358 0.02756765]
99 0.5202800567626953 0.852
[0.03651793 0.03005872]
99 0.5087328674316406 0.8598
[0.04021954 0.0328583 ]
99 0.5006263732910157 0.8665
[0.04216551 0.03598889]
99 0.49338086700439454 0.8733
[0.04670587 0.03946323]
99 0.4888297798156738 0.8789
[0.04997971 0.04329965]
99 0.4851905853271484 0.883
[0.05522568 0.0475687 ]
99 0.48204278564453124 0.8864
[0.06203008 0.05222721]
99 0.47981058807373045 0.8897
[0.06219238 0.0573015 ]
99 0.47805850677490236 0.8909
[0.07184684 0.0627684 ]
99 0.47628984298706056 0.8932
[0.07676456 0.06858981]
99 0.47500417709350584 0.8959
[0.08374998 0.07478157]
99 0.4741290565490723 0.8957
[0.08949155 0.08120575]
99 0.47324178466796873 0.8991
[0.0940657  0.08789286]
99 0.4727503517150879 0.899
[0.10412842 0.094756  ]
99 0.47202797622680664 0.9009
[0.11286373 0.10169943]
99 0.47174761505126955 0.9009
[0.11993127 0.10852319]
99 0.4711071823120117 0.9018
[0.12639832 0.11527758]
99 0.47024941329956055 0.9035
[0.1312262  0.12191296]
99 0.4698939949035644 0.9041
[0.1369614  0.12831202]
99 0.4691462600708008 0.904
[0.14439929 0.13437606]
99 0.4688089340209961 0.904
[0.14946249 0.14018306]
99 0.4682917686462402 0.9043
[0.15276816 0.14560917]
99 0.46784170303344724 0.9037
[0.16121244 0.15074255]
99 0.4675339401245117 0.9033
[0.16605578 0.15559517]
99 0.46683582153320313 0.9044
[0.16727321 0.1600827 ]
99 0.4665458786010742 0.9046
[0.17541373 0.16434817]
99 0.4660609474182129 0.9046
[0.17902339 0.16830511]
99 0.46584443130493164 0.9045
[0.18151774 0.1721231 ]
99 0.4654523399353027 0.9047
[0.18445452 0.17559479]
99 0.46515908432006836 0.904
[0.1889716  0.17900792]
99 0.4642489761352539 0.9047
[0.19107604 0.18227398]
99 0.4640025779724121 0.9052
[0.19542824 0.18530942]
99 0.4637596061706543 0.9047
[0.19671811 0.18839718]
99 0.46314277725219727 0.9054
[0.19978392 0.19124506]
99 0.46273614807128904 0.905
[0.20481701 0.19408546]
99 0.4622975715637207 0.9048
[0.206118   0.19688216]
99 0.4617183792114258 0.9049
[0.2099311  0.19959591]
99 0.46130075454711916 0.9058
[0.21100308 0.20225278]
99 0.4608442443847656 0.9055
[0.2160255  0.20488836]
99 0.4605739242553711 0.9054
[0.21765968 0.2074242 ]
99 0.46012816009521484 0.9053
[0.22040479 0.21000648]
99 0.45975091705322263 0.9063
[0.22323191 0.2124768 ]
99 0.4590446640014648 0.9054
[0.22371662 0.21490486]
99 0.459087166595459 0.9055
[0.22779608 0.21736762]
99 0.45847448959350584 0.9049
[0.22932239 0.21983804]
99 0.4577550880432129 0.9049
[0.23184282 0.22228363]
99 0.4573166931152344 0.9058
[0.23435085 0.2247017 ]
99 0.4567556037902832 0.9052
[0.23542641 0.22707875]
99 0.45625732803344726 0.9057
[0.24042392 0.22947752]
99 0.45607586822509766 0.9056
[0.24104106 0.23179612]
99 0.4553765266418457 0.9062
[0.24343126 0.23411343]
99 0.45508283309936526 0.9062
[0.24721579 0.23648761]
99 0.45439319229125974 0.9061
[0.24681015 0.2388521 ]
99 0.45419200286865236 0.9062
[0.2514086  0.24115877]
99 0.45390843582153323 0.9058
[0.25317338 0.24343483]
99 0.45311807174682617 0.9054
[0.25711733 0.24571683]
99 0.4528464576721191 0.9053
[0.26059765 0.24805173]
99 0.45227242584228516 0.9066
[0.26144937 0.2502316 ]
99 0.4517787818908691 0.9064
[0.26253968 0.25250155]
99 0.45116994171142577 0.9062
[0.26609147 0.25471973]
99 0.45109433670043947 0.9055
[0.2713198 0.2569851]
99 0.45064475860595704 0.9062
[0.27120265 0.25916755]
99 0.4502509208679199 0.9059
[0.27411032 0.26138344]
99 0.44950801849365235 0.9064
[0.27490723 0.263602  ]
99 0.4490304336547852 0.9061
[0.27798653 0.26580748]
99 0.4486843688964844 0.9061
[0.27750254 0.26793534]
99 0.44795951843261717 0.9067
[0.2810907  0.27004242]
99 0.4476366523742676 0.9063
[0.2829709  0.27221894]
99 0.44704627685546877 0.9072
[0.28775004 0.2744406 ]
99 0.44662018203735354 0.9078
[0.28826442 0.27649572]
99 0.44593521423339844 0.9063
[0.29254025 0.27861106]
99 0.4454314224243164 0.907
[0.2932466  0.28070673]
99 0.44493836975097656 0.9068
[0.29539955 0.28277352]
99 0.44455268325805664 0.907
[0.2982506 0.2848821]
99 0.44441769332885744 0.9078
[0.29851243 0.2868978 ]
99 0.4439914794921875 0.9066
[0.3032313  0.28896427]
99 0.4432189826965332 0.9065
[0.30525845 0.29100662]
99 0.4428397331237793 0.9074
[0.3062496  0.29303476]
99 0.4423296920776367 0.9074
[0.30935842 0.29505184]
99 0.44205198822021485 0.9065
[0.31072342 0.29705018]
99 0.4414304702758789 0.9075
[0.31496552 0.29911247]
99 0.44119872970581053 0.9078
[0.31362754 0.3010356 ]
99 0.44057781295776366 0.9078
[0.31504548 0.30303708]
99 0.43971987533569334 0.9073
[0.3209345 0.3050009]
99 0.43977271270751955 0.9076
[0.32135585 0.30693135]
99 0.43920664901733397 0.9081
[0.32143086 0.30883202]
99 0.4388052055358887 0.9076
[0.32366636 0.31084985]
99 0.4380678833007812 0.9084
[0.3284137  0.31275588]
99 0.4373722717285156 0.908
[0.32800832 0.31467867]
99 0.4371152847290039 0.9081
[0.3310968  0.31651178]
99 0.4367557640075684 0.9079
[0.3344194 0.3184543]
99 0.43605405502319333 0.9082
[0.3322884  0.32025963]
99 0.4356571022033691 0.9097
[0.33527893 0.32211047]
99 0.4352401985168457 0.908
[0.34107372 0.32406363]
99 0.4345432159423828 0.9089
[0.33979794 0.32580128]
99 0.4343729057312012 0.9082
[0.3432443  0.32768378]
99 0.43392276611328123 0.9092
[0.3438815  0.32957378]
99 0.4337158676147461 0.9094
[0.34691796 0.33127365]
99 0.4327614692687988 0.9088
[0.34930867 0.3331818 ]
99 0.43248698196411134 0.9091
[0.3512185  0.33491167]
99 0.43193330917358397 0.9096
[0.35121045 0.33670318]
99 0.4313253425598145 0.9099
[0.353338   0.33842316]
99 0.43105445556640626 0.9092
[0.3554175 0.3401739]
99 0.43057074127197265 0.9091
[0.35620946 0.3419158 ]
99 0.4300801712036133 0.9101
[0.36037275 0.3436397 ]
99 0.42998670806884765 0.911
[0.36220762 0.34543765]
99 0.4292430793762207 0.9086
[0.3630722  0.34712476]
99 0.4287894790649414 0.9099
[0.36511502 0.34891948]
99 0.4281810806274414 0.91
[0.3678489 0.3505456]
99 0.4276466552734375 0.9094
[0.37005636 0.35229623]
99 0.42702238311767576 0.9099
[0.371051   0.35399136]
99 0.4266790596008301 0.9103
[0.37221584 0.35563108]
99 0.42655172424316407 0.9106
[0.374271   0.35717994]
99 0.4259840751647949 0.9101
[0.37682772 0.3588269 ]
99 0.42522815017700194 0.9106
[0.37798607 0.36050195]
99 0.42509709014892577 0.9105
[0.37760958 0.36205053]
99 0.4246278701782227 0.9105
[0.38123873 0.3637207 ]
99 0.42421721649169924 0.9098
[0.38267562 0.36533877]
99 0.4234089485168457 0.9103
[0.3835367  0.36691937]
99 0.42316599273681643 0.9098
[0.38578257 0.36854923]
99 0.42265926361083983 0.911
[0.3896702 0.3701305]
99 0.42219624938964845 0.9111
[0.39216325 0.3716889 ]
99 0.42183916625976564 0.911
[0.39065355 0.37323806]
99 0.4213197059631348 0.9114
[0.39075345 0.3748394 ]
99 0.4208108627319336 0.9116
[0.3942732 0.3763805]
99 0.4203047950744629 0.9107
[0.39545417 0.3779099 ]
99 0.4198135292053223 0.9112
[0.3983559  0.37946558]
99 0.4200895362854004 0.9108
[0.39923635 0.38093013]
99 0.41880725173950195 0.9113
[0.40208364 0.38249296]
99 0.41847086563110353 0.9117
[0.4007832  0.38391313]
99 0.41801118240356444 0.9109
[0.40532422 0.3854412 ]
99 0.41788103103637697 0.9118
[0.40448752 0.3869485 ]
99 0.41771791229248045 0.9121
[0.4066618 0.3884211]
99 0.4173507843017578 0.9118
[0.4070857  0.38972574]
99 0.41656171417236326 0.9118
[0.40842435 0.3913205 ]
99 0.4157902732849121 0.9122
[0.41138786 0.39278305]
99 0.4153940719604492 0.9118
[0.41449788 0.39412624]
99 0.4148912246704102 0.9127
[0.41445255 0.39556557]
99 0.4148247138977051 0.9109
[0.41468096 0.39699897]
99 0.4141189460754395 0.9117
[0.41512936 0.39829686]
99 0.4143403381347656 0.9113
[0.4206852  0.39985183]
99 0.4137594512939453 0.912
[0.4200377 0.4011984]
99 0.4127111755371094 0.9113
[0.42070132 0.40261307]
99 0.4122746940612793 0.9122
[0.4237242  0.40403777]
99 0.4124334823608398 0.9122
[0.42388782 0.40540063]
99 0.41152685317993165 0.9123
[0.4288209  0.40679064]
99 0.41111483230590823 0.9127
[0.42817113 0.40806296]
99 0.4115451354980469 0.9126
[0.43256924 0.4094164 ]
99 0.4102625305175781 0.9131
[0.43048936 0.41071606]
99 0.40996145782470705 0.9126
[0.43301082 0.4121275 ]
99 0.40964026412963866 0.9123
[0.43489397 0.41344592]
99 0.40954439163208006 0.9127
[0.43621838 0.41470495]
99 0.4091277549743652 0.9125
[0.43557817 0.415951  ]
99 0.4083044815063477 0.9121
[0.43880287 0.41732574]
99 0.407838134765625 0.9133
[0.43952912 0.4185977 ]
99 0.40763039855957034 0.913
[0.44166252 0.41997325]
99 0.40689403915405276 0.9134
[0.44477856 0.42119604]
99 0.4066742164611816 0.914
[0.44389966 0.4223689 ]
99 0.406617512512207 0.9124
[0.44341293 0.42362446]
99 0.4060905891418457 0.9124
[0.4452433  0.42497557]
99 0.40572253189086915 0.9128
[0.4471107  0.42621404]
99 0.40509645614624024 0.9128
[0.44819382 0.42743722]
99 0.404684228515625 0.913
[0.4500178  0.42866814]
99 0.4044108612060547 0.9135
[0.45196065 0.42984468]
99 0.4043829650878906 0.9125
[0.45401642 0.43112618]
99 0.40341013793945313 0.9137
[0.45318708 0.43233228]
99 0.40308209075927737 0.9137
[0.4583864  0.43353263]
99 0.4028605484008789 0.9139
[0.45734707 0.43470445]
99 0.402091877746582 0.9128
[0.4575547  0.43599743]
99 0.4017412033081055 0.9133
[0.45789272 0.4370786 ]
99 0.40187362213134764 0.9126
[0.46047503 0.43834025]
99 0.4012435012817383 0.9132
[0.46233836 0.43946445]
99 0.40104124603271485 0.9145
[0.4640209 0.4406183]
99 0.4002433853149414 0.9135
[0.46307725 0.4418045 ]
99 0.39986762619018557 0.9147
[0.4635653  0.44285667]
99 0.39999399642944333 0.913
[0.468967  0.4441195]
99 0.3994204444885254 0.9132
[0.4687524  0.44529828]
99 0.39875868377685547 0.9134
[0.46968308 0.4463769 ]
99 0.3986439056396484 0.9138
[0.47026974 0.44750813]
99 0.3979405014038086 0.9135
[0.4719632  0.44860524]
99 0.3976585388183594 0.9151
[0.4715648  0.44972768]
99 0.39697274627685547 0.9137
[0.47388306 0.45081583]
99 0.3968980667114258 0.914
[0.4779357  0.45194915]
99 0.39670036315917967 0.9149
[0.4739061  0.45293826]
99 0.396490389251709 0.9145
[0.47745174 0.45417348]
99 0.39599896545410157 0.914
[0.47746024 0.4551123 ]
99 0.3962475730895996 0.9135
[0.47951803 0.4562309 ]
99 0.3952254981994629 0.9149
[0.47994268 0.45736268]
99 0.39481494293212893 0.9152
[0.48239985 0.45837864]
99 0.3943908912658691 0.9143
[0.4817794  0.45947737]
99 0.3937927474975586 0.9151
[0.48471883 0.46054018]
99 0.3934981948852539 0.9141
[0.48471376 0.46157256]
99 0.39323283309936524 0.9146
[0.48589092 0.46251553]
99 0.39317298355102537 0.9136
[0.48793167 0.4636215 ]
99 0.3926092155456543 0.9143
[0.4882372  0.46464324]
99 0.3925533447265625 0.9141
[0.48949692 0.46566546]
99 0.3918803497314453 0.9142
[0.49304718 0.4667056 ]
99 0.39147038650512694 0.9143
[0.49040568 0.4677198 ]
99 0.3912273208618164 0.9143
[0.493205   0.46874017]
99 0.3907768135070801 0.9145
[0.4984684 0.4696574]
99 0.3907497032165527 0.915
[0.49505606 0.4706875 ]
99 0.38990820693969724 0.9156
[0.49582815 0.47171637]
99 0.3896368103027344 0.9143
[0.4959367  0.47264683]
99 0.38916007537841796 0.9147
[0.5002491 0.4737292]
99 0.38884885635375976 0.9147
[0.5006209 0.474679 ]
99 0.38886073303222657 0.9161
[0.4997529  0.47560138]
99 0.38829307327270507 0.9154
[0.5024724  0.47668308]
99 0.3879562770843506 0.9154
[0.5018306  0.47762787]
99 0.3876612564086914 0.9149
[0.50330704 0.47848275]
99 0.3873741981506348 0.9158
[0.50446165 0.47945154]
99 0.38668865852355955 0.9151
[0.5057533  0.48043686]
99 0.3864928081512451 0.916
[0.5047156 0.4813497]
99 0.3868361946105957 0.9157
[0.5098072 0.4823454]
99 0.3858720195770264 0.9154
[0.50993127 0.48328558]
99 0.3858991008758545 0.9145
[0.5074875 0.484138 ]
99 0.38523072929382324 0.916
[0.51009536 0.48508364]
99 0.3852698959350586 0.9146
[0.50949067 0.48603228]
99 0.3845021564483643 0.9155
[0.51271194 0.48694667]
99 0.3840500900268555 0.9153
[0.51066995 0.48781237]
99 0.3839089828491211 0.9162
[0.5134684  0.48866796]
99 0.383813920211792 0.9164
[0.5163738  0.48962805]
99 0.38375317916870116 0.9165
[0.5140416  0.49044323]
99 0.3826418327331543 0.9159
[0.51632226 0.4913549 ]
99 0.38258144569396974 0.9154
[0.51784736 0.49229625]
99 0.38207068061828614 0.9156
[0.51814777 0.49305442]
99 0.3823352203369141 0.9165
[0.51890486 0.4939765 ]
99 0.38127029418945313 0.9159
[0.519413   0.49485072]
99 0.3814786064147949 0.9152
[0.5245656  0.49572667]
99 0.38149721488952637 0.9157
[0.5229778  0.49655217]
99 0.3805608200073242 0.9157
[0.5228777 0.4974832]
99 0.38019441795349124 0.9162
[0.525136   0.49831462]
99 0.379888591003418 0.9169
[0.5260547  0.49918035]
99 0.37960046768188477 0.9167
[0.5260172  0.49990472]
99 0.37943088493347166 0.9162
[0.52565587 0.5008916 ]
99 0.3790840660095215 0.9168
[0.5283015 0.5017071]
99 0.37883123283386233 0.9161
[0.52784926 0.5024916 ]
99 0.378161494064331 0.9166
[0.53089494 0.5032932 ]
99 0.37828090019226074 0.9162
[0.529294  0.5040698]
99 0.3776996723175049 0.9162
[0.5314345 0.5048854]
99 0.3774676536560059 0.917
[0.5312388 0.5057535]
99 0.37732607917785643 0.916
[0.5373426 0.5066104]
99 0.37698288917541506 0.9166
[0.5339141 0.5072748]
99 0.3767309051513672 0.9165
[0.5354572 0.508199 ]
99 0.3764364387512207 0.9165
[0.5356021 0.5089048]
99 0.3760574306488037 0.9172
[0.53695524 0.5097938 ]
99 0.37558079566955566 0.9163
[0.5383356  0.51052344]
99 0.37537234420776366 0.917
[0.5389324  0.51132286]
99 0.374899751663208 0.9163
[0.53840464 0.51205325]
99 0.37481506309509277 0.9165
[0.5400578  0.51293725]
99 0.37442866134643554 0.9171
[0.53988516 0.513626  ]
99 0.37412822418212893 0.9173
[0.54157996 0.5143821 ]
99 0.37365713844299314 0.9166
[0.5419212 0.5151384]
99 0.37342121543884277 0.9178
[0.5438161 0.5159964]
99 0.3732928840637207 0.9177
[0.544729  0.5167251]
99 0.3727499610900879 0.9169
[0.5442399  0.51745415]
99 0.37284466171264646 0.9179
[0.54471487 0.5181645 ]
99 0.37256304397583007 0.9171
[0.5474622 0.5189443]
99 0.37253265838623045 0.9165
[0.54928225 0.5196553 ]
99 0.3719303970336914 0.9165
[0.5480627 0.5203736]
99 0.37152707176208494 0.9178
[0.54954267 0.52115977]
99 0.37119769973754885 0.9179
[0.5502541 0.521868 ]
99 0.37120848236083986 0.9167
[0.5515442 0.5225533]
99 0.3706944755554199 0.9179
[0.55266315 0.5232854 ]
99 0.3708339241027832 0.9178
[0.5508987 0.5240209]
99 0.37074816169738767 0.9179
[0.5535875 0.5247375]
99 0.37009497413635256 0.9172
[0.55502474 0.5254523 ]
99 0.36951014175415037 0.9178
[0.55480987 0.5260916 ]
99 0.3694130771636963 0.9171
[0.5518056 0.5267789]
99 0.36950361137390136 0.9183
[0.555269  0.5275123]
99 0.36875524520874026 0.9177
[0.5556075  0.52825624]
99 0.36883061447143556 0.9178
[0.55642444 0.52891237]
99 0.3685490566253662 0.9178
[0.5586047  0.52966845]
99 0.3677223617553711 0.9172
[0.5607393 0.5304111]
99 0.3682884506225586 0.9167
[0.56056696 0.5310976 ]
99 0.36776689682006836 0.9169
[0.5607437  0.53174233]
99 0.36709055709838867 0.9177
[0.56123376 0.5324513 ]
99 0.36689020347595214 0.9179
[0.5607653  0.53308105]
99 0.36636680793762205 0.9189
[0.56444716 0.5337904 ]
99 0.36629014549255373 0.9177
Working on regularization level 0.3
[0.00297902 0.00162396]
99 9.966719189453125 0.2057
[0.00369411 0.00249334]
99 5.551413745117188 0.3188
[0.00588709 0.00366302]
99 3.2174446533203125 0.4267
[0.00945677 0.00507252]
99 1.9797612854003905 0.5161
[0.01021408 0.00672178]
99 1.3280226196289062 0.6008
[0.01431846 0.00868302]
99 0.993324723815918 0.6781
[0.01518327 0.0111462 ]
99 0.8274928024291992 0.7403
[0.01982573 0.01445981]
99 0.7505949676513672 0.7858
[0.02434226 0.01909343]
99 0.7172276840209961 0.8269
[0.02958571 0.0255152 ]
99 0.7030891632080079 0.8502
[0.03955827 0.03410057]
99 0.6971396408081054 0.8651
[0.05097105 0.04506433]
99 0.6948276779174805 0.8718
[0.06353643 0.05798742]
99 0.6930418029785156 0.8746
[0.07502178 0.07183392]
99 0.691302409362793 0.8785
[0.08971044 0.0851006 ]
99 0.6906763732910156 0.8799
[0.10220327 0.09682814]
99 0.6893250717163086 0.8812
[0.11217194 0.10663484]
99 0.6886907257080078 0.8815
[0.12183162 0.11499204]
99 0.686912126159668 0.8819
[0.12799746 0.12197036]
99 0.6865028289794922 0.8808
[0.13391435 0.12836865]
99 0.6851760559082031 0.8812
[0.13996895 0.13419352]
99 0.6844329559326172 0.8809
[0.14366382 0.1397566 ]
99 0.682754165649414 0.8818
[0.14976695 0.14506069]
99 0.6817038467407227 0.8824
[0.15346435 0.15037453]
99 0.680639680480957 0.8812
[0.16116697 0.1556438 ]
99 0.6793901046752929 0.8818
[0.16602533 0.16064826]
99 0.6784846405029297 0.8834
[0.17172994 0.16587448]
99 0.6764894973754882 0.882
[0.17559855 0.17099029]
99 0.6750618438720704 0.8826
[0.18363962 0.17595203]
99 0.6739348052978515 0.8824
[0.18702227 0.18092905]
99 0.6730184722900391 0.8821
[0.19257551 0.18574198]
99 0.6714514129638672 0.8827
[0.1956702  0.19071695]
99 0.6702888961791992 0.8817
[0.20203795 0.19551677]
99 0.668846760559082 0.8831
[0.20601653 0.20033501]
99 0.66740712890625 0.8827
[0.21156219 0.2052491 ]
99 0.6656516723632813 0.8838
[0.21784623 0.21000107]
99 0.6645200363159179 0.8832
[0.2198081  0.21465012]
99 0.6629055633544921 0.8841
[0.22846161 0.21923049]
99 0.6616120559692383 0.8839
[0.2323699  0.22387794]
99 0.6599655120849609 0.8839
[0.23592654 0.2285    ]
99 0.6586012680053711 0.8834
[0.24019147 0.23286164]
99 0.6569053314208985 0.8847
[0.24321483 0.23736931]
99 0.6555899185180664 0.8836
[0.24792887 0.24177936]
99 0.6537836853027343 0.8835
[0.25294384 0.24629563]
99 0.6524596405029297 0.8854
[0.25758976 0.25051546]
99 0.6509870193481445 0.8845
[0.26392558 0.2547746 ]
99 0.6495036651611328 0.8848
[0.26958114 0.25896695]
99 0.6485862548828125 0.8843
[0.2716591 0.2632284]
99 0.6461657913208008 0.8852
[0.27552688 0.26732424]
99 0.6445465255737305 0.8852
[0.28092632 0.27146497]
99 0.6428811752319336 0.8861
[0.28514355 0.2754496 ]
99 0.6416957122802734 0.8847
[0.29019594 0.2793956 ]
99 0.6405884933471679 0.8854
[0.29129204 0.28339505]
99 0.6388944305419922 0.8862
[0.29505506 0.28739846]
99 0.6369230484008789 0.888
[0.30283016 0.29131988]
99 0.6354103317260742 0.8864
[0.3063625 0.2951592]
99 0.6335549530029296 0.8857
[0.30953604 0.2989758 ]
99 0.63221689453125 0.8863
[0.3141361  0.30265108]
99 0.6304503143310547 0.8871
[0.31675434 0.30650958]
99 0.6291190216064453 0.8858
[0.31934303 0.31012526]
99 0.6275479095458985 0.8866
[0.32550415 0.3137146 ]
99 0.6264158660888672 0.8864
[0.32623652 0.31720686]
99 0.6246632995605469 0.8867
[0.330808   0.32081684]
99 0.6230801239013671 0.8861
[0.3347997 0.3242883]
99 0.6216766616821289 0.8879
[0.34015217 0.3277619 ]
99 0.6196027160644532 0.8875
[0.3416947  0.33105814]
99 0.6183872955322266 0.8879
[0.3463194 0.3345716]
99 0.6164851806640625 0.8878
[0.35117576 0.337966  ]
99 0.6153141159057617 0.8893
[0.35340533 0.3411686 ]
99 0.6134485626220703 0.8886
[0.3552837  0.34455258]
99 0.6121959533691407 0.8904
[0.360591   0.34770522]
99 0.6108259826660156 0.8893
[0.36287183 0.3508264 ]
99 0.6089746353149414 0.8894
[0.36652872 0.35397047]
99 0.6075012008666992 0.8885
[0.37090647 0.35708055]
99 0.606462191772461 0.8889
[0.37506953 0.36011022]
99 0.6047343719482422 0.8899
[0.37451568 0.36319765]
99 0.6035968978881836 0.8893
[0.37926838 0.36629885]
99 0.6012105926513672 0.8899
[0.3843183 0.3691498]
99 0.5997842742919922 0.8898
[0.3846137 0.3721043]
99 0.5984601364135742 0.8896
[0.3874069  0.37492093]
99 0.5969099746704102 0.8898
[0.39156586 0.37786552]
99 0.5952895416259766 0.8894
[0.3941249  0.38075358]
99 0.5941217559814453 0.8903
[0.39993334 0.3835897 ]
99 0.5933680694580078 0.891
[0.3993461  0.38638216]
99 0.5913262451171875 0.8912
[0.40215144 0.38911274]
99 0.5897657287597656 0.8906
[0.40686724 0.3917325 ]
99 0.5884001510620117 0.8905
[0.40877044 0.39445868]
99 0.5867605041503906 0.891
[0.40994596 0.39699912]
99 0.5857504943847657 0.891
[0.41541296 0.3996683 ]
99 0.5849720443725586 0.8913
[0.41595978 0.40222818]
99 0.5826714706420898 0.8916
[0.41905195 0.40482667]
99 0.5814769653320313 0.8915
[0.42389733 0.40735987]
99 0.5799330749511719 0.8923
[0.42335957 0.4098374 ]
99 0.578334700012207 0.892
[0.42812037 0.41236326]
99 0.5770501647949219 0.8919
[0.43156344 0.4146748 ]
99 0.5760040374755859 0.8927
[0.4329674 0.4171698]
99 0.5748869812011719 0.8923
[0.43767503 0.4195133 ]
99 0.5741865539550781 0.8925
[0.43882492 0.4219249 ]
99 0.5717828033447265 0.8933
[0.4404564  0.42418614]
99 0.5708508880615234 0.8926
[0.44276097 0.42650715]
99 0.5694484344482422 0.8921
[0.44640768 0.42889863]
99 0.5680303039550781 0.8922
[0.44703883 0.43108475]
99 0.5669017700195312 0.8919
[0.45147392 0.43330157]
99 0.5664903747558594 0.8941
[0.45199186 0.43538266]
99 0.564196482849121 0.8933
[0.45469606 0.4376374 ]
99 0.5626309631347656 0.8937
[0.45897707 0.43981636]
99 0.5617251754760743 0.8935
[0.45926613 0.4419591 ]
99 0.5606405349731445 0.894
[0.46100047 0.44413346]
99 0.5598979248046875 0.8945
[0.46294552 0.4459916 ]
99 0.5580387435913086 0.8941
[0.46514034 0.44820794]
99 0.5565754486083985 0.8936
[0.46854874 0.45035625]
99 0.5556368057250977 0.8946
[0.47047573 0.4521991 ]
99 0.5541774703979492 0.8943
[0.47279105 0.4543574 ]
99 0.5532290222167969 0.8952
[0.47423464 0.45609707]
99 0.5523101699829102 0.8946
[0.47526994 0.45807472]
99 0.5508236145019532 0.8949
[0.4779765  0.46006656]
99 0.5495180511474609 0.894
[0.48055208 0.46209478]
99 0.5478754043579102 0.8944
[0.48285452 0.46393764]
99 0.5473235298156738 0.896
[0.48545986 0.46583423]
99 0.5462177459716797 0.8962
[0.4898945  0.46770236]
99 0.5454672927856445 0.8959
[0.48920748 0.46963248]
99 0.5440698036193847 0.8954
[0.49010164 0.47126254]
99 0.5429636360168457 0.8958
[0.49156412 0.47308552]
99 0.5415165107727051 0.8956
[0.4940109  0.47496328]
99 0.5404710586547852 0.8962
[0.49587077 0.4764951 ]
99 0.5402502891540527 0.8956
[0.49782112 0.47845986]
99 0.5384891220092773 0.8961
[0.49966553 0.48010597]
99 0.5375834266662598 0.8958
[0.5009353 0.4818431]
99 0.5361195404052734 0.8953
[0.5013302  0.48342904]
99 0.535081746673584 0.8971
[0.5038221  0.48510396]
99 0.5346148368835449 0.896
[0.5072001  0.48682073]
99 0.5333068939208985 0.8961
[0.5094194  0.48851982]
99 0.5324924263000488 0.8976
[0.5097963  0.49002698]
99 0.5309460144042969 0.8972
[0.5129621  0.49163127]
99 0.5308368492126465 0.8959
[0.5157413  0.49338588]
99 0.529376781463623 0.8975
[0.51655704 0.494937  ]
99 0.5278930801391601 0.8963
[0.51714814 0.49646184]
99 0.5267961730957031 0.8979
[0.51964635 0.49810106]
99 0.52562427444458 0.898
[0.5186785  0.49953225]
99 0.5246779396057129 0.8971
[0.52254826 0.5010033 ]
99 0.5243086692810058 0.897
[0.5229394 0.5023396]
99 0.5228898338317871 0.8966
[0.52543247 0.5039935 ]
99 0.5223873153686523 0.8972
[0.52667135 0.5053755 ]
99 0.520891340637207 0.8981
[0.5307737 0.5069021]
99 0.5198929702758789 0.898
[0.52993906 0.5083603 ]
99 0.5192699249267578 0.8983
[0.5326089 0.5096887]
99 0.5181198913574219 0.8984
[0.53319454 0.51115716]
99 0.5173041664123535 0.8984
[0.53267306 0.5124249 ]
99 0.5166964179992676 0.8985
[0.53743285 0.51385283]
99 0.5153228363037109 0.8982
[0.5358246 0.5152941]
99 0.5145308258056641 0.8987
[0.53815764 0.51656204]
99 0.5136422645568848 0.8992
[0.5389931 0.5179197]
99 0.512916030883789 0.8989
[0.54070526 0.5191643 ]
99 0.5123534523010254 0.8981
[0.54302543 0.5206154 ]
99 0.5109336112976074 0.8997
[0.54566634 0.52200896]
99 0.5101114791870117 0.8987
[0.5471784  0.52319866]
99 0.5090977981567383 0.8989
[0.5477752 0.5245231]
99 0.5083865501403808 0.899
[0.55127543 0.52591443]
99 0.5073747482299805 0.8991
[0.5515115  0.52716726]
99 0.5069267723083496 0.9
[0.55000687 0.5283662 ]
99 0.5057249107360839 0.8992
[0.5534806 0.5295799]
99 0.5047758842468262 0.8991
[0.55553854 0.53084534]
99 0.5042890853881836 0.8997
[0.5554003 0.5321266]
99 0.5039004043579102 0.9
[0.5575843 0.533405 ]
99 0.5025925720214843 0.8989
[0.5566016  0.53433746]
99 0.5020299354553223 0.8995
[0.55881304 0.5355738 ]
99 0.5009045547485351 0.8994
[0.5626511  0.53678316]
99 0.500212654876709 0.8999
[0.56084317 0.53796154]
99 0.4993802963256836 0.8996
[0.56386715 0.5390094 ]
99 0.49850096435546876 0.9005
[0.5656039 0.5403057]
99 0.49750404815673827 0.9003
[0.5663393 0.5412933]
99 0.49674429244995116 0.9007
[0.5664004 0.5426024]
99 0.49627882537841794 0.9003
[0.56929904 0.54370904]
99 0.4950734420776367 0.8998
[0.5705222  0.54477894]
99 0.4940110984802246 0.9001
[0.56893116 0.54572445]
99 0.4939075553894043 0.8991
[0.5715319 0.5469864]
99 0.49288630142211914 0.9004
[0.57367676 0.5480482 ]
99 0.4923213180541992 0.9014
[0.57360506 0.5490348 ]
99 0.4911688926696777 0.9
[0.57437074 0.55014473]
99 0.4905000549316406 0.9009
[0.57794917 0.55110055]
99 0.49010840759277347 0.9005
[0.5789927 0.5523043]
99 0.49006352615356447 0.9012
[0.5786749  0.55306894]
99 0.48908289642333985 0.9008
[0.58093673 0.5542159 ]
99 0.487617781829834 0.9018
[0.58072275 0.5553889 ]
99 0.4865936340332031 0.9004
[0.58397907 0.5563489 ]
99 0.4880314453125 0.8987
[0.5833551  0.55724317]
99 0.48571858749389646 0.9029
[0.58342725 0.5583721 ]
99 0.4846184982299805 0.9015
[0.58623844 0.5593105 ]
99 0.4841092010498047 0.9015
[0.5839875 0.5601292]
99 0.48439413986206054 0.902
[0.5875114 0.5612017]
99 0.4829969131469727 0.9015
[0.58826965 0.5620604 ]
99 0.4830860069274902 0.9014
[0.5907037 0.5632964]
99 0.4811906295776367 0.9014
[0.5899711  0.56439006]
99 0.4811249076843262 0.9009
[0.591312  0.5651002]
99 0.479802889251709 0.9018
[0.5906736  0.56613946]
99 0.4792089309692383 0.9023
[0.59340316 0.56693685]
99 0.4789640838623047 0.9025
[0.5921481  0.56785524]
99 0.47819865646362303 0.9023
[0.59536594 0.56888044]
99 0.47748485565185544 0.9029
[0.5961566  0.56972075]
99 0.4773713653564453 0.9013
[0.59706014 0.57064825]
99 0.47599111709594727 0.9016
[0.5986784 0.5716552]
99 0.47595624237060546 0.9008
[0.5999311 0.5722964]
99 0.4755030387878418 0.9016
[0.6022113 0.5734877]
99 0.4744103309631348 0.9031
[0.60102457 0.5742923 ]
99 0.47338090133666993 0.9038
[0.603501  0.5750547]
99 0.47323157577514646 0.903
[0.6036669 0.5759753]
99 0.47248224945068357 0.9031
[0.6050187 0.576781 ]
99 0.47205703353881834 0.9029
[0.60352945 0.57763433]
99 0.47099673767089845 0.9019
[0.60630155 0.57844925]
99 0.4710932197570801 0.9017
[0.60596377 0.5793708 ]
99 0.47035390319824216 0.9019
[0.60765094 0.5801242 ]
99 0.4692712173461914 0.9028
[0.6092532 0.5809205]
99 0.4686223907470703 0.9037
[0.6105781 0.5819192]
99 0.46809510955810546 0.9016
[0.6085612 0.5825055]
99 0.46847885513305665 0.9021
[0.6123258 0.5835061]
99 0.46722370376586914 0.9011
[0.6117638  0.58423203]
99 0.4660869941711426 0.9021
[0.6122142 0.5849749]
99 0.46639878463745116 0.9039
[0.6136303  0.58583796]
99 0.4661334457397461 0.9033
[0.61407506 0.58663553]
99 0.46487703399658203 0.9019
[0.61714786 0.58738303]
99 0.4642654289245605 0.903
[0.61683834 0.58821374]
99 0.46376075286865237 0.9027
[0.6188448  0.58897275]
99 0.46343208465576174 0.9024
[0.61865073 0.5896709 ]
99 0.46238246078491213 0.9046
[0.6171423 0.5906936]
99 0.46175479049682616 0.9024
[0.61978763 0.59137625]
99 0.4608877891540527 0.9031
[0.6212604  0.59211993]
99 0.4604320861816406 0.902
[0.62183774 0.5928897 ]
99 0.46044830856323243 0.903
[0.6212573  0.59349674]
99 0.4593733108520508 0.9038
[0.6239188 0.5943585]
99 0.4594207229614258 0.9034
[0.6207595 0.5949926]
99 0.45935440979003905 0.9031
[0.62565017 0.59567165]
99 0.45878519592285155 0.9032
[0.6271943 0.5965393]
99 0.4571371788024902 0.9039
[0.62568206 0.5973491 ]
99 0.45682315063476564 0.904
[0.62685984 0.5980574 ]
99 0.4565447967529297 0.9035
[0.6288163 0.5986193]
99 0.4566429039001465 0.9052
[0.6277399  0.59925956]
99 0.4555446517944336 0.9045
[0.63030463 0.60009795]
99 0.4547123039245605 0.9042
[0.6287081 0.6007857]
99 0.4550057067871094 0.903
[0.6323718 0.601481 ]
99 0.4537529052734375 0.9037
[0.6330306  0.60219437]
99 0.45334614791870115 0.9051
[0.6340914 0.602779 ]
99 0.45282663345336915 0.9041
[0.632951   0.60356075]
99 0.45267786254882814 0.9043
[0.6337256 0.6039597]
99 0.452576570892334 0.9042
[0.6352914  0.60476214]
99 0.451078776550293 0.9054
[0.63428944 0.6054649 ]
99 0.4509071029663086 0.905
[0.6358983  0.60621226]
99 0.45018801803588865 0.9031
[0.63772184 0.6068319 ]
99 0.4497314750671387 0.9036
[0.63839716 0.60751015]
99 0.4496167999267578 0.9043
[0.63710105 0.6080583 ]
99 0.4494501075744629 0.9038
[0.6398301  0.60862434]
99 0.4489739471435547 0.9044
[0.63991916 0.60941344]
99 0.4483571533203125 0.9041
[0.6397876  0.61020553]
99 0.44769242248535157 0.9037
[0.64153874 0.61071086]
99 0.4470061393737793 0.9047
[0.6424616  0.61132693]
99 0.4460014007568359 0.9041
[0.6429224 0.6120677]
99 0.44653506622314454 0.904
[0.6442658  0.61252284]
99 0.44577920303344726 0.9049
[0.64603394 0.61315495]
99 0.44544346771240234 0.9048
[0.64442927 0.6138648 ]
99 0.4444916275024414 0.9046
[0.6440889 0.6145375]
99 0.4441933776855469 0.9051
[0.64608324 0.6150588 ]
99 0.4437667579650879 0.9045
[0.6476672 0.6156725]
99 0.44324259185791015 0.9053
[0.6482276 0.6162953]
99 0.44338993530273435 0.9037
[0.64756495 0.6168055 ]
99 0.44258578338623045 0.9058
[0.646915 0.617424]
99 0.44246537246704104 0.9055
[0.64912164 0.6180347 ]
99 0.4415126884460449 0.9046
[0.6509923 0.618706 ]
99 0.4407134262084961 0.9048
[0.6528949  0.61941135]
99 0.44067344131469727 0.9044
[0.65164745 0.6198708 ]
99 0.44002065048217776 0.9051
[0.6513505 0.6202337]
99 0.44093079605102536 0.9051
[0.6539419 0.6212428]
99 0.43996146697998045 0.9032
[0.6540662  0.62172985]
99 0.43879158477783203 0.9059
[0.6518154 0.6220629]
99 0.4389165756225586 0.906
[0.6522029  0.62256914]
99 0.4382115287780762 0.9054
[0.6561123 0.623054 ]
99 0.43848072967529295 0.9052
[0.6545412 0.6237052]
99 0.4375554222106934 0.9052
[0.6556311  0.62438667]
99 0.43738965911865235 0.9043
[0.6572704 0.6249678]
99 0.43737370376586915 0.9052
[0.6577274  0.62558323]
99 0.4357506790161133 0.9056
[0.6582084 0.6260728]
99 0.4353383888244629 0.9042
[0.65854144 0.6264932 ]
99 0.43606374130249026 0.9044
[0.66037226 0.6272103 ]
99 0.434560173034668 0.9055
[0.65898764 0.6276113 ]
99 0.4344640937805176 0.9062
[0.66086537 0.62815046]
99 0.4335770530700684 0.9072
[0.6625277 0.6286378]
99 0.4346243255615234 0.9054
[0.6618361 0.6292826]
99 0.43299143371582033 0.906
[0.6632409  0.62982476]
99 0.4322083854675293 0.9049
[0.66271657 0.63037384]
99 0.43219284896850585 0.9046
[0.66401285 0.6309147 ]
99 0.4320687301635742 0.9045
[0.66456586 0.6313147 ]
99 0.43243164596557615 0.905
[0.66292036 0.6318333 ]
99 0.4308689514160156 0.9062
[0.6643869 0.6324674]
99 0.4306734359741211 0.9055
[0.66604966 0.6329564 ]
99 0.4304420364379883 0.9058
[0.66628504 0.6334895 ]
99 0.4301868453979492 0.9045
[0.6660575 0.6339953]
99 0.4296705413818359 0.9073
[0.6672199  0.63446295]
99 0.429697518157959 0.9044
[0.6688272 0.63514  ]
99 0.4288382293701172 0.9045
[0.6681575  0.63533276]
99 0.4282067626953125 0.9058
[0.6693978 0.6361076]
99 0.42848975219726565 0.9049
[0.66876125 0.63627476]
99 0.4281607704162598 0.9066
[0.669651  0.6369008]
99 0.42684735794067385 0.9056
