cuda:0
6
Preparing datasets...
Preparing networks...
Fitting two-layer networks...
Generating network with reg level 0
modifying second layer regularization...
Generating network with reg level 0.1
modifying second layer regularization...
Generating network with reg level 0.3
modifying second layer regularization...
Generating dataframes...
Working on regularization level 0
[-0.00400623 -0.01242245]
99 15.424830322265626 0.1901
[-0.00332261 -0.01165333]
99 12.24006611328125 0.2681
[-0.00398415 -0.01085683]
99 10.280141186523437 0.3284
[-0.00194976 -0.01002827]
99 8.855540991210937 0.3777
[-0.00469797 -0.00917731]
99 7.7849271484375 0.4209
[-0.00031466 -0.00832911]
99 6.955801513671875 0.4594
[-0.00129825 -0.00749555]
99 6.30378427734375 0.4923
[ 0.00140297 -0.0066881 ]
99 5.7791751098632815 0.5198
[-1.7200749e-05 -5.9085377e-03]
99 5.350005639648438 0.5416
[ 0.00150014 -0.00515488]
99 4.992130834960937 0.5644
[-0.00057414 -0.00443359]
99 4.6896543823242185 0.5827
[ 0.00163087 -0.00374349]
99 4.4304371948242185 0.5991
[ 0.00059723 -0.00307777]
99 4.2069042236328125 0.614
[ 0.00455821 -0.00243609]
99 4.0111224609375 0.628
[ 0.00370767 -0.00181684]
99 3.8380682556152346 0.6401
[ 0.00491219 -0.00122339]
99 3.685206408691406 0.6514
[ 0.00410055 -0.0006446 ]
99 3.547726611328125 0.6652
[ 6.013490e-03 -8.607713e-05]
99 3.4247889404296874 0.6748
[0.00460986 0.00045244]
99 3.3134255554199217 0.6826
[0.00502494 0.00097751]
99 3.212723645019531 0.6903
[0.00804212 0.00148791]
99 3.119909405517578 0.6984
[0.00597508 0.00197714]
99 3.0356653869628905 0.7056
[0.00750537 0.0024596 ]
99 2.95787548828125 0.7121
[0.00704674 0.00292473]
99 2.886880813598633 0.7179
[0.0075247  0.00338055]
99 2.8206041137695315 0.7247
[0.00879955 0.00382168]
99 2.759388314819336 0.7293
[0.00918045 0.00425385]
99 2.702553936767578 0.7335
[0.00856773 0.00467152]
99 2.6495621002197267 0.7379
[0.00831737 0.00508426]
99 2.5997379974365233 0.7423
[0.01057008 0.00548933]
99 2.553202996826172 0.7469
[0.01025628 0.00587964]
99 2.5093123931884764 0.7516
[0.00997226 0.00626613]
99 2.467961734008789 0.7545
[0.01038264 0.00664324]
99 2.42898225402832 0.7598
[0.00966748 0.00701434]
99 2.3919033203125 0.7626
[0.01195598 0.00737598]
99 2.3569387451171875 0.7646
[0.01291074 0.00773111]
99 2.324019650268555 0.7684
[0.01341153 0.0080804 ]
99 2.2926249420166016 0.7714
[0.01082542 0.00842403]
99 2.262664163208008 0.7733
[0.01353523 0.00875669]
99 2.2342265899658202 0.7753
[0.01543017 0.00908616]
99 2.20724580078125 0.7778
[0.01358233 0.0094094 ]
99 2.1812508544921876 0.7797
[0.01398718 0.00972703]
99 2.156567395019531 0.7817
[0.01442617 0.01004105]
99 2.132762585449219 0.7844
[0.01444168 0.01035032]
99 2.1101439910888673 0.7864
[0.0170609  0.01065175]
99 2.088400341796875 0.7881
[0.01560855 0.0109508 ]
99 2.0669388732910154 0.7907
[0.01575911 0.01124198]
99 2.0468399810791014 0.7919
[0.01479374 0.01152966]
99 2.027351596069336 0.7947
[0.01453347 0.01181546]
99 2.0089871673583986 0.796
[0.01585543 0.01209893]
99 1.9910340042114258 0.7985
[0.01804438 0.01237323]
99 1.9739630767822265 0.7996
[0.0189597  0.01264689]
99 1.9569331100463867 0.8014
[0.01783017 0.01291572]
99 1.9405512130737306 0.8027
[0.01713406 0.01318207]
99 1.9250426147460937 0.8044
[0.01550933 0.01344304]
99 1.9097953979492188 0.8055
[0.01765908 0.01370239]
99 1.8951463348388673 0.8074
[0.01682187 0.01395724]
99 1.8808906784057617 0.8089
[0.02052752 0.01421094]
99 1.8669692001342773 0.8106
[0.01861999 0.01445776]
99 1.8531295791625977 0.8117
[0.02063038 0.0147055 ]
99 1.840345115661621 0.8125
[0.02047719 0.01494774]
99 1.8274425384521484 0.8139
[0.02000756 0.01518842]
99 1.815050018310547 0.815
[0.01901802 0.01542628]
99 1.8033826889038085 0.8158
[0.02070664 0.01566093]
99 1.7909606811523437 0.8172
[0.0203394  0.01589289]
99 1.77954669342041 0.8183
[0.0206234  0.01612206]
99 1.768373501586914 0.8189
[0.02128802 0.01634963]
99 1.757573941040039 0.8195
[0.02306739 0.01657569]
99 1.7468557739257813 0.8201
[0.02403477 0.01679984]
99 1.7367248413085938 0.8216
[0.02154578 0.01701951]
99 1.7262832778930663 0.822
[0.02097589 0.01723925]
99 1.716525961303711 0.8227
[0.02189952 0.01745663]
99 1.7068501358032226 0.8243
[0.02294579 0.0176712 ]
99 1.6972934036254883 0.8248
[0.0215721  0.01788541]
99 1.6879537307739259 0.8251
[0.02210985 0.01809485]
99 1.6787929306030274 0.8259
[0.02548312 0.01830405]
99 1.6697957473754883 0.8267
[0.02270187 0.01851266]
99 1.6610322784423828 0.8283
[0.02389763 0.01871676]
99 1.652342756652832 0.8292
[0.02217388 0.01892225]
99 1.6439950210571288 0.8296
[0.02316509 0.01912419]
99 1.6358494338989258 0.8299
[0.02552754 0.01932184]
99 1.6275386657714843 0.8308
[0.02343094 0.01952315]
99 1.6198209243774413 0.8315
[0.02632582 0.01972063]
99 1.6122102142333985 0.832
[0.0258998  0.01991614]
99 1.6043338516235353 0.8326
[0.02453258 0.02011021]
99 1.5970142974853516 0.834
[0.02474716 0.02030428]
99 1.589466697692871 0.8346
[0.02538078 0.02049594]
99 1.5820238739013672 0.836
[0.02509277 0.02068697]
99 1.575140478515625 0.8361
[0.02700002 0.02087587]
99 1.5682619903564454 0.8367
[0.02433876 0.02106553]
99 1.5613975257873536 0.8375
[0.02671969 0.02125029]
99 1.554365143585205 0.838
[0.02602391 0.02143395]
99 1.5474711715698242 0.839
[0.02590955 0.0216203 ]
99 1.5415939720153808 0.8393
[0.02811299 0.02180455]
99 1.535556748199463 0.8392
[0.0265142  0.02198426]
99 1.5288620246887208 0.8403
[0.02744986 0.02216337]
99 1.522553776550293 0.841
[0.02837506 0.02234495]
99 1.5165455741882323 0.8415
[0.02577214 0.02252245]
99 1.5102529998779297 0.8421
[0.02992737 0.02269887]
99 1.5040948501586915 0.8426
[0.02571639 0.02287485]
99 1.4985270553588868 0.8431
[0.0280042  0.02304968]
99 1.4925870292663574 0.8437
[0.02737383 0.02322398]
99 1.4868585739135742 0.8443
[0.02957367 0.02340017]
99 1.4814567909240723 0.8449
[0.02666153 0.02357135]
99 1.4757909301757812 0.8453
[0.02825463 0.02374138]
99 1.4702748725891113 0.8458
[0.02656274 0.0239128 ]
99 1.4651500923156737 0.8464
[0.03067054 0.02408195]
99 1.4597625465393067 0.8467
[0.02899757 0.0242499 ]
99 1.4543906127929687 0.8469
[0.03024052 0.02441741]
99 1.4491316307067872 0.8475
[0.03038013 0.02458276]
99 1.4441586334228516 0.848
[0.02969596 0.02475048]
99 1.4394136283874512 0.8479
[0.03028519 0.0249149 ]
99 1.4341348846435547 0.8485
[0.03169428 0.02507822]
99 1.428919881439209 0.8489
[0.0303768  0.02524193]
99 1.4241413772583007 0.8489
[0.03094881 0.02540324]
99 1.4194559288024902 0.8492
[0.02966744 0.02556661]
99 1.4144540916442871 0.8498
[0.03005993 0.02572974]
99 1.4101286384582519 0.8503
[0.03021794 0.02588749]
99 1.405050929260254 0.8504
[0.03083155 0.02604796]
99 1.4004339973449706 0.8511
[0.03127847 0.02620756]
99 1.3963026023864746 0.8509
[0.03214563 0.02636631]
99 1.3916884391784667 0.8512
[0.03253667 0.02652344]
99 1.387605506134033 0.8518
[0.02989502 0.02668185]
99 1.3829357841491698 0.8521
[0.0328329  0.02683599]
99 1.3785361808776855 0.853
[0.03295715 0.0269907 ]
99 1.374091204071045 0.8528
[0.03161753 0.02714568]
99 1.369696070098877 0.8531
[0.03373934 0.02730117]
99 1.3657933265686035 0.8538
[0.03153592 0.02745566]
99 1.3618026512145995 0.8545
[0.03349077 0.02760833]
99 1.3572693656921386 0.8545
[0.03411524 0.02776006]
99 1.3535422134399413 0.855
[0.0312634  0.02791097]
99 1.349487922668457 0.8548
[0.03287368 0.0280628 ]
99 1.3451058212280274 0.8553
[0.03501235 0.02821523]
99 1.3414629783630372 0.8555
[0.03355931 0.02836421]
99 1.337502276611328 0.8558
[0.03223599 0.02851206]
99 1.333576188659668 0.8565
[0.03598638 0.02866066]
99 1.3297213241577148 0.8568
[0.03435038 0.02881   ]
99 1.3260202728271484 0.857
[0.03335024 0.02895791]
99 1.3223244659423827 0.8572
[0.03372733 0.0291052 ]
99 1.318413414001465 0.8576
[0.03499531 0.02925208]
99 1.314740396118164 0.8578
[0.03391846 0.02939953]
99 1.3109826705932617 0.8581
[0.03410222 0.02954297]
99 1.3069562950134277 0.8584
[0.03452588 0.02968902]
99 1.3031786193847656 0.8589
[0.03736692 0.0298341 ]
99 1.300057356262207 0.8589
[0.03458945 0.029979  ]
99 1.296268812561035 0.8594
[0.03410212 0.03012182]
99 1.2927795486450195 0.86
[0.03842195 0.03026624]
99 1.289197631072998 0.8602
[0.03749611 0.0304105 ]
99 1.2860559982299804 0.8604
[0.03665682 0.03055241]
99 1.2825762664794922 0.8605
[0.03762278 0.03069293]
99 1.2787924880981445 0.8612
[0.03593412 0.03083468]
99 1.275492165374756 0.8614
[0.03494168 0.03097644]
99 1.2721185333251954 0.8617
[0.03730281 0.03111611]
99 1.268892819213867 0.8619
[0.03628013 0.03125609]
99 1.2656169212341308 0.8624
[0.03607515 0.03139484]
99 1.262131824493408 0.8624
[0.03755674 0.03153517]
99 1.2590651458740234 0.8627
[0.03806263 0.03167234]
99 1.2558835136413575 0.8631
[0.0365581  0.03181177]
99 1.2523479782104492 0.8631
[0.03811386 0.03194978]
99 1.2491469886779785 0.8633
[0.03737282 0.03208858]
99 1.2458709617614747 0.8633
[0.03839752 0.03222517]
99 1.2427318336486817 0.864
[0.03877349 0.03236146]
99 1.2399757629394532 0.8639
[0.03971132 0.03249956]
99 1.2367460266113282 0.8643
[0.03725663 0.0326353 ]
99 1.2337372222900391 0.8647
[0.03742253 0.03277185]
99 1.230695810699463 0.8645
[0.0401407 0.0329067]
99 1.2276584213256836 0.8653
[0.03693066 0.03304273]
99 1.2245442779541016 0.8653
[0.03818701 0.0331758 ]
99 1.221411981201172 0.8658
[0.03675047 0.03330863]
99 1.2187056892395018 0.8657
[0.03902006 0.03344307]
99 1.2155864570617676 0.8661
[0.0400608  0.03357751]
99 1.212944081878662 0.8662
[0.0404005  0.03370988]
99 1.2100228355407714 0.8664
[0.03915011 0.03384109]
99 1.2071491157531737 0.8665
[0.03961958 0.03397308]
99 1.204150217437744 0.8669
[0.03932779 0.0341076 ]
99 1.201582794189453 0.8667
[0.03923928 0.03423894]
99 1.1985699745178222 0.8673
[0.04100456 0.03437006]
99 1.1958788536071778 0.8677
[0.03974739 0.03450123]
99 1.1928823402404785 0.8679
[0.04247094 0.03463157]
99 1.1902104850769042 0.8678
[0.03881217 0.0347613 ]
99 1.187418067932129 0.8685
[0.04106044 0.03489154]
99 1.1848429695129394 0.8685
[0.03952417 0.03502217]
99 1.1820689651489258 0.8686
[0.04166785 0.03514966]
99 1.1794706520080567 0.8688
[0.040581   0.03527994]
99 1.1768840065002442 0.8691
[0.04235105 0.03540836]
99 1.1740518669128417 0.8695
[0.04287659 0.03553667]
99 1.1711179290771485 0.8694
[0.04104752 0.03566588]
99 1.1687953422546387 0.8694
[0.04327691 0.03579269]
99 1.165996479034424 0.8698
[0.04057854 0.03592019]
99 1.1636688247680664 0.87
[0.04285673 0.03604913]
99 1.1612434219360352 0.8699
[0.04220787 0.03617589]
99 1.158636125946045 0.87
[0.04248593 0.03630162]
99 1.1560283294677733 0.8701
[0.04196461 0.03642855]
99 1.1533128608703613 0.8709
[0.04073119 0.03655439]
99 1.1510491241455079 0.8706
[0.04129051 0.03668182]
99 1.148521053314209 0.8712
[0.04295697 0.03680893]
99 1.1459752059936523 0.8711
[0.04453356 0.03693277]
99 1.143639463043213 0.8714
[0.0446641  0.03705806]
99 1.1411940101623534 0.8716
[0.0400885  0.03718177]
99 1.1386795928955078 0.8717
[0.0433422  0.03730655]
99 1.1364622283935546 0.8722
[0.04385122 0.03743165]
99 1.1337926162719727 0.8725
[0.04269977 0.0375561 ]
99 1.1315519264221192 0.873
[0.042966   0.03768094]
99 1.12922265625 0.8731
[0.04369179 0.03780465]
99 1.1266391204833985 0.873
[0.04352388 0.03792756]
99 1.1246383888244629 0.8733
[0.04370479 0.03805064]
99 1.1222177978515624 0.8734
[0.04425011 0.03817363]
99 1.1197298538208007 0.8735
[0.04319321 0.03829509]
99 1.1174012283325194 0.8735
[0.04741179 0.03841855]
99 1.1152622871398925 0.8739
[0.04567643 0.03854075]
99 1.1130546279907227 0.8741
[0.04515503 0.03866332]
99 1.1107865310668945 0.8743
[0.04567704 0.03878629]
99 1.1085434463500976 0.8739
[0.04419386 0.03890684]
99 1.1065157371520995 0.8744
[0.04554362 0.03902828]
99 1.1043015068054198 0.8744
[0.04545445 0.03914993]
99 1.1019318031311036 0.8746
[0.04538501 0.03927072]
99 1.0998323051452636 0.8746
[0.04578313 0.0393927 ]
99 1.0976735321044921 0.8748
[0.04605911 0.03951197]
99 1.095294147491455 0.8749
[0.04715371 0.03963352]
99 1.093113550567627 0.875
[0.04703334 0.03975265]
99 1.0911434226989747 0.8753
[0.04596815 0.0398731 ]
99 1.0891304595947267 0.8755
[0.04582375 0.03999312]
99 1.0870686965942382 0.8757
[0.04711154 0.0401119 ]
99 1.0848945205688476 0.8756
[0.04755334 0.040232  ]
99 1.0828791709899903 0.8762
[0.0488791  0.04035086]
99 1.0807406311035157 0.8761
[0.04621058 0.04047015]
99 1.0785475074768067 0.8761
[0.04902251 0.04058866]
99 1.076721661376953 0.8764
[0.04692757 0.04070721]
99 1.0744749610900879 0.8762
[0.0471537  0.04082535]
99 1.0726114730834961 0.8769
[0.04445596 0.0409427 ]
99 1.0704290771484375 0.8767
[0.04819774 0.04106149]
99 1.0682892044067382 0.8771
[0.04738092 0.0411818 ]
99 1.0666633918762207 0.8777
[0.04700932 0.04129847]
99 1.064578239440918 0.8779
[0.04776087 0.04141638]
99 1.0629362915039062 0.8777
[0.05077256 0.04153377]
99 1.060888257598877 0.8777
[0.04709891 0.04164942]
99 1.0587312591552733 0.8778
[0.04824294 0.04176575]
99 1.057068115234375 0.8778
[0.04971731 0.04188443]
99 1.054914129638672 0.8781
[0.04803991 0.04199998]
99 1.052931290435791 0.8783
[0.04844745 0.04211642]
99 1.0510831176757813 0.8783
[0.04988064 0.04223372]
99 1.049307615661621 0.8784
[0.04807428 0.04234974]
99 1.0472519020080566 0.8784
[0.04740278 0.04246649]
99 1.0455937454223634 0.8788
[0.04938266 0.0425813 ]
99 1.0438432327270508 0.8784
[0.04780065 0.04269549]
99 1.041664933013916 0.8786
[0.04859845 0.04281224]
99 1.0398340965270996 0.8791
[0.04851358 0.04292721]
99 1.038039835357666 0.8795
[0.04984728 0.04304194]
99 1.0360281585693358 0.8795
[0.04900235 0.04315789]
99 1.0343106483459472 0.8795
[0.04984764 0.04327288]
99 1.0327237571716308 0.8792
[0.04978379 0.04338752]
99 1.0311517730712891 0.8796
[0.04942773 0.04350005]
99 1.0290717903137208 0.8798
[0.05258577 0.04361544]
99 1.027163564300537 0.8801
[0.05217194 0.04372957]
99 1.0254148529052733 0.8801
[0.05191952 0.0438451 ]
99 1.0237347511291504 0.88
[0.04985293 0.04395863]
99 1.0218919486999511 0.8803
[0.05124674 0.04407109]
99 1.0202260005950927 0.8807
[0.04819966 0.04418463]
99 1.0182803966522216 0.8807
[0.05030465 0.04429851]
99 1.0167225650787353 0.8812
[0.05007401 0.04441269]
99 1.01499817237854 0.881
[0.05053854 0.04452548]
99 1.0131952072143555 0.8811
[0.05199049 0.04463976]
99 1.0115455448150634 0.881
[0.05145662 0.04475139]
99 1.0097284976959229 0.8812
[0.05132167 0.04486283]
99 1.0081445316314697 0.8815
[0.0539361  0.04497565]
99 1.006488540649414 0.882
[0.05280999 0.04508836]
99 1.004879744720459 0.8817
[0.05271849 0.04519983]
99 1.003100803756714 0.8817
[0.05222677 0.0453135 ]
99 1.0016497631072998 0.8817
[0.05244042 0.04542487]
99 0.9998014343261719 0.8818
[0.05174069 0.04553561]
99 0.9981764514923096 0.8822
[0.05250071 0.04564784]
99 0.9965909477233886 0.8822
[0.05284774 0.0457592 ]
99 0.9948168701171874 0.8823
[0.05482258 0.04587103]
99 0.9932075614929199 0.8826
[0.05179666 0.04598165]
99 0.9916819087982178 0.883
[0.05441705 0.04609194]
99 0.9900122787475586 0.883
[0.05347208 0.04620375]
99 0.9883874568939209 0.8833
[0.05347636 0.04631513]
99 0.9868203517913818 0.8833
[0.05173772 0.04642681]
99 0.9853758224487305 0.8834
[0.05368432 0.04653666]
99 0.9839577793121338 0.8838
[0.05449564 0.04664678]
99 0.9821737545013428 0.8837
[0.0534231  0.04675793]
99 0.9806350063323974 0.8837
[0.05436122 0.04686829]
99 0.9790978076934814 0.884
[0.05393621 0.04697794]
99 0.9775848796844483 0.8843
[0.05525946 0.04708741]
99 0.9760885196685791 0.884
[0.05354884 0.04719729]
99 0.9745015434265136 0.884
[0.05437696 0.04730666]
99 0.9728662872314453 0.8845
[0.05821966 0.04741755]
99 0.9716881767272949 0.8845
[0.0529686  0.04752694]
99 0.9698510467529297 0.8848
[0.05437084 0.04763595]
99 0.968364811706543 0.8849
[0.05609072 0.04774508]
99 0.9668900661468506 0.8851
[0.05446009 0.04785506]
99 0.9655520416259765 0.8851
[0.05412837 0.04796315]
99 0.9639407485961914 0.8853
[0.05269452 0.04807131]
99 0.9625354286193848 0.8853
[0.05389795 0.04818022]
99 0.9611291816711426 0.8852
[0.05503657 0.04828869]
99 0.9595761802673339 0.8856
[0.05591943 0.04839693]
99 0.9580288158416748 0.8857
[0.05530446 0.04850602]
99 0.9566296321868897 0.8857
[0.05562784 0.04861486]
99 0.9553146289825439 0.8858
[0.05753508 0.04872306]
99 0.9537023124694824 0.8858
[0.05593724 0.04883042]
99 0.9522796340942383 0.8862
Working on regularization level 0.1
[-0.00510098 -0.0123965 ]
99 13.76487333984375 0.1946
[-0.00317378 -0.01154387]
99 9.65833232421875 0.2829
[-0.00267769 -0.01061716]
99 7.103638232421875 0.355
[-0.00064839 -0.00959233]
99 5.344998815917969 0.4193
[-0.00172932 -0.0085058 ]
99 4.110085400390625 0.476
[-0.0001488  -0.00739801]
99 3.225326135253906 0.5258
[ 0.00020676 -0.00627462]
99 2.5820189453125 0.5679
[ 0.00178628 -0.0051621 ]
99 2.1015017578125 0.6048
[ 0.0019929  -0.00404817]
99 1.7375999481201172 0.6385
[ 0.00323005 -0.00294205]
99 1.458425161743164 0.6688
[ 0.00380305 -0.00184404]
99 1.2417029724121094 0.6939
[ 0.0064319  -0.00070995]
99 1.0721128158569335 0.7183
[0.00785963 0.00042296]
99 0.9390868240356446 0.7388
[0.00899674 0.00160201]
99 0.8338018936157227 0.7586
[0.01131077 0.00281226]
99 0.7508901626586914 0.7749
[0.00957476 0.00409763]
99 0.6855091896057129 0.7919
[0.01055465 0.00547348]
99 0.6342036346435547 0.8061
[0.01413434 0.00696061]
99 0.594299388885498 0.8203
[0.01517547 0.00859648]
99 0.5632039894104004 0.8313
[0.01755982 0.01037392]
99 0.539661476135254 0.8396
[0.01971558 0.0123755 ]
99 0.5217254539489746 0.8489
[0.02099036 0.01459485]
99 0.5080855621337891 0.857
[0.02673843 0.0170945 ]
99 0.497951383972168 0.8654
[0.02721591 0.0198767 ]
99 0.4904426338195801 0.8718
[0.03211381 0.02301383]
99 0.48485922775268553 0.8747
[0.03408634 0.02650668]
99 0.4807647857666016 0.8802
[0.03822281 0.03036133]
99 0.4777786804199219 0.8839
[0.04277721 0.03463756]
99 0.4755033180236816 0.8859
[0.04903486 0.03931521]
99 0.4734908950805664 0.8885
[0.05059909 0.04441056]
99 0.47221757431030276 0.8905
[0.0580425  0.04997689]
99 0.47114729080200196 0.8926
[0.06560449 0.05584411]
99 0.47018341217041015 0.8952
[0.07020735 0.06216755]
99 0.46958470077514647 0.8958
[0.07817514 0.06877281]
99 0.4689384292602539 0.8961
[0.08268353 0.07563075]
99 0.46840309982299805 0.8979
[0.09121591 0.08262254]
99 0.46785707778930663 0.8982
[0.09823797 0.08977181]
99 0.4675143905639648 0.8994
[0.10433005 0.09694842]
99 0.4671892463684082 0.9003
[0.11024486 0.104037  ]
99 0.4668098503112793 0.9003
[0.11647314 0.1109831 ]
99 0.46635678024291993 0.902
[0.12245676 0.11769024]
99 0.46574458084106446 0.9013
[0.12968773 0.12414631]
99 0.46538177795410157 0.9028
[0.13237843 0.13029733]
99 0.4650883338928223 0.9026
[0.14252166 0.13609767]
99 0.4646224609375 0.9027
[0.14607514 0.14166819]
99 0.46452188720703125 0.903
[0.15508346 0.1468179 ]
99 0.4641235565185547 0.9018
[0.15328126 0.15169168]
99 0.4636036926269531 0.902
[0.16085961 0.15633962]
99 0.463493196105957 0.9037
[0.16257276 0.1606742 ]
99 0.46287834548950196 0.9028
[0.16883145 0.16481167]
99 0.46242150573730467 0.9033
[0.17341405 0.16878656]
99 0.46245810546875 0.9033
[0.17692372 0.17242977]
99 0.4617719566345215 0.9028
[0.17965716 0.176033  ]
99 0.46130897674560545 0.9033
[0.18309309 0.17946668]
99 0.46086833801269533 0.9034
[0.18653944 0.18274008]
99 0.4605915672302246 0.9039
[0.18795083 0.1858628 ]
99 0.4602306716918945 0.9036
[0.1911185  0.18901753]
99 0.45958342361450194 0.903
[0.19439237 0.19199353]
99 0.45912825622558595 0.9038
[0.19810344 0.19489565]
99 0.45882662887573245 0.9039
[0.20068733 0.19772178]
99 0.45866708068847656 0.9032
[0.20373224 0.20054458]
99 0.4580697227478027 0.9041
[0.20387465 0.20338278]
99 0.4577269241333008 0.9044
[0.2073116  0.20602354]
99 0.45714414520263674 0.9034
[0.2106363 0.2087448]
99 0.45663351135253905 0.9035
[0.21607809 0.21137029]
99 0.4562936897277832 0.904
[0.21802694 0.21399473]
99 0.45572877960205077 0.904
[0.21731538 0.21662058]
99 0.4555061592102051 0.9048
[0.22300573 0.2191204 ]
99 0.4551164680480957 0.9044
[0.22513285 0.22162506]
99 0.45508935317993165 0.9046
[0.22266847 0.22421913]
99 0.45441095962524414 0.904
[0.22707345 0.22672153]
99 0.4537928024291992 0.9049
[0.23062496 0.22910538]
99 0.4533162879943848 0.9044
[0.23603328 0.23163064]
99 0.45276451187133787 0.9049
[0.23599717 0.234078  ]
99 0.45213246765136716 0.9051
[0.23847824 0.23645939]
99 0.45182740859985354 0.9051
[0.24050435 0.23888643]
99 0.45140577545166016 0.9049
[0.2429206  0.24131747]
99 0.4509695556640625 0.9055
[0.24489178 0.24367918]
99 0.4510100631713867 0.9051
[0.24923427 0.24600394]
99 0.4500849189758301 0.905
[0.24938989 0.24832003]
99 0.4497799331665039 0.9055
[0.25292534 0.25065672]
99 0.4492910194396973 0.9056
[0.25787035 0.25301164]
99 0.44849304428100584 0.9056
[0.26041025 0.25530505]
99 0.4481222152709961 0.9053
[0.25999394 0.25758648]
99 0.4476856994628906 0.9058
[0.26298314 0.25989425]
99 0.44725233154296873 0.9063
[0.26509055 0.2621522 ]
99 0.4466942367553711 0.9062
[0.2678243  0.26432562]
99 0.4462809120178223 0.9059
[0.2714374  0.26659235]
99 0.44592442169189456 0.9057
[0.27266026 0.26884225]
99 0.4454120697021484 0.9059
[0.27456933 0.2709995 ]
99 0.4446884231567383 0.9056
[0.2764679  0.27320808]
99 0.44436660690307617 0.9059
[0.279466   0.27541247]
99 0.4440913330078125 0.9064
[0.28197286 0.2775937 ]
99 0.4435571662902832 0.9066
[0.28352767 0.27970353]
99 0.44304404220581056 0.906
[0.2839192  0.28181487]
99 0.44270483779907227 0.9064
[0.28802451 0.2839843 ]
99 0.44228273849487304 0.9068
[0.28990322 0.28610125]
99 0.4415753562927246 0.9062
[0.29279506 0.28818315]
99 0.4409065269470215 0.9066
[0.29559922 0.29026595]
99 0.4405865913391113 0.9068
[0.29652902 0.29233128]
99 0.4400035575866699 0.9069
[0.30073193 0.29443428]
99 0.4395706932067871 0.907
[0.3015924  0.29642743]
99 0.43905412673950195 0.9069
[0.301708   0.29846853]
99 0.43865471725463867 0.9071
[0.30174303 0.30054465]
99 0.43818047103881835 0.9071
[0.3085052  0.30254844]
99 0.4378931427001953 0.9074
[0.31038004 0.30457196]
99 0.4378021621704102 0.9066
[0.3114839  0.30648848]
99 0.436814404296875 0.9074
[0.3132122  0.30843213]
99 0.4367082336425781 0.9074
[0.31659907 0.31041595]
99 0.43599943008422853 0.9071
[0.316136   0.31240234]
99 0.4357030906677246 0.9072
[0.3206805  0.31431353]
99 0.43488589096069336 0.9073
[0.32168242 0.3162211 ]
99 0.43448194580078126 0.9072
[0.32360432 0.3181126 ]
99 0.43408453216552734 0.908
[0.32527262 0.32004556]
99 0.4338256881713867 0.9078
[0.32581612 0.32193416]
99 0.4335094673156738 0.9075
[0.32745668 0.32384625]
99 0.43282802352905275 0.9074
[0.33180594 0.32568347]
99 0.4324737358093262 0.9075
[0.33316368 0.32754937]
99 0.43212289810180665 0.9084
[0.33409968 0.3294294 ]
99 0.4310467834472656 0.9083
[0.33453184 0.33129644]
99 0.43111335525512695 0.9076
[0.34119707 0.33305776]
99 0.43027040328979493 0.9083
[0.3433827  0.33488953]
99 0.4299397445678711 0.908
[0.34249863 0.3366725 ]
99 0.42947947845458984 0.9078
[0.34580436 0.33839417]
99 0.42929114227294923 0.9082
[0.34658453 0.340194  ]
99 0.4285994171142578 0.9085
[0.34759137 0.34201512]
99 0.4283198211669922 0.9089
[0.35054794 0.34375736]
99 0.4276927688598633 0.9092
[0.35215634 0.3454589 ]
99 0.42710553436279297 0.9089
[0.3531314  0.34720236]
99 0.42667873458862304 0.9082
[0.35702938 0.34892666]
99 0.42635743789672853 0.9086
[0.3563695  0.35060337]
99 0.4258186614990234 0.9089
[0.35892645 0.35232502]
99 0.4252956123352051 0.9088
[0.3603922  0.35408345]
99 0.42500588073730466 0.9096
[0.36301395 0.35561702]
99 0.4244007080078125 0.9093
[0.36663428 0.3573738 ]
99 0.42371732330322265 0.9094
[0.36654687 0.35902742]
99 0.42346964797973635 0.9089
[0.36563525 0.36064386]
99 0.42319664611816404 0.9093
[0.37049845 0.36231613]
99 0.42272910537719727 0.9086
[0.37203345 0.36393616]
99 0.42186870956420897 0.9089
[0.37197906 0.36554262]
99 0.42169051971435545 0.9091
[0.37494892 0.36706582]
99 0.42150496673583987 0.9094
[0.3764073  0.36868033]
99 0.4210173530578613 0.9096
[0.37878722 0.37030157]
99 0.42047247772216795 0.9099
[0.38009715 0.37188342]
99 0.41980962295532226 0.9096
[0.38080576 0.37346208]
99 0.41962066802978515 0.9101
[0.3849031  0.37500304]
99 0.41948844680786135 0.9098
[0.3855553  0.37655795]
99 0.41876878509521487 0.9104
[0.38711047 0.3780687 ]
99 0.4181414375305176 0.9104
[0.3868481  0.37964517]
99 0.4178699348449707 0.9098
[0.3911059  0.38117635]
99 0.41731475448608396 0.9102
[0.3925344  0.38261485]
99 0.4169704071044922 0.9099
[0.39244935 0.38416573]
99 0.4166434898376465 0.9099
[0.39548197 0.38563234]
99 0.416050276184082 0.9099
[0.39650404 0.38712436]
99 0.41573089447021483 0.9109
[0.39796808 0.38867185]
99 0.4150978721618652 0.9109
[0.39893755 0.39009157]
99 0.4146597152709961 0.9106
[0.40346503 0.39161295]
99 0.4144966102600098 0.91
[0.4027973  0.39298353]
99 0.4141194389343262 0.9106
[0.40463018 0.3944339 ]
99 0.41347139205932615 0.9104
[0.408646  0.3958766]
99 0.4130684181213379 0.9108
[0.40636423 0.39735484]
99 0.41284110717773437 0.9103
[0.40956798 0.39866802]
99 0.41216783294677733 0.9107
[0.4066665 0.4001049]
99 0.4120447883605957 0.9107
[0.41079593 0.4014767 ]
99 0.41127899856567385 0.9105
[0.41351807 0.4028501 ]
99 0.41107265853881836 0.9107
[0.4139563  0.40429932]
99 0.41047869262695313 0.9108
[0.41761422 0.4055843 ]
99 0.4103269142150879 0.9108
[0.41875058 0.406924  ]
99 0.4096483154296875 0.9115
[0.4189011  0.40835264]
99 0.40908715591430667 0.9116
[0.41976672 0.40965748]
99 0.4089567253112793 0.9108
[0.42114052 0.41100866]
99 0.40861299209594726 0.911
[0.42474127 0.41232833]
99 0.40814260559082033 0.9105
[0.42389157 0.41372553]
99 0.40826234970092773 0.9119
[0.42460757 0.4149613 ]
99 0.4072862998962402 0.9112
[0.42670193 0.4162735 ]
99 0.4070012420654297 0.9117
[0.42890844 0.41758186]
99 0.40660312652587893 0.9118
[0.4303426  0.41885808]
99 0.4060391708374023 0.9116
[0.42908928 0.42016158]
99 0.4058274398803711 0.9109
[0.43259406 0.42136776]
99 0.4053455192565918 0.9115
[0.43467632 0.4226771 ]
99 0.40503513565063476 0.9116
[0.43220878 0.42396173]
99 0.4044404220581055 0.9122
[0.43711773 0.42514154]
99 0.4041656105041504 0.9116
[0.43811607 0.42643383]
99 0.4036837089538574 0.9115
[0.44142365 0.4276695 ]
99 0.4031565116882324 0.9119
[0.44051042 0.42890364]
99 0.4029584098815918 0.9117
[0.4407918  0.43016163]
99 0.4022456069946289 0.9122
[0.44224697 0.4313171 ]
99 0.4019070556640625 0.9115
[0.4457273  0.43255514]
99 0.40177705459594726 0.9122
[0.44605398 0.43373764]
99 0.40151728515625 0.912
[0.44468826 0.43492773]
99 0.4010353363037109 0.9117
[0.44606635 0.43612   ]
99 0.4007971435546875 0.9125
[0.4500517 0.4373304]
99 0.40039684448242185 0.9124
[0.45036846 0.4385366 ]
99 0.3999872886657715 0.9121
[0.45055568 0.43964708]
99 0.39948401260375976 0.9121
[0.45262834 0.44081494]
99 0.3990470222473145 0.9124
[0.4542493  0.44196472]
99 0.39918601150512695 0.9115
[0.45371488 0.44311488]
99 0.3982989387512207 0.9121
[0.45738658 0.4442976 ]
99 0.3979720642089844 0.9119
[0.4567151 0.4453574]
99 0.39772364807128907 0.9122
[0.45801815 0.44657078]
99 0.3973688346862793 0.9115
[0.46069026 0.4476846 ]
99 0.3969373588562012 0.9123
[0.4611552  0.44882733]
99 0.3963523773193359 0.9119
[0.46089983 0.4499019 ]
99 0.3961078285217285 0.9119
[0.46248943 0.45097506]
99 0.39602157592773435 0.9117
[0.4652193  0.45202145]
99 0.39546261978149416 0.913
[0.46706632 0.45310166]
99 0.3952392478942871 0.9128
[0.46591184 0.45427662]
99 0.3948790283203125 0.9122
[0.46609443 0.45536506]
99 0.39462470474243166 0.9121
[0.46924883 0.4564526 ]
99 0.39415750503540037 0.912
[0.4741932  0.45744455]
99 0.393596044921875 0.9131
[0.47147855 0.4584785 ]
99 0.3936325439453125 0.9118
[0.47443807 0.45956767]
99 0.3926011199951172 0.9125
[0.4757659  0.46059957]
99 0.3923360679626465 0.9131
[0.47643572 0.46167505]
99 0.39203857192993163 0.9126
[0.47598684 0.46266565]
99 0.3918114356994629 0.913
[0.47583848 0.46378836]
99 0.39154078216552735 0.9133
[0.4791321 0.4647317]
99 0.39109915771484377 0.9133
[0.4803823 0.4657867]
99 0.39065602111816405 0.9126
[0.4791461 0.4667754]
99 0.39047437896728515 0.9122
[0.47946265 0.46781874]
99 0.3903765182495117 0.9128
[0.48336184 0.46886247]
99 0.38954091796875 0.9133
[0.4852174  0.46984357]
99 0.38953849487304687 0.9129
[0.48578325 0.47083694]
99 0.3888433090209961 0.9129
[0.48668468 0.47184816]
99 0.388705265045166 0.913
[0.48518267 0.47281396]
99 0.3883076538085937 0.9134
[0.4876826 0.4737896]
99 0.38809387130737305 0.9133
[0.49023837 0.47473922]
99 0.3877945224761963 0.9135
[0.49018577 0.47568372]
99 0.38731269874572755 0.9133
[0.49007207 0.47664514]
99 0.3870831684112549 0.9133
[0.49330312 0.4776414 ]
99 0.3869954765319824 0.9132
[0.49257687 0.47855008]
99 0.38629556159973144 0.9135
[0.4945503 0.479532 ]
99 0.3859350311279297 0.9129
[0.49529248 0.48044452]
99 0.3859698211669922 0.9134
[0.49606442 0.4815012 ]
99 0.38583363304138185 0.914
[0.49797127 0.4822924 ]
99 0.3849534328460693 0.9138
[0.49865478 0.4832614 ]
99 0.38444241371154786 0.9136
[0.5010854  0.48414117]
99 0.38411689071655275 0.9132
[0.50146395 0.48508182]
99 0.3838784450531006 0.9138
[0.50224096 0.48602384]
99 0.38360713119506834 0.9132
[0.50116336 0.4869027 ]
99 0.3835526760101318 0.9134
[0.5028132 0.4877785]
99 0.38314326515197755 0.9138
[0.5031545  0.48874563]
99 0.3829061546325684 0.9142
[0.5054123  0.48959813]
99 0.3826182834625244 0.9133
[0.5060005  0.49050552]
99 0.38215926742553713 0.9139
[0.5080842 0.4913876]
99 0.3824128765106201 0.9128
[0.5096556  0.49223074]
99 0.38149623527526855 0.9147
[0.50828785 0.4930624 ]
99 0.38129612426757814 0.9139
[0.51021653 0.49398896]
99 0.3809102352142334 0.9146
[0.510258   0.49484888]
99 0.3803755611419678 0.9138
[0.51362395 0.49564636]
99 0.3802604072570801 0.914
[0.5120155 0.496548 ]
99 0.3801400051116943 0.914
[0.514019  0.4974818]
99 0.3795899555206299 0.9137
[0.51446176 0.49829143]
99 0.3790418529510498 0.9136
[0.5150654 0.4992505]
99 0.3791089782714844 0.9141
[0.51760286 0.49991778]
99 0.37888567504882814 0.9142
[0.51752913 0.5007678 ]
99 0.37810161247253415 0.9144
[0.5174577  0.50161743]
99 0.3778887020111084 0.914
[0.5187111 0.5025155]
99 0.3777033145904541 0.9141
[0.5173956 0.503359 ]
99 0.37756996803283693 0.9143
[0.52007693 0.5040901 ]
99 0.3771972640991211 0.9148
[0.5207217  0.50493443]
99 0.3768275966644287 0.9144
[0.52273893 0.5057202 ]
99 0.37637405281066894 0.9144
[0.5228602 0.5065066]
99 0.3762273593902588 0.9145
[0.5242529  0.50735974]
99 0.3759498477935791 0.9152
[0.5249963 0.508075 ]
99 0.37564925117492676 0.914
[0.52480143 0.508948  ]
99 0.3758485538482666 0.9146
[0.528779   0.50966406]
99 0.3751928207397461 0.9143
[0.5295117 0.5105349]
99 0.3748669101715088 0.9152
[0.52761376 0.5112825 ]
99 0.37455457077026366 0.9149
[0.529655  0.5120274]
99 0.37416180877685545 0.9145
[0.5282656  0.51287913]
99 0.37376166610717776 0.914
[0.53024364 0.51366836]
99 0.3737262985229492 0.914
[0.53192717 0.5143496 ]
99 0.3734823673248291 0.915
[0.53368217 0.51517475]
99 0.37285490951538086 0.915
[0.5321794  0.51595163]
99 0.37270682525634763 0.9146
[0.532497   0.51669747]
99 0.3722691459655762 0.9153
[0.53681284 0.51746285]
99 0.3719107044219971 0.9148
[0.537479  0.5181375]
99 0.3719624237060547 0.915
[0.53610694 0.51895595]
99 0.37141631660461427 0.9146
[0.5388998  0.51966697]
99 0.37129098358154294 0.9156
[0.5384226  0.52035385]
99 0.3712186431884766 0.9151
[0.53853995 0.5211537 ]
99 0.3706758502960205 0.9146
[0.5394085 0.5218644]
99 0.37030287780761717 0.9153
[0.5413436  0.52256984]
99 0.36994912452697754 0.9151
[0.5402686 0.5233654]
99 0.36958177947998044 0.9155
[0.5430283  0.52407736]
99 0.3705138935089111 0.9148
[0.54306763 0.52479756]
99 0.36960254402160647 0.915
[0.5447864 0.5255149]
99 0.3690063488006592 0.9151
[0.5458083 0.5261585]
99 0.3687778884887695 0.9151
[0.5441262 0.5270309]
99 0.3691258213043213 0.9145
[0.5466163  0.52768403]
99 0.3685951656341553 0.916
[0.5449129  0.52836543]
99 0.36792217407226563 0.9155
[0.5468976  0.52908015]
99 0.36784842224121095 0.9156
[0.5490295 0.5297284]
99 0.3674249156951904 0.9152
[0.5502754 0.5304763]
99 0.36728394813537596 0.9144
[0.5488395 0.5311264]
99 0.3669243305206299 0.9149
[0.5501039 0.5318237]
99 0.36673937072753904 0.9157
[0.5506271  0.53251666]
99 0.36625269050598147 0.9158
[0.5526458 0.5331932]
99 0.36647771110534666 0.9161
[0.5533059  0.53388137]
99 0.36585740051269533 0.9151
Working on regularization level 0.3
[-0.00553415 -0.01232982]
99 10.955120654296875 0.2068
[-0.00360449 -0.01131763]
99 6.002443896484375 0.3147
[-0.00310994 -0.01006669]
99 3.406764794921875 0.4189
[-0.00179295 -0.00855884]
99 2.038853466796875 0.5188
[-0.00027804 -0.00682756]
99 1.3366529571533203 0.6032
[ 0.00102679 -0.00480731]
99 0.9812595794677734 0.6819
[ 0.00294813 -0.00227376]
99 0.8102172592163086 0.7486
[0.00819752 0.00108859]
99 0.7339744232177734 0.8019
[0.01336452 0.00576845]
99 0.7035264175415039 0.8318
[0.01927652 0.01225072]
99 0.6925844299316406 0.8534
[0.02722436 0.02108039]
99 0.6881658905029296 0.8669
[0.04017651 0.03245785]
99 0.6862168930053711 0.8728
[0.05188001 0.04593056]
99 0.6854251495361328 0.8763
[0.0653757  0.06060934]
99 0.6848863357543945 0.8786
[0.07888371 0.07501708]
99 0.6836339141845703 0.8808
[0.08896492 0.08789219]
99 0.6830463714599609 0.8805
[0.09998164 0.0988113 ]
99 0.6827606567382812 0.882
[0.10822631 0.108078  ]
99 0.6813308837890625 0.8807
[0.11314025 0.11608193]
99 0.6803961395263672 0.8811
[0.12085738 0.12303821]
99 0.6790689575195312 0.8819
[0.13037889 0.12967326]
99 0.6785415969848633 0.8797
[0.13305745 0.13571185]
99 0.6771249786376953 0.8811
[0.139247   0.14138922]
99 0.6762482147216797 0.8821
[0.14766775 0.14703377]
99 0.6747767929077149 0.8841
[0.15052065 0.15262008]
99 0.6733778015136719 0.8815
[0.1546153  0.15806162]
99 0.6718213592529297 0.8832
[0.16056342 0.16338095]
99 0.6707846221923828 0.8827
[0.16591495 0.1686025 ]
99 0.6703374771118165 0.8823
[0.17244011 0.17386708]
99 0.668026609802246 0.8826
[0.17500868 0.17896146]
99 0.6668228897094727 0.8824
[0.1817743  0.18406062]
99 0.665644108581543 0.8827
[0.1881214  0.18901071]
99 0.664184602355957 0.8829
[0.19207926 0.19391719]
99 0.6626960266113281 0.8834
[0.19607276 0.19886972]
99 0.6614015991210938 0.884
[0.20321131 0.20380498]
99 0.6598679107666016 0.8834
[0.20677377 0.20848785]
99 0.6586979934692383 0.8847
[0.21227065 0.21334593]
99 0.6575078872680664 0.884
[0.21878925 0.21810298]
99 0.6554503921508789 0.8853
[0.22170907 0.22271228]
99 0.6543180541992187 0.8854
[0.22633523 0.2274475 ]
99 0.6525293807983399 0.8837
[0.23371671 0.23198767]
99 0.6514333953857422 0.8846
[0.23493302 0.23652612]
99 0.6498310424804687 0.8849
[0.23707111 0.240894  ]
99 0.6486869491577149 0.8853
[0.24394473 0.2454752 ]
99 0.646282632446289 0.8837
[0.24910375 0.2497166 ]
99 0.64499833984375 0.8844
[0.25289947 0.25410596]
99 0.6432217819213867 0.8844
[0.25817174 0.25831854]
99 0.6420111892700195 0.8859
[0.2617926  0.26257476]
99 0.640408169555664 0.8858
[0.2677627  0.26663926]
99 0.6388173843383789 0.885
[0.27228802 0.27086198]
99 0.6373900390625 0.8877
[0.27542418 0.2748895 ]
99 0.6356008819580078 0.8862
[0.27866307 0.27895373]
99 0.6341996505737305 0.8858
[0.28348732 0.28294736]
99 0.6325753616333007 0.8857
[0.28855357 0.2868654 ]
99 0.6308802291870117 0.8873
[0.29157162 0.29072157]
99 0.6298719879150391 0.8857
[0.29713038 0.29464144]
99 0.6278710754394531 0.8864
[0.30123562 0.29835126]
99 0.626374917602539 0.8852
[0.30121335 0.30212358]
99 0.6251483016967774 0.889
[0.30549118 0.30578128]
99 0.6235224960327148 0.8858
[0.309834   0.30946833]
99 0.6218573303222656 0.8875
[0.31481388 0.31305814]
99 0.6209637115478516 0.8889
[0.31784713 0.3167656 ]
99 0.6187526229858399 0.8857
[0.32264373 0.3200691 ]
99 0.6172389358520508 0.8872
[0.32688546 0.32348576]
99 0.6156204803466797 0.8874
[0.3285965  0.32698542]
99 0.6136772933959961 0.8891
[0.3318898 0.3304701]
99 0.6126592895507813 0.8873
[0.3351256  0.33383873]
99 0.6109566314697266 0.8877
[0.338132   0.33702713]
99 0.6097242767333985 0.8891
[0.34337342 0.34051663]
99 0.6085395233154297 0.8873
[0.34560564 0.34361658]
99 0.6062727752685547 0.8888
[0.34939274 0.34691533]
99 0.6049934509277344 0.8877
[0.35471952 0.34996986]
99 0.6030834564208984 0.8889
[0.3557656 0.3531411]
99 0.6016726211547851 0.8886
[0.35884535 0.35620642]
99 0.6004478378295899 0.8896
[0.36376163 0.35918137]
99 0.5989582366943359 0.8885
[0.36662012 0.3621104 ]
99 0.5976812393188476 0.8918
[0.3687056  0.36512592]
99 0.5959449966430664 0.8893
[0.3714053 0.3680871]
99 0.5940467056274414 0.8897
[0.3738459 0.3709944]
99 0.5932571151733398 0.889
[0.37985772 0.37384194]
99 0.5918286972045899 0.8901
[0.38089925 0.37664935]
99 0.5900427230834961 0.8888
[0.38421017 0.3794206 ]
99 0.5887248275756836 0.8908
[0.38783473 0.3822484 ]
99 0.5873033615112304 0.8907
[0.38892382 0.38494772]
99 0.5862042770385743 0.8901
[0.39073005 0.38767523]
99 0.5848055160522461 0.8919
[0.3955716  0.39027014]
99 0.5830432922363281 0.8909
[0.3980486  0.39293057]
99 0.5817753692626954 0.8902
[0.39996567 0.39563498]
99 0.5808520126342773 0.8913
[0.4017634  0.39810216]
99 0.5796011428833008 0.8908
[0.4048252  0.40064594]
99 0.5776073852539062 0.8915
[0.40745437 0.40320396]
99 0.5763879119873047 0.8921
[0.40824464 0.4057573 ]
99 0.5753044540405273 0.8911
[0.41487595 0.4081039 ]
99 0.5735915740966797 0.8927
[0.41789126 0.41053066]
99 0.5724075622558594 0.8928
[0.41916758 0.41292182]
99 0.5708691177368164 0.8919
[0.42090115 0.41532555]
99 0.5699088714599609 0.8917
[0.42301404 0.4175121 ]
99 0.5688763290405273 0.8923
[0.42644602 0.41988432]
99 0.5671896957397461 0.8928
[0.4302967  0.42212683]
99 0.5664315521240234 0.8929
[0.42941073 0.42440793]
99 0.5646867462158203 0.8923
[0.4327247 0.4267212]
99 0.5639485794067383 0.8939
[0.4362518 0.4288812]
99 0.5620175186157227 0.8925
[0.4386905  0.43115276]
99 0.5608744293212891 0.8942
[0.44251645 0.43329522]
99 0.5599176330566407 0.8937
[0.44334826 0.4354548 ]
99 0.5580455612182618 0.8944
[0.44516644 0.43753624]
99 0.5570821838378907 0.8936
[0.44712964 0.43959278]
99 0.5561032531738281 0.8943
[0.44923767 0.4417036 ]
99 0.5548254333496093 0.8941
[0.4506063 0.4436545]
99 0.5539047393798828 0.8941
[0.45182174 0.4457099 ]
99 0.5529205657958984 0.8949
[0.45674708 0.44772413]
99 0.5512544860839844 0.8942
[0.45652995 0.4495357 ]
99 0.5502945480346679 0.8957
[0.46023393 0.4516297 ]
99 0.5486056777954101 0.8949
[0.4607505  0.45355123]
99 0.5477699249267578 0.8944
[0.46431723 0.45559877]
99 0.5465679504394532 0.8942
[0.46536922 0.45749667]
99 0.5454542892456055 0.8941
[0.46726382 0.45935306]
99 0.5448391212463379 0.8953
[0.46967185 0.46118256]
99 0.5430125816345215 0.8955
[0.47147697 0.46298587]
99 0.5421252899169922 0.8949
[0.47177798 0.46489495]
99 0.5413865005493164 0.8942
[0.4766739  0.46668196]
99 0.5399092567443847 0.8953
[0.4781671  0.46835947]
99 0.539013591003418 0.8952
[0.47996455 0.47011524]
99 0.5378994171142578 0.8955
[0.47979575 0.47187704]
99 0.5369229347229004 0.8955
[0.48303047 0.47356573]
99 0.5358600692749024 0.8961
[0.48324758 0.47533417]
99 0.5358004119873047 0.8958
[0.48787278 0.4769325 ]
99 0.5338277633666992 0.8972
[0.48820165 0.4786926 ]
99 0.5330341285705567 0.896
[0.49033204 0.48033038]
99 0.5316781120300293 0.8948
[0.49005428 0.48212337]
99 0.5310570556640625 0.8956
[0.49299332 0.4836002 ]
99 0.5298942352294922 0.8966
[0.49495414 0.48519132]
99 0.5285417022705078 0.8968
[0.4967858 0.4866077]
99 0.5276710006713867 0.8964
[0.49911806 0.48829693]
99 0.5267606437683106 0.897
[0.49981186 0.4899957 ]
99 0.5255157943725586 0.8967
[0.5025368  0.49145606]
99 0.5247879539489746 0.8971
[0.50233495 0.49308753]
99 0.5237455787658691 0.8966
[0.5059503 0.4946821]
99 0.5227580490112305 0.8971
[0.50667804 0.4960803 ]
99 0.5217359169006348 0.8971
[0.50703526 0.49763352]
99 0.5210075080871582 0.8967
[0.5107986 0.4989867]
99 0.519741478729248 0.8968
[0.51050764 0.5004532 ]
99 0.5195250045776367 0.8965
[0.514389 0.502025]
99 0.5180456916809082 0.8973
[0.51352835 0.50338954]
99 0.5175507942199707 0.8974
[0.5149843 0.504765 ]
99 0.5167199523925782 0.8973
[0.5174146  0.50625044]
99 0.5153769248962402 0.8976
[0.51876706 0.5075824 ]
99 0.5147679542541503 0.8977
[0.52069163 0.5089896 ]
99 0.5142051940917969 0.8989
[0.52218586 0.51043326]
99 0.5127893600463868 0.8979
[0.52354115 0.5117531 ]
99 0.5120090438842774 0.898
[0.5250097 0.5129563]
99 0.5116115730285644 0.8983
[0.5287485  0.51437384]
99 0.5108187202453613 0.8974
[0.52948266 0.5158146 ]
99 0.5101336738586426 0.8971
[0.53062266 0.51714414]
99 0.5083539291381836 0.898
[0.53096586 0.51838136]
99 0.5076239044189453 0.8986
[0.53174347 0.51953757]
99 0.5064788238525391 0.8984
[0.5338134 0.5210426]
99 0.505759188079834 0.8985
[0.53651434 0.5220842 ]
99 0.5052389671325683 0.8984
[0.53639203 0.5235178 ]
99 0.5041949256896973 0.8984
[0.53726846 0.5247489 ]
99 0.5038343521118164 0.8983
[0.5402659  0.52596074]
99 0.5022592391967774 0.8986
[0.53911746 0.5270872 ]
99 0.5019561927795411 0.8977
[0.542077  0.5283528]
99 0.5009735710144043 0.8985
[0.5434458 0.5296327]
99 0.5005429580688476 0.8985
[0.54594284 0.5306775 ]
99 0.4990810569763184 0.8991
[0.54345334 0.53198624]
99 0.49861482696533205 0.8981
[0.5482189  0.53311867]
99 0.49755806579589845 0.8994
[0.5494932  0.53423387]
99 0.4968410270690918 0.8996
[0.5484631  0.53548044]
99 0.4962944938659668 0.8986
[0.5493849  0.53664255]
99 0.4954491165161133 0.899
[0.5524846 0.5377313]
99 0.49513690032958985 0.899
[0.55460453 0.53890777]
99 0.49409619827270507 0.9008
[0.55483127 0.5399498 ]
99 0.4933720932006836 0.8998
[0.55677915 0.54102594]
99 0.492404891204834 0.9
[0.55528474 0.5422028 ]
99 0.4917026222229004 0.9002
[0.5586692  0.54314286]
99 0.4910941848754883 0.8989
[0.56073916 0.5441704 ]
99 0.4904043884277344 0.9002
[0.56124586 0.5453522 ]
99 0.490344140625 0.9005
[0.56059206 0.54652137]
99 0.4893115188598633 0.9002
[0.56240135 0.54750234]
99 0.4886150444030762 0.8999
[0.56359375 0.5485882 ]
99 0.4878543762207031 0.8997
[0.56532675 0.54961675]
99 0.48644058990478517 0.9004
[0.56632054 0.5505633 ]
99 0.4873138702392578 0.899
[0.5662986  0.55179614]
99 0.4855140083312988 0.9
[0.56814176 0.55281764]
99 0.4849914108276367 0.9007
[0.5703128 0.5536465]
99 0.48375709762573244 0.9001
[0.56922567 0.5548251 ]
99 0.483037068939209 0.901
[0.57124007 0.55567354]
99 0.4831087646484375 0.9006
[0.571769   0.55680186]
99 0.4824867866516113 0.8993
[0.57236296 0.55782044]
99 0.481386962890625 0.8994
[0.57479894 0.5586331 ]
99 0.4805290481567383 0.9012
[0.576202  0.5596889]
99 0.47987081604003906 0.9016
[0.5774579  0.56054837]
99 0.4788947166442871 0.9008
[0.5783457  0.56146705]
99 0.47880833892822267 0.9001
[0.5799657 0.5625873]
99 0.478266015625 0.9013
[0.5784325 0.5634579]
99 0.4780605857849121 0.9017
[0.58199996 0.5643379 ]
99 0.47700019912719727 0.902
[0.582865  0.5652339]
99 0.4765138343811035 0.9013
[0.5824016 0.5660735]
99 0.47554683990478513 0.9004
[0.5833084  0.56704456]
99 0.47484351806640623 0.9013
[0.58589226 0.56796074]
99 0.4739310333251953 0.9016
[0.5858521  0.56890523]
99 0.4737759986877441 0.9019
[0.58766675 0.5697203 ]
99 0.47253952026367185 0.9019
[0.587628   0.57069117]
99 0.4725206909179688 0.9015
[0.5901224  0.57162493]
99 0.47188699951171875 0.9015
[0.590073  0.5722723]
99 0.4712007736206055 0.9011
[0.59043866 0.5732222 ]
99 0.4707100944519043 0.9014
[0.5924336 0.5742305]
99 0.4702407722473145 0.9025
[0.5920975 0.5748822]
99 0.4692443778991699 0.9016
[0.59296584 0.5758769 ]
99 0.4691340400695801 0.902
[0.59339607 0.5768319 ]
99 0.4687462226867676 0.9029
[0.59591585 0.57764256]
99 0.46771353302001956 0.9026
[0.5964777 0.5781496]
99 0.46722963104248044 0.9011
[0.5971135  0.57906705]
99 0.4669096260070801 0.9022
[0.5968869 0.5799924]
99 0.4660081916809082 0.9017
[0.59839386 0.58089316]
99 0.46626033935546873 0.9009
[0.6008241 0.5814017]
99 0.4656155448913574 0.9012
[0.60079455 0.58246076]
99 0.4645852088928223 0.9024
[0.59942245 0.5832483 ]
99 0.463412020111084 0.9026
[0.6039305 0.5840555]
99 0.46267918548583986 0.9019
[0.60295904 0.58486384]
99 0.46260087966918945 0.9028
[0.60332835 0.5855752 ]
99 0.461866512298584 0.9034
[0.60598314 0.58642906]
99 0.46146668395996093 0.9024
[0.6049158 0.5871598]
99 0.46130878829956057 0.9024
[0.60481673 0.5879761 ]
99 0.46093459167480466 0.902
[0.60763717 0.5886336 ]
99 0.4600691665649414 0.9021
[0.6093229 0.5896378]
99 0.459134383392334 0.9029
[0.6086404  0.59042096]
99 0.4588664939880371 0.9035
[0.6094169  0.59113395]
99 0.45872481231689455 0.903
[0.6111885 0.5917354]
99 0.4577703971862793 0.9031
[0.6128072  0.59240526]
99 0.45728734817504885 0.9039
[0.6110139 0.5932972]
99 0.4568501800537109 0.9027
[0.6130464 0.5940503]
99 0.45617671508789065 0.9032
[0.61428845 0.59468204]
99 0.45556128082275393 0.9031
[0.615595  0.5954893]
99 0.455100870513916 0.9029
[0.616985   0.59620976]
99 0.4548188705444336 0.9031
[0.61529475 0.5967972 ]
99 0.4542106628417969 0.9042
[0.6166899  0.59759223]
99 0.4543701690673828 0.9025
[0.6188098  0.59844214]
99 0.45367154083251954 0.9032
[0.61977476 0.598993  ]
99 0.45249243087768554 0.9028
[0.6195248  0.59972876]
99 0.45192398376464843 0.9035
[0.61938745 0.6002282 ]
99 0.45202439575195313 0.9052
[0.62214684 0.6009519 ]
99 0.4513983184814453 0.904
[0.6228323 0.6018353]
99 0.4504804954528809 0.9035
[0.6223173 0.6025521]
99 0.4505061264038086 0.9039
[0.62284404 0.6032597 ]
99 0.4495674819946289 0.9042
[0.6241191 0.6038676]
99 0.44881874771118163 0.9033
[0.62352806 0.6044977 ]
99 0.44816332550048826 0.904
[0.62525874 0.60508084]
99 0.44759606018066406 0.904
[0.6263725 0.6057939]
99 0.4479985450744629 0.9044
[0.6288789 0.6064542]
99 0.4476814674377441 0.9043
[0.6277083 0.6071631]
99 0.4468621513366699 0.9037
[0.62715167 0.6079032 ]
99 0.446523787689209 0.9038
[0.63034195 0.60832345]
99 0.44588547592163086 0.9045
[0.6300364 0.6089916]
99 0.4460151985168457 0.9043
[0.63048154 0.60973144]
99 0.4452094596862793 0.9036
[0.62984234 0.610484  ]
99 0.4452999229431152 0.9042
[0.6321931 0.6110603]
99 0.44452976989746096 0.904
[0.6326621 0.6114424]
99 0.4444789840698242 0.9042
[0.63336754 0.61213815]
99 0.4438855239868164 0.9036
[0.63349646 0.612787  ]
99 0.443301668548584 0.9039
[0.63582665 0.6134302 ]
99 0.4419956718444824 0.9042
[0.6350838  0.61402243]
99 0.44181954879760743 0.9035
[0.6347478 0.6146499]
99 0.44172211380004883 0.9047
[0.635854   0.61505544]
99 0.4420390968322754 0.9045
[0.6375813 0.6158984]
99 0.4404406799316406 0.9044
[0.6378805  0.61649555]
99 0.4398473457336426 0.905
[0.6385041 0.6169195]
99 0.4398496925354004 0.905
[0.6386709  0.61755204]
99 0.4392096435546875 0.9041
[0.6403669 0.6183606]
99 0.43884506912231447 0.9057
[0.64053684 0.6189666 ]
99 0.4388317413330078 0.9053
[0.63972086 0.61950314]
99 0.4383686080932617 0.9046
[0.64266    0.61992025]
99 0.4379731605529785 0.9042
[0.64213026 0.6205727 ]
99 0.43771092224121094 0.9047
[0.64271694 0.6212473 ]
99 0.43723229522705076 0.9049
[0.6441902 0.6217588]
99 0.43635863037109374 0.9052
[0.64452726 0.6222368 ]
99 0.4364023582458496 0.905
[0.644789  0.6227587]
99 0.4356738235473633 0.9055
[0.6464321 0.6234096]
99 0.4347841163635254 0.9046
[0.6456447 0.6240824]
99 0.4346362609863281 0.906
[0.6478555  0.62466943]
99 0.4342604858398437 0.9053
[0.6473253  0.62498224]
99 0.43385054016113284 0.9056
[0.64755094 0.62569344]
99 0.43376658096313475 0.906
[0.64802164 0.62633437]
99 0.43376296615600585 0.9054
[0.6490816 0.6267473]
99 0.43244627838134764 0.9062
[0.65007323 0.62729657]
99 0.43212287826538087 0.9053
[0.6507559 0.628032 ]
99 0.43321592712402346 0.9063
[0.6521353 0.6283971]
99 0.43183201599121096 0.9053
[0.6529343  0.62898374]
99 0.4314751480102539 0.9055
[0.6524683 0.6293572]
99 0.4306788848876953 0.905
[0.6533969  0.62992024]
99 0.43092034606933594 0.9045
[0.6544703 0.6305435]
99 0.4302136024475098 0.9058
[0.65360105 0.6310506 ]
99 0.42919111251831055 0.9059
[0.65295833 0.6317138 ]
99 0.4289280891418457 0.9061
[0.65486133 0.6320041 ]
99 0.4295460868835449 0.9048
[0.6560891  0.63274825]
99 0.42835248947143556 0.9071
[0.65621394 0.63306767]
99 0.4283463226318359 0.9063
[0.65787196 0.6336484 ]
99 0.42820053634643557 0.9059
[0.65718466 0.6341997 ]
99 0.42689881134033203 0.9063
[0.65719575 0.63472986]
99 0.4275831588745117 0.9063
