cuda:0
Generate alignment plot for autograd tanh network and nn data
999 0.0028898962773382664 [0.2839167]
1999 3.820107303909026e-05 [0.29007876]
2999 1.0098321581608616e-05 [0.29081872]
3999 7.231797098938841e-06 [0.29125765]
4999 3.332184803639393e-07 [0.29127434]
[0.29127252]
999 0.005985390394926071 [0.21195158]
1999 9.292162576457486e-05 [0.2235123]
2999 1.3880047617931268e-06 [0.22458489]
3999 3.104447188206905e-08 [0.22467518]
4999 1.3608028037737085e-09 [0.22468399]
[0.22468416]
999 0.001192036783322692 [0.27359378]
1999 5.474013596540317e-05 [0.2782035]
2999 1.1854984904857702e-06 [0.2785905]
3999 5.1518281196649696e-08 [0.27861977]
4999 3.7510896611081535e-09 [0.2786221]
[0.278622]
999 0.0037906570360064507 [0.23614006]
1999 6.272090831771493e-05 [0.24390502]
2999 1.7847664821601938e-06 [0.2446944]
3999 6.755947623560132e-08 [0.24481662]
4999 3.884923494013037e-09 [0.24483937]
5999 5.645784950658594e-10 [0.24484384]
6999 2.340451166205071e-10 [0.24484482]
[0.24484496]
999 0.0027131468523293734 [0.20166507]
1999 7.04765334376134e-05 [0.20704037]
2999 2.1420387383841444e-06 [0.20777513]
3999 2.0728228378175118e-07 [0.20783357]
4999 7.567769699790006e-08 [0.20781823]
5999 4.6420108645861546e-08 [0.20779853]
6999 3.7073110803476084e-08 [0.2077804]
[0.2077779]
999 0.0012355766957625747 [0.2767004]
1999 4.944137981510721e-05 [0.27885568]
2999 5.9195699577685446e-06 [0.27935228]
3999 5.166092478248174e-07 [0.2795014]
4999 5.550697323997156e-08 [0.27954516]
5999 6.826077036947709e-09 [0.27955896]
6999 1.1051400905515152e-09 [0.27956283]
[0.27956298]
999 0.0027582913171499968 [0.12219996]
1999 2.9466124033206142e-05 [0.12548923]
2999 7.883037369538215e-07 [0.12570406]
3999 2.7602954588701323e-08 [0.12572876]
4999 1.640282798476278e-09 [0.12573223]
5999 3.5446481860823553e-10 [0.12573227]
6999 1.6847660766483585e-10 [0.12573221]
7999 1.0534591948774263e-10 [0.12573215]
8999 7.846409633138762e-11 [0.12573214]
9999 6.543078578946648e-11 [0.12573214]
[0.12573214]
999 0.001965041970834136 [0.16964719]
1999 1.7564481822773814e-05 [0.17242204]
2999 2.9163837211854116e-07 [0.17254424]
3999 7.823828696018609e-09 [0.17255203]
4999 7.705574511795987e-10 [0.1725523]
5999 2.8683475039592565e-10 [0.17255214]
6999 1.3468204329569744e-10 [0.17255202]
7999 9.979189696807111e-11 [0.17255196]
8999 7.989450073742077e-11 [0.17255183]
9999 7.323835982120386e-11 [0.17255175]
[0.17255175]
999 0.0033200709149241447 [0.05405201]
1999 9.618281910661608e-05 [0.05874871]
2999 0.0002493822539690882 [0.05931937]
3999 1.3769157476417604e-06 [0.05967778]
4999 5.2193609434425525e-08 [0.05970481]
5999 3.27175708747518e-09 [0.05970838]
6999 5.778820755253378e-10 [0.05970823]
7999 2.792186204469971e-10 [0.05970803]
8999 1.725449644274235e-10 [0.05970791]
9999 1.1918123432597127e-10 [0.05970777]
[0.05970776]
999 0.0027245862875133753 [0.0455765]
1999 0.00019273384532425553 [0.04868571]
2999 5.499897451954894e-05 [0.04940699]
3999 1.450327272323193e-05 [0.04971139]
4999 3.00335454994638e-06 [0.04983257]
5999 5.509754714694282e-07 [0.04988212]
6999 8.968974185563638e-08 [0.04990264]
7999 1.1676021927087277e-08 [0.04991095]
8999 1.6151925352758667e-09 [0.04991339]
9999 6.367541494078921e-10 [0.04991391]
10999 3.981132923325248e-10 [0.0499142]
11999 3.096765899268661e-10 [0.04991441]
12999 2.8166610710478324e-10 [0.04991466]
13999 2.7307975325463474e-10 [0.04991494]
[0.04991501]
999 0.0021875116508454084 [0.1034021]
1999 2.5780531359487213e-05 [0.1061069]
2999 2.849598956800037e-07 [0.10635511]
3999 4.607530357247924e-09 [0.10637798]
4999 4.834109779139339e-10 [0.10637992]
5999 1.8362057707665969e-10 [0.10638019]
6999 1.0898547342375053e-10 [0.10638029]
7999 7.503656029861361e-11 [0.1063803]
8999 5.491755314390723e-11 [0.10638032]
9999 4.5086365196844724e-11 [0.10638031]
10999 3.898302167182344e-11 [0.1063803]
11999 3.41281482241218e-11 [0.1063803]
12999 3.105219553711791e-11 [0.10638026]
13999 2.811314722683811e-11 [0.10638024]
[0.10638024]
999 0.0018061617156490684 [0.08538426]
1999 1.1737113709386904e-05 [0.08784232]
2999 1.7274143715440005e-07 [0.0879724]
3999 4.683972321117835e-09 [0.08798289]
4999 6.547842823501071e-10 [0.08798397]
5999 2.336431048632903e-10 [0.08798423]
6999 1.1943508682055182e-10 [0.08798437]
7999 7.529765005953593e-11 [0.08798445]
8999 5.782143513988203e-11 [0.08798447]
9999 5.1275227119784716e-11 [0.08798451]
10999 4.8740303459915424e-11 [0.08798452]
11999 4.793556176996283e-11 [0.08798458]
12999 4.7049617674099764e-11 [0.08798461]
13999 4.6345025039862264e-11 [0.08798467]
[0.08798469]
999 0.0017900040838867426 [0.0498332]
1999 1.4958101928641554e-05 [0.05129736]
2999 9.826868563322932e-07 [0.05137243]
3999 1.283148662878375e-07 [0.05137812]
4999 1.9205440793257367e-08 [0.0513788]
5999 6.1291438591126735e-09 [0.05137812]
6999 3.451270824683661e-09 [0.05137804]
7999 3.216744204337374e-09 [0.05137788]
8999 3.2115059500625875e-09 [0.05137765]
9999 3.213015631331473e-09 [0.0513774]
10999 3.207653698211743e-09 [0.05137713]
11999 3.1963354185648996e-09 [0.05137687]
12999 3.1663582866769957e-09 [0.05137662]
13999 3.1831191016351568e-09 [0.05137638]
14999 3.1985030179981777e-09 [0.05137614]
15999 3.19714832386353e-09 [0.05137591]
16999 3.195004705247584e-09 [0.05137568]
17999 3.2039533248706675e-09 [0.05137542]
18999 3.1985387671795706e-09 [0.05137518]
19999 3.2179892084371886e-09 [0.05137493]
[0.05137488]
999 0.00218999944627285 [0.07161566]
1999 1.4018551155459136e-05 [0.07361225]
2999 1.427080889015997e-07 [0.07371809]
3999 3.510027601905108e-09 [0.07372515]
4999 5.783407086568104e-10 [0.0737258]
5999 2.309909069575511e-10 [0.07372592]
6999 1.3391060482703665e-10 [0.07372596]
7999 8.855260968942957e-11 [0.07372598]
8999 6.217391185225907e-11 [0.07372599]
9999 4.568176392716339e-11 [0.07372602]
10999 3.591167641037174e-11 [0.07372602]
11999 2.9809172491512825e-11 [0.07372603]
12999 2.5292056643477778e-11 [0.07372604]
13999 2.1700563221371816e-11 [0.07372604]
14999 1.863715605454619e-11 [0.07372606]
15999 1.6412165029788817e-11 [0.07372606]
16999 1.461081082509974e-11 [0.07372607]
17999 1.3410004010006027e-11 [0.07372607]
18999 1.2307044272574785e-11 [0.07372607]
19999 1.124934694007873e-11 [0.07372607]
[0.07372608]
999 0.0022697888780385256 [0.03208878]
1999 3.060569360968657e-05 [0.03425022]
2999 6.892488499943283e-07 [0.03443544]
3999 2.9752998287335686e-08 [0.03445645]
4999 2.305226232124369e-09 [0.03445909]
5999 6.975650057583493e-10 [0.03445943]
6999 3.476704479865589e-10 [0.03445953]
7999 2.422272660229652e-10 [0.03445959]
8999 1.9506732340524024e-10 [0.03445967]
9999 1.6733306407168413e-10 [0.03445974]
10999 1.5994705560018474e-10 [0.03445977]
11999 1.5583152823683832e-10 [0.03445981]
12999 1.5860926461108704e-10 [0.03445985]
13999 1.6546897185776288e-10 [0.03445987]
14999 1.6899617816257262e-10 [0.0344599]
15999 1.7205253888263883e-10 [0.03445992]
16999 1.755867257147159e-10 [0.03445994]
17999 1.7810607155777092e-10 [0.03445996]
18999 1.799874277397251e-10 [0.03445998]
19999 1.8378172594868403e-10 [0.03446]
[0.03446]
999 0.0021248438861221075 [0.02788964]
1999 6.276308704400435e-05 [0.02924777]
2999 7.221716714411741e-06 [0.02942285]
3999 1.0563142041064566e-06 [0.02946515]
4999 1.4631332589942758e-07 [0.02947863]
5999 2.1123225835140147e-08 [0.02948283]
6999 6.790355389085789e-09 [0.02948415]
7999 4.369643757939912e-09 [0.02948445]
8999 2.91904700411294e-09 [0.0294846]
9999 1.7981346411843901e-09 [0.02948483]
10999 1.5086065729974507e-09 [0.02948498]
11999 1.4838560380425747e-09 [0.02948509]
12999 1.479160904871435e-09 [0.0294852]
13999 1.4757461919145953e-09 [0.0294853]
14999 1.4764035549674759e-09 [0.02948539]
15999 1.4780304757877616e-09 [0.0294855]
16999 1.4810863646630423e-09 [0.02948559]
17999 1.47710210729457e-09 [0.02948569]
18999 1.476912925291174e-09 [0.02948579]
19999 1.4739672815622384e-09 [0.0294859]
20999 1.47496959090887e-09 [0.029486]
21999 1.472151733850069e-09 [0.02948611]
22999 1.4681593718535169e-09 [0.02948621]
23999 1.458554943489787e-09 [0.02948631]
24999 1.458695608747007e-09 [0.0294864]
25999 1.4485037613809482e-09 [0.0294865]
26999 1.4349208488084741e-09 [0.02948659]
27999 1.418893558202683e-09 [0.02948668]
[0.02948673]
999 0.0020197867415845394 [0.03129555]
1999 1.8944321709568612e-05 [0.03243671]
2999 3.7853911294405407e-07 [0.03252777]
3999 1.4144763582635278e-08 [0.03253854]
4999 2.3647004354643286e-09 [0.03253994]
5999 1.0049464593819835e-09 [0.03254028]
6999 5.745399711543087e-10 [0.0325404]
7999 3.485890187615581e-10 [0.03254049]
8999 2.4116661445638954e-10 [0.03254055]
9999 1.8583132255223234e-10 [0.0325406]
10999 1.5219482618622493e-10 [0.03254065]
11999 1.1977145664143762e-10 [0.03254069]
12999 9.609010809263907e-11 [0.03254072]
13999 7.904667198577187e-11 [0.03254074]
14999 6.539320474008292e-11 [0.03254076]
15999 5.785393691892793e-11 [0.03254076]
16999 5.14178075117222e-11 [0.03254078]
17999 4.597675018480629e-11 [0.0325408]
18999 4.212349566379281e-11 [0.03254081]
19999 3.9318201472404724e-11 [0.03254082]
20999 3.690682828794145e-11 [0.03254084]
21999 3.537019982458034e-11 [0.03254085]
22999 3.324725217357383e-11 [0.03254086]
23999 3.205273893525096e-11 [0.03254087]
24999 3.1030948643984146e-11 [0.03254088]
25999 2.993886041857685e-11 [0.03254089]
26999 2.87035326063112e-11 [0.0325409]
27999 2.810605394254484e-11 [0.03254091]
[0.03254091]
999 0.0035842247307300568 [0.03438503]
1999 2.922305247921031e-05 [0.03622287]
2999 2.787990069919033e-07 [0.03636465]
3999 5.850520512495905e-09 [0.03637672]
4999 1.0189376009606121e-09 [0.0363779]
5999 4.377332107896592e-10 [0.0363782]
6999 2.4917667929003073e-10 [0.03637831]
7999 1.6530284085991553e-10 [0.03637837]
8999 1.1461077226160299e-10 [0.03637842]
9999 7.898452725196847e-11 [0.03637845]
10999 6.172473643317744e-11 [0.03637847]
11999 5.124363780528718e-11 [0.03637848]
12999 4.260971089853349e-11 [0.0363785]
13999 3.620188177011485e-11 [0.0363785]
14999 3.2716818837430495e-11 [0.0363785]
15999 3.049295885237946e-11 [0.0363785]
16999 2.853525575552407e-11 [0.0363785]
17999 2.660930503717296e-11 [0.0363785]
18999 2.5198322595176847e-11 [0.0363785]
19999 2.4390649222549854e-11 [0.03637851]
20999 2.3310554875255463e-11 [0.03637851]
21999 2.2495276474909787e-11 [0.03637851]
22999 2.1733845625981907e-11 [0.03637851]
23999 2.1031102206969798e-11 [0.03637851]
24999 2.0176606913002715e-11 [0.03637851]
25999 1.9531636724634538e-11 [0.03637851]
26999 1.9190626518450493e-11 [0.03637851]
27999 1.8530380355152865e-11 [0.03637851]
[0.03637851]
999 0.0019915460143238306 [0.03047764]
1999 1.1738270586647559e-05 [0.03129878]
2999 1.0342726142198444e-07 [0.03135311]
3999 5.064107355678971e-09 [0.03135728]
4999 1.2775508428930493e-09 [0.03135784]
5999 5.719966722494974e-10 [0.03135802]
6999 3.192629771664457e-10 [0.03135811]
7999 2.112692243372294e-10 [0.03135816]
8999 1.4968644379553808e-10 [0.03135819]
9999 1.1040141023599404e-10 [0.03135822]
10999 8.671151296990587e-11 [0.03135823]
11999 7.029710841210957e-11 [0.03135825]
12999 5.97594335127738e-11 [0.03135826]
13999 5.18672015059618e-11 [0.03135826]
14999 4.5943669008119414e-11 [0.03135827]
15999 4.065594041979814e-11 [0.03135828]
16999 3.6913389012127595e-11 [0.03135829]
17999 3.305833384814605e-11 [0.03135829]
18999 3.0508508913618115e-11 [0.03135829]
19999 2.8370866420046603e-11 [0.0313583]
20999 2.6191155147459177e-11 [0.0313583]
21999 2.403481060009316e-11 [0.03135831]
22999 2.2856836215390253e-11 [0.03135831]
23999 2.1676228520450813e-11 [0.03135832]
24999 2.057453686588051e-11 [0.03135832]
25999 1.9824124980472035e-11 [0.03135832]
26999 1.8772849594284047e-11 [0.03135832]
27999 1.797942870973568e-11 [0.03135832]
28999 1.732523152719878e-11 [0.03135832]
29999 1.6868001787018194e-11 [0.03135832]
30999 1.6106890127209894e-11 [0.03135833]
31999 1.582486572337949e-11 [0.03135833]
32999 1.488493356349707e-11 [0.03135833]
33999 1.4692072211608398e-11 [0.03135833]
34999 1.4409097179313157e-11 [0.03135833]
35999 1.403761221846489e-11 [0.03135833]
36999 1.3524488820526592e-11 [0.03135834]
37999 1.3134382470525452e-11 [0.03135834]
38999 1.288306093749636e-11 [0.03135834]
39999 1.2744659494412502e-11 [0.03135834]
[0.03135834]
999 0.003038388444110751 [0.00457473]
1999 4.258966146153398e-05 [0.00568388]
2999 1.1960556776102749e-06 [0.00578599]
3999 4.813221465838069e-08 [0.00579965]
4999 7.247674016497285e-09 [0.0058017]
5999 3.431587014546267e-09 [0.00580224]
6999 2.385775133006973e-09 [0.00580248]
7999 2.0173165360404255e-09 [0.00580264]
8999 1.7040303612603225e-09 [0.00580279]
9999 1.4599582653929133e-09 [0.00580291]
10999 1.1496236185237763e-09 [0.005803]
11999 9.291729052840481e-10 [0.00580307]
12999 8.659550854162035e-10 [0.00580313]
13999 8.534299378304411e-10 [0.00580318]
14999 8.579312815726325e-10 [0.00580323]
15999 8.741826151847931e-10 [0.00580327]
16999 8.826376851622797e-10 [0.00580333]
17999 8.844888155223884e-10 [0.0058034]
18999 8.854591504459108e-10 [0.00580346]
19999 8.859785127768305e-10 [0.00580353]
20999 8.859794009552502e-10 [0.0058036]
21999 8.859838973584999e-10 [0.00580366]
22999 8.839839416019402e-10 [0.00580373]
23999 8.849767585417112e-10 [0.0058038]
24999 8.85481521439857e-10 [0.00580386]
25999 8.864757816695601e-10 [0.00580393]
26999 8.854827981963354e-10 [0.005804]
27999 8.859948885664437e-10 [0.00580406]
28999 8.839782239533633e-10 [0.00580413]
29999 8.849869170823865e-10 [0.00580419]
30999 8.874806445291483e-10 [0.00580426]
31999 8.859960543006196e-10 [0.00580432]
32999 8.869762146979099e-10 [0.00580439]
33999 8.874984636086936e-10 [0.00580445]
34999 8.859834532692901e-10 [0.00580452]
35999 8.859730726840098e-10 [0.00580459]
36999 8.869809886569158e-10 [0.00580465]
37999 8.859757372192689e-10 [0.00580472]
38999 8.854800226387738e-10 [0.00580478]
39999 8.844719956435654e-10 [0.00580485]
[0.00580487]
999 0.0023080683313310146 [0.01929132]
1999 1.5439723938470706e-05 [0.02021683]
2999 2.575003179572377e-07 [0.02026915]
3999 1.1408356037634348e-08 [0.02027385]
4999 2.6189745927496233e-09 [0.02027442]
5999 1.0847934772684198e-09 [0.02027461]
6999 6.022906617886292e-10 [0.02027471]
7999 3.8634084820188264e-10 [0.02027475]
8999 2.7160057536335103e-10 [0.02027477]
9999 1.9766588366110227e-10 [0.02027479]
10999 1.5113577056524719e-10 [0.02027481]
11999 1.1937259514205323e-10 [0.02027482]
12999 9.759575092527228e-11 [0.02027484]
13999 8.16001294312585e-11 [0.02027484]
14999 7.011055624950302e-11 [0.02027485]
15999 5.962387528146706e-11 [0.02027486]
16999 5.387582394100754e-11 [0.02027486]
17999 4.909912407202732e-11 [0.02027486]
18999 4.4798741105633866e-11 [0.02027487]
19999 4.145717449888231e-11 [0.02027487]
20999 3.8041746835970613e-11 [0.02027488]
21999 3.5625637856417924e-11 [0.02027488]
22999 3.336945997300944e-11 [0.02027488]
23999 3.112077956446413e-11 [0.02027488]
24999 2.9726304751065413e-11 [0.02027488]
25999 2.779506486083605e-11 [0.02027489]
26999 2.6810935416232695e-11 [0.02027489]
27999 2.535345197673955e-11 [0.02027489]
28999 2.409066522657266e-11 [0.02027489]
29999 2.2912262365171188e-11 [0.02027489]
30999 2.2152502054950673e-11 [0.02027489]
31999 2.1188325399768004e-11 [0.02027489]
32999 2.039492012773092e-11 [0.02027489]
33999 1.9767005740578547e-11 [0.02027489]
34999 1.8567538132008288e-11 [0.02027489]
35999 1.7988518660749797e-11 [0.02027489]
36999 1.7121156922761394e-11 [0.02027489]
37999 1.6721183465628897e-11 [0.02027489]
38999 1.548642290793989e-11 [0.0202749]
39999 1.5123530899829873e-11 [0.02027489]
[0.02027489]
999 0.004718635231256485 [0.2533736]
1999 0.0006407053442671895 [0.27463675]
2999 0.0005151808145456016 [0.2879913]
3999 0.00034247117582708597 [0.30105817]
4999 0.00036671466659754515 [0.3142921]
[0.31499225]
999 0.007859244011342525 [0.21542402]
1999 0.0006686894921585917 [0.23443007]
2999 0.0004580161185003817 [0.24276172]
3999 0.0004666407185140997 [0.25212494]
4999 0.00048167898785322905 [0.2637472]
[0.26431805]
999 0.0033813591580837965 [0.2824674]
1999 0.0008089229231700301 [0.30139846]
2999 0.0005403470131568611 [0.31591007]
3999 0.00047033457667566836 [0.33107978]
4999 0.000480873160995543 [0.34696293]
[0.3477627]
999 0.0021014052908867598 [0.25084326]
1999 0.0004151277826167643 [0.26317376]
2999 0.00043176813051104546 [0.27451217]
3999 0.0003983893257100135 [0.28672457]
4999 0.0004155453061684966 [0.30026892]
5999 0.00037489915848709643 [0.31464455]
6999 0.0003866843762807548 [0.3295092]
[0.33169004]
999 0.0019526338437572122 [0.23912835]
1999 0.00034898071317002177 [0.2543185]
2999 0.00033668920514173806 [0.26619655]
3999 0.000321295257890597 [0.27880526]
4999 0.00033466442255303264 [0.2923276]
5999 0.0003484003245830536 [0.30674016]
6999 0.0003171408025082201 [0.3213549]
[0.32346916]
999 0.0020566179882735014 [0.16260102]
1999 0.0005319669144228101 [0.17874487]
2999 0.0005302134086377919 [0.19189042]
3999 0.0003846143081318587 [0.2059701]
4999 0.00038816817686893046 [0.22198366]
5999 0.0004473240696825087 [0.23862235]
6999 0.0004502244119066745 [0.25655872]
[0.25923827]
999 0.0043348995968699455 [0.10553307]
1999 0.0007372262771241367 [0.11963203]
2999 0.0006360074621625245 [0.13053468]
3999 0.0005615373374894261 [0.14253332]
4999 0.0005372027517296374 [0.15566371]
5999 0.0005211991956457496 [0.1700115]
6999 0.0005181817105039954 [0.185437]
7999 0.0004966288106516004 [0.2018339]
8999 0.00046944289351813495 [0.21896376]
9999 0.0004423998179845512 [0.23655374]
[0.23837778]
999 0.003087991615757346 [0.11194151]
1999 0.0005206599598750472 [0.12527625]
2999 0.0004250004712957889 [0.13598035]
3999 0.0003806695167440921 [0.14698406]
4999 0.00037414944381453097 [0.15903024]
5999 0.00033821046235971153 [0.17172618]
6999 0.000333450676407665 [0.1851417]
7999 0.00033526195329613984 [0.1997433]
8999 0.0003292303008493036 [0.21546209]
9999 0.00032017871853895485 [0.23200071]
[0.23373663]
999 0.0024005521554499865 [0.14429341]
1999 0.00043736299267038703 [0.15547442]
2999 0.00031121991924010217 [0.16421968]
3999 0.00030987444915808737 [0.17349969]
4999 0.00032039824873209 [0.18390615]
5999 0.0003158336039632559 [0.19535924]
6999 0.0003130453696940094 [0.20782572]
7999 0.0003035701811313629 [0.22152418]
8999 0.00029348686803132296 [0.23633398]
9999 0.0002909153699874878 [0.25225434]
[0.25392336]
999 0.00292866094969213 [0.07455865]
1999 0.0004954756586812437 [0.08168106]
2999 0.0004132136527914554 [0.08706874]
3999 0.0004144976264797151 [0.09286103]
4999 0.00042067267349921167 [0.09944788]
5999 0.00038407661486417055 [0.10673088]
6999 0.00037174049066379666 [0.11472958]
7999 0.0003737903607543558 [0.12368654]
8999 0.0003812976065091789 [0.13375735]
9999 0.0003755368816200644 [0.144989]
10999 0.0003845810133498162 [0.15741888]
11999 0.00038389794644899666 [0.17091316]
12999 0.00037683366099372506 [0.18529832]
13999 0.0003666205157060176 [0.20036693]
[0.20479462]
999 0.001677767839282751 [0.05799038]
1999 0.00040924889617599547 [0.06379459]
2999 0.0003858987765852362 [0.06822039]
3999 0.00039769738214090466 [0.07320102]
4999 0.00041729924851097167 [0.07903214]
5999 0.00043243449181318283 [0.08571865]
6999 0.00041430132114328444 [0.09348167]
7999 0.00038202537689357996 [0.1023907]
8999 0.0003689556906465441 [0.11262141]
9999 0.0003534841525834054 [0.12382922]
10999 0.0003432190278545022 [0.1358701]
11999 0.00033604560303501785 [0.14895028]
12999 0.0003308542654849589 [0.16302451]
13999 0.0003156288876198232 [0.17798884]
[0.18241708]
999 0.003334257286041975 [0.04251005]
1999 0.0004444067017175257 [0.05082383]
2999 0.00036969760549254715 [0.05687403]
3999 0.0003685224801301956 [0.06372659]
4999 0.00037034883280284703 [0.07143189]
5999 0.0003754273639060557 [0.08014829]
6999 0.00036479151458479464 [0.08982897]
7999 0.00035908608697354794 [0.10039869]
8999 0.00036337945493869483 [0.11202243]
9999 0.00037833876558579504 [0.1248314]
10999 0.0003652923332992941 [0.13874137]
11999 0.0003488939837552607 [0.15350226]
12999 0.00034527387470006943 [0.16919345]
13999 0.0003448010829742998 [0.18585391]
[0.19078103]
999 0.0031114642042666674 [0.04775692]
1999 0.0006106164073571563 [0.05307858]
2999 0.0004911329015158117 [0.05662085]
3999 0.0004722601443063468 [0.06045451]
4999 0.0004557546053547412 [0.06485646]
5999 0.0004614889621734619 [0.06990624]
6999 0.0004611984477378428 [0.075618]
7999 0.00046439364086836576 [0.08216069]
8999 0.0004509000282268971 [0.08953325]
9999 0.0004289612115826458 [0.09771319]
10999 0.00041604178841225803 [0.10671824]
11999 0.00040593306766822934 [0.1166096]
12999 0.00039752470911480486 [0.12738024]
13999 0.00038801771006546915 [0.13901857]
14999 0.00038325361674651504 [0.1515345]
15999 0.0003763550485018641 [0.164858]
16999 0.0003759444516617805 [0.17893991]
17999 0.0003718341758940369 [0.19371253]
18999 0.0003645364486146718 [0.20897283]
19999 0.0003620354982558638 [0.22457713]
[0.22779056]
999 0.0026450788136571646 [0.05782241]
1999 0.0004802446055691689 [0.06235083]
2999 0.0004459051415324211 [0.06565943]
3999 0.00044902661466039717 [0.06947369]
4999 0.0004458455368876457 [0.07390417]
5999 0.0004352102696429938 [0.07898594]
6999 0.00042317560291849077 [0.08476483]
7999 0.00041386086377315223 [0.09126655]
8999 0.00041289813816547394 [0.09858694]
9999 0.00041540953679941595 [0.1068354]
10999 0.00041378295281901956 [0.11605737]
11999 0.0004099220968782902 [0.1262248]
12999 0.0004093401657883078 [0.13736054]
13999 0.0004040628846269101 [0.14943247]
14999 0.00039641952025704086 [0.16238801]
15999 0.000391037407098338 [0.17617458]
16999 0.00038549923920072615 [0.19072972]
17999 0.00037820401485078037 [0.20589747]
18999 0.0003712981997523457 [0.22150454]
19999 0.0003689728328026831 [0.237416]
[0.24068645]
999 0.0021983101032674313 [0.0439334]
1999 0.00042190568638034165 [0.04863862]
2999 0.00040361995343118906 [0.05216113]
3999 0.0003913789114449173 [0.05612858]
4999 0.0003930813691113144 [0.06069608]
5999 0.0004025623493362218 [0.06595097]
6999 0.00041371455881744623 [0.07198329]
7999 0.0004175399080850184 [0.07884631]
8999 0.0004111845337320119 [0.08654688]
9999 0.00040269229793921113 [0.09513162]
10999 0.000397231342503801 [0.10464233]
11999 0.0003934001724701375 [0.11510208]
12999 0.00039264519000425935 [0.12654626]
13999 0.00039049796760082245 [0.1389715]
14999 0.0003890957741532475 [0.15233912]
15999 0.00038677535485476255 [0.16663188]
16999 0.00038416788447648287 [0.18176064]
17999 0.0003792814095504582 [0.19760065]
18999 0.0003738352097570896 [0.2139755]
19999 0.0003684972762130201 [0.23070937]
[0.23414943]
999 0.0026717684231698513 [0.01692907]
1999 0.00028803624445572495 [0.01962329]
2999 0.00024951421073637903 [0.02126858]
3999 0.0002558050910010934 [0.02309222]
4999 0.0002595490659587085 [0.0252181]
5999 0.0002610892115626484 [0.02767559]
6999 0.00026193165103904903 [0.03050573]
7999 0.0002586401824373752 [0.03374385]
8999 0.00025367518537677824 [0.03742478]
9999 0.0002497934619896114 [0.04160027]
10999 0.0002488872851245105 [0.04633266]
11999 0.0002474728098604828 [0.05167646]
12999 0.0002454998902976513 [0.05767424]
13999 0.00024431711062788963 [0.06438086]
14999 0.00024225060769822448 [0.07185211]
15999 0.00024001456040423363 [0.08013067]
16999 0.00023801713541615754 [0.08925968]
17999 0.00023564399452880025 [0.09927146]
18999 0.00023243161558639258 [0.11018076]
19999 0.00022865341452416033 [0.12197558]
20999 0.00022527716646436602 [0.13463423]
21999 0.0002227544318884611 [0.14812656]
22999 0.00022065786470193416 [0.16239569]
23999 0.00021837247186340392 [0.17734508]
24999 0.00021618309256155044 [0.19284832]
25999 0.0002141036093235016 [0.20875703]
26999 0.00021179529721848667 [0.22489484]
27999 0.0002094041119562462 [0.24106422]
[0.2502509]
999 0.0012668136041611433 [0.03984721]
1999 0.0003096566360909492 [0.04243355]
2999 0.00029554517823271453 [0.04462456]
3999 0.00030043895822018385 [0.04709785]
4999 0.0003068713122047484 [0.04994593]
5999 0.00031242158729583025 [0.0532121]
6999 0.00031181928352452815 [0.05693516]
7999 0.0003058069269172847 [0.06113256]
8999 0.00030647125095129013 [0.06585972]
9999 0.00030749468714930117 [0.07117868]
10999 0.00030701246578246355 [0.07712988]
11999 0.00030776590574532747 [0.08376347]
12999 0.0003083467890974134 [0.0911319]
13999 0.0003080286842305213 [0.0992741]
14999 0.00030568617512471974 [0.10821762]
15999 0.0003016406553797424 [0.117966]
16999 0.0002987056504935026 [0.12852843]
17999 0.00029620202258229256 [0.13990681]
18999 0.0002936400705948472 [0.15207577]
19999 0.00029131030896678567 [0.1649879]
20999 0.00028908869717270136 [0.17856643]
21999 0.00028718463727273047 [0.19270806]
22999 0.0002853991463780403 [0.20727941]
23999 0.0002834898477885872 [0.22211796]
24999 0.0002814980107359588 [0.23704068]
25999 0.00027916530962102115 [0.251851]
26999 0.0002767840342130512 [0.26635808]
27999 0.0002748682745732367 [0.28039077]
[0.28814784]
999 0.0024429771583527327 [0.03910096]
1999 0.0007253814837895334 [0.04292779]
2999 0.0006796179804950953 [0.04641877]
3999 0.00065536581678316 [0.05035513]
4999 0.000642400817014277 [0.05482275]
5999 0.0006323287962004542 [0.0599044]
6999 0.0006273689796216786 [0.06565456]
7999 0.0006192050059325993 [0.07210596]
8999 0.000614430638961494 [0.07931986]
9999 0.0006089064991101623 [0.08737289]
10999 0.0006021555163897574 [0.09632991]
11999 0.0005870959139429033 [0.10621103]
12999 0.0005706266383640468 [0.11702123]
13999 0.0005637355498038232 [0.12881434]
14999 0.0005569764762185514 [0.14164405]
15999 0.0005481336265802383 [0.15549062]
16999 0.0005401350208558142 [0.17031597]
17999 0.0005343356169760227 [0.1860552]
18999 0.0005285212537273765 [0.20261677]
19999 0.000520494650118053 [0.21985179]
20999 0.0005129443015903234 [0.23759249]
21999 0.0005057938979007304 [0.25564525]
22999 0.0004999506054446101 [0.2738064]
23999 0.0004947531851939857 [0.29186118]
24999 0.0004906940157525241 [0.30959198]
25999 0.00048712349962443113 [0.32678753]
26999 0.00048239395255222917 [0.3432525]
27999 0.00047801362234167755 [0.35881785]
[0.36726987]
999 0.004106186330318451 [0.03172472]
1999 0.0005979865090921521 [0.03434798]
2999 0.000534659659024328 [0.03637701]
3999 0.0005369551945477724 [0.03864093]
4999 0.0005395743646658957 [0.04124046]
5999 0.0005334508023224771 [0.04421664]
6999 0.0005215380224399269 [0.04760387]
7999 0.0005074340151622891 [0.05143168]
8999 0.0004951342125423253 [0.05574122]
9999 0.0004899866180494428 [0.06059228]
10999 0.0004903688677586615 [0.06605772]
11999 0.0004887596005573869 [0.07219361]
12999 0.00048410508316010237 [0.07903776]
13999 0.00047856837045401335 [0.08662716]
14999 0.00047199815162457526 [0.09500355]
15999 0.0004640436382032931 [0.10420139]
16999 0.00045737510663457215 [0.11425757]
17999 0.00045190771925263107 [0.12520824]
18999 0.00044672537478618324 [0.13707525]
19999 0.0004418789758346975 [0.149858]
20999 0.00043754337821155787 [0.16353671]
21999 0.0004331705567892641 [0.17806037]
22999 0.00042895416845567524 [0.19334431]
23999 0.00042500399285927415 [0.20927456]
24999 0.00042144974577240646 [0.22570595]
25999 0.0004180854884907603 [0.24246272]
26999 0.00041476290789432824 [0.2593451]
27999 0.0004113860195502639 [0.27614078]
28999 0.00040786934550851583 [0.29263663]
29999 0.00040435726987197995 [0.3086331]
30999 0.00040119339246302843 [0.32395658]
31999 0.000398355012293905 [0.3384636]
32999 0.0003956334840040654 [0.35204476]
33999 0.00039279134944081306 [0.36462936]
34999 0.00038988079177215695 [0.37618625]
35999 0.0003869628708343953 [0.38672137]
36999 0.0003840784775093198 [0.39626956]
37999 0.00038132345071062446 [0.40488833]
38999 0.0003786600718740374 [0.41264936]
39999 0.0003760489635169506 [0.4196295]
[0.42226493]
999 0.002388673136010766 [0.0082706]
1999 0.00043841893784701824 [0.00997238]
2999 0.0003888893115799874 [0.01127557]
3999 0.0003896902780979872 [0.01276908]
4999 0.00039689248660579324 [0.01452775]
5999 0.00040398677811026573 [0.01658622]
6999 0.0004058178164996207 [0.01898341]
7999 0.0004024825757369399 [0.02176196]
8999 0.000393202732084319 [0.02495125]
9999 0.00038496695924550295 [0.02858387]
10999 0.00037765249726362526 [0.03270027]
11999 0.00037117223837412894 [0.03733928]
12999 0.00036600662861019373 [0.04254144]
13999 0.0003628723497968167 [0.04836466]
14999 0.00035966807627119124 [0.05486444]
15999 0.00035624299198389053 [0.06208979]
16999 0.00035254075191915035 [0.07008807]
17999 0.0003487316716928035 [0.07890089]
18999 0.0003452067030593753 [0.088567]
19999 0.00034183135721832514 [0.09912027]
20999 0.0003380606940481812 [0.1105755]
21999 0.0003340013208799064 [0.12292875]
22999 0.000330068840412423 [0.13615325]
23999 0.0003267437277827412 [0.15020633]
24999 0.0003237507480662316 [0.16501477]
25999 0.00032074347836896777 [0.18046825]
26999 0.00031800917349755764 [0.19642611]
27999 0.0003155121812596917 [0.21272416]
28999 0.00031305316952057183 [0.2291725]
29999 0.0003106638614553958 [0.24556945]
30999 0.00030821829568594694 [0.261713]
31999 0.00030548087670467794 [0.27740943]
32999 0.00030264363158494234 [0.2924841]
33999 0.0003000910801347345 [0.30680087]
34999 0.0002977866097353399 [0.32026124]
35999 0.0002956115931738168 [0.33279875]
36999 0.00029349903343245387 [0.34438014]
37999 0.000291382079012692 [0.35500535]
38999 0.00028940587071701884 [0.36470157]
39999 0.00028755469247698784 [0.37351266]
[0.37685785]
999 0.003083605319261551 [0.02401767]
1999 0.0007708183256909251 [0.02631836]
2999 0.0007123576942831278 [0.02826549]
3999 0.000714165682438761 [0.03050847]
4999 0.0007363084005191922 [0.03314032]
5999 0.0007388827507384121 [0.03621643]
6999 0.0007266294560395181 [0.03976681]
7999 0.0007116968627087772 [0.04384165]
8999 0.000697450595907867 [0.04848549]
9999 0.0006824844749644399 [0.0537452]
10999 0.0006643251981586218 [0.05966166]
11999 0.0006494098925031722 [0.06628172]
12999 0.0006389740156009793 [0.0736656]
13999 0.0006284543196670711 [0.08186512]
14999 0.0006195858004502952 [0.09092652]
15999 0.0006105858483351767 [0.1008855]
16999 0.0005976438988000154 [0.11175054]
17999 0.0005878169904462993 [0.12353025]
18999 0.000580978870857507 [0.13624543]
19999 0.0005746125243604183 [0.14988033]
20999 0.0005685026408173144 [0.16437867]
21999 0.0005631276872009039 [0.17965603]
22999 0.0005574540118686855 [0.19559863]
23999 0.0005511047784239054 [0.21205337]
24999 0.0005458625382743776 [0.22884779]
25999 0.0005414321203716099 [0.24579051]
26999 0.0005368533893488348 [0.26266336]
27999 0.0005321148782968521 [0.27924877]
28999 0.0005270306719467044 [0.29534596]
29999 0.000521535926964134 [0.31077543]
30999 0.0005162762245163321 [0.32539514]
31999 0.0005108084878884256 [0.3390994]
32999 0.0005054919165559113 [0.35182172]
33999 0.0005006659193895757 [0.36353245]
34999 0.0004966419655829668 [0.37423328]
35999 0.0004930291906930506 [0.38395554]
36999 0.0004893098375760019 [0.39275402]
37999 0.0004857179010286927 [0.40069517]
38999 0.00048235079157166183 [0.40784895]
39999 0.00047906223335303366 [0.41428825]
[0.4167219]
999 0.005326199810951948 [0.2807418]
1999 0.001653207466006279 [0.31330293]
2999 0.001424996997229755 [0.34404096]
3999 0.0012958231382071972 [0.37336552]
4999 0.0011836851481348276 [0.4034445]
[0.40488616]
999 0.016387933865189552 [0.24645637]
1999 0.0024977633729577065 [0.29491293]
2999 0.002069641835987568 [0.32933918]
3999 0.0018986413488164544 [0.36569992]
4999 0.0018573948182165623 [0.40130457]
[0.40307328]
999 0.005340131465345621 [0.23369037]
1999 0.0020976311061531305 [0.2644361]
2999 0.0017501164693385363 [0.29625672]
3999 0.0015911158407106996 [0.3295417]
4999 0.0015067225322127342 [0.3616348]
[0.3632496]
999 0.013250801712274551 [0.12678915]
1999 0.002999979304149747 [0.16441938]
2999 0.002455150242894888 [0.19375668]
3999 0.002015081001445651 [0.22270979]
4999 0.0019829298835247755 [0.25328076]
5999 0.001927911420352757 [0.28358427]
6999 0.0019395883427932858 [0.3119021]
[0.31584817]
999 0.003540636273100972 [0.13613951]
1999 0.0012738433433696628 [0.1634241]
2999 0.0010827959049493074 [0.1907647]
3999 0.0010310917859897017 [0.22043261]
4999 0.0010210770415142179 [0.25275144]
5999 0.0010143667459487915 [0.28505367]
6999 0.0010212506167590618 [0.3167095]
[0.32105774]
999 0.0037708489689975977 [0.14703088]
1999 0.0016035588923841715 [0.17481992]
2999 0.0014915677020326257 [0.20420684]
3999 0.0013543620007112622 [0.23602265]
4999 0.0013602705439552665 [0.2699262]
5999 0.001378365559503436 [0.30421296]
6999 0.0012974065029993653 [0.3376264]
[0.3423025]
999 0.005060186143964529 [0.08214154]
1999 0.0014410915318876505 [0.10396937]
2999 0.0012996329460293055 [0.12539081]
3999 0.001334178145043552 [0.15050207]
4999 0.0012628667755052447 [0.17879882]
5999 0.0012106678914278746 [0.20910841]
6999 0.0011498455423861742 [0.24070898]
7999 0.0011308059329167008 [0.27308673]
8999 0.0011228040093556046 [0.30452964]
9999 0.001080788904801011 [0.3331733]
[0.33589867]
999 0.006523023825138807 [0.13586259]
1999 0.0022200671955943108 [0.1605915]
2999 0.0018227273831143975 [0.18701287]
3999 0.0018707660492509604 [0.21852985]
4999 0.001778398989699781 [0.25430602]
5999 0.0016803339822217822 [0.29245695]
6999 0.0016261643031612039 [0.3316865]
7999 0.0015829449985176325 [0.36986235]
8999 0.0015488301869481802 [0.40490732]
9999 0.0014826003462076187 [0.43527183]
[0.4381067]
999 0.0023097761441022158 [0.05901438]
1999 0.0013864251086488366 [0.07624914]
2999 0.0012723022373393178 [0.09409676]
3999 0.0011270642280578613 [0.11671145]
4999 0.0011637111892923713 [0.14399996]
5999 0.0011418662033975124 [0.17568064]
6999 0.0010892486898228526 [0.2103802]
7999 0.0010690062772482634 [0.24655923]
8999 0.0010344560723751783 [0.2823102]
9999 0.0010116909397765994 [0.31597757]
[0.31923774]
999 0.010499615222215652 [0.08262574]
1999 0.0020734535064548254 [0.10485613]
2999 0.0016990905860438943 [0.12450454]
3999 0.0016790726222097874 [0.14757909]
4999 0.0016561993397772312 [0.17464915]
5999 0.0016095485771074891 [0.205567]
6999 0.0015901952283456922 [0.23984148]
7999 0.0015481999143958092 [0.27570555]
8999 0.0015243383822962642 [0.3115568]
9999 0.0014785086968913674 [0.3458085]
10999 0.0014601757284253836 [0.3767685]
11999 0.0014226314378902316 [0.40341127]
12999 0.001392426318489015 [0.4256371]
13999 0.0013589650625362992 [0.443887]
[0.44844186]
999 0.004707640502601862 [0.08819102]
1999 0.0020701363682746887 [0.10393427]
2999 0.0017071387264877558 [0.12003645]
3999 0.0017953704809769988 [0.13957402]
4999 0.0016829106025397778 [0.16294624]
5999 0.001657819957472384 [0.19001636]
6999 0.0016076379688456655 [0.21998999]
7999 0.0015724527183920145 [0.25183848]
8999 0.001536875031888485 [0.28399155]
9999 0.0015178474131971598 [0.3149324]
10999 0.0014844953548163176 [0.3430917]
11999 0.0014396485639736056 [0.36755213]
12999 0.0014127157628536224 [0.388386]
13999 0.0013938670745119452 [0.4054517]
[0.40965712]
999 0.005113718565553427 [0.04822778]
1999 0.002225936623290181 [0.06169259]
2999 0.002122820820659399 [0.07623059]
3999 0.0018834852380678058 [0.09570239]
4999 0.00170720717869699 [0.11964344]
5999 0.0016321673756465316 [0.14801262]
6999 0.0015924059553071856 [0.180594]
7999 0.0015202037757262588 [0.21619351]
8999 0.0014530393527820706 [0.25346693]
9999 0.0014187183696776628 [0.2907324]
10999 0.001389708137139678 [0.3262541]
11999 0.0013551672454923391 [0.35857418]
12999 0.0013205340364947915 [0.38657084]
13999 0.0012901438167318702 [0.4102076]
[0.4162032]
999 0.00649608438834548 [0.01511591]
1999 0.002228307770565152 [0.02741684]
2999 0.0020097459200769663 [0.04020553]
3999 0.001986552495509386 [0.05604327]
4999 0.001910082995891571 [0.07527315]
5999 0.0018121119355782866 [0.09813059]
6999 0.0017377714393660426 [0.12459553]
7999 0.0017023804830387235 [0.15472782]
8999 0.0016788559732958674 [0.1878498]
9999 0.001654709572903812 [0.22279648]
10999 0.0016269180923700333 [0.25783902]
11999 0.0015872957883402705 [0.29117763]
12999 0.00155321741476655 [0.32142025]
13999 0.0015315314522013068 [0.34784478]
14999 0.0015168110840022564 [0.37017667]
15999 0.0014921956462785602 [0.38863024]
16999 0.0014711376279592514 [0.40366572]
17999 0.0014536002418026328 [0.41588014]
18999 0.0014327431563287973 [0.4259493]
19999 0.0014127378817647696 [0.43425715]
[0.43576875]
999 0.004317229148000479 [0.06161131]
1999 0.0019442727789282799 [0.07317562]
2999 0.0018682564841583371 [0.08592703]
3999 0.001777301891706884 [0.10154915]
4999 0.0017541529377922416 [0.12073045]
5999 0.0017368460539728403 [0.14365135]
6999 0.0017009553266689181 [0.17031887]
7999 0.001676853746175766 [0.20039365]
8999 0.0016656776424497366 [0.2332145]
9999 0.0016346563352271914 [0.26737407]
10999 0.0015928993234410882 [0.30114698]
11999 0.0015524300979450345 [0.3327773]
12999 0.0015212773578241467 [0.3609825]
13999 0.00149718823377043 [0.38515744]
14999 0.0014812222216278315 [0.40522864]
15999 0.0014589348575100303 [0.42147046]
16999 0.001438869978301227 [0.43443775]
17999 0.0014240635791793466 [0.444759]
18999 0.0014153135707601905 [0.4530812]
19999 0.0013968333369120955 [0.4598826]
[0.46111727]
999 0.005737782455980778 [0.05839963]
1999 0.0016233210917562246 [0.06902077]
2999 0.001574608962982893 [0.0792904]
3999 0.0015849833143875003 [0.09194962]
4999 0.0014679791638627648 [0.10759626]
5999 0.001382485730573535 [0.12632705]
6999 0.0013645461294800043 [0.14862053]
7999 0.001343895448371768 [0.17451918]
8999 0.0013251655036583543 [0.2036699]
9999 0.0013018532190471888 [0.23518755]
10999 0.001270386390388012 [0.2676209]
11999 0.0012572830310091376 [0.29938638]
12999 0.0012358416570350528 [0.32886147]
13999 0.0012174434959888458 [0.35486773]
14999 0.0012050658697262406 [0.37689072]
15999 0.001190469367429614 [0.39494053]
16999 0.001174219767563045 [0.40937725]
17999 0.001162384171038866 [0.42076233]
18999 0.00114286073949188 [0.42980757]
19999 0.001129624550230801 [0.43706638]
[0.43836394]
999 0.004177876282483339 [0.03483466]
1999 0.0022318176925182343 [0.04215845]
2999 0.0023050473537296057 [0.05077571]
3999 0.0021713348105549812 [0.06188177]
4999 0.002020665444433689 [0.07559436]
5999 0.001924220472574234 [0.09236779]
6999 0.0018520043231546879 [0.11259229]
7999 0.001779445563443005 [0.13645086]
8999 0.0017324363579973578 [0.16394311]
9999 0.0017039539525285363 [0.19472603]
10999 0.0016676508821547031 [0.22778457]
11999 0.0016369075747206807 [0.26169014]
12999 0.0015998340677469969 [0.29475707]
13999 0.0015677607152611017 [0.32545197]
14999 0.0015385989099740982 [0.35268298]
15999 0.0015103226760402322 [0.37592193]
16999 0.0014896454522386193 [0.39523116]
17999 0.0014716903679072857 [0.41102412]
18999 0.0014505840372294188 [0.42387062]
19999 0.0014323811046779156 [0.4343559]
20999 0.0014135504607111216 [0.44301164]
21999 0.001399299711920321 [0.45028806]
22999 0.0013843883061781526 [0.4565178]
23999 0.0013719361741095781 [0.46191934]
24999 0.0013609022134914994 [0.46663827]
25999 0.0013484446099027991 [0.4708494]
26999 0.0013344308827072382 [0.4746612]
27999 0.001319032278843224 [0.4781901]
[0.48010632]
999 0.005947392899543047 [0.01796906]
1999 0.001602329546585679 [0.02432008]
2999 0.001539797754958272 [0.03056831]
3999 0.0015197177417576313 [0.03865576]
4999 0.0014872109750285745 [0.04895194]
5999 0.001455942983739078 [0.06191526]
6999 0.0014116824604570866 [0.07789347]
7999 0.0013641987461596727 [0.09712788]
8999 0.0013322747545316815 [0.11978576]
9999 0.0012997325975447893 [0.14569743]
10999 0.0012712422758340836 [0.17429583]
11999 0.001251992885954678 [0.20464444]
12999 0.001231927191838622 [0.23543689]
13999 0.0012110150419175625 [0.26513684]
14999 0.001193440519273281 [0.29238102]
15999 0.00117943761870265 [0.31632194]
16999 0.001164978020824492 [0.3366983]
17999 0.0011475440114736557 [0.35371298]
18999 0.0011313247960060835 [0.36778072]
19999 0.0011165171163156629 [0.37942702]
20999 0.001106542651541531 [0.38906845]
21999 0.001095430925488472 [0.39713046]
22999 0.0010838945163413882 [0.40401852]
23999 0.0010722997831180692 [0.4100509]
24999 0.0010639938991516829 [0.41538203]
25999 0.0010555848712101579 [0.4201278]
26999 0.0010466156527400017 [0.42439282]
27999 0.0010381520260125399 [0.42827484]
[0.4303467]
999 0.005859789904206991 [0.03022082]
1999 0.00262155057862401 [0.03841293]
2999 0.0022572102025151253 [0.04735379]
3999 0.0021500324364751577 [0.05855511]
4999 0.0020363489165902138 [0.07278384]
5999 0.0019386615604162216 [0.09037088]
6999 0.00186893658246845 [0.11174398]
7999 0.0018195442389696836 [0.1372212]
8999 0.0017887270078063011 [0.16694675]
9999 0.0017364047234877944 [0.20054072]
10999 0.0016791769303381443 [0.23699269]
11999 0.0016366480849683285 [0.27488956]
12999 0.0016087242402136326 [0.31249684]
13999 0.0015805643051862717 [0.34797615]
14999 0.001552181551232934 [0.3798549]
15999 0.0015243912348523736 [0.40725583]
16999 0.0015029135392978787 [0.43002337]
17999 0.0014832067536190152 [0.44853497]
18999 0.0014632722595706582 [0.46341124]
19999 0.001443258486688137 [0.47535795]
20999 0.0014264450874179602 [0.48500648]
21999 0.0014076518127694726 [0.49284744]
22999 0.0013907725224271417 [0.49931931]
23999 0.0013757871929556131 [0.50478613]
24999 0.0013621728867292404 [0.50944436]
25999 0.001345703611150384 [0.5134682]
26999 0.0013296084944158792 [0.51700413]
27999 0.0013170483289286494 [0.5201603]
[0.52183086]
999 0.006826803553849459 [0.01172131]
1999 0.002741484669968486 [0.01657235]
2999 0.002508127596229315 [0.02178589]
3999 0.002400391735136509 [0.02862011]
4999 0.0023163259029388428 [0.03747763]
5999 0.0022123733069747686 [0.04869158]
6999 0.0021618613973259926 [0.06273442]
7999 0.0020866342820227146 [0.08007463]
8999 0.0020316641312092543 [0.10111389]
9999 0.0019786935299634933 [0.126155]
10999 0.0019298284314572811 [0.15523544]
11999 0.0018836772069334984 [0.18801147]
12999 0.0018335453933104873 [0.22357307]
13999 0.001786573207937181 [0.26049903]
14999 0.001748044858686626 [0.29704967]
15999 0.0017150833737105131 [0.33149302]
16999 0.0016844220226630569 [0.36245522]
17999 0.0016565858386456966 [0.3891922]
18999 0.0016299077542498708 [0.4115704]
19999 0.001603995100595057 [0.42992863]
20999 0.0015790271572768688 [0.44487253]
21999 0.0015568104572594166 [0.45704994]
22999 0.0015350205358117819 [0.4670393]
23999 0.0015135013964027166 [0.4753335]
24999 0.0014924207935109735 [0.48234]
25999 0.0014713454293087125 [0.48839763]
26999 0.0014517154777422547 [0.49373347]
27999 0.001435298239812255 [0.4984666]
28999 0.0014189216308295727 [0.50271565]
29999 0.0014039033558219671 [0.5065651]
30999 0.0013905784580856562 [0.51007205]
31999 0.0013777300482615829 [0.5133005]
32999 0.0013651084154844284 [0.516279]
33999 0.0013531389413401484 [0.5190412]
34999 0.0013407677179202437 [0.52161264]
35999 0.0013292278163135052 [0.52401567]
36999 0.0013174917548894882 [0.52627164]
37999 0.0013084338279441 [0.5283985]
38999 0.0013000403996556997 [0.53039396]
39999 0.0012912680394947529 [0.5322866]
[0.53303266]
999 0.004426505882292986 [0.00315285]
1999 0.0017253103433176875 [0.00633714]
2999 0.00154723203741014 [0.00961703]
3999 0.0014751016860827804 [0.01395836]
4999 0.0014315295265987515 [0.01971934]
5999 0.0013837256701663136 [0.02720178]
6999 0.0013253196375444531 [0.03670552]
7999 0.0012818522518500686 [0.04858901]
8999 0.0012483756290748715 [0.06325658]
9999 0.0012234596069902182 [0.08111589]
10999 0.001195366377942264 [0.10242713]
11999 0.0011721330229192972 [0.12723489]
12999 0.001150722149759531 [0.15527095]
13999 0.0011296080192551017 [0.18577224]
14999 0.0011097178794443607 [0.21753204]
15999 0.0010925766546279192 [0.24906331]
16999 0.0010771165834739804 [0.27886763]
17999 0.001061244634911418 [0.30572563]
18999 0.001045927288942039 [0.32896605]
19999 0.0010316810803487897 [0.34848294]
20999 0.0010177040239796042 [0.36459166]
21999 0.0010052256984636188 [0.37779766]
22999 0.0009931597160175443 [0.388628]
23999 0.0009810313349589705 [0.39759356]
24999 0.0009699692600406706 [0.40510827]
25999 0.000959872268140316 [0.4115041]
26999 0.0009503202163614333 [0.4170356]
27999 0.0009411380160599947 [0.42189655]
28999 0.0009325136197730899 [0.42623252]
29999 0.0009240697836503386 [0.4301394]
30999 0.0009158261818811297 [0.43369147]
31999 0.0009085818892344832 [0.4369542]
32999 0.0009018522105179727 [0.4399792]
33999 0.0008955648518167436 [0.44280237]
34999 0.0008887760923244059 [0.4454501]
35999 0.0008823055541142821 [0.4479234]
36999 0.0008762488141655922 [0.45022586]
37999 0.0008702304912731051 [0.4523786]
38999 0.0008644142653793097 [0.45440486]
39999 0.0008587379707023501 [0.45632252]
[0.45707488]
999 0.006111516617238522 [0.03316816]
1999 0.0020865951664745808 [0.03779091]
2999 0.0020526174921542406 [0.04272344]
3999 0.002010249998420477 [0.0491341]
4999 0.0019781729206442833 [0.05738105]
5999 0.0019795559346675873 [0.06792246]
6999 0.0019446335500106215 [0.08117139]
7999 0.0018960213055834174 [0.09744252]
8999 0.0018521965248510242 [0.11706751]
9999 0.001809683977626264 [0.14021733]
10999 0.0017711728578433394 [0.16678938]
11999 0.00173469097353518 [0.19630079]
12999 0.001702277921140194 [0.22778125]
13999 0.001674002967774868 [0.2598238]
14999 0.0016471114940941334 [0.29082718]
15999 0.0016218177042901516 [0.31935483]
16999 0.0015967671060934663 [0.34443355]
17999 0.0015734537737444043 [0.36568728]
18999 0.001551714027300477 [0.38327402]
19999 0.0015306001296266913 [0.39762884]
20999 0.0015089859953150153 [0.4092972]
21999 0.0014904877170920372 [0.41884124]
22999 0.0014720247127115726 [0.4267611]
23999 0.0014558982802554965 [0.43345043]
24999 0.0014398890780285 [0.4391992]
25999 0.0014227400533854961 [0.44423965]
26999 0.0014077469240874052 [0.44873795]
27999 0.0013945992104709148 [0.45280972]
28999 0.0013819759478792548 [0.4565497]
29999 0.0013712665531784296 [0.46001828]
30999 0.0013606577413156629 [0.46324453]
31999 0.0013500336790457368 [0.46626005]
32999 0.0013400664320215583 [0.4690939]
33999 0.001329390099272132 [0.4717826]
34999 0.001319737290032208 [0.47434708]
35999 0.0013112438609823585 [0.47678816]
36999 0.0013022461207583547 [0.47910252]
37999 0.0012931488454341888 [0.4813062]
38999 0.0012851518113166094 [0.48341316]
39999 0.0012773002963513136 [0.48544118]
[0.48624486]
999 0.016700616106390953 [0.34789613]
1999 0.008720481768250465 [0.4313476]
2999 0.007609216496348381 [0.49819976]
3999 0.006971470080316067 [0.54256636]
4999 0.0068565960973501205 [0.5678648]
[0.5687972]
999 0.014728567562997341 [0.2796192]
1999 0.009018700569868088 [0.36091968]
2999 0.007768291048705578 [0.41521913]
3999 0.007469876203685999 [0.4505571]
4999 0.007203322369605303 [0.47347215]
[0.474426]
999 0.010269216261804104 [0.31457114]
1999 0.006196224596351385 [0.3900149]
2999 0.006288041826337576 [0.45836258]
3999 0.005949794314801693 [0.5050733]
4999 0.00562242278829217 [0.53182214]
[0.5327517]
999 0.010558968409895897 [0.12911762]
1999 0.006282163318246603 [0.22114556]
2999 0.0055071329697966576 [0.32060146]
3999 0.005393404979258776 [0.40738276]
4999 0.004864715039730072 [0.4644322]
5999 0.004600313026458025 [0.49804738]
6999 0.0042976452969014645 [0.5188059]
[0.5210961]
999 0.009959390386939049 [0.1754233]
1999 0.007998155429959297 [0.25864613]
2999 0.00607261760160327 [0.3439295]
3999 0.005856357514858246 [0.41532305]
4999 0.005560777615755796 [0.46265954]
5999 0.005152469035238028 [0.49136627]
6999 0.005023086443543434 [0.5096241]
[0.5115836]
999 0.0079518286511302 [0.22466117]
1999 0.006128121633082628 [0.30738574]
2999 0.005018198397010565 [0.40010324]
3999 0.004806554410606623 [0.47539535]
4999 0.004438213538378477 [0.5229441]
5999 0.004244273062795401 [0.54934174]
6999 0.0040440866723656654 [0.5650455]
[0.56690747]
999 0.012653970159590244 [0.16511843]
1999 0.009155039675533772 [0.23144656]
2999 0.008336265571415424 [0.31353265]
3999 0.007869614288210869 [0.39219564]
4999 0.007501875050365925 [0.4492011]
5999 0.007246182765811682 [0.48427168]
6999 0.006972299888730049 [0.5059352]
7999 0.006826592609286308 [0.5199436]
8999 0.006672706454992294 [0.52979225]
9999 0.00648952042683959 [0.5368893]
[0.53757936]
999 0.009141138754785061 [0.10605315]
1999 0.006361785810440779 [0.16579467]
2999 0.005552507936954498 [0.24506262]
3999 0.0051465462893247604 [0.3269597]
4999 0.004876513499766588 [0.39126998]
5999 0.004675706848502159 [0.43182185]
6999 0.0045050038024783134 [0.45752904]
7999 0.004383781459182501 [0.4747631]
8999 0.004263195674866438 [0.48684064]
9999 0.004179610405117273 [0.4958409]
[0.49664855]
999 0.01151418685913086 [0.15248382]
1999 0.006719066295772791 [0.22062348]
2999 0.006592204328626394 [0.3050073]
3999 0.0060248295776546 [0.39004448]
4999 0.0056714508682489395 [0.452874]
5999 0.0054698060266673565 [0.49217722]
6999 0.005291419103741646 [0.51481384]
7999 0.005104545038193464 [0.52896374]
8999 0.004962206818163395 [0.5395003]
9999 0.004811681341379881 [0.54772204]
[0.5485335]
999 0.01020788960158825 [0.08065966]
1999 0.008416727185249329 [0.1293761]
2999 0.007539153099060059 [0.20336324]
3999 0.006992847193032503 [0.293479]
4999 0.006478972267359495 [0.37511602]
5999 0.006122971419245005 [0.4316151]
6999 0.005847137421369553 [0.46658424]
7999 0.005615327041596174 [0.48835877]
8999 0.0054184687323868275 [0.50338787]
9999 0.0052401539869606495 [0.51492584]
10999 0.0051149665378034115 [0.5238476]
11999 0.004984829109162092 [0.5309551]
12999 0.0048383790999650955 [0.5367404]
13999 0.0047495500184595585 [0.54122007]
[0.54222894]
999 0.01174240093678236 [0.11971864]
1999 0.00997645128518343 [0.16427107]
2999 0.009387609548866749 [0.23005901]
3999 0.008801533840596676 [0.3065124]
4999 0.008187728002667427 [0.3723076]
5999 0.007777273654937744 [0.4168745]
6999 0.007517828606069088 [0.444118]
7999 0.0072556245140731335 [0.46158513]
8999 0.00706480722874403 [0.47392362]
9999 0.006939255632460117 [0.48366082]
10999 0.0068249390460550785 [0.49110517]
11999 0.006654623430222273 [0.4968971]
12999 0.006573370657861233 [0.50152683]
13999 0.0064393300563097 [0.50580513]
[0.5069943]
999 0.008957337588071823 [0.06181172]
1999 0.0062547409906983376 [0.10548591]
2999 0.005748836323618889 [0.1723225]
3999 0.005398690700531006 [0.2587296]
4999 0.005072586238384247 [0.34357363]
5999 0.004794353619217873 [0.4066551]
6999 0.0045738485641777515 [0.44689587]
7999 0.004435888025909662 [0.47169462]
8999 0.004290614742785692 [0.48811325]
9999 0.00420190766453743 [0.4999717]
10999 0.00412331335246563 [0.50918305]
11999 0.004035084508359432 [0.51691926]
12999 0.003938925918191671 [0.5238129]
13999 0.003861838486045599 [0.5298055]
[0.5313312]
999 0.018097471445798874 [0.05747938]
1999 0.011747810989618301 [0.10011403]
2999 0.011041047051548958 [0.16357014]
3999 0.010290328413248062 [0.24613991]
4999 0.00985516607761383 [0.32758328]
5999 0.009422704577445984 [0.3878275]
6999 0.009050300344824791 [0.42494336]
7999 0.008763751946389675 [0.44727364]
8999 0.0085302060469985 [0.4618107]
9999 0.008341791108250618 [0.4720519]
10999 0.008168847300112247 [0.4797607]
11999 0.00802175048738718 [0.48608553]
12999 0.007939531467854977 [0.4911127]
13999 0.007809322793036699 [0.495794]
14999 0.00772812869399786 [0.49981493]
15999 0.007657141424715519 [0.5031651]
16999 0.0075920019298791885 [0.5061393]
17999 0.007525127846747637 [0.5085684]
18999 0.007443779613822699 [0.5107978]
19999 0.00738205062225461 [0.51272523]
[0.51305354]
999 0.013963061384856701 [0.04766812]
1999 0.00891667976975441 [0.08586811]
2999 0.007733281701803207 [0.14612225]
3999 0.007104784250259399 [0.23198183]
4999 0.006570194382220507 [0.3311204]
5999 0.006229325197637081 [0.41704097]
6999 0.005907533224672079 [0.47417638]
7999 0.00564860925078392 [0.5076728]
8999 0.005446759518235922 [0.5270884]
9999 0.00527687044814229 [0.5392166]
10999 0.005153330508619547 [0.54747975]
11999 0.0050377873703837395 [0.5537552]
12999 0.004926443099975586 [0.558909]
13999 0.004821780603379011 [0.5634769]
14999 0.004741143900901079 [0.5673989]
15999 0.004671022761613131 [0.5707404]
16999 0.00459236791357398 [0.5734998]
17999 0.004529302474111319 [0.57585096]
18999 0.004454392474144697 [0.5779582]
19999 0.004380114376544952 [0.57979333]
[0.58015555]
999 0.00948038138449192 [0.06527903]
1999 0.0068811532109975815 [0.09605435]
2999 0.006925160065293312 [0.14444466]
3999 0.006597135681658983 [0.21392605]
4999 0.006222570315003395 [0.29107717]
5999 0.005983178503811359 [0.354946]
6999 0.005764582194387913 [0.39650092]
7999 0.0055696796625852585 [0.42099106]
8999 0.005422850605100393 [0.43657547]
9999 0.005296574905514717 [0.44764674]
10999 0.005184089299291372 [0.45608735]
11999 0.005082671530544758 [0.4627783]
12999 0.005010639317333698 [0.46822697]
13999 0.004911827389150858 [0.47312608]
14999 0.004844394512474537 [0.47746512]
15999 0.00477667897939682 [0.48116022]
16999 0.004683810286223888 [0.48441693]
17999 0.004643302410840988 [0.4872542]
18999 0.004594637546688318 [0.48972702]
19999 0.004550511948764324 [0.49212283]
[0.49261424]
999 0.015182392671704292 [0.04911166]
1999 0.012109851464629173 [0.0740044]
2999 0.0112284105271101 [0.11679676]
3999 0.010743512772023678 [0.1817594]
4999 0.01017015427350998 [0.2615635]
5999 0.009783186949789524 [0.33517262]
6999 0.009434938430786133 [0.3868976]
7999 0.009127872064709663 [0.4184033]
8999 0.008840294554829597 [0.43794453]
9999 0.008616463281214237 [0.45100364]
10999 0.008399377577006817 [0.46080172]
11999 0.008217268623411655 [0.46862495]
12999 0.008047936484217644 [0.47494084]
13999 0.007924696430563927 [0.4801494]
14999 0.0077836778946220875 [0.48478767]
15999 0.007689053658396006 [0.4889013]
16999 0.0076061272993683815 [0.49241698]
17999 0.007528130896389484 [0.49543345]
18999 0.007436595857143402 [0.49813843]
19999 0.007336591370403767 [0.5005246]
20999 0.007262965198606253 [0.5026612]
21999 0.007182438392192125 [0.50477684]
22999 0.007128999102860689 [0.5066981]
23999 0.0070727430284023285 [0.50837153]
24999 0.007030223961919546 [0.50984997]
25999 0.006960565689951181 [0.5113384]
26999 0.00688869459554553 [0.5128918]
27999 0.006844960153102875 [0.51433355]
[0.5151398]
999 0.013984272256493568 [0.02499535]
1999 0.009993018582463264 [0.0533296]
2999 0.0085912449285388 [0.09825303]
3999 0.008204945363104343 [0.16595924]
4999 0.007799557410180569 [0.25206482]
5999 0.007448000833392143 [0.33572033]
6999 0.0071821496821939945 [0.39648265]
7999 0.006977472919970751 [0.43308175]
8999 0.006797614507377148 [0.45415238]
9999 0.006625400856137276 [0.46736106]
10999 0.006491390988230705 [0.47675744]
11999 0.0063652461394667625 [0.48402998]
12999 0.006252366118133068 [0.4899488]
13999 0.006148385815322399 [0.49487382]
14999 0.00606176583096385 [0.4991775]
15999 0.005975472740828991 [0.5030278]
16999 0.005903763230890036 [0.50636446]
17999 0.0058296057395637035 [0.5093138]
18999 0.005754479207098484 [0.5120609]
19999 0.0056794206611812115 [0.51466644]
20999 0.0055992030538618565 [0.5170228]
21999 0.0055455490946769714 [0.51922137]
22999 0.005500137805938721 [0.5211113]
23999 0.005441846791654825 [0.5228226]
24999 0.005392636172473431 [0.5246181]
25999 0.005346069112420082 [0.5264291]
26999 0.005312692373991013 [0.52808315]
27999 0.005280481651425362 [0.52948904]
[0.5302383]
999 0.018875466659665108 [0.01689621]
1999 0.011732828803360462 [0.04223264]
2999 0.01037985272705555 [0.08394981]
3999 0.009708378463983536 [0.14915709]
4999 0.009079089388251305 [0.23375149]
5999 0.008658984676003456 [0.3185371]
6999 0.00834963284432888 [0.38265455]
7999 0.008063710294663906 [0.4228823]
8999 0.00784408487379551 [0.44734627]
9999 0.007632805034518242 [0.4634666]
10999 0.007466516923159361 [0.47501594]
11999 0.007287909742444754 [0.48394063]
12999 0.007123839575797319 [0.49123392]
13999 0.006974863354116678 [0.49728453]
14999 0.006847393233329058 [0.50253403]
15999 0.006734534166753292 [0.50733215]
16999 0.006645414512604475 [0.51179236]
17999 0.006564668845385313 [0.5156332]
18999 0.006488038692623377 [0.5189549]
19999 0.0064087724313139915 [0.52194464]
20999 0.00632633687928319 [0.5246109]
21999 0.006249043624848127 [0.52700496]
22999 0.006192704197019339 [0.5293316]
23999 0.006138892844319344 [0.53147924]
24999 0.0060826800763607025 [0.5335494]
25999 0.00601973757147789 [0.53545207]
26999 0.005964076612144709 [0.5373396]
27999 0.005926509853452444 [0.53902835]
[0.5399341]
999 0.017865188419818878 [0.00840708]
1999 0.012703398242592812 [0.02649246]
2999 0.011504026129841805 [0.05772103]
3999 0.01071616355329752 [0.10871701]
4999 0.010148401372134686 [0.18271919]
5999 0.009703767485916615 [0.2696515]
6999 0.009313407354056835 [0.34652317]
7999 0.008969010785222054 [0.39920178]
8999 0.008685032837092876 [0.4313491]
9999 0.008450849913060665 [0.45139402]
10999 0.008234158158302307 [0.46510702]
11999 0.008048024028539658 [0.4754245]
12999 0.007878039963543415 [0.4836005]
13999 0.007717673666775227 [0.49050093]
14999 0.007577226962894201 [0.49655935]
15999 0.00744719710201025 [0.50170517]
16999 0.007331427186727524 [0.5061506]
17999 0.00722126942127943 [0.51007724]
18999 0.007121567614376545 [0.513505]
19999 0.00703300628811121 [0.5165516]
20999 0.006956952158361673 [0.5192946]
21999 0.006880554836243391 [0.5218468]
22999 0.006802467163652182 [0.5242098]
23999 0.006728788372129202 [0.52650017]
24999 0.006657101213932037 [0.528564]
25999 0.006589246913790703 [0.5303959]
26999 0.006530600134283304 [0.53208387]
27999 0.006475525908172131 [0.53363323]
28999 0.0064200423657894135 [0.5350805]
29999 0.006375690922141075 [0.5363646]
30999 0.0063323467038571835 [0.5375255]
31999 0.006285542156547308 [0.5387048]
32999 0.006238334812223911 [0.5398758]
33999 0.006193714682012796 [0.5410202]
34999 0.006157686468213797 [0.5420899]
35999 0.006115705706179142 [0.5431197]
36999 0.00607309490442276 [0.5441823]
37999 0.006039242725819349 [0.5452373]
38999 0.006001310423016548 [0.5462891]
39999 0.005958789959549904 [0.5473053]
[0.54770213]
999 0.016191527247428894 [0.02272525]
1999 0.010713934898376465 [0.03883323]
2999 0.010085473768413067 [0.06584881]
3999 0.009754566475749016 [0.11035426]
4999 0.00935960840433836 [0.17570272]
5999 0.009024862200021744 [0.2535533]
6999 0.008768823929131031 [0.32310537]
7999 0.008529514074325562 [0.37034926]
8999 0.008343246765434742 [0.39825284]
9999 0.008159331046044827 [0.41497442]
10999 0.008000971749424934 [0.4262133]
11999 0.007856328040361404 [0.43473154]
12999 0.007734272163361311 [0.44166908]
13999 0.007626597303897142 [0.44749227]
14999 0.00753244012594223 [0.4525332]
15999 0.007442745845764875 [0.45698807]
16999 0.007343413773924112 [0.46104765]
17999 0.007254856638610363 [0.46472585]
18999 0.007184309884905815 [0.4679741]
19999 0.007114608772099018 [0.47094804]
20999 0.007054006680846214 [0.47365174]
21999 0.006996202282607555 [0.47617984]
22999 0.006930869538336992 [0.47855893]
23999 0.006875949911773205 [0.4807528]
24999 0.0068174670450389385 [0.48281506]
25999 0.006770526058971882 [0.4847139]
26999 0.006725856568664312 [0.4864879]
27999 0.006680198013782501 [0.48819274]
28999 0.0066289338283240795 [0.48980507]
29999 0.006574253086000681 [0.4913729]
30999 0.006544127129018307 [0.49282858]
31999 0.006510772742331028 [0.49413037]
32999 0.006472477223724127 [0.49532297]
33999 0.00643304456025362 [0.49655625]
34999 0.006395293399691582 [0.49775854]
35999 0.006350489798933268 [0.4988587]
36999 0.006320096552371979 [0.49993613]
37999 0.006281515117734671 [0.5009241]
38999 0.006256534717977047 [0.5018367]
39999 0.00622636079788208 [0.5026912]
[0.5030351]
999 0.018819617107510567 [0.02005834]
1999 0.011833089403808117 [0.03877606]
2999 0.010816769674420357 [0.06995784]
3999 0.010194635950028896 [0.12113579]
4999 0.009609800763428211 [0.19452669]
5999 0.009145846590399742 [0.27842963]
6999 0.00878219772130251 [0.35027227]
7999 0.008466963656246662 [0.39861718]
8999 0.008181746117770672 [0.42832938]
9999 0.00794235710054636 [0.44740865]
10999 0.007732359692454338 [0.4608828]
11999 0.007551752962172031 [0.47126973]
12999 0.007389291189610958 [0.47976473]
13999 0.007236206438392401 [0.48703954]
14999 0.007085843943059444 [0.49358585]
15999 0.006956623867154121 [0.49939206]
16999 0.006835923530161381 [0.5045343]
17999 0.006730137392878532 [0.5091857]
18999 0.006627893075346947 [0.51330054]
19999 0.006533491425216198 [0.51702124]
20999 0.006452883128076792 [0.5204049]
21999 0.006374249700456858 [0.52350456]
22999 0.006309319753199816 [0.52640265]
23999 0.006245055235922337 [0.52911115]
24999 0.006175143178552389 [0.531627]
25999 0.006109102629125118 [0.5339823]
26999 0.0060487184673547745 [0.536207]
27999 0.005978524684906006 [0.5383307]
28999 0.005910562817007303 [0.5403165]
29999 0.005856721196323633 [0.54212624]
30999 0.0058021508157253265 [0.54376465]
31999 0.0057525429874658585 [0.5452821]
32999 0.005701727699488401 [0.5467092]
33999 0.005657552275806665 [0.5480736]
34999 0.005617695394903421 [0.5493587]
35999 0.0055754524655640125 [0.5505501]
36999 0.005532000679522753 [0.5516905]
37999 0.005492419935762882 [0.55287325]
38999 0.005454319529235363 [0.554047]
39999 0.0054167089983820915 [0.5552053]
[0.5556723]
