
CommandNotFoundError: Your shell has not been properly configured to use 'conda deactivate'.
To initialize your shell, run

    $ conda init <SHELL_NAME>

Currently supported shells are:
  - bash
  - fish
  - tcsh
  - xonsh
  - zsh
  - powershell

See 'conda init --help' for more information and options.

IMPORTANT: You may need to close and restart your shell after running 'conda init'.


cuda:0
Generate alignment plot for autograd tanh network and nn data
999 0.005642919335514307 [0.2192208]
1999 7.693925726925954e-05 [0.22970982]
2999 2.263330998175661e-06 [0.23057413]
3999 1.0868402569030877e-05 [0.23073687]
4999 6.79582825569014e-08 [0.23089264]
[0.23089375]
999 0.005132678430527449 [0.3386733]
1999 0.00010661513078957796 [0.34443]
2999 3.213342552044196e-06 [0.34480014]
3999 1.1262218180263517e-07 [0.3448211]
4999 5.585703455324165e-09 [0.34481978]
[0.34481978]
999 0.004904585424810648 [0.1752741]
1999 0.00018226374231744558 [0.18534973]
2999 6.020540695317322e-06 [0.18677577]
3999 3.341681633628468e-07 [0.1870154]
4999 3.1798556676676526e-08 [0.1870658]
[0.1870671]
999 0.0014448401052504778 [0.18888663]
1999 1.3285534805618227e-05 [0.19294816]
2999 2.4874566406651866e-07 [0.19313715]
3999 1.4712020934837255e-08 [0.19314232]
4999 3.0071605205961305e-09 [0.19314027]
5999 1.2408452043644047e-09 [0.19313858]
6999 8.225952141671655e-10 [0.19313747]
[0.19313736]
999 0.0024786244612187147 [0.21652235]
1999 3.777784149860963e-05 [0.22325958]
2999 5.716145778933424e-07 [0.22394894]
3999 1.4414824889286137e-08 [0.22403014]
4999 1.776651270546381e-09 [0.22404097]
5999 1.0745376810561424e-09 [0.22404066]
6999 8.789649563745172e-10 [0.22403973]
[0.22403957]
999 0.003164188703522086 [0.1653182]
1999 3.226842818548903e-05 [0.1711251]
2999 8.523477390554035e-07 [0.1714311]
3999 7.030471493862933e-08 [0.17144819]
4999 1.009602268453591e-08 [0.1714476]
5999 3.0896747382769263e-09 [0.17144719]
6999 1.2648198044473702e-09 [0.17144686]
[0.17144676]
999 0.0015766252763569355 [0.16153488]
1999 1.1753659237001557e-05 [0.1649455]
2999 3.439471072397282e-07 [0.16518952]
3999 2.1949455586423028e-08 [0.165215]
4999 2.3697921402998645e-09 [0.16521986]
5999 7.182976990982581e-10 [0.16522104]
6999 4.200435554935211e-10 [0.16522111]
7999 3.356494804318544e-10 [0.16522121]
8999 2.853945968439575e-10 [0.16522115]
9999 2.585107961028399e-10 [0.16522114]
[0.16522114]
999 0.0011923746205866337 [0.15372972]
1999 1.584957499289885e-05 [0.15670563]
2999 4.269943758572481e-07 [0.15692869]
3999 1.739412525125772e-08 [0.15695298]
4999 1.384146353089477e-09 [0.15695572]
5999 2.721588510112838e-10 [0.15695629]
6999 1.306449670668286e-10 [0.15695614]
7999 7.499728615911749e-11 [0.15695614]
8999 5.7681710102786e-11 [0.1569563]
9999 4.943388406952742e-11 [0.1569564]
[0.15695642]
999 0.002086557913571596 [0.15408266]
1999 9.130738362728152e-06 [0.15755394]
2999 5.111920131639636e-07 [0.15779674]
3999 1.1541225575228964e-07 [0.15786299]
4999 3.279398796962596e-08 [0.15789437]
5999 1.096232704611566e-08 [0.1579098]
6999 4.231369477025737e-09 [0.15791821]
7999 2.4854875935176324e-09 [0.157924]
8999 2.2575006308755974e-09 [0.15792839]
9999 2.1435946351289203e-09 [0.15793262]
[0.15793307]
999 0.00281519559212029 [0.04796496]
1999 6.919573206687346e-05 [0.05115025]
2999 4.818659363081679e-06 [0.05138944]
3999 4.3112504499731585e-07 [0.05142321]
4999 3.9811936858313857e-08 [0.05143156]
5999 4.456348179360248e-09 [0.05143392]
6999 9.352388863348438e-10 [0.05143473]
7999 4.472758552420686e-10 [0.05143481]
8999 3.466631426363165e-10 [0.05143483]
9999 3.0505326042984393e-10 [0.05143479]
10999 2.825010503304526e-10 [0.05143471]
11999 2.66910299417944e-10 [0.05143462]
12999 2.6013904919075514e-10 [0.05143454]
13999 2.5807153636314695e-10 [0.05143448]
[0.05143446]
999 0.003096014726907015 [0.07696627]
1999 3.863909296342172e-05 [0.08101196]
2999 9.100749593926594e-07 [0.08137129]
3999 3.986935581679063e-08 [0.08141276]
4999 3.6478631226799507e-09 [0.08141807]
5999 1.0728895549760864e-09 [0.08141862]
6999 6.280247433210207e-10 [0.08141898]
7999 5.395444091504942e-10 [0.08141918]
8999 4.5781656243804036e-10 [0.08141926]
9999 3.9961475795102785e-10 [0.08141932]
10999 3.50879686417116e-10 [0.0814194]
11999 3.2201769029072125e-10 [0.08141943]
12999 3.0895494496085973e-10 [0.08141942]
13999 3.0325142397202853e-10 [0.08141934]
[0.08141934]
999 0.0009226517868228257 [0.09625822]
1999 1.0542817108216695e-05 [0.09805295]
2999 1.2030852758471156e-06 [0.09817921]
3999 2.2369080454609502e-07 [0.09819961]
4999 4.348278181964815e-08 [0.09820586]
5999 9.96777593798015e-09 [0.09820726]
6999 4.339786752183272e-09 [0.09820796]
7999 2.6831774579960666e-09 [0.0982087]
8999 1.906044655441974e-09 [0.09820928]
9999 1.6667058844177518e-09 [0.09820925]
10999 1.5982871692798994e-09 [0.09820918]
11999 1.497592161392447e-09 [0.09820921]
12999 1.2241110347588346e-09 [0.09820954]
13999 1.0715067721989158e-09 [0.09820984]
[0.09820995]
999 0.0021539730951189995 [0.04292565]
1999 1.0321696208848152e-05 [0.04498111]
2999 1.3611565918836277e-07 [0.04507842]
3999 4.101904593767358e-09 [0.04508656]
4999 7.974396698529063e-10 [0.04508764]
5999 3.7437977717935667e-10 [0.04508798]
6999 2.5098248479515917e-10 [0.04508824]
7999 1.9318749377994493e-10 [0.0450884]
8999 1.672592897516978e-10 [0.04508853]
9999 1.5496576244444782e-10 [0.04508863]
10999 1.4208474674592964e-10 [0.04508873]
11999 1.3125443787398439e-10 [0.0450888]
12999 1.2690894168887468e-10 [0.04508886]
13999 1.2384568370826798e-10 [0.04508892]
14999 1.2268770721579614e-10 [0.04508898]
15999 1.2101360191696386e-10 [0.04508903]
16999 1.1864464966038213e-10 [0.04508909]
17999 1.1635033214663082e-10 [0.04508914]
18999 1.12103194782609e-10 [0.04508921]
19999 1.0863158983465127e-10 [0.04508927]
[0.04508928]
999 0.0022487856913357973 [0.06158394]
1999 3.558545358828269e-05 [0.06349011]
2999 1.5409791558340658e-06 [0.06365413]
3999 1.1403152200273325e-07 [0.06367778]
4999 1.0000911210283903e-08 [0.0636823]
5999 2.935601539633126e-09 [0.063683]
6999 1.8259325162972573e-09 [0.06368315]
7999 1.307191133115282e-09 [0.06368328]
8999 1.0103018421858678e-09 [0.06368332]
9999 8.421508490563667e-10 [0.06368331]
10999 7.231987786404659e-10 [0.0636833]
11999 6.105478345119764e-10 [0.06368335]
12999 5.550636617002169e-10 [0.06368344]
13999 5.072023911978363e-10 [0.06368357]
14999 4.67611782628552e-10 [0.06368367]
15999 4.5108833335305576e-10 [0.06368379]
16999 4.4062872794903285e-10 [0.06368389]
17999 4.247159568482317e-10 [0.06368399]
18999 4.058392510941644e-10 [0.0636841]
19999 3.997604192118587e-10 [0.06368419]
[0.0636842]
999 0.0019424586789682508 [0.04275872]
1999 1.1993753105343785e-05 [0.04464667]
2999 2.2455209602867399e-07 [0.04473784]
3999 9.307017379001081e-09 [0.04474353]
4999 2.2469779370482e-09 [0.0447439]
5999 1.7062929957845085e-09 [0.04474385]
6999 1.5775256656525016e-09 [0.04474375]
7999 1.4023933125884014e-09 [0.04474361]
8999 1.2325160891890619e-09 [0.04474347]
9999 1.054637266406644e-09 [0.04474331]
10999 1.0093286206824814e-09 [0.0447431]
11999 9.64378132906063e-10 [0.04474295]
12999 9.501442965742513e-10 [0.04474279]
13999 9.400453748753534e-10 [0.04474264]
14999 9.351355245712512e-10 [0.04474249]
15999 9.353938734690814e-10 [0.04474235]
16999 9.36615340840774e-10 [0.0447422]
17999 9.374327980538055e-10 [0.04474205]
18999 9.362713937477452e-10 [0.04474192]
19999 9.362177699756558e-10 [0.04474176]
[0.04474174]
999 0.0022528974805027246 [0.0194568]
1999 1.4243810255720746e-05 [0.02090248]
2999 2.6627114380062267e-07 [0.02098439]
3999 1.015765960232784e-08 [0.0209916]
4999 1.7206257529878144e-09 [0.0209922]
5999 7.047920025371468e-10 [0.02099236]
6999 3.917117186169605e-10 [0.02099238]
7999 2.6067750735769835e-10 [0.02099238]
8999 1.9568559272986619e-10 [0.02099238]
9999 1.5353748827884317e-10 [0.02099238]
10999 1.2534960569521303e-10 [0.02099238]
11999 1.0392572219464213e-10 [0.02099238]
12999 8.63538893169924e-11 [0.02099237]
13999 7.464883572394498e-11 [0.02099237]
14999 6.5530254833579e-11 [0.02099236]
15999 5.7871776815154874e-11 [0.02099236]
16999 5.339206160526189e-11 [0.02099235]
17999 4.948713314134601e-11 [0.02099235]
18999 4.583272303348984e-11 [0.02099235]
19999 4.402627915012225e-11 [0.02099235]
20999 4.214647728040255e-11 [0.02099235]
21999 4.183677362878946e-11 [0.02099234]
22999 4.0387533595254155e-11 [0.02099234]
23999 3.973212384100755e-11 [0.02099234]
24999 3.8531421109322395e-11 [0.02099234]
25999 3.7847679851266136e-11 [0.02099234]
26999 3.6786160922952504e-11 [0.02099234]
27999 3.708755871856262e-11 [0.02099233]
[0.02099233]
999 0.0023338119499385357 [0.01975783]
1999 3.375347296241671e-05 [0.0212667]
2999 1.0612267260512454e-06 [0.0213924]
3999 4.571947087583794e-08 [0.02140924]
4999 5.458444807260321e-09 [0.02141236]
5999 2.5940167791560498e-09 [0.0214131]
6999 2.163474954741673e-09 [0.02141352]
7999 1.955631656613832e-09 [0.02141386]
8999 1.8330845730218925e-09 [0.02141418]
9999 1.793273085581859e-09 [0.02141451]
10999 1.7899107751517818e-09 [0.02141483]
11999 1.7802193053029214e-09 [0.02141516]
12999 1.7818647668477183e-09 [0.02141548]
13999 1.7767821658409844e-09 [0.02141581]
14999 1.7698559284795579e-09 [0.02141613]
15999 1.7716744737938939e-09 [0.02141646]
16999 1.7700544363563608e-09 [0.02141678]
17999 1.7704376853444614e-09 [0.0214171]
18999 1.77367065479217e-09 [0.02141742]
19999 1.771912394588071e-09 [0.02141774]
20999 1.7720390710351808e-09 [0.02141806]
21999 1.7752347369892618e-09 [0.02141839]
22999 1.7687883380190783e-09 [0.02141871]
23999 1.7649546268927452e-09 [0.02141903]
24999 1.762952672734741e-09 [0.02141935]
25999 1.7636153648581399e-09 [0.02141968]
26999 1.7625061410342369e-09 [0.02141999]
27999 1.7617661773883242e-09 [0.02142031]
[0.0214205]
999 0.00480433227494359 [0.00513575]
1999 6.0089267208240926e-05 [0.00745651]
2999 1.0766589184640907e-06 [0.00767711]
3999 2.5912390455573586e-08 [0.00770215]
4999 2.2680264333274636e-09 [0.00770496]
5999 7.230614440523198e-10 [0.00770556]
6999 3.632139589093697e-10 [0.00770582]
7999 2.286799083428548e-10 [0.00770593]
8999 1.626669493548505e-10 [0.007706]
9999 1.2696858842087266e-10 [0.00770604]
10999 1.0282454748766767e-10 [0.00770606]
11999 8.547017954496638e-11 [0.00770608]
12999 7.254257611277737e-11 [0.0077061]
13999 6.149976361502496e-11 [0.00770612]
14999 5.4662614712430724e-11 [0.00770614]
15999 4.864510530500077e-11 [0.00770615]
16999 4.346610918415372e-11 [0.00770616]
17999 3.9748062480304824e-11 [0.00770617]
18999 3.7378055511849695e-11 [0.00770618]
19999 3.5001994358463406e-11 [0.00770618]
20999 3.306398210778383e-11 [0.00770619]
21999 3.154927707971211e-11 [0.0077062]
22999 2.985770311547675e-11 [0.0077062]
23999 2.9198792689255626e-11 [0.00770621]
24999 2.8037462976304717e-11 [0.00770621]
25999 2.710384694459833e-11 [0.00770622]
26999 2.6058995239441884e-11 [0.00770622]
27999 2.580820453179644e-11 [0.00770622]
[0.00770622]
999 0.0033241119235754013 [0.01901898]
1999 4.298732528695837e-05 [0.02020055]
2999 9.238780762643728e-07 [0.02031659]
3999 3.593965658410525e-08 [0.02033046]
4999 5.927756507873028e-09 [0.02033244]
5999 2.6815420994807937e-09 [0.02033296]
6999 1.8426834502704992e-09 [0.02033323]
7999 1.7108268135501703e-09 [0.02033339]
8999 1.7242124394911684e-09 [0.02033349]
9999 1.775452007635181e-09 [0.02033357]
10999 1.8334406215458898e-09 [0.02033364]
11999 1.9114427818323065e-09 [0.02033372]
12999 2.010041244560057e-09 [0.02033379]
13999 2.0436026204606605e-09 [0.02033387]
14999 2.053384129396818e-09 [0.02033396]
15999 2.0553678758972183e-09 [0.02033403]
16999 2.0573480696839397e-09 [0.0203341]
17999 2.0609050022102338e-09 [0.02033418]
18999 2.055913439491519e-09 [0.02033425]
19999 2.0585930737837543e-09 [0.02033432]
20999 2.060652093405224e-09 [0.0203344]
21999 2.0602566319638527e-09 [0.02033447]
22999 2.0629729036159006e-09 [0.02033455]
23999 2.0602570760530625e-09 [0.02033461]
24999 2.0556574220620405e-09 [0.02033469]
25999 2.053026415538284e-09 [0.02033476]
26999 2.05053485302642e-09 [0.02033483]
27999 2.0444288484355866e-09 [0.0203349]
28999 2.0454626881161175e-09 [0.02033496]
29999 2.0437127545847034e-09 [0.02033504]
30999 2.0372503684029653e-09 [0.0203351]
31999 2.0039563342066913e-09 [0.02033517]
32999 1.998596399488406e-09 [0.02033523]
33999 1.9964585540321877e-09 [0.0203353]
34999 1.998050835894105e-09 [0.02033536]
35999 1.9908852344485695e-09 [0.02033543]
36999 1.989287179426924e-09 [0.0203355]
37999 1.986713904500448e-09 [0.02033556]
38999 1.9787356198008865e-09 [0.02033563]
39999 1.975878571869316e-09 [0.0203357]
[0.02033572]
999 0.0017524471040815115 [0.02348191]
1999 9.573155693942681e-06 [0.02419022]
2999 1.0350304791018061e-07 [0.02422805]
3999 5.5789808328654544e-09 [0.02423072]
4999 1.5156556010254008e-09 [0.02423104]
5999 7.231681919961375e-10 [0.02423114]
6999 4.2439454728260273e-10 [0.02423119]
7999 2.820600975006471e-10 [0.02423123]
8999 2.0565285585583126e-10 [0.02423124]
9999 1.5629293692587254e-10 [0.02423126]
10999 1.2510296965029255e-10 [0.02423128]
11999 1.0464070582250073e-10 [0.02423129]
12999 8.993194383632996e-11 [0.0242313]
13999 7.882378777468446e-11 [0.02423131]
14999 6.97047281006391e-11 [0.02423131]
15999 6.228165205790503e-11 [0.02423132]
16999 5.630376373466639e-11 [0.02423132]
17999 5.0919223698597804e-11 [0.02423132]
18999 4.689338500840634e-11 [0.02423133]
19999 4.33982259850918e-11 [0.02423133]
20999 4.0565408671033865e-11 [0.02423133]
21999 3.8230758836466094e-11 [0.02423133]
22999 3.624130162638295e-11 [0.02423133]
23999 3.449587143711241e-11 [0.02423133]
24999 3.285764021976334e-11 [0.02423133]
25999 3.161605005574941e-11 [0.02423133]
26999 3.0413425250452875e-11 [0.02423133]
27999 2.98613390958824e-11 [0.02423133]
28999 2.8588775444204906e-11 [0.02423133]
29999 2.828156112077984e-11 [0.02423133]
30999 2.7430653234961078e-11 [0.02423133]
31999 2.7236764926774626e-11 [0.02423134]
32999 2.689965784841153e-11 [0.02423134]
33999 2.6569363029138593e-11 [0.02423134]
34999 2.587988504054728e-11 [0.02423134]
35999 2.5351483065594316e-11 [0.02423134]
36999 2.531565929109192e-11 [0.02423134]
37999 2.5095543698672174e-11 [0.02423134]
38999 2.4723882663391095e-11 [0.02423134]
39999 2.4498585451948607e-11 [0.02423134]
[0.02423134]
999 0.0037033010739833117 [0.02249085]
1999 2.2716596504324116e-05 [0.02382662]
2999 2.0306593739860546e-07 [0.02391811]
3999 6.9550503134507835e-09 [0.02392512]
4999 1.5807243292087492e-09 [0.02392592]
5999 6.967637578014774e-10 [0.02392615]
6999 3.9184605560294017e-10 [0.02392627]
7999 2.5049801122278836e-10 [0.02392633]
8999 1.7414154840356133e-10 [0.02392638]
9999 1.3035962587171213e-10 [0.02392641]
10999 1.0473315270598249e-10 [0.02392643]
11999 8.806311929676625e-11 [0.02392644]
12999 7.425083464740467e-11 [0.02392644]
13999 6.536530344769531e-11 [0.02392645]
14999 5.751289028355089e-11 [0.02392646]
15999 5.091379748356495e-11 [0.02392646]
16999 4.55005581823098e-11 [0.02392647]
17999 4.10808435880039e-11 [0.02392648]
18999 3.749021579291245e-11 [0.02392648]
19999 3.460173120251042e-11 [0.02392648]
20999 3.168330528491303e-11 [0.02392649]
21999 2.918654207206828e-11 [0.02392649]
22999 2.7072934172256424e-11 [0.0239265]
23999 2.5297160199944102e-11 [0.0239265]
24999 2.4048553079469848e-11 [0.0239265]
25999 2.2510722452739884e-11 [0.0239265]
26999 2.143433347479018e-11 [0.0239265]
27999 2.0132126868355193e-11 [0.0239265]
28999 1.92421408667931e-11 [0.02392651]
29999 1.81779695462847e-11 [0.02392651]
30999 1.757727817464083e-11 [0.02392651]
31999 1.6584815118458884e-11 [0.02392651]
32999 1.612329020295178e-11 [0.02392651]
33999 1.5569550856908698e-11 [0.02392652]
34999 1.5131403074963856e-11 [0.02392652]
35999 1.446016917316939e-11 [0.02392652]
36999 1.4209484283655982e-11 [0.02392652]
37999 1.3715850503970284e-11 [0.02392652]
38999 1.3755993739927863e-11 [0.02392652]
39999 1.3201916990168705e-11 [0.02392652]
[0.02392652]
999 0.007150450721383095 [0.30976698]
1999 0.0013177860528230667 [0.32472768]
2999 0.0007324752514250576 [0.3370785]
3999 0.0006813474465161562 [0.34999162]
4999 0.000860210508108139 [0.36269858]
[0.36332542]
999 0.0065660635009408 [0.278712]
1999 0.001185473520308733 [0.30147243]
2999 0.0005904304562136531 [0.31602994]
3999 0.000555913895368576 [0.33070135]
4999 0.0005302612553350627 [0.34587932]
[0.34664872]
999 0.0039346604607999325 [0.3008034]
1999 0.0009269937872886658 [0.3227216]
2999 0.0011369859566912055 [0.34452802]
3999 0.0007492330623790622 [0.36460468]
4999 0.0006465617916546762 [0.38176808]
[0.38261187]
999 0.003171364776790142 [0.17006958]
1999 0.0003301277756690979 [0.18724413]
2999 0.00025646944413892925 [0.19877233]
3999 0.00024644742370583117 [0.21081828]
4999 0.00024664393276907504 [0.22346143]
5999 0.0002451943000778556 [0.23678507]
6999 0.00024102767929434776 [0.2513137]
[0.25349656]
999 0.00712874298915267 [0.14522709]
1999 0.0006282128160819411 [0.16523989]
2999 0.0009992164559662342 [0.17469794]
3999 0.0004626866430044174 [0.18554217]
4999 0.00044572557089850307 [0.19669387]
5999 0.00042131476220674813 [0.20888482]
6999 0.00045062616118229926 [0.22197996]
[0.22390468]
999 0.0016710460186004639 [0.1947617]
1999 0.0004986293497495353 [0.20653775]
2999 0.0004776566056534648 [0.21758494]
3999 0.0004538182693067938 [0.22979124]
4999 0.0004828266683034599 [0.24306652]
5999 0.00044116677599959075 [0.2572987]
6999 0.0004291297518648207 [0.2723833]
[0.27457517]
999 0.0027778137009590864 [0.07908795]
1999 0.0006418598932214081 [0.09143859]
2999 0.00045681465417146683 [0.10151924]
3999 0.00041958826477639377 [0.11196765]
4999 0.0004099938669241965 [0.12334964]
5999 0.0003961560723837465 [0.13547716]
6999 0.00038226364995352924 [0.14865682]
7999 0.00037505640648305416 [0.162635]
8999 0.00037810392677783966 [0.17743744]
9999 0.00038463828968815506 [0.19290228]
[0.19451778]
999 0.0033838420640677214 [0.13173348]
1999 0.000777800043579191 [0.14500116]
2999 0.0006469744839705527 [0.15560997]
3999 0.0006508385413326323 [0.1668022]
4999 0.0006308156880550086 [0.17877029]
5999 0.0006011984660290182 [0.19192968]
6999 0.0005883674020878971 [0.20596525]
7999 0.0006013895617797971 [0.22078992]
8999 0.0005500082625076175 [0.23637477]
9999 0.0005484868306666613 [0.25278434]
[0.2544993]
999 0.003861847799271345 [0.0949967]
1999 0.00048787606647238135 [0.10617357]
2999 0.00037123155198059976 [0.11356823]
3999 0.0003282618708908558 [0.12156904]
4999 0.0003407382464502007 [0.13050489]
5999 0.0003091330290772021 [0.14026716]
6999 0.0002935483935289085 [0.1508834]
7999 0.00028015332645736635 [0.16253342]
8999 0.00028159719659015536 [0.17498638]
9999 0.00029698811704292893 [0.18853578]
[0.18998162]
999 0.0024360716342926025 [0.10419422]
1999 0.00043249150621704757 [0.11291074]
2999 0.00040148472180590034 [0.1200362]
3999 0.00040951347909867764 [0.12794597]
4999 0.0003972319536842406 [0.13682622]
5999 0.00038995977956801653 [0.14672403]
6999 0.00039530458161607385 [0.15774296]
7999 0.0003977208980359137 [0.16994987]
8999 0.00039452133933082223 [0.18326846]
9999 0.00039461968117393553 [0.19772111]
10999 0.0003918808652088046 [0.21330774]
11999 0.0003847058105748147 [0.22988833]
12999 0.00037496225559152663 [0.24730317]
13999 0.0003711783792823553 [0.26544237]
[0.27073613]
999 0.0033528644125908613 [0.07422256]
1999 0.0006276952917687595 [0.08361264]
2999 0.0005426211864687502 [0.09042793]
3999 0.0005133827798999846 [0.09788671]
4999 0.0005309157422743738 [0.10645097]
5999 0.0005142809823155403 [0.11623667]
6999 0.00048318630433641374 [0.12699944]
7999 0.0004593385965563357 [0.13884221]
8999 0.0004493971064221114 [0.15180843]
9999 0.00045171543024480343 [0.165961]
10999 0.0004453178262338042 [0.18121895]
11999 0.00043928183731622994 [0.19752356]
12999 0.0004245262825861573 [0.2147278]
13999 0.000418218900449574 [0.23276372]
[0.23805417]
999 0.004601135849952698 [0.04282999]
1999 0.0005543098086491227 [0.05239844]
2999 0.0005033149500377476 [0.05865067]
3999 0.00047246276517398655 [0.06537703]
4999 0.0004389063105918467 [0.0726675]
5999 0.0004146657884120941 [0.08072473]
6999 0.0004014396690763533 [0.08966212]
7999 0.0003935388522222638 [0.09959646]
8999 0.00038229592610150576 [0.1105045]
9999 0.0003857442643493414 [0.12251437]
10999 0.0003904871118720621 [0.1357504]
11999 0.0003877977142110467 [0.15013805]
12999 0.00037854575202800333 [0.16560915]
13999 0.00036450038896873593 [0.18192354]
[0.18671915]
999 0.0027656652964651585 [0.04368657]
1999 0.0005639406153932214 [0.0492864]
2999 0.0004939395585097373 [0.05385573]
3999 0.0004812832048628479 [0.059002]
4999 0.00048070112825371325 [0.06495807]
5999 0.0004707808548118919 [0.0717795]
6999 0.0004693246155511588 [0.07950137]
7999 0.0004595762293320149 [0.08819358]
8999 0.0004461499338503927 [0.09781989]
9999 0.0004411868576426059 [0.10847547]
10999 0.00043440295848995447 [0.12018838]
11999 0.00043079155148006976 [0.13297573]
12999 0.0004311978118494153 [0.14687106]
13999 0.00042607096838764846 [0.1618499]
14999 0.000415891467127949 [0.17774533]
15999 0.00040701418765820563 [0.19442302]
16999 0.000401020486606285 [0.21176572]
17999 0.00039555816329084337 [0.2296321]
18999 0.00038965046405792236 [0.24781148]
19999 0.00038488677819259465 [0.26610348]
[0.26982898]
999 0.0027738441713154316 [0.0371061]
1999 0.00052627146942541 [0.04228591]
2999 0.0004541442322079092 [0.0461316]
3999 0.0004492650041356683 [0.05045832]
4999 0.00045443992712534964 [0.05545459]
5999 0.0004347806971054524 [0.06117933]
6999 0.00043858514982275665 [0.06768881]
7999 0.000434204179327935 [0.07503062]
8999 0.0004327390342950821 [0.08326683]
9999 0.000420333439251408 [0.09241266]
10999 0.00041235945536755025 [0.10248549]
11999 0.00040071437251754105 [0.11346441]
12999 0.0003912617976311594 [0.1253423]
13999 0.0003889664076268673 [0.13819666]
14999 0.0003851483925245702 [0.15202233]
15999 0.00037736413651145995 [0.16674273]
16999 0.00037816757685504854 [0.18231541]
17999 0.0003745726135093719 [0.19862697]
18999 0.0003694571787491441 [0.21549127]
19999 0.0003634630411397666 [0.23268674]
[0.23621579]
999 0.003330467501655221 [0.03551291]
1999 0.0004548598371911794 [0.04074136]
2999 0.0004324142646510154 [0.04422769]
3999 0.00040462473407387733 [0.04811929]
4999 0.0003697700740303844 [0.05255993]
5999 0.00037177751073613763 [0.05762988]
6999 0.0003600497730076313 [0.06339259]
7999 0.00035513503826223314 [0.06988402]
8999 0.0003613957960624248 [0.07722259]
9999 0.00035062155802734196 [0.08551107]
10999 0.0003369940386619419 [0.09476684]
11999 0.00033150333911180496 [0.10500444]
12999 0.00032487648422829807 [0.11624622]
13999 0.00031890234095044434 [0.12849182]
14999 0.00031334286904893816 [0.14171161]
15999 0.0003085677744820714 [0.15586218]
16999 0.00030377748771570623 [0.17089611]
17999 0.00030004893778823316 [0.1867209]
18999 0.00029754824936389923 [0.20322342]
19999 0.0002956502721644938 [0.22026272]
[0.22378965]
999 0.005150704178959131 [0.01355812]
1999 0.0006071910029277205 [0.01833027]
2999 0.0005097169778309762 [0.02144531]
3999 0.0005007115541957319 [0.02481363]
4999 0.0004912933218292892 [0.02864226]
5999 0.00047493839520029724 [0.03298714]
6999 0.0004576375358738005 [0.03786823]
7999 0.0004454954178072512 [0.04332795]
8999 0.00043583926162682474 [0.04943069]
9999 0.00042671154369600117 [0.05622934]
10999 0.0004203079151920974 [0.06378716]
11999 0.0004137223004363477 [0.07216883]
12999 0.00040682111284695566 [0.08141601]
13999 0.000399582291720435 [0.09156824]
14999 0.00039306527469307184 [0.10266655]
15999 0.00038825030787847936 [0.1147529]
16999 0.0003835810348391533 [0.12785089]
17999 0.0003776162047870457 [0.1419331]
18999 0.00037147491821087897 [0.15693936]
19999 0.0003661972878035158 [0.17279531]
20999 0.0003615050809457898 [0.18940014]
21999 0.0003566854284144938 [0.20661615]
22999 0.0003524093481246382 [0.22427315]
23999 0.0003488148795440793 [0.24217851]
24999 0.00034522576606832445 [0.2601093]
25999 0.000341317878337577 [0.2778307]
26999 0.00033730181166902184 [0.29511908]
27999 0.00033400903339497745 [0.3117833]
[0.32097068]
999 0.003599785501137376 [0.01223397]
1999 0.0007634626235812902 [0.0162905]
2999 0.0006350561161525548 [0.01936226]
3999 0.0006119930767454207 [0.02279614]
4999 0.0005935925873927772 [0.02676614]
5999 0.0005860612145625055 [0.03132965]
6999 0.0005697878077626228 [0.0365316]
7999 0.0005518866237252951 [0.04238245]
8999 0.0005482857814058661 [0.04892137]
9999 0.0005370061262510717 [0.05622235]
10999 0.0005178607534617186 [0.06430239]
11999 0.0005017227376811206 [0.07317866]
12999 0.0004925378016196191 [0.08290488]
13999 0.00048704262007959187 [0.09357216]
14999 0.0004747083585243672 [0.1051944]
15999 0.0004689493216574192 [0.1177865]
16999 0.00046688775182701647 [0.13137388]
17999 0.00045985609176568687 [0.14587344]
18999 0.00045257958117872477 [0.16117193]
19999 0.00044617796083912253 [0.17717408]
20999 0.000440323754446581 [0.1937419]
21999 0.00043701764661818743 [0.21071593]
22999 0.0004341164603829384 [0.2279125]
23999 0.0004304256581235677 [0.24510805]
24999 0.0004267677431926131 [0.26208523]
25999 0.0004229374462738633 [0.278642]
26999 0.00041798429447226226 [0.29458725]
27999 0.00041427474934607744 [0.30976614]
[0.31805313]
999 0.003087738761678338 [0.0253121]
1999 0.0006232861196622252 [0.0285912]
2999 0.0005404851981438696 [0.03112996]
3999 0.0005139284185133874 [0.03397522]
4999 0.0005011281464248896 [0.03724942]
5999 0.0004970870213583112 [0.04101549]
6999 0.0004936679033562541 [0.04533644]
7999 0.00048177249846048653 [0.05024632]
8999 0.00047583121340721846 [0.0557958]
9999 0.00047098033246584237 [0.06205993]
10999 0.0004628620808944106 [0.06906915]
11999 0.0004565118288155645 [0.07686972]
12999 0.000448404171038419 [0.08550361]
13999 0.00044114261982031167 [0.09500328]
14999 0.00043255649507045746 [0.10539422]
15999 0.000425357575295493 [0.11668335]
16999 0.000420948927057907 [0.12889706]
17999 0.0004146334540564567 [0.14202076]
18999 0.00040582113433629274 [0.15596892]
19999 0.000399070413550362 [0.17066512]
20999 0.000396403280319646 [0.18606941]
21999 0.00039270834531635046 [0.20206574]
22999 0.00038804818177595735 [0.21845247]
23999 0.0003848593623843044 [0.23504008]
24999 0.00038087015855126083 [0.25162783]
25999 0.0003767060406971723 [0.2679897]
26999 0.0003733995836228132 [0.28393283]
27999 0.00037083274219185114 [0.29929015]
[0.30775124]
999 0.003230260219424963 [0.04101822]
1999 0.0007105497643351555 [0.04371882]
2999 0.0006539261084981263 [0.04597336]
3999 0.0006487375358119607 [0.04850581]
4999 0.0006336493534035981 [0.05137987]
5999 0.000619133235886693 [0.05461126]
6999 0.0006189918494783342 [0.05826006]
7999 0.0006190569838508964 [0.06238266]
8999 0.0006168134859763086 [0.06702235]
9999 0.0006092338589951396 [0.07221598]
10999 0.0006040650187060237 [0.07800575]
11999 0.0005960286944173276 [0.08443996]
12999 0.0005869069718755782 [0.09154627]
13999 0.0005806093686260283 [0.09937223]
14999 0.0005751400021836162 [0.10796461]
15999 0.000570339965634048 [0.11735897]
16999 0.0005654305568896234 [0.12758265]
17999 0.0005603391909971833 [0.13864757]
18999 0.0005547106848098338 [0.15054156]
19999 0.0005496457451954484 [0.16323121]
20999 0.0005452479235827923 [0.17665853]
21999 0.0005412729806266725 [0.1907448]
22999 0.0005368768470361829 [0.20536998]
23999 0.0005329851992428303 [0.22038166]
24999 0.0005294635193422437 [0.23561019]
25999 0.0005255691357888281 [0.25086415]
26999 0.0005217199795879424 [0.26594144]
27999 0.0005178001592867076 [0.2806432]
28999 0.0005137805710546672 [0.29479015]
29999 0.0005097324610687792 [0.30823097]
30999 0.0005055597284808755 [0.3208505]
31999 0.0005023630801588297 [0.33257866]
32999 0.0004994516493752599 [0.3433735]
33999 0.0004961563390679657 [0.35322136]
34999 0.0004928982816636562 [0.36214283]
35999 0.0004898714832961559 [0.3701773]
36999 0.0004868432879447937 [0.37738353]
37999 0.00048411518218927085 [0.3838348]
38999 0.0004819468013010919 [0.38960338]
39999 0.000479701702715829 [0.3947664]
[0.39671284]
999 0.006966026965528727 [0.02023424]
1999 0.0006784429424442351 [0.02331983]
2999 0.0004933280870318413 [0.02517974]
3999 0.00047436667955480516 [0.02717859]
4999 0.0004685478052124381 [0.02945546]
5999 0.0004648606991395354 [0.03205695]
6999 0.00045686151133850217 [0.03501506]
7999 0.0004475691821426153 [0.0383575]
8999 0.0004418772296048701 [0.04213076]
9999 0.000434934685472399 [0.04638403]
10999 0.0004253354563843459 [0.05115338]
11999 0.0004163509584031999 [0.05647688]
12999 0.0004095007316209376 [0.06240772]
13999 0.0004034628509543836 [0.06900179]
14999 0.0003977385349571705 [0.07631309]
15999 0.0003920787712559104 [0.08439261]
16999 0.0003870019281748682 [0.09329115]
17999 0.0003826241008937359 [0.10305627]
18999 0.0003785922599490732 [0.11372858]
19999 0.00037420212174765766 [0.12533115]
20999 0.00037022907054051757 [0.13787393]
21999 0.0003662646340671927 [0.1513509]
22999 0.00036195365828461945 [0.16572337]
23999 0.0003580273478291929 [0.18092674]
24999 0.0003544896317180246 [0.19686908]
25999 0.00035121029941365123 [0.2134238]
26999 0.000347990746377036 [0.23043136]
27999 0.0003446818154770881 [0.24770337]
28999 0.0003413768718019128 [0.26503003]
29999 0.00033828927553258836 [0.28219402]
30999 0.0003353778156451881 [0.29897982]
31999 0.0003325717116240412 [0.3151847]
32999 0.00032990711042657495 [0.33063355]
33999 0.00032732149702496827 [0.3451859]
34999 0.0003248114080633968 [0.3587422]
35999 0.00032226499752141535 [0.3712455]
36999 0.00031962606590241194 [0.38267842]
37999 0.00031696524820290506 [0.39305705]
38999 0.00031435693381354213 [0.4024231]
39999 0.00031186308478936553 [0.41083863]
[0.4140085]
999 0.002753178123384714 [0.01673817]
1999 0.0004604401474352926 [0.01857423]
2999 0.0003934027045033872 [0.01991414]
3999 0.0003956547298002988 [0.02141289]
4999 0.00039955033571459353 [0.02315086]
5999 0.00039005346479825675 [0.02514679]
6999 0.0003772344789467752 [0.02742099]
7999 0.0003656091575976461 [0.03000983]
8999 0.0003571906709112227 [0.03295052]
9999 0.0003526102227624506 [0.03628139]
10999 0.0003518910671118647 [0.0400536]
11999 0.0003446291375439614 [0.04430719]
12999 0.00033799378434196115 [0.04907668]
13999 0.00033345131669193506 [0.05440776]
14999 0.0003299806558061391 [0.06035193]
15999 0.0003253660397604108 [0.06695215]
16999 0.00031942292116582394 [0.07424193]
17999 0.00031360224238596857 [0.08225406]
18999 0.000310511386487633 [0.09103651]
19999 0.00030870430055074394 [0.10063998]
20999 0.00030601926846429706 [0.11108335]
21999 0.00030309733119793236 [0.12236392]
22999 0.0003006210026796907 [0.13446939]
23999 0.00029827814432792366 [0.14736164]
24999 0.00029604017618112266 [0.16097333]
25999 0.0002938763645943254 [0.17520961]
26999 0.0002916610101237893 [0.18994983]
27999 0.00028923273202963173 [0.20504175]
28999 0.0002867816074285656 [0.22030817]
29999 0.00028452646802179515 [0.23556007]
30999 0.00028258521342650056 [0.25060394]
31999 0.0002808219869621098 [0.26525095]
32999 0.00027906737523153424 [0.27932832]
33999 0.0002773320593405515 [0.2926927]
34999 0.0002756319590844214 [0.30523893]
35999 0.000273907498922199 [0.31690142]
36999 0.00027212081477046013 [0.3276478]
37999 0.0002704451617319137 [0.33747756]
38999 0.0002689095272216946 [0.34641877]
39999 0.0002673622511792928 [0.35451546]
[0.35758105]
999 0.019985627382993698 [0.37594393]
1999 0.010941915214061737 [0.4429877]
2999 0.010006646625697613 [0.48892683]
3999 0.009196829050779343 [0.5121205]
4999 0.009171560406684875 [0.52147317]
[0.5217808]
999 0.018084518611431122 [0.2973449]
1999 0.00862927082926035 [0.3659775]
2999 0.007879461161792278 [0.4250261]
3999 0.007321161683648825 [0.46339294]
4999 0.00698992470279336 [0.48613533]
[0.48707464]
999 0.010851831175386906 [0.26579195]
1999 0.008647328242659569 [0.33406886]
2999 0.007813013158738613 [0.39153078]
3999 0.007037599105387926 [0.42922264]
4999 0.006568289361894131 [0.45120084]
[0.452066]
999 0.007523704785853624 [0.21638532]
1999 0.006371188443154097 [0.29745248]
2999 0.00612166291102767 [0.38881674]
3999 0.005696278531104326 [0.46393958]
4999 0.005400293972343206 [0.51084507]
5999 0.005172154866158962 [0.5369215]
6999 0.005056025926023722 [0.5505846]
[0.5520371]
999 0.01700671575963497 [0.19343221]
1999 0.010905244387686253 [0.2938276]
2999 0.00919090025126934 [0.38490787]
3999 0.008771643042564392 [0.45481843]
4999 0.008221945725381374 [0.49839312]
5999 0.007590885739773512 [0.5237182]
6999 0.007423569913953543 [0.5401215]
[0.54204977]
999 0.011667298153042793 [0.15729721]
1999 0.008537359535694122 [0.26402116]
2999 0.007159979548305273 [0.3761173]
3999 0.006817841436713934 [0.4705074]
4999 0.006441099569201469 [0.53198075]
5999 0.006184310186654329 [0.56804264]
6999 0.005902982782572508 [0.5898002]
[0.59218967]
999 0.011433071456849575 [0.13688761]
1999 0.007325181271880865 [0.20435134]
2999 0.0072949049063026905 [0.2924618]
3999 0.006491226609796286 [0.37949654]
4999 0.00626708846539259 [0.44398648]
5999 0.006012714002281427 [0.48464474]
6999 0.005769740790128708 [0.5098683]
7999 0.00556172477081418 [0.5267446]
8999 0.00543479947373271 [0.5383686]
9999 0.005322548095136881 [0.5462544]
[0.5469354]
999 0.0139634869992733 [0.12317431]
1999 0.010792098008096218 [0.20555799]
2999 0.0089716212823987 [0.30565026]
3999 0.008303288370370865 [0.39879295]
4999 0.00795858446508646 [0.46365526]
5999 0.007612912449985743 [0.50127435]
6999 0.007323723752051592 [0.52262956]
7999 0.007093091029673815 [0.53636664]
8999 0.006924178916960955 [0.5456322]
9999 0.006587062496691942 [0.5528131]
[0.55344397]
999 0.013849779963493347 [0.11359914]
1999 0.010957038030028343 [0.1838734]
2999 0.009675868786871433 [0.26902884]
3999 0.008858035318553448 [0.34710002]
4999 0.008359626866877079 [0.40319648]
5999 0.008147831074893475 [0.43804225]
6999 0.007807235699146986 [0.45993376]
7999 0.007650737650692463 [0.47547242]
8999 0.007400090340524912 [0.4864775]
9999 0.0072461580857634544 [0.49454543]
[0.49531332]
999 0.01672549545764923 [0.10477433]
1999 0.011675323359668255 [0.16067424]
2999 0.010917319916188717 [0.24279144]
3999 0.010034915991127491 [0.33763942]
4999 0.009214055724442005 [0.41782594]
5999 0.008788921870291233 [0.47110742]
6999 0.008350850082933903 [0.5037829]
7999 0.008067259564995766 [0.52461576]
8999 0.007820488885045052 [0.53893596]
9999 0.007606669329106808 [0.5494526]
10999 0.007385473232716322 [0.5571651]
11999 0.0071806833148002625 [0.5634992]
12999 0.007044612430036068 [0.5691607]
13999 0.0069667319767177105 [0.5739215]
[0.5750869]
999 0.012218769639730453 [0.08372781]
1999 0.00870453380048275 [0.13415702]
2999 0.008042979054152966 [0.20868394]
3999 0.007382917683571577 [0.2969584]
4999 0.0070849317125976086 [0.37429333]
5999 0.006698539014905691 [0.427132]
6999 0.0063989111222326756 [0.4602675]
7999 0.006160587538033724 [0.4818407]
8999 0.0060032568871974945 [0.49655622]
9999 0.0057779657654464245 [0.5072782]
10999 0.0056227813474833965 [0.5158202]
11999 0.005529438611119986 [0.52243054]
12999 0.00541017297655344 [0.52785456]
13999 0.005340921692550182 [0.53259856]
[0.53384346]
999 0.016084983944892883 [0.12198766]
1999 0.009896298870444298 [0.18419659]
2999 0.008803478442132473 [0.27009207]
3999 0.007994315586984158 [0.36704922]
4999 0.007504068315029144 [0.44861412]
5999 0.007091134786605835 [0.5008422]
6999 0.006743342615664005 [0.5301039]
7999 0.0064757633954286575 [0.5465344]
8999 0.006284228526055813 [0.55644536]
9999 0.006092743948101997 [0.5637515]
10999 0.005952381528913975 [0.5700145]
11999 0.005834778305143118 [0.5748485]
12999 0.0057248943485319614 [0.5787899]
13999 0.005622942931950092 [0.58236164]
[0.5832808]
999 0.011647362262010574 [0.03656152]
1999 0.008040636777877808 [0.07226375]
2999 0.007134291809052229 [0.12863956]
3999 0.006825166754424572 [0.20950463]
4999 0.006455705501139164 [0.30162713]
5999 0.006134931929409504 [0.3797863]
6999 0.005911694839596748 [0.4311542]
7999 0.005744078196585178 [0.46117136]
8999 0.005603698547929525 [0.47918096]
9999 0.0054592895321547985 [0.49156487]
10999 0.005305578000843525 [0.50088316]
11999 0.00521487882360816 [0.508107]
12999 0.005129460711032152 [0.51399153]
13999 0.005028900224715471 [0.51882607]
14999 0.004938072059303522 [0.5228898]
15999 0.004861761350184679 [0.5265508]
16999 0.0047690728679299355 [0.5299053]
17999 0.0047065806575119495 [0.53266966]
18999 0.004652121569961309 [0.53520733]
19999 0.004614903125911951 [0.53730655]
[0.5376785]
999 0.015302233397960663 [0.06198258]
1999 0.010946504771709442 [0.11004084]
2999 0.010128071531653404 [0.18220769]
3999 0.00949783343821764 [0.2754413]
4999 0.009096364490687847 [0.3682321]
5999 0.00869771372526884 [0.43690267]
6999 0.008365129120647907 [0.47815448]
7999 0.008076745085418224 [0.50182587]
8999 0.007837763987481594 [0.5162998]
9999 0.007658099755644798 [0.5259713]
10999 0.007490179501473904 [0.5331016]
11999 0.007354741916060448 [0.53896326]
12999 0.0072147296741604805 [0.54389083]
13999 0.007110229693353176 [0.5478867]
14999 0.006994158960878849 [0.5513704]
15999 0.00689542805776 [0.5544929]
16999 0.006814268883317709 [0.55715173]
17999 0.006700899451971054 [0.5596906]
18999 0.006623202469199896 [0.5621173]
19999 0.0065611014142632484 [0.5644609]
[0.56492025]
999 0.010403105989098549 [0.05265778]
1999 0.008232837542891502 [0.09044784]
2999 0.007779258769005537 [0.15048274]
3999 0.007227009162306786 [0.234118]
4999 0.0068744514137506485 [0.325446]
5999 0.006582147441804409 [0.399706]
6999 0.00631374679505825 [0.44757393]
7999 0.0060700057074427605 [0.4760275]
8999 0.005879268981516361 [0.49383995]
9999 0.005716524086892605 [0.50607944]
10999 0.005586692597717047 [0.5153291]
11999 0.005465990398079157 [0.5228014]
12999 0.005350830033421516 [0.5289619]
13999 0.005237450357526541 [0.53417593]
14999 0.005140785593539476 [0.5387007]
15999 0.005045014433562756 [0.54263264]
16999 0.0049842423759400845 [0.5461811]
17999 0.004916667006909847 [0.549443]
18999 0.004858205560594797 [0.5526875]
19999 0.004787635523825884 [0.55555046]
[0.5561495]
999 0.009559126570820808 [0.03251985]
1999 0.005710074678063393 [0.05484718]
2999 0.005286084488034248 [0.09109636]
3999 0.004978225566446781 [0.14923778]
4999 0.004702304024249315 [0.23024562]
5999 0.004496653564274311 [0.31972033]
6999 0.004325460642576218 [0.3931997]
7999 0.0041666701436042786 [0.44052997]
8999 0.00403229147195816 [0.46845117]
9999 0.003927824553102255 [0.48562133]
10999 0.0038320354651659727 [0.49727598]
11999 0.0037479412276297808 [0.5060702]
12999 0.0036680276971310377 [0.51321596]
13999 0.003595591988414526 [0.5194043]
14999 0.003529616864398122 [0.5249187]
15999 0.0034603795502334833 [0.5298433]
16999 0.003398455213755369 [0.5343394]
17999 0.0033471863716840744 [0.5383497]
18999 0.003301004646345973 [0.5419076]
19999 0.0032574597280472517 [0.54513454]
20999 0.0032155578956007957 [0.5481381]
21999 0.003178118960931897 [0.5508924]
22999 0.00314095220528543 [0.5534469]
23999 0.0031087968964129686 [0.555818]
24999 0.003080409951508045 [0.55803907]
25999 0.003053391817957163 [0.5601132]
26999 0.003024603705853224 [0.5620755]
27999 0.0029942335095256567 [0.5639667]
[0.56501323]
999 0.013130424544215202 [0.04914228]
1999 0.008705600164830685 [0.07292851]
2999 0.008344685658812523 [0.11316919]
3999 0.007857262156903744 [0.17606632]
4999 0.007481144275516272 [0.25873056]
5999 0.007127960678189993 [0.34215674]
6999 0.006846481468528509 [0.40480313]
7999 0.0066239903680980206 [0.4434951]
8999 0.006422214210033417 [0.46655077]
9999 0.006237993016839027 [0.48142216]
10999 0.006069906987249851 [0.49219775]
11999 0.005911987274885178 [0.50069743]
12999 0.00577744422480464 [0.5078253]
13999 0.005668399389833212 [0.51375055]
14999 0.0055535417050123215 [0.51885253]
15999 0.005452093202620745 [0.523367]
16999 0.005366252735257149 [0.52732486]
17999 0.005291447509080172 [0.5308831]
18999 0.005218107718974352 [0.53422606]
19999 0.00514855096116662 [0.5373329]
20999 0.0050807008519768715 [0.54006124]
21999 0.005017454735934734 [0.54249364]
22999 0.004962276201695204 [0.5447797]
23999 0.004903191700577736 [0.5469771]
24999 0.004849072080105543 [0.549178]
25999 0.004784709773957729 [0.5513438]
26999 0.004734287969768047 [0.55336654]
27999 0.004685884807258844 [0.5552633]
[0.55636054]
999 0.01917128451168537 [0.02062924]
1999 0.012977571226656437 [0.04956082]
2999 0.011715383268892765 [0.09681881]
3999 0.010870496742427349 [0.16864404]
4999 0.010235684923827648 [0.25781024]
5999 0.009830644354224205 [0.34176677]
6999 0.009438822977244854 [0.40252066]
7999 0.00910739041864872 [0.4404583]
8999 0.008824735879898071 [0.4641997]
9999 0.008564140647649765 [0.48018542]
10999 0.008341146633028984 [0.4920127]
11999 0.008157827891409397 [0.50137424]
12999 0.00802092906087637 [0.5088475]
13999 0.007888863794505596 [0.5150177]
14999 0.007742695510387421 [0.5203624]
15999 0.007604639511555433 [0.5252814]
16999 0.007490335963666439 [0.5298549]
17999 0.007375048939138651 [0.5338633]
18999 0.007275526411831379 [0.5374246]
19999 0.007170157041400671 [0.54081976]
20999 0.007087289355695248 [0.5438328]
21999 0.007000895217061043 [0.5465666]
22999 0.006924545392394066 [0.5492417]
23999 0.006860440131276846 [0.55170596]
24999 0.006789010483771563 [0.5538626]
25999 0.006716420408338308 [0.55587846]
26999 0.0066591668874025345 [0.5577653]
27999 0.006588906981050968 [0.5595414]
[0.56047565]
999 0.024059796705842018 [0.02241469]
1999 0.014215974137187004 [0.0443899]
2999 0.012540903873741627 [0.08035345]
3999 0.011786488816142082 [0.13783796]
4999 0.011174812912940979 [0.21869414]
5999 0.010660202242434025 [0.3094596]
6999 0.010183257050812244 [0.38529012]
7999 0.00980598758906126 [0.43460053]
8999 0.009516391903162003 [0.4633145]
9999 0.00925741158425808 [0.48052344]
10999 0.009028040803968906 [0.49202994]
11999 0.008820069953799248 [0.50061435]
12999 0.008614951744675636 [0.5075623]
13999 0.008444985374808311 [0.51353264]
14999 0.008288664743304253 [0.51861197]
15999 0.008142336271703243 [0.5229563]
16999 0.008008243516087532 [0.5268187]
17999 0.007900907658040524 [0.5302601]
18999 0.007789158262312412 [0.5333638]
19999 0.007683086208999157 [0.5361253]
20999 0.007583993952721357 [0.53857386]
21999 0.007497836835682392 [0.5407783]
22999 0.00742112984880805 [0.5427989]
23999 0.007346456870436668 [0.54470587]
24999 0.007276763673871756 [0.5465221]
25999 0.007209999021142721 [0.5482845]
26999 0.007140452042222023 [0.55000204]
27999 0.007069626823067665 [0.55162066]
28999 0.007006536703556776 [0.5530801]
29999 0.00694673415273428 [0.55446166]
30999 0.006890463177114725 [0.555858]
31999 0.006833895109593868 [0.5572472]
32999 0.006782203912734985 [0.55851007]
33999 0.006735223811119795 [0.559628]
34999 0.006685724016278982 [0.56063294]
35999 0.006641033571213484 [0.5615477]
36999 0.006597700994461775 [0.5623833]
37999 0.006549504119902849 [0.56324404]
38999 0.006508730351924896 [0.56414646]
39999 0.006465338170528412 [0.5650435]
[0.5654092]
999 0.015931153669953346 [0.04003573]
1999 0.012431630864739418 [0.05926844]
2999 0.011670629493892193 [0.09282868]
3999 0.01101944874972105 [0.14683264]
4999 0.010497800074517727 [0.22112124]
5999 0.010097491554915905 [0.3014071]
6999 0.009734231978654861 [0.36591685]
7999 0.009425206109881401 [0.40728888]
8999 0.0091459471732378 [0.4321147]
9999 0.008919480256736279 [0.4479427]
10999 0.008719437755644321 [0.45919302]
11999 0.008542857132852077 [0.46801102]
12999 0.008371910080313683 [0.47539026]
13999 0.008232885040342808 [0.4816844]
14999 0.008107702247798443 [0.4871107]
15999 0.007985970005393028 [0.49189624]
16999 0.007878818549215794 [0.49620557]
17999 0.007773321587592363 [0.5001594]
18999 0.007668342441320419 [0.50375825]
19999 0.007565893232822418 [0.5070514]
20999 0.00747841689735651 [0.51009166]
21999 0.007402845658361912 [0.51290244]
22999 0.00732644135132432 [0.5155354]
23999 0.0072488365694880486 [0.5181047]
24999 0.0071779279969632626 [0.52055275]
25999 0.007106883451342583 [0.5228679]
26999 0.007045673672109842 [0.52498466]
27999 0.006984160281717777 [0.52696335]
28999 0.006927905138581991 [0.5288619]
29999 0.006870273035019636 [0.5306889]
30999 0.006813220679759979 [0.53237844]
31999 0.00676392437890172 [0.5340215]
32999 0.0067216078750789165 [0.5356192]
33999 0.006680374499410391 [0.53710866]
34999 0.006639041937887669 [0.538576]
35999 0.006594243459403515 [0.540056]
36999 0.006552228704094887 [0.5414556]
37999 0.006507424637675285 [0.5427551]
38999 0.00646611675620079 [0.5440445]
39999 0.006424508057534695 [0.54526913]
[0.54573977]
999 0.01714431308209896 [0.00792928]
1999 0.010314635001122952 [0.02781264]
2999 0.00950276106595993 [0.05994997]
3999 0.008955921046435833 [0.11162056]
4999 0.008564131334424019 [0.18531978]
5999 0.008238072507083416 [0.27020243]
6999 0.007992195896804333 [0.34332582]
7999 0.007765016984194517 [0.39203373]
8999 0.007560005411505699 [0.42113584]
9999 0.007364187855273485 [0.43908393]
10999 0.007210566662251949 [0.45125937]
11999 0.007060196250677109 [0.460402]
12999 0.00692397216334939 [0.4678775]
13999 0.006812768988311291 [0.47411248]
14999 0.006711759604513645 [0.479473]
15999 0.006598092149943113 [0.4843699]
16999 0.006510855630040169 [0.48888028]
17999 0.006431625224649906 [0.49290302]
18999 0.006350242532789707 [0.49657524]
19999 0.006275069434195757 [0.4998906]
20999 0.006196348462253809 [0.5029022]
21999 0.006131770554929972 [0.5056388]
22999 0.006071346811950207 [0.50812846]
23999 0.00600737240165472 [0.51054347]
24999 0.00594945065677166 [0.51286924]
25999 0.005895582959055901 [0.5149939]
26999 0.005840174853801727 [0.51689243]
27999 0.005791396833956242 [0.5186809]
28999 0.00574310589581728 [0.52043915]
29999 0.0057023512199521065 [0.52215123]
30999 0.005663195159286261 [0.52371323]
31999 0.005632827524095774 [0.5251521]
32999 0.005597682669758797 [0.5265587]
33999 0.005556581076234579 [0.52794504]
34999 0.005519910715520382 [0.5293771]
35999 0.0054854159243404865 [0.53076744]
36999 0.005451036151498556 [0.53210115]
37999 0.0054227733053267 [0.53326565]
38999 0.005400068126618862 [0.534281]
39999 0.005377836059778929 [0.53525496]
[0.5356629]
999 0.025369834154844284 [0.30893523]
1999 0.018089763820171356 [0.4023432]
2999 0.015715371817350388 [0.44890463]
3999 0.01454665046185255 [0.4712483]
4999 0.013230226933956146 [0.48381597]
[0.4843507]
999 0.021355997771024704 [0.42759088]
1999 0.01875152997672558 [0.5391676]
2999 0.016087256371974945 [0.5715411]
3999 0.015474955551326275 [0.5836618]
4999 0.015074138529598713 [0.5932668]
[0.59387136]
999 0.04475812986493111 [0.34658]
1999 0.033596962690353394 [0.46258748]
2999 0.03072390891611576 [0.4968679]
3999 0.028686782345175743 [0.5101261]
4999 0.027227815240621567 [0.5189096]
[0.5192737]
999 0.026988713070750237 [0.21443953]
1999 0.02268054522573948 [0.34795532]
2999 0.021019574254751205 [0.4211149]
3999 0.019401689991354942 [0.45623463]
4999 0.018470916897058487 [0.47535193]
5999 0.017366578802466393 [0.48855242]
6999 0.01685185171663761 [0.50007135]
[0.5013224]
999 0.024782240390777588 [0.23936054]
1999 0.021159972995519638 [0.40686962]
2999 0.019123947247862816 [0.4908063]
3999 0.017530668526887894 [0.52365094]
4999 0.016826288774609566 [0.5387902]
5999 0.016123605892062187 [0.5471489]
6999 0.015326078981161118 [0.55466604]
[0.5555076]
999 0.02579881064593792 [0.29419473]
1999 0.02222272753715515 [0.46483457]
2999 0.019397761672735214 [0.5434342]
3999 0.017676858231425285 [0.5652177]
4999 0.01747424341738224 [0.57286197]
5999 0.016468245536088943 [0.5803291]
6999 0.01589658483862877 [0.58542705]
[0.58611643]
999 0.029489459469914436 [0.12431721]
1999 0.02458263747394085 [0.31373522]
2999 0.022720882669091225 [0.44531408]
3999 0.02125771902501583 [0.4976277]
4999 0.020010527223348618 [0.5225974]
5999 0.01919792778789997 [0.5389155]
6999 0.018371963873505592 [0.54943335]
7999 0.017698433250188828 [0.5570927]
8999 0.017042919993400574 [0.563037]
9999 0.016563517972826958 [0.56821877]
[0.5687383]
999 0.024158701300621033 [0.18372606]
1999 0.020402638241648674 [0.30536652]
2999 0.01800677180290222 [0.38792714]
3999 0.016561465337872505 [0.42293957]
4999 0.0157006923109293 [0.4427688]
5999 0.015061933547258377 [0.4556709]
6999 0.014721330255270004 [0.46385762]
7999 0.014409204013645649 [0.46920437]
8999 0.014077250845730305 [0.4737661]
9999 0.013880244456231594 [0.4776588]
[0.47799096]
999 0.02521614544093609 [0.19214909]
1999 0.021229388192296028 [0.35969505]
2999 0.01970299705862999 [0.47241953]
3999 0.01856781356036663 [0.51887566]
4999 0.017417537048459053 [0.5412911]
5999 0.016757499426603317 [0.5538895]
6999 0.016384754329919815 [0.5628576]
7999 0.015972143039107323 [0.57025707]
8999 0.015522748231887817 [0.5765636]
9999 0.015266175381839275 [0.5818497]
[0.58225167]
999 0.03320612013339996 [0.14212893]
1999 0.02716206945478916 [0.2984288]
2999 0.024849822744727135 [0.42732865]
3999 0.023547682911157608 [0.47726524]
4999 0.022335674613714218 [0.49939913]
5999 0.02168947644531727 [0.51274925]
6999 0.021007752045989037 [0.5233842]
7999 0.020504536107182503 [0.53141564]
8999 0.020034337416291237 [0.5372842]
9999 0.019684847444295883 [0.54228646]
10999 0.019380386918783188 [0.5474315]
11999 0.019161459058523178 [0.55132383]
12999 0.018897825852036476 [0.5541464]
13999 0.01869278773665428 [0.5568088]
[0.55742216]
999 0.02927408181130886 [0.146696]
1999 0.02386639080941677 [0.30894563]
2999 0.021388759836554527 [0.44745478]
3999 0.019821075722575188 [0.5008434]
4999 0.018623488023877144 [0.5235218]
5999 0.017706844955682755 [0.5368399]
6999 0.016928697004914284 [0.54598486]
7999 0.016422640532255173 [0.5521472]
8999 0.016081392765045166 [0.5576386]
9999 0.015637481585144997 [0.5631567]
10999 0.015353982336819172 [0.5679607]
11999 0.015096502378582954 [0.5717044]
12999 0.014901167713105679 [0.5753165]
13999 0.01467705238610506 [0.5787403]
[0.57978654]
999 0.031745295971632004 [0.1211204]
1999 0.0251925028860569 [0.28447297]
2999 0.022304529324173927 [0.4256588]
3999 0.021181916818022728 [0.48201406]
4999 0.020287776365876198 [0.505722]
5999 0.01948513649404049 [0.5202119]
6999 0.01865987479686737 [0.5312672]
7999 0.018053121864795685 [0.5397233]
8999 0.017517685890197754 [0.54713494]
9999 0.017371196299791336 [0.5534134]
10999 0.01708725467324257 [0.5587145]
11999 0.01680338755249977 [0.563509]
12999 0.016566185280680656 [0.5671074]
13999 0.01630176231265068 [0.57017875]
[0.5709996]
999 0.032214775681495667 [0.08763593]
1999 0.024911627173423767 [0.2230571]
2999 0.02292519249022007 [0.38820422]
3999 0.021373851224780083 [0.46649304]
4999 0.020261669531464577 [0.49516454]
5999 0.01932331919670105 [0.5105623]
6999 0.01856314204633236 [0.52118546]
7999 0.018073884770274162 [0.5293843]
8999 0.017666935920715332 [0.53527004]
9999 0.017238512635231018 [0.5403272]
10999 0.016848266124725342 [0.5452867]
11999 0.01655043661594391 [0.5492679]
12999 0.016278153285384178 [0.5520858]
13999 0.015998542308807373 [0.5548064]
14999 0.015713060274720192 [0.55776024]
15999 0.015535058453679085 [0.5604057]
16999 0.01529674232006073 [0.56307954]
17999 0.015087859705090523 [0.5656749]
18999 0.014946287497878075 [0.567977]
19999 0.014744560234248638 [0.5700695]
[0.5704354]
999 0.03871675953269005 [0.10254697]
1999 0.03244434669613838 [0.23878613]
2999 0.02940739504992962 [0.3898105]
3999 0.027488719671964645 [0.45694426]
4999 0.025820044800639153 [0.48301196]
5999 0.024663839489221573 [0.49750578]
6999 0.02389284037053585 [0.50767076]
7999 0.02318795584142208 [0.5147893]
8999 0.02265993133187294 [0.5207026]
9999 0.022106535732746124 [0.52609384]
10999 0.02166849747300148 [0.5303074]
11999 0.021327095106244087 [0.53336257]
12999 0.021064504981040955 [0.53605795]
13999 0.020795905962586403 [0.53878635]
14999 0.020501259714365005 [0.5412758]
15999 0.02026856318116188 [0.54351366]
16999 0.02005748078227043 [0.54506826]
17999 0.019836384803056717 [0.5460139]
18999 0.01962888054549694 [0.54739296]
19999 0.01940711960196495 [0.54916483]
[0.5495227]
999 0.03647593781352043 [0.03663648]
1999 0.02925942838191986 [0.17621087]
2999 0.026676911860704422 [0.34585884]
3999 0.02511374093592167 [0.43061715]
4999 0.023766405880451202 [0.4661847]
5999 0.02301236055791378 [0.48510236]
6999 0.022335469722747803 [0.49720037]
7999 0.021735582500696182 [0.50598246]
8999 0.021327778697013855 [0.513017]
9999 0.020863335579633713 [0.519274]
10999 0.02050061710178852 [0.5241698]
11999 0.020144883543252945 [0.5278796]
12999 0.01983856037259102 [0.5315435]
13999 0.01958332769572735 [0.5347054]
14999 0.019283395260572433 [0.53774273]
15999 0.019042912870645523 [0.54020286]
16999 0.018876802176237106 [0.54201716]
17999 0.018680261448025703 [0.54375523]
18999 0.018562985584139824 [0.5454478]
19999 0.018454959616065025 [0.5470356]
[0.5474055]
999 0.03985161334276199 [0.03878338]
1999 0.033155374228954315 [0.14202967]
2999 0.03006833977997303 [0.3036082]
3999 0.028056038543581963 [0.4015905]
4999 0.026559408754110336 [0.44083646]
5999 0.025489024817943573 [0.46127543]
6999 0.024630822241306305 [0.47493148]
7999 0.02388824336230755 [0.48506892]
8999 0.023304233327507973 [0.4930461]
9999 0.02271926775574684 [0.49982005]
10999 0.02231142669916153 [0.505541]
11999 0.021920792758464813 [0.5105509]
12999 0.021594200283288956 [0.5150249]
13999 0.021331781521439552 [0.5187525]
14999 0.02100905403494835 [0.5221624]
15999 0.020730866119265556 [0.52504313]
16999 0.020511651411652565 [0.52791566]
17999 0.020262951031327248 [0.53048384]
18999 0.020020656287670135 [0.5328583]
19999 0.01983916200697422 [0.535128]
20999 0.019647741690278053 [0.536935]
21999 0.019446754828095436 [0.5386424]
22999 0.019309723749756813 [0.5401338]
23999 0.019119717180728912 [0.54158473]
24999 0.018975699320435524 [0.5432531]
25999 0.018832005560398102 [0.5446928]
26999 0.018700996413826942 [0.5458946]
27999 0.018564797937870026 [0.54702926]
[0.54777616]
999 0.043626315891742706 [0.04953612]
1999 0.035308998078107834 [0.167909]
2999 0.03219352290034294 [0.34199783]
3999 0.030403848737478256 [0.43981695]
4999 0.028875980526208878 [0.4753463]
5999 0.02777206152677536 [0.4931593]
6999 0.026762623339891434 [0.5052009]
7999 0.025897612795233727 [0.51503474]
8999 0.025151466950774193 [0.52290577]
9999 0.024428363889455795 [0.52919]
10999 0.023889202624559402 [0.53423905]
11999 0.023410169407725334 [0.5383182]
12999 0.022952627390623093 [0.54193383]
13999 0.022591186687350273 [0.54496]
14999 0.022240063175559044 [0.5477657]
15999 0.021866874769330025 [0.5506189]
16999 0.021580379456281662 [0.5533659]
17999 0.02132369950413704 [0.5558708]
18999 0.021107379347085953 [0.55790067]
19999 0.02087653987109661 [0.5598339]
20999 0.020647669211030006 [0.56178826]
21999 0.020447926595807076 [0.5636578]
22999 0.020237747579813004 [0.5655587]
23999 0.02004464529454708 [0.5671993]
24999 0.01981228217482567 [0.5686427]
25999 0.019615864381194115 [0.5698638]
26999 0.019439978525042534 [0.57102704]
27999 0.01928003318607807 [0.5722502]
[0.5728936]
999 0.03674221411347389 [0.07691356]
1999 0.031152551993727684 [0.17705914]
2999 0.028833068907260895 [0.3358293]
3999 0.027123114094138145 [0.42914504]
4999 0.02581186220049858 [0.462355]
5999 0.024802817031741142 [0.4789496]
6999 0.02399398945271969 [0.489886]
7999 0.023305639624595642 [0.49838877]
8999 0.022701561450958252 [0.50508505]
9999 0.022220470011234283 [0.510785]
10999 0.021780209615826607 [0.51565266]
11999 0.02140730246901512 [0.5201961]
12999 0.021087583154439926 [0.5245617]
13999 0.02074042707681656 [0.5284142]
14999 0.02039574645459652 [0.53167975]
15999 0.020138878375291824 [0.5346687]
16999 0.019919825717806816 [0.53723425]
17999 0.01972409151494503 [0.53959185]
18999 0.019551051780581474 [0.5417743]
19999 0.019347257912158966 [0.54363185]
20999 0.019128931686282158 [0.54562205]
21999 0.018936650827527046 [0.5472356]
22999 0.018810706213116646 [0.5485587]
23999 0.018671173602342606 [0.5497242]
24999 0.018542546778917313 [0.5510173]
25999 0.018439823761582375 [0.55250907]
26999 0.01834561489522457 [0.5537706]
27999 0.018243253231048584 [0.55494076]
[0.55562466]
999 0.028805112466216087 [0.03443459]
1999 0.024817058816552162 [0.08807804]
2999 0.022729787975549698 [0.21440332]
3999 0.021119842305779457 [0.35011697]
4999 0.019874870777130127 [0.4125515]
5999 0.018929826095700264 [0.44096157]
6999 0.018181828781962395 [0.4593104]
7999 0.017518753185868263 [0.4731788]
8999 0.016973795369267464 [0.48432547]
9999 0.016504285857081413 [0.4933613]
10999 0.01608767919242382 [0.5008375]
11999 0.015742305666208267 [0.5069233]
12999 0.015424082055687904 [0.5122944]
13999 0.01514033880084753 [0.51720923]
14999 0.014890031889081001 [0.52142495]
15999 0.014671063981950283 [0.52513623]
16999 0.01446128822863102 [0.52840704]
17999 0.014248981140553951 [0.5314308]
18999 0.014048879034817219 [0.53415054]
19999 0.013885744847357273 [0.5365815]
20999 0.013727986253798008 [0.5387254]
21999 0.01356474868953228 [0.5408332]
22999 0.013428758829832077 [0.54266447]
23999 0.013304824940860271 [0.5444051]
24999 0.013189938850700855 [0.5460782]
25999 0.013082742691040039 [0.547637]
26999 0.01298514474183321 [0.5490331]
27999 0.012889518402516842 [0.55041087]
28999 0.012790133245289326 [0.55194354]
29999 0.012690143659710884 [0.5534311]
30999 0.01258661039173603 [0.5548463]
31999 0.012489821761846542 [0.5562129]
32999 0.01241249218583107 [0.55756664]
33999 0.012336206622421741 [0.5589039]
34999 0.012257852591574192 [0.56021905]
35999 0.012174052186310291 [0.56140655]
36999 0.012102905660867691 [0.5624194]
37999 0.01203299779444933 [0.5632986]
38999 0.01196768693625927 [0.5641724]
39999 0.011904105544090271 [0.5649856]
[0.56526035]
999 0.051023151725530624 [0.03311421]
1999 0.04256870970129967 [0.10110014]
2999 0.03921141475439072 [0.23788181]
3999 0.036884818226099014 [0.35015374]
4999 0.03509702906012535 [0.3983457]
5999 0.03372836858034134 [0.42254204]
6999 0.03262465074658394 [0.43862143]
7999 0.03173873946070671 [0.45042658]
8999 0.031005751341581345 [0.45948815]
9999 0.030309246852993965 [0.46699032]
10999 0.029714487493038177 [0.4731091]
11999 0.029220202937722206 [0.47836035]
12999 0.028771599754691124 [0.48288092]
13999 0.028382083401083946 [0.4870481]
14999 0.027976419776678085 [0.49102223]
15999 0.02767176553606987 [0.49447423]
16999 0.02735857479274273 [0.49760202]
17999 0.027056843042373657 [0.5002674]
18999 0.026830533519387245 [0.50263214]
19999 0.026615984737873077 [0.5048807]
20999 0.02635795623064041 [0.5071272]
21999 0.026167282834649086 [0.5090656]
22999 0.02595520205795765 [0.51090306]
23999 0.02576574683189392 [0.51261973]
24999 0.025569571182131767 [0.5141516]
25999 0.025396164506673813 [0.51550764]
26999 0.025225847959518433 [0.5170261]
27999 0.025063760578632355 [0.51839036]
28999 0.02491578832268715 [0.51958305]
29999 0.02477179653942585 [0.5206953]
30999 0.024631615728139877 [0.5218132]
31999 0.024473130702972412 [0.52285737]
32999 0.02433139458298683 [0.5238804]
33999 0.024208221584558487 [0.52475363]
34999 0.024073895066976547 [0.52560323]
35999 0.02392433024942875 [0.5264448]
36999 0.02377362921833992 [0.5273616]
37999 0.023659877479076385 [0.5281024]
38999 0.023531438782811165 [0.52883494]
39999 0.023427749052643776 [0.52966684]
[0.5299893]
999 0.02620551735162735 [0.02700348]
1999 0.021635860204696655 [0.07710107]
2999 0.02038554660975933 [0.19477285]
3999 0.019324248656630516 [0.3214713]
4999 0.018431127071380615 [0.38029367]
5999 0.01774076744914055 [0.40758887]
6999 0.01717795804142952 [0.42555428]
7999 0.016685305163264275 [0.43923482]
8999 0.01625998690724373 [0.45017886]
9999 0.015893058851361275 [0.4592224]
10999 0.015551581047475338 [0.46702212]
11999 0.015258121304214 [0.4737539]
12999 0.014982815831899643 [0.47967967]
13999 0.014722058549523354 [0.48506704]
14999 0.014509143307805061 [0.48961392]
15999 0.014308559708297253 [0.49361068]
16999 0.014094890095293522 [0.49736264]
17999 0.013916433788836002 [0.50088453]
18999 0.013753856532275677 [0.5041205]
19999 0.013618137687444687 [0.50705075]
20999 0.01349044032394886 [0.50959873]
21999 0.013354741968214512 [0.51188743]
22999 0.013224313966929913 [0.5140303]
23999 0.01308722235262394 [0.5161701]
24999 0.012973397970199585 [0.5182933]
25999 0.012865876778960228 [0.5202484]
26999 0.012764779850840569 [0.5223018]
27999 0.012674625031650066 [0.52419716]
28999 0.012582894414663315 [0.525994]
29999 0.012505601160228252 [0.5276246]
30999 0.01243541669100523 [0.52900004]
31999 0.012355078011751175 [0.53033644]
32999 0.012275384739041328 [0.53171897]
33999 0.012203228659927845 [0.5330433]
34999 0.01212826743721962 [0.53429157]
35999 0.012050945311784744 [0.535532]
36999 0.011983613483607769 [0.5367067]
37999 0.011915083974599838 [0.5377648]
38999 0.011845950968563557 [0.53874433]
39999 0.011771717108786106 [0.5397381]
[0.54015285]
