cuda:0
8
Preparing datasets...
Preparing networks...
Fitting two-layer networks...
Generating network with reg level 0
modifying second layer regularization...
Generating network with reg level 0.1
modifying second layer regularization...
Generating network with reg level 0.3
modifying second layer regularization...
Generating dataframes...
Working on regularization level 0
[-0.00110529 -0.00419748]
99 19.94670869140625 0.1216
[-0.00083933 -0.00377551]
99 14.97549580078125 0.1741
[-4.2676966e-05 -3.0615537e-03]
99 11.9904173828125 0.2507
[ 0.0021117  -0.00222689]
99 10.051227099609376 0.3209
[ 0.0023419  -0.00135932]
99 8.69902861328125 0.3826
[ 0.00510365 -0.00049218]
99 7.713056372070312 0.435
[0.00409907 0.00035727]
99 6.96053447265625 0.4748
[0.0079776  0.00117912]
99 6.371550463867187 0.5085
[0.00588274 0.00197211]
99 5.895268444824219 0.5356
[0.00738281 0.0027275 ]
99 5.50638544921875 0.5618
[0.00899702 0.00345755]
99 5.177308618164062 0.5821
[0.00678829 0.00415757]
99 4.898707531738281 0.597
[0.00854977 0.00483061]
99 4.65719833984375 0.6122
[0.01050731 0.00547607]
99 4.446088024902344 0.6273
[0.01128601 0.00609946]
99 4.2605712097167965 0.6407
[0.01101801 0.00669884]
99 4.095590075683594 0.6523
[0.0121915  0.00728073]
99 3.948013909912109 0.6634
[0.01151923 0.00784403]
99 3.814630633544922 0.6727
[0.01485479 0.00839239]
99 3.694152294921875 0.6797
[0.01285669 0.0089199 ]
99 3.5850372802734376 0.6869
[0.01348239 0.00943259]
99 3.4836670166015624 0.6932
[0.01529435 0.00993279]
99 3.391159228515625 0.7002
[0.01396043 0.0104162 ]
99 3.305937957763672 0.706
[0.01452198 0.01089137]
99 3.226503106689453 0.711
[0.01631339 0.01134978]
99 3.153486877441406 0.7159
[0.0166414  0.01179923]
99 3.0846572692871095 0.7222
[0.01657594 0.01223983]
99 3.0207135986328124 0.7278
[0.01806549 0.01266386]
99 2.9605588653564454 0.7318
[0.01978249 0.0130841 ]
99 2.9040871765136718 0.7352
[0.01917201 0.01348889]
99 2.85143913269043 0.7395
[0.01714704 0.01389214]
99 2.8013400390625 0.7426
[0.01924994 0.0142851 ]
99 2.753501678466797 0.746
[0.01785289 0.01466826]
99 2.709299087524414 0.75
[0.02152953 0.01504434]
99 2.6673113189697264 0.7526
[0.02007438 0.01541506]
99 2.6266088073730467 0.7553
[0.02116669 0.01577847]
99 2.5889500549316407 0.7587
[0.0212274  0.01613194]
99 2.5525628356933594 0.7617
[0.02090682 0.01648437]
99 2.51845876159668 0.7647
[0.02013332 0.01682881]
99 2.485141229248047 0.7673
[0.02348219 0.01716825]
99 2.453677764892578 0.7701
[0.02202996 0.01750366]
99 2.423583871459961 0.773
[0.02321865 0.0178297 ]
99 2.3946660552978516 0.7751
[0.02304474 0.01815588]
99 2.366893307495117 0.7768
[0.02385611 0.01847563]
99 2.3403671081542967 0.7788
[0.02257569 0.01878804]
99 2.314308361816406 0.7798
[0.02544477 0.0191019 ]
99 2.290591000366211 0.782
[0.02577743 0.01940527]
99 2.265998596191406 0.7835
[0.02691375 0.0197073 ]
99 2.243421453857422 0.786
[0.02663134 0.02000487]
99 2.22083303527832 0.7874
[0.02617626 0.02029919]
99 2.1996618072509766 0.7889
[0.02657801 0.02059273]
99 2.1794319671630857 0.79
[0.0251743  0.02087743]
99 2.158521711730957 0.7918
[0.0269998 0.0211611]
99 2.1393863082885742 0.7933
[0.02924058 0.0214403 ]
99 2.1204519668579103 0.7943
[0.02706237 0.02171701]
99 2.102337745666504 0.7948
[0.02726769 0.02198806]
99 2.0849455657958984 0.7968
[0.02921947 0.02225672]
99 2.0677675125122073 0.7981
[0.02815927 0.02252255]
99 2.051417988586426 0.7993
[0.02960526 0.02278776]
99 2.0351865158081055 0.8011
[0.02894155 0.02304914]
99 2.0198227294921876 0.8029
[0.02909766 0.0233066 ]
99 2.0038955017089846 0.8042
[0.03208912 0.02356016]
99 1.9887454330444336 0.8056
[0.03181148 0.02381202]
99 1.9740587158203124 0.8069
[0.02918387 0.02406394]
99 1.959816259765625 0.8081
[0.02916536 0.02431254]
99 1.9460395095825196 0.8094
[0.03078932 0.02455498]
99 1.9324636932373047 0.81
[0.03302574 0.02479766]
99 1.918879705810547 0.8121
[0.02944244 0.02503899]
99 1.9063658889770507 0.8124
[0.03242794 0.02527745]
99 1.8938755172729491 0.8132
[0.03006336 0.02551416]
99 1.881559719848633 0.8144
[0.03254592 0.02574649]
99 1.8693024475097657 0.815
[0.03111468 0.02598046]
99 1.8582997482299806 0.8154
[0.03315539 0.02620712]
99 1.846249530029297 0.8172
[0.03256292 0.02643711]
99 1.8354259811401368 0.8167
[0.0314675  0.02666371]
99 1.8244229782104493 0.817
[0.03233612 0.02688637]
99 1.8133975341796875 0.8183
[0.03302161 0.0271097 ]
99 1.8033585296630859 0.8193
[0.03431752 0.02732887]
99 1.7929337905883789 0.8202
[0.03406073 0.02754471]
99 1.782622169494629 0.8211
[0.03573988 0.02776227]
99 1.7730566711425781 0.8223
[0.03215127 0.02797393]
99 1.7632156494140625 0.8239
[0.03448485 0.02818782]
99 1.7538934600830078 0.8246
[0.0344981 0.0283991]
99 1.7442331436157226 0.8255
[0.0359299  0.02860806]
99 1.7350829986572265 0.8263
[0.03507431 0.02881459]
99 1.7263320617675781 0.8271
[0.03493954 0.02902313]
99 1.7176313858032226 0.8286
[0.03473498 0.02922664]
99 1.7087089752197266 0.8294
[0.03701843 0.0294279 ]
99 1.7004781677246095 0.8306
[0.03558973 0.0296315 ]
99 1.692230354309082 0.8313
[0.03603106 0.02983134]
99 1.6840457229614259 0.8324
[0.03573816 0.03003044]
99 1.6762124771118163 0.8327
[0.03788143 0.03022784]
99 1.6679786865234374 0.833
[0.03730091 0.03042439]
99 1.6604470489501952 0.8331
[0.03741467 0.03061908]
99 1.6526985595703125 0.8338
[0.03709549 0.03081137]
99 1.6450337005615234 0.8344
[0.03649904 0.03100568]
99 1.6376861862182617 0.8355
[0.03699275 0.03119518]
99 1.630559979248047 0.8354
[0.03849428 0.03138461]
99 1.6236538681030273 0.8364
[0.03686782 0.03157457]
99 1.6165778747558595 0.8367
[0.0390244  0.03176418]
99 1.609716591644287 0.837
[0.03971336 0.03194843]
99 1.6030404518127441 0.8377
[0.03800394 0.03213378]
99 1.5960701797485353 0.8385
[0.04001254 0.03231677]
99 1.589711122894287 0.8387
[0.04036086 0.03250043]
99 1.582623836517334 0.8389
[0.03920059 0.03268183]
99 1.5763264892578126 0.8396
[0.03984334 0.03286022]
99 1.5702238754272462 0.8405
[0.0393076  0.03304064]
99 1.564168007659912 0.8408
[0.03987177 0.03322075]
99 1.5577428230285644 0.8415
[0.04040902 0.03339929]
99 1.5519059577941894 0.8425
[0.04122612 0.03357471]
99 1.5460333099365235 0.8434
[0.03888998 0.03375253]
99 1.5398093696594237 0.8442
[0.03930439 0.03392771]
99 1.5341577041625976 0.8452
[0.04153925 0.03409984]
99 1.5284099784851075 0.8451
[0.04122164 0.03427284]
99 1.5230392028808595 0.8456
[0.04046332 0.03444603]
99 1.5175190048217773 0.8458
[0.04240095 0.03461673]
99 1.511665348815918 0.8463
[0.04178417 0.03478793]
99 1.5058921180725098 0.847
[0.03974866 0.03495789]
99 1.5005443740844726 0.8478
[0.0429699  0.03512639]
99 1.4952348403930664 0.8481
[0.04390424 0.0352954 ]
99 1.4899627311706543 0.8485
[0.04281821 0.03546209]
99 1.4845960441589356 0.8492
[0.04409702 0.03562766]
99 1.4798398254394531 0.8497
[0.04259064 0.03579298]
99 1.4746278915405273 0.8501
[0.04493774 0.03595865]
99 1.4694378486633302 0.8505
[0.04532621 0.03612095]
99 1.4646923301696777 0.8506
[0.04386381 0.03628675]
99 1.4595944953918456 0.8509
[0.04477018 0.03644632]
99 1.4551340255737304 0.8519
[0.04346147 0.03660801]
99 1.4499782684326172 0.8516
[0.04424166 0.03677004]
99 1.445150682067871 0.8521
[0.04568315 0.03693029]
99 1.440520157623291 0.8523
[0.04407359 0.03708787]
99 1.4361905395507812 0.8528
[0.04483717 0.03724635]
99 1.4314720413208009 0.8533
[0.04515084 0.03740543]
99 1.4269287483215332 0.8539
[0.04521924 0.03756385]
99 1.4223297370910644 0.8539
[0.04507229 0.03771927]
99 1.4176734176635741 0.8543
[0.04489131 0.0378774 ]
99 1.413394630432129 0.8542
[0.04606756 0.03803211]
99 1.409003295135498 0.8545
[0.04805621 0.03818708]
99 1.4047922119140626 0.8554
[0.04697976 0.03834004]
99 1.4004875495910645 0.8552
[0.04780788 0.03849234]
99 1.3964768844604492 0.8558
[0.04619149 0.0386462 ]
99 1.3920695640563965 0.8558
[0.0464243  0.03879766]
99 1.388208246612549 0.856
[0.04774661 0.03895   ]
99 1.384117428588867 0.8557
[0.04798085 0.03909969]
99 1.3801428047180175 0.8564
[0.04679384 0.03925226]
99 1.3758985466003417 0.857
[0.04625306 0.03939991]
99 1.371990463256836 0.8572
[0.04827682 0.03954846]
99 1.3681863204956055 0.8575
[0.0475648  0.03969737]
99 1.3639101928710937 0.8575
[0.04917482 0.03984766]
99 1.3598835327148437 0.8582
[0.04757442 0.03999457]
99 1.3560798103332519 0.8587
[0.04858619 0.040141  ]
99 1.3521140480041505 0.8588
[0.04704931 0.04028708]
99 1.3485519668579102 0.8593
[0.04823588 0.04043314]
99 1.3448303909301758 0.859
[0.04871625 0.04057816]
99 1.3411684852600099 0.8598
[0.04788715 0.04072218]
99 1.3376717361450194 0.8604
[0.04868675 0.04086702]
99 1.3338439743041992 0.8612
[0.04935212 0.04101044]
99 1.3301863014221191 0.8614
[0.04990691 0.04115403]
99 1.326658699798584 0.8617
[0.04868986 0.0412972 ]
99 1.3229499458312988 0.862
[0.05148899 0.04144124]
99 1.3194708145141603 0.8629
[0.05096054 0.0415824 ]
99 1.3159600997924805 0.8629
[0.04886385 0.04172339]
99 1.3124032051086425 0.8634
[0.04821341 0.04186321]
99 1.3090159629821778 0.864
[0.05038897 0.04200317]
99 1.305978115081787 0.8645
[0.05002336 0.04214171]
99 1.302682172393799 0.8652
[0.0508569  0.04228469]
99 1.2990170768737792 0.8646
[0.05144466 0.04242231]
99 1.2956785064697265 0.8656
[0.04974887 0.0425617 ]
99 1.2923218864440917 0.8657
[0.05026852 0.04269888]
99 1.2890299133300782 0.8658
[0.05134835 0.04283826]
99 1.2856767768859862 0.8657
[0.04785657 0.04297468]
99 1.282598607635498 0.8664
[0.05155962 0.04311102]
99 1.2793625411987304 0.867
[0.05073963 0.04324667]
99 1.2764771873474121 0.867
[0.05126949 0.04338396]
99 1.273277328491211 0.8672
[0.05159511 0.04351941]
99 1.2699914611816405 0.8673
[0.05285622 0.04365237]
99 1.2673838386535645 0.8679
[0.05422573 0.04378865]
99 1.2640249282836915 0.8679
[0.05292992 0.0439241 ]
99 1.2611990257263184 0.8683
[0.05327654 0.04405749]
99 1.2581796173095703 0.8685
[0.04946995 0.04419468]
99 1.2548289184570312 0.8687
[0.04983201 0.04432574]
99 1.2519439323425292 0.8684
[0.05346673 0.04445808]
99 1.2492185089111327 0.8686
[0.05294197 0.04459064]
99 1.2461992286682129 0.8688
[0.05407217 0.04472225]
99 1.2433254264831544 0.8688
[0.05359177 0.04485517]
99 1.240435415649414 0.8691
[0.05298821 0.04498732]
99 1.2374071968078613 0.869
[0.0556951  0.04511937]
99 1.2348325759887695 0.8696
[0.05475925 0.04524995]
99 1.2320239517211915 0.8698
[0.05333314 0.04538023]
99 1.229312377166748 0.8699
[0.05513718 0.04551085]
99 1.2263320030212401 0.87
[0.05417816 0.04564006]
99 1.2235670989990235 0.8702
[0.0546114  0.04576888]
99 1.220710708618164 0.8705
[0.05446393 0.04589785]
99 1.2182646362304688 0.871
[0.05473736 0.04602627]
99 1.2157772575378418 0.8712
[0.05547252 0.04615641]
99 1.2127347770690917 0.8713
[0.05635119 0.04628477]
99 1.2100704391479493 0.8717
[0.05446013 0.04641286]
99 1.207535964202881 0.8717
[0.05587455 0.04653996]
99 1.2049110412597657 0.872
[0.05622976 0.0466677 ]
99 1.2023509559631347 0.8721
[0.05632465 0.04679388]
99 1.1999099990844726 0.8721
[0.05509926 0.0469225 ]
99 1.1971093742370607 0.8724
[0.05527985 0.04704767]
99 1.1946399971008301 0.8722
[0.05567328 0.04717696]
99 1.1919669811248779 0.8721
[0.05735531 0.0473031 ]
99 1.1894921401977538 0.8725
[0.05647973 0.0474276 ]
99 1.1867458885192872 0.8728
[0.05700457 0.04755297]
99 1.184376188659668 0.8733
[0.05942581 0.04767707]
99 1.1820668128967284 0.8734
[0.05661873 0.04780173]
99 1.1793084163665772 0.8732
[0.05695491 0.04792788]
99 1.1769803508758545 0.8738
[0.05570354 0.04805214]
99 1.1744126064300537 0.8737
[0.05537452 0.04817635]
99 1.1719676597595214 0.874
[0.05787282 0.04830007]
99 1.1695883270263672 0.8741
[0.05782028 0.04842412]
99 1.167462071609497 0.8746
[0.05931407 0.04854678]
99 1.1651640739440918 0.8749
[0.0570711  0.04866694]
99 1.1628449596405028 0.8743
[0.05829966 0.04879272]
99 1.160160525894165 0.875
[0.05819354 0.04891543]
99 1.157618009185791 0.8745
[0.0582559  0.04903661]
99 1.1555991638183594 0.875
[0.0580715  0.04915911]
99 1.153192111968994 0.8752
[0.05678326 0.04928162]
99 1.1508912696838378 0.8753
[0.05866731 0.04940503]
99 1.148476033782959 0.8757
[0.05759563 0.04952481]
99 1.1463895824432373 0.8758
[0.0595804 0.0496446]
99 1.1442080856323242 0.876
[0.05838785 0.04976633]
99 1.1417185081481933 0.8763
[0.05766243 0.04988788]
99 1.1395831787109374 0.8763
[0.05959717 0.05000653]
99 1.1373801975250244 0.8765
[0.0604025  0.05012793]
99 1.1350655250549317 0.8771
[0.06122759 0.05024888]
99 1.1328318332672118 0.8771
[0.06223873 0.05036608]
99 1.1308992797851563 0.8767
[0.06144274 0.05048643]
99 1.1286272121429444 0.8771
[0.05952899 0.05060583]
99 1.1263542758941651 0.8776
[0.05951175 0.05072608]
99 1.1241081016540528 0.8777
[0.06061831 0.05084381]
99 1.1220261276245118 0.8779
[0.06212867 0.05096241]
99 1.119841502761841 0.8781
[0.06009534 0.05108121]
99 1.1177936542510987 0.8787
[0.06039526 0.05119991]
99 1.1156741744995118 0.8788
[0.06035626 0.05131613]
99 1.113696082305908 0.8788
[0.05983976 0.051433  ]
99 1.1116794086456299 0.8792
[0.06175988 0.0515497 ]
99 1.1096112545013428 0.8791
[0.05906775 0.0516683 ]
99 1.107692918395996 0.8793
[0.06232697 0.05178738]
99 1.1054019008636475 0.8797
[0.06238997 0.05190204]
99 1.1033772491455078 0.8798
[0.06177142 0.05202016]
99 1.1013286582946777 0.88
[0.06174113 0.05213536]
99 1.0992386577606201 0.8798
[0.06155884 0.05225175]
99 1.09715196723938 0.8801
[0.06329695 0.05236715]
99 1.0951159049987793 0.8802
[0.06324503 0.05248359]
99 1.0933869304656982 0.8802
[0.06260226 0.05259868]
99 1.0911006183624268 0.8801
[0.06128468 0.05271569]
99 1.0890395210266113 0.8801
[0.06262462 0.05283057]
99 1.0872931507110595 0.8807
[0.06213218 0.05294424]
99 1.0854036903381348 0.8806
[0.06237555 0.05305959]
99 1.0833454189300538 0.8806
[0.06302197 0.05317254]
99 1.0813954929351806 0.8807
[0.06345455 0.05328832]
99 1.0794442070007324 0.8806
[0.06384116 0.05340075]
99 1.0774962581634522 0.8808
[0.06541196 0.05351559]
99 1.075567085647583 0.8809
[0.06430559 0.05362888]
99 1.0735679851531983 0.8809
[0.06430618 0.0537429 ]
99 1.0717109928131103 0.8809
[0.06427652 0.05385588]
99 1.0697533851623535 0.8811
[0.06242308 0.05396675]
99 1.0680372249603272 0.8811
[0.06403959 0.0540815 ]
99 1.0661973522186279 0.8816
[0.06259113 0.05419577]
99 1.0644088859558105 0.8814
[0.06308244 0.05430759]
99 1.0622154724121093 0.8817
[0.06485223 0.05441908]
99 1.0606588333129883 0.8817
[0.06413702 0.05453168]
99 1.0587151218414306 0.882
[0.06563857 0.05464422]
99 1.0568794860839843 0.8824
[0.06286203 0.05475442]
99 1.0550950443267821 0.882
[0.06623935 0.05486635]
99 1.0533372566223145 0.8824
[0.06573252 0.05498003]
99 1.0513582065582276 0.8829
[0.06492194 0.05509021]
99 1.0496359573364258 0.8823
[0.06520706 0.05520055]
99 1.0479259376525878 0.8826
[0.06404841 0.05531093]
99 1.0460554058074951 0.8826
[0.06435966 0.05542225]
99 1.0441584022521972 0.8832
[0.06597678 0.05553122]
99 1.0424719245910645 0.8832
[0.0667226  0.05564058]
99 1.0405805408477784 0.8832
[0.06580276 0.05575156]
99 1.03885703125 0.8835
[0.0646205  0.05586218]
99 1.0371376174926759 0.8834
[0.06624793 0.05597024]
99 1.0354424140930176 0.8837
[0.06806231 0.05608048]
99 1.033741550064087 0.8836
[0.0684     0.05619072]
99 1.0318544052124023 0.8841
[0.06547168 0.05629902]
99 1.0301569107055664 0.8841
[0.06660819 0.05640679]
99 1.0285098075866699 0.8841
[0.06702262 0.05651534]
99 1.0268219268798828 0.8841
[0.06805597 0.05662457]
99 1.0249999729156494 0.884
[0.06814249 0.05673441]
99 1.0232926273345948 0.884
[0.06893838 0.05684164]
99 1.021674115753174 0.8839
[0.06602065 0.05694995]
99 1.0199943874359132 0.8842
[0.06824476 0.05705731]
99 1.0183968921661377 0.8844
[0.06791118 0.05716455]
99 1.0167651550292969 0.8844
[0.0682109  0.05727154]
99 1.0150192352294922 0.8844
[0.06773789 0.05737895]
99 1.0134012592315673 0.8844
[0.06949063 0.05748584]
99 1.011716890335083 0.8851
[0.06753144 0.05759379]
99 1.0100740955352783 0.885
[0.06989215 0.05770178]
99 1.0083732639312744 0.8851
[0.06738377 0.05780617]
99 1.006859087753296 0.8853
[0.06928696 0.05791325]
99 1.0051971076965331 0.8855
[0.06783489 0.05801939]
99 1.0036039630889892 0.8856
[0.06806421 0.05812476]
99 1.00208853225708 0.8857
[0.06679025 0.05823093]
99 1.0006076595306397 0.8859
[0.06703418 0.05833858]
99 0.9989509773254395 0.8857
Working on regularization level 0.1
[-0.00081286 -0.00419852]
99 17.794261962890626 0.1231
[-0.00104296 -0.00372538]
99 11.683741796875 0.1895
[ 0.00072274 -0.00289104]
99 8.175601831054687 0.285
[ 0.00322532 -0.00188417]
99 5.989211059570312 0.3772
[ 0.00235543 -0.00080117]
99 4.547140161132813 0.4557
[0.00289555 0.00030436]
99 3.551330187988281 0.5157
[0.00580004 0.00142581]
99 2.836152130126953 0.5634
[0.00833996 0.00253749]
99 2.308181158447266 0.6039
[0.00859326 0.00364793]
99 1.905947329711914 0.6372
[0.0093119  0.00475255]
99 1.5978797149658204 0.6656
[0.00818578 0.00586568]
99 1.3574435974121093 0.6904
[0.01323464 0.00699878]
99 1.1684841094970704 0.7117
[0.01044193 0.00814311]
99 1.019806964111328 0.7326
[0.01400356 0.00932875]
99 0.9012818283081054 0.7512
[0.01490204 0.01056629]
99 0.8072423370361328 0.7674
[0.01660578 0.01187636]
99 0.7326063758850098 0.7812
[0.01593423 0.01327544]
99 0.6738844932556153 0.7945
[0.01831914 0.01479924]
99 0.6275692604064942 0.8076
[0.01813482 0.01645503]
99 0.5909522850036621 0.8225
[0.02257358 0.01828804]
99 0.5629527908325195 0.8349
[0.02202202 0.02032848]
99 0.5410858657836914 0.8435
[0.02620156 0.02257198]
99 0.5243675086975098 0.8511
[0.0288785  0.02513239]
99 0.5112720695495605 0.8582
[0.03081162 0.02797989]
99 0.5015254791259766 0.8661
[0.03430767 0.03115772]
99 0.4940768493652344 0.8717
[0.0387686  0.03468834]
99 0.4880964363098145 0.8768
[0.04366576 0.03863313]
99 0.4834684097290039 0.8817
[0.04797792 0.04298083]
99 0.47974989776611326 0.886
[0.05140088 0.04772178]
99 0.4769849838256836 0.8884
[0.05466218 0.05291848]
99 0.47458470458984375 0.8907
[0.0616753  0.05854781]
99 0.472811262512207 0.8941
[0.06797082 0.06455128]
99 0.4712180191040039 0.8956
[0.07379809 0.07092882]
99 0.4700137092590332 0.8971
[0.08078212 0.07759939]
99 0.4688059906005859 0.8984
[0.08660149 0.08450393]
99 0.46806784744262697 0.8987
[0.09127006 0.09164862]
99 0.46685199279785156 0.8998
[0.10051136 0.0988794 ]
99 0.46630530014038085 0.8998
[0.10855802 0.10604777]
99 0.46535735778808596 0.8991
[0.11509101 0.1131706 ]
99 0.46521557846069334 0.8993
[0.12307613 0.12013513]
99 0.4643667984008789 0.8997
[0.12741983 0.12687604]
99 0.46362899627685544 0.9004
[0.13338532 0.13333257]
99 0.4629449447631836 0.9018
[0.14173827 0.1394148 ]
99 0.4627721733093262 0.9017
[0.14651366 0.14525613]
99 0.4619886901855469 0.9017
[0.15200344 0.15066944]
99 0.4614539817810059 0.9011
[0.15621056 0.15576628]
99 0.46085712814331053 0.9019
[0.16151072 0.16059539]
99 0.46073552017211916 0.9021
[0.16706388 0.16506822]
99 0.4602397232055664 0.9029
[0.16720873 0.1692662 ]
99 0.45957666702270505 0.9015
[0.17354009 0.17329606]
99 0.459533073425293 0.9014
[0.17864761 0.17699721]
99 0.45898694229125975 0.9019
[0.181041   0.18066505]
99 0.4582126152038574 0.9046
[0.18494022 0.18405505]
99 0.45763661270141603 0.9028
[0.18671432 0.18718444]
99 0.45741792449951174 0.9014
[0.19116123 0.19044252]
99 0.4568090950012207 0.9027
[0.19319114 0.1934238 ]
99 0.4560821174621582 0.9026
[0.19764318 0.196349  ]
99 0.45587274475097656 0.9027
[0.1985837  0.19922104]
99 0.4552616401672363 0.9027
[0.20318204 0.20205253]
99 0.45483613357543945 0.9034
[0.20486563 0.20473844]
99 0.4545816940307617 0.9023
[0.20529662 0.2074109 ]
99 0.45384202880859376 0.9029
[0.208771   0.21004498]
99 0.4534268508911133 0.9027
[0.21442848 0.21266659]
99 0.45283359680175783 0.9033
[0.21479653 0.21523672]
99 0.45244147720336914 0.904
[0.22014776 0.21770997]
99 0.45217599334716796 0.9034
[0.22248189 0.22021857]
99 0.4516323028564453 0.9044
[0.22339389 0.22261986]
99 0.45119991607666016 0.9026
[0.2242537  0.22515637]
99 0.4504863029479981 0.9036
[0.22550423 0.22751161]
99 0.45001492462158205 0.9032
[0.23153833 0.22993734]
99 0.4493230796813965 0.9039
[0.23174068 0.23228653]
99 0.4496509460449219 0.9026
[0.2358279  0.23463291]
99 0.4487815391540527 0.9036
[0.23737712 0.23699863]
99 0.4480774658203125 0.9034
[0.24143074 0.23937793]
99 0.4476114074707031 0.9042
[0.24234655 0.24168271]
99 0.4470926429748535 0.9046
[0.24763693 0.24393763]
99 0.44669524383544923 0.9024
[0.24770346 0.24621138]
99 0.44628988571166994 0.9036
[0.24945161 0.24850813]
99 0.4456821273803711 0.903
[0.25439605 0.2507749 ]
99 0.44524562759399416 0.9043
[0.2551684 0.2529804]
99 0.4448651527404785 0.9042
[0.25390664 0.25522915]
99 0.4443057815551758 0.9036
[0.25817543 0.25747114]
99 0.4436054512023926 0.9036
[0.261437  0.2596264]
99 0.44353381500244143 0.9036
[0.26321998 0.26183233]
99 0.4430158599853516 0.9031
[0.26528472 0.26405573]
99 0.44214128570556643 0.9034
[0.26835468 0.26620632]
99 0.4420814300537109 0.9047
[0.26937443 0.26837188]
99 0.44113296661376955 0.9041
[0.2745883  0.27053875]
99 0.441077466583252 0.9047
[0.27384555 0.2726369 ]
99 0.4404550682067871 0.9036
[0.27958572 0.27475998]
99 0.4397475845336914 0.9046
[0.27954045 0.27690065]
99 0.439539559173584 0.9053
[0.2823958  0.27894995]
99 0.4388524269104004 0.9047
[0.28512675 0.2810579 ]
99 0.438655167388916 0.9045
[0.28602833 0.28314403]
99 0.43795575485229493 0.905
[0.2876664  0.28518105]
99 0.4376659843444824 0.9044
[0.2913878  0.28719324]
99 0.43717607421875 0.9045
[0.2930627 0.2893123]
99 0.4370346290588379 0.9039
[0.2944014  0.29124302]
99 0.43584568176269534 0.9051
[0.29721794 0.29330167]
99 0.4354771476745605 0.9058
[0.29826194 0.29526207]
99 0.43522086791992187 0.9045
[0.3009884  0.29724902]
99 0.43437537078857424 0.9057
[0.30161467 0.29915515]
99 0.43416561050415037 0.9051
[0.30483896 0.3011409 ]
99 0.4335137565612793 0.9051
[0.30589435 0.3031181 ]
99 0.4331801628112793 0.9049
[0.3073465  0.30504528]
99 0.43270545501708985 0.9049
[0.31129724 0.30696777]
99 0.4321757797241211 0.9042
[0.31351754 0.30888447]
99 0.43152869720458986 0.906
[0.3129648  0.31073856]
99 0.4310859474182129 0.9055
[0.31659314 0.31259507]
99 0.43069746780395507 0.9065
[0.32084808 0.31457707]
99 0.4302963333129883 0.9064
[0.32093677 0.3164608 ]
99 0.4296859245300293 0.906
[0.32174453 0.31830356]
99 0.429106526184082 0.9059
[0.32288706 0.3201446 ]
99 0.42871618423461916 0.9061
[0.3271618 0.3219458]
99 0.42844049758911135 0.9046
[0.32890612 0.3237989 ]
99 0.4279416107177734 0.9054
[0.3311055  0.32560483]
99 0.42744036865234375 0.906
[0.33220336 0.3274151 ]
99 0.42698113708496094 0.9064
[0.33426195 0.32917824]
99 0.4263745269775391 0.9058
[0.33800673 0.33099586]
99 0.4264570266723633 0.905
[0.33737803 0.33266166]
99 0.4253475616455078 0.9072
[0.33970684 0.3344499 ]
99 0.4249146331787109 0.9066
[0.34231704 0.33625782]
99 0.4247369827270508 0.9069
[0.34370026 0.33796436]
99 0.4240957359313965 0.9065
[0.34434038 0.33970916]
99 0.4239424575805664 0.9064
[0.34869546 0.34147257]
99 0.4233370475769043 0.9067
[0.34854966 0.34315374]
99 0.4228412162780762 0.9065
[0.35094032 0.34480405]
99 0.42222178344726563 0.9064
[0.35129908 0.34649262]
99 0.4219250671386719 0.9064
[0.35485664 0.34823847]
99 0.42151695251464844 0.9075
[0.35547033 0.34982082]
99 0.42092537689208986 0.9065
[0.3583482 0.3515575]
99 0.42055306701660156 0.9072
[0.35832956 0.35316813]
99 0.41986459732055664 0.9067
[0.36062032 0.35475585]
99 0.41935462417602537 0.9073
[0.3631626 0.3564227]
99 0.41886172561645507 0.9067
[0.36494708 0.35800642]
99 0.41864467010498047 0.907
[0.36784625 0.3597155 ]
99 0.4183195976257324 0.9077
[0.36949202 0.36125627]
99 0.4178465042114258 0.9059
[0.3690606 0.3628064]
99 0.41714888610839845 0.9078
[0.3717845  0.36442307]
99 0.4172585639953613 0.9077
[0.3752652  0.36598727]
99 0.41662436294555666 0.907
[0.37477857 0.3675451 ]
99 0.4163685333251953 0.9064
[0.3757027  0.36905366]
99 0.41542035217285156 0.9073
[0.3785647  0.37061128]
99 0.41497780151367186 0.9074
[0.37990448 0.37217322]
99 0.414817244720459 0.9074
[0.38310188 0.37370723]
99 0.4141897964477539 0.9087
[0.3815151  0.37516755]
99 0.41377646865844725 0.9075
[0.38338515 0.37667832]
99 0.4135028610229492 0.9074
[0.3846764  0.37819067]
99 0.41276045303344727 0.9078
[0.38906464 0.37972748]
99 0.4124543502807617 0.9081
[0.3904984 0.3811282]
99 0.41184536819458006 0.9088
[0.39324164 0.38262275]
99 0.41153622131347656 0.9089
[0.39223263 0.38410145]
99 0.41106787109375 0.9074
[0.39407647 0.38554794]
99 0.41059557418823245 0.9082
[0.39452893 0.38700014]
99 0.4102060134887695 0.9083
[0.39516854 0.38840103]
99 0.4097659553527832 0.9079
[0.3998341  0.38984424]
99 0.40936632690429686 0.9094
[0.39983708 0.39127532]
99 0.4091039817810059 0.9076
[0.40143824 0.39264226]
99 0.40870846099853514 0.9081
[0.4003428 0.3940349]
99 0.40825716018676755 0.9075
[0.4032673 0.3954205]
99 0.40769256744384763 0.9082
[0.4080246  0.39685744]
99 0.40736037826538085 0.9087
[0.4073958  0.39821163]
99 0.40663563842773437 0.9092
[0.4106804  0.39959487]
99 0.40646772918701174 0.9093
[0.4098259 0.4009907]
99 0.40610683212280274 0.9089
[0.4086057 0.4023224]
99 0.4059226089477539 0.9089
[0.41372105 0.4036189 ]
99 0.40496361770629885 0.9094
[0.4144162 0.4049433]
99 0.4049143882751465 0.9088
[0.41782746 0.40627226]
99 0.40419459686279297 0.9096
[0.41558945 0.4075846 ]
99 0.40408282775878906 0.9081
[0.4210557  0.40890196]
99 0.40350354461669924 0.9092
[0.42114082 0.41026556]
99 0.4032527359008789 0.9097
[0.4217734  0.41151148]
99 0.40254866638183595 0.9094
[0.422825   0.41283828]
99 0.4022366859436035 0.9098
[0.42417005 0.41412732]
99 0.40267252197265624 0.9096
[0.42506835 0.41540402]
99 0.4018473197937012 0.9092
[0.4278331  0.41663224]
99 0.401058984375 0.9093
[0.42835182 0.4178546 ]
99 0.4008439292907715 0.9091
[0.43013775 0.419139  ]
99 0.40096494369506835 0.9088
[0.43039745 0.42043108]
99 0.39982569427490233 0.91
[0.43004802 0.42165813]
99 0.399557389831543 0.9096
[0.4328169 0.42285  ]
99 0.3996140480041504 0.9092
[0.4341235  0.42414877]
99 0.39889927978515627 0.911
[0.43581986 0.42531368]
99 0.39886259689331055 0.9099
[0.4395304  0.42654637]
99 0.3980515403747559 0.9106
[0.4407305  0.42776033]
99 0.39743804473876954 0.9106
[0.44253868 0.42895207]
99 0.39706251144409177 0.9107
[0.4412322  0.43014643]
99 0.39678594970703124 0.9107
[0.44342753 0.43133196]
99 0.3963798324584961 0.9102
[0.44314158 0.43250757]
99 0.39599151153564455 0.9098
[0.44788575 0.4336418 ]
99 0.3957273345947266 0.9105
[0.4486994  0.43482798]
99 0.3951629875183105 0.91
[0.4462663 0.4359742]
99 0.3950918281555176 0.9095
[0.44824418 0.43726036]
99 0.3949104202270508 0.9104
[0.4509244 0.4383733]
99 0.39410677108764647 0.9104
[0.45076004 0.43945822]
99 0.39384825744628904 0.9112
[0.45069158 0.4405989 ]
99 0.39371749114990234 0.9098
[0.45285812 0.44171265]
99 0.3933292724609375 0.9103
[0.45603284 0.44285703]
99 0.3926673225402832 0.9111
[0.45508245 0.44392896]
99 0.392317017364502 0.9098
[0.45861953 0.44498247]
99 0.3919100036621094 0.9111
[0.45976552 0.44617268]
99 0.39180705947875977 0.9111
[0.4602363  0.44720057]
99 0.3914342880249023 0.9102
[0.46012098 0.44829717]
99 0.39106071395874026 0.9102
[0.46393433 0.44944215]
99 0.390520149230957 0.9122
[0.46413586 0.45046613]
99 0.39011510314941406 0.9111
[0.46401307 0.45151758]
99 0.39012406005859374 0.9104
[0.467322   0.45262566]
99 0.38933027725219727 0.911
[0.46483526 0.45371228]
99 0.38893342361450195 0.9113
[0.46886685 0.45478177]
99 0.38856631240844725 0.9116
[0.4676354  0.45580322]
99 0.3882187797546387 0.9111
[0.47170594 0.45689735]
99 0.38825361404418945 0.9121
[0.47034013 0.45797497]
99 0.3873028675079346 0.9118
[0.47112432 0.45897263]
99 0.3870080947875977 0.9104
[0.47402105 0.4599973 ]
99 0.3867522777557373 0.9118
[0.4760655 0.4609995]
99 0.38618947639465334 0.9117
[0.476323   0.46209338]
99 0.38621029510498045 0.9122
[0.47590858 0.46306664]
99 0.38587545318603517 0.9121
[0.4786609  0.46410555]
99 0.3857813522338867 0.9118
[0.48029792 0.46514687]
99 0.38579070053100584 0.9122
[0.4828676  0.46614462]
99 0.3854519233703613 0.9119
[0.48257428 0.46706262]
99 0.3846269947052002 0.9132
[0.4830263  0.46798223]
99 0.3840515529632568 0.9116
[0.48211387 0.46902093]
99 0.3839881175994873 0.9124
[0.48593065 0.46999368]
99 0.3833387966156006 0.9128
[0.48506442 0.47094804]
99 0.3835072006225586 0.9131
[0.4875606  0.47186488]
99 0.3826247901916504 0.9124
[0.48817578 0.47282583]
99 0.3822652557373047 0.9121
[0.49005392 0.47383356]
99 0.3820459934234619 0.9128
[0.48816296 0.47473612]
99 0.38198570556640626 0.9126
[0.49067843 0.47570074]
99 0.3814316993713379 0.9117
[0.49031317 0.47670537]
99 0.38121196022033693 0.9122
[0.49301216 0.47761115]
99 0.3807006477355957 0.912
[0.49306753 0.47850245]
99 0.3803282768249512 0.9128
[0.49383307 0.47946724]
99 0.38026274185180664 0.9133
[0.49506482 0.4803075 ]
99 0.3798074939727783 0.9126
[0.49783775 0.48131543]
99 0.37971349258422854 0.912
[0.5005655  0.48217285]
99 0.3793952640533447 0.9129
[0.4994889 0.4830672]
99 0.3789127182006836 0.9123
[0.4981883  0.48402575]
99 0.3789364002227783 0.9126
[0.5015232 0.4849104]
99 0.37842910804748536 0.9121
[0.50147414 0.4858002 ]
99 0.37801806564331053 0.9129
[0.50233537 0.48671454]
99 0.3779453632354736 0.9132
[0.5020495  0.48754913]
99 0.3772216423034668 0.9127
[0.5054674 0.4885045]
99 0.37735359878540037 0.9121
[0.5055637  0.48937246]
99 0.37657065773010256 0.9132
[0.506104   0.49025083]
99 0.37622572021484374 0.9133
[0.5070657  0.49111614]
99 0.375796480178833 0.9133
[0.5073054  0.49205586]
99 0.376027974319458 0.9128
[0.5071459  0.49278176]
99 0.37541023445129396 0.9132
[0.5100682 0.4936931]
99 0.3751609390258789 0.9128
[0.50898623 0.49449098]
99 0.37519583740234375 0.9132
[0.5117133  0.49535263]
99 0.3743698059082031 0.9122
[0.51183844 0.49620286]
99 0.37419254226684573 0.9135
[0.5146879  0.49707147]
99 0.37420022354125976 0.9134
[0.51345485 0.4979204 ]
99 0.37396929016113284 0.9132
[0.51632404 0.49869668]
99 0.37313311042785646 0.913
[0.51736766 0.4995926 ]
99 0.37303192138671876 0.9132
[0.5170454  0.50036937]
99 0.3729604175567627 0.9126
[0.5164533 0.501237 ]
99 0.3723763195037842 0.914
[0.517811   0.50202155]
99 0.3722461772918701 0.9137
[0.5183154  0.50279367]
99 0.37190610580444333 0.9131
[0.52231884 0.50361717]
99 0.3715136520385742 0.9128
[0.5205751  0.50443053]
99 0.3707735828399658 0.9133
[0.5223979 0.5052759]
99 0.3707054908752441 0.9143
[0.5233925 0.506073 ]
99 0.37055067291259763 0.9144
[0.52670103 0.50685257]
99 0.37010448455810546 0.9141
[0.52419657 0.5076128 ]
99 0.3700671962738037 0.9137
[0.524828  0.5083693]
99 0.36982599716186526 0.9134
[0.52809834 0.509289  ]
99 0.3697082187652588 0.9146
[0.52697724 0.50997686]
99 0.3692875026702881 0.9141
[0.53008336 0.51074314]
99 0.3688662395477295 0.9139
[0.5297018  0.51148885]
99 0.3687450225830078 0.9141
[0.52890104 0.5123354 ]
99 0.36834961624145507 0.9149
[0.5313772 0.5130266]
99 0.36777772827148436 0.9145
[0.53316176 0.51378524]
99 0.36786974296569824 0.9147
[0.53073776 0.51450914]
99 0.3675713008880615 0.9139
[0.53298736 0.5153798 ]
99 0.36728528175354 0.9137
[0.53523654 0.5161266 ]
99 0.3668648365020752 0.9149
[0.53315777 0.51684266]
99 0.3663948001861572 0.9144
[0.5365641 0.5175401]
99 0.36642547073364257 0.914
[0.53647625 0.51826686]
99 0.36592774391174315 0.9143
[0.53598106 0.51899636]
99 0.3663279296875 0.9133
[0.5380281  0.51974684]
99 0.36551086807250976 0.9138
[0.5380897 0.5204508]
99 0.3653167240142822 0.9141
[0.54042923 0.5212925 ]
99 0.36476188049316405 0.9152
[0.54056853 0.5220072 ]
99 0.3649567012786865 0.9147
[0.54324144 0.5227207 ]
99 0.36440525703430177 0.9155
[0.543345  0.5234129]
99 0.364013272857666 0.9153
[0.54495263 0.5241547 ]
99 0.36384616203308107 0.9144
[0.54541504 0.5247767 ]
99 0.3638498252868652 0.9142
[0.5436179 0.525563 ]
99 0.36335579833984377 0.9152
[0.5457019 0.526329 ]
99 0.3631309841156006 0.9146
[0.5458831 0.5270051]
99 0.3628915153503418 0.9147
[0.54620045 0.52762926]
99 0.3625328632354736 0.9143
[0.5472846  0.52838856]
99 0.36285406341552734 0.9159
[0.54900104 0.52901185]
99 0.3616818466186523 0.9151
[0.54869413 0.5297631 ]
99 0.36177865676879883 0.9155
[0.55016387 0.53043586]
99 0.36144620208740236 0.9149
[0.5504018 0.5310731]
99 0.3613457710266113 0.9154
[0.5490514 0.5317938]
99 0.3614028324127197 0.9143
Working on regularization level 0.3
[-0.00106915 -0.00420084]
99 14.110613525390624 0.1277
[ 0.00083945 -0.00360877]
99 7.089677856445313 0.2305
[ 0.000481   -0.00249181]
99 3.820578076171875 0.3758
[ 0.00508595 -0.00106972]
99 2.236506201171875 0.5047
[0.00674166 0.00059658]
99 1.4413496124267577 0.6016
[0.00720123 0.00257126]
99 1.0406525604248047 0.6798
[0.00732214 0.00502178]
99 0.8451457641601563 0.743
[0.00979977 0.00827464]
99 0.7554179122924805 0.7901
[0.01741492 0.01280832]
99 0.7169046615600586 0.8268
[0.0213786  0.01913079]
99 0.699683544921875 0.8491
[0.02935431 0.02770083]
99 0.6923974655151367 0.8624
[0.0420995  0.03876317]
99 0.6891420013427735 0.8713
[0.0551497 0.0519108]
99 0.6871365203857421 0.877
[0.06747055 0.06605528]
99 0.6852495178222656 0.8783
[0.08024871 0.07996734]
99 0.6844490295410156 0.8791
[0.09256935 0.09233447]
99 0.6830107849121094 0.8806
[0.10392023 0.1028805 ]
99 0.6816278259277344 0.8795
[0.10963274 0.11156972]
99 0.6804843002319336 0.8797
[0.1198808  0.11929459]
99 0.6792068176269531 0.8801
[0.1229085  0.12602857]
99 0.678142544555664 0.8811
[0.13079822 0.1321636 ]
99 0.676251887512207 0.8802
[0.13642183 0.13786852]
99 0.6752791351318359 0.8803
[0.14363703 0.1435175 ]
99 0.673875520324707 0.8799
[0.14797549 0.14897266]
99 0.6731503448486328 0.8826
[0.15123479 0.15433869]
99 0.6716584487915039 0.8817
[0.15802069 0.15962   ]
99 0.6698683120727539 0.8819
[0.16355668 0.16478784]
99 0.6687129592895508 0.8806
[0.16836712 0.16989686]
99 0.6674979202270508 0.8816
[0.17496888 0.17501703]
99 0.6659974212646484 0.8814
[0.17796198 0.18005043]
99 0.6643788223266601 0.8822
[0.18398316 0.18500103]
99 0.6634868804931641 0.8822
[0.18992698 0.18996227]
99 0.6615975494384766 0.8825
[0.19587444 0.19474193]
99 0.6601859344482421 0.8815
[0.19834177 0.19960035]
99 0.6585435821533203 0.8828
[0.20415838 0.2044497 ]
99 0.6575108642578125 0.8822
[0.20746635 0.20918885]
99 0.6557442764282226 0.8835
[0.21357249 0.2138021 ]
99 0.6540019515991211 0.8837
[0.21776155 0.21842965]
99 0.6528570480346679 0.8827
[0.22117193 0.22307438]
99 0.6507401641845703 0.8823
[0.22668809 0.22769637]
99 0.6497185775756836 0.8838
[0.23143141 0.23211229]
99 0.6482241409301758 0.8838
[0.23708084 0.2366041 ]
99 0.6462686950683594 0.8836
[0.24041027 0.24087815]
99 0.6446261520385742 0.8846
[0.24503022 0.2452756 ]
99 0.6435088256835938 0.8837
[0.24853964 0.24944963]
99 0.6416493072509766 0.8841
[0.25340378 0.25376272]
99 0.6398640502929688 0.8834
[0.25806883 0.25789624]
99 0.6381855422973632 0.8841
[0.264506  0.2621793]
99 0.6366332656860352 0.8833
[0.2670961 0.2662181]
99 0.635202473449707 0.884
[0.27188316 0.27035946]
99 0.6335848358154297 0.8846
[0.27604988 0.27426302]
99 0.6319734436035156 0.8858
[0.27932844 0.27824727]
99 0.6303308288574219 0.8856
[0.2829189 0.2820991]
99 0.6286769500732422 0.8854
[0.28758994 0.28594604]
99 0.6269704483032227 0.8852
[0.29077172 0.28982875]
99 0.6257805999755859 0.8854
[0.2932723 0.2936393]
99 0.624014030456543 0.8854
[0.30016652 0.29740894]
99 0.6223770278930664 0.8857
[0.30391645 0.301071  ]
99 0.620986264038086 0.8867
[0.30718336 0.30462688]
99 0.6192194320678711 0.8864
[0.31183216 0.308115  ]
99 0.6177508010864258 0.8872
[0.31347263 0.3118233 ]
99 0.6161037063598633 0.8855
[0.3170759 0.3153051]
99 0.6142857635498047 0.8867
[0.31969574 0.31879902]
99 0.6129324890136719 0.8866
[0.32369065 0.32220232]
99 0.6113507858276367 0.8868
[0.3268023  0.32559243]
99 0.6097324203491211 0.8868
[0.33334532 0.3289361 ]
99 0.6084639312744141 0.8866
[0.33380058 0.33224344]
99 0.6067432861328125 0.8865
[0.33745304 0.33545738]
99 0.6050124099731445 0.8877
[0.34127685 0.33874327]
99 0.6038059738159179 0.8867
[0.34398273 0.3418859 ]
99 0.6021532775878906 0.888
[0.34730524 0.34498644]
99 0.6005963134765625 0.8886
[0.35215592 0.34819221]
99 0.5992310501098633 0.8876
[0.35624316 0.3512833 ]
99 0.597437663269043 0.8881
[0.35832143 0.3544144 ]
99 0.5961753555297852 0.8885
[0.3643412 0.3573353]
99 0.5942306488037109 0.8877
[0.363777   0.36021712]
99 0.5934181838989258 0.887
[0.3663208  0.36318067]
99 0.5917802658081055 0.8871
[0.3718326  0.36615926]
99 0.589938102722168 0.8894
[0.37315062 0.3690547 ]
99 0.5887969665527344 0.8889
[0.37871635 0.3717531 ]
99 0.5876177658081054 0.8882
[0.3787253  0.37462375]
99 0.585752098083496 0.8896
[0.3815714  0.37730446]
99 0.5842380752563476 0.889
[0.3863362 0.3801313]
99 0.5829338424682617 0.8891
[0.38662425 0.38264894]
99 0.5814998840332031 0.8893
[0.39078692 0.3854892 ]
99 0.5800838516235352 0.8909
[0.39376873 0.38805476]
99 0.5786139373779297 0.8901
[0.39803207 0.3906672 ]
99 0.5772541900634766 0.8899
[0.39812073 0.39315766]
99 0.5760302383422852 0.8899
[0.40109146 0.39569572]
99 0.574857960510254 0.8896
[0.40382582 0.39832145]
99 0.5731362426757812 0.8896
[0.4089059  0.40080816]
99 0.5717060150146485 0.8902
[0.41011915 0.40341255]
99 0.5709118377685547 0.8902
[0.41226104 0.40570757]
99 0.5690415786743164 0.891
[0.4171333  0.40811417]
99 0.5680707656860352 0.8901
[0.41704443 0.41044998]
99 0.5663201553344727 0.8915
[0.4194644  0.41294572]
99 0.5657706008911133 0.8892
[0.42431518 0.4151511 ]
99 0.5639794082641602 0.8904
[0.42431116 0.41745406]
99 0.5624424758911133 0.8907
[0.4276048  0.41974315]
99 0.5611381393432617 0.89
[0.42830813 0.42198017]
99 0.5601250915527344 0.8909
[0.43231466 0.42427474]
99 0.5591087020874024 0.8921
[0.43369794 0.42640245]
99 0.5580426681518554 0.8915
[0.43499848 0.42872477]
99 0.5563129745483398 0.8911
[0.4401026  0.43085653]
99 0.5552164611816406 0.8918
[0.43855897 0.43292797]
99 0.5542733261108398 0.8911
[0.44097978 0.435111  ]
99 0.5530931762695313 0.8908
[0.44462052 0.43698958]
99 0.5513909500122071 0.8917
[0.44917136 0.4391345 ]
99 0.5500127052307129 0.8921
[0.44879723 0.44123104]
99 0.5492925872802734 0.8922
[0.45332423 0.4432385 ]
99 0.5480369499206543 0.8926
[0.45435894 0.44520125]
99 0.5471219581604004 0.892
[0.45511883 0.44723305]
99 0.5458976852416992 0.8927
[0.45940268 0.44911367]
99 0.5443450889587402 0.8924
[0.4600229  0.45112717]
99 0.5436935043334961 0.893
[0.46017772 0.45299438]
99 0.5421841102600098 0.8934
[0.46399528 0.45483053]
99 0.5413974731445312 0.8933
[0.46934932 0.45678446]
99 0.5397701309204102 0.8931
[0.46877408 0.45866257]
99 0.5387655975341797 0.8924
[0.469781   0.46053115]
99 0.5374800567626953 0.8926
[0.47306037 0.46225932]
99 0.5369185050964356 0.893
[0.47260478 0.4640746 ]
99 0.5358163932800293 0.893
[0.47569633 0.46586022]
99 0.5346152908325196 0.8935
[0.47634354 0.46764678]
99 0.5333403686523438 0.8927
[0.4790162 0.469376 ]
99 0.5325272247314453 0.8935
[0.48324174 0.47117138]
99 0.5312785438537597 0.8939
[0.48201874 0.4729379 ]
99 0.5301074478149415 0.8943
[0.485344   0.47455624]
99 0.5293249046325683 0.8934
[0.48655376 0.47635487]
99 0.5285435920715332 0.8942
[0.48957652 0.47789624]
99 0.5272834342956543 0.8946
[0.49201077 0.47949275]
99 0.5267488975524902 0.8948
[0.49312446 0.48119134]
99 0.5251813003540039 0.8929
[0.49584994 0.48282444]
99 0.5242009521484375 0.8951
[0.49389726 0.4843294 ]
99 0.5232438232421875 0.8933
[0.49804738 0.4859782 ]
99 0.5224794296264649 0.8944
[0.49928474 0.48773444]
99 0.5212367042541504 0.8964
[0.50071776 0.48920867]
99 0.520299755859375 0.8949
[0.5033721  0.49064246]
99 0.5190525520324707 0.8946
[0.5060347  0.49224314]
99 0.5181478019714355 0.8948
[0.50370157 0.49375385]
99 0.5178279266357422 0.8942
[0.5086189  0.49521652]
99 0.5161866630554199 0.8948
[0.50767714 0.49673286]
99 0.5158317367553711 0.8945
[0.5105475 0.498255 ]
99 0.5147270347595215 0.8958
[0.51115185 0.49965242]
99 0.5138938133239747 0.8947
[0.51552135 0.5010984 ]
99 0.5131607681274414 0.8952
[0.515059   0.50266016]
99 0.511813037109375 0.8958
[0.5176568  0.50402504]
99 0.5110030456542969 0.8964
[0.5168778  0.50540525]
99 0.5102352966308594 0.8959
[0.5191106 0.5068465]
99 0.5091884780883789 0.8961
[0.52249056 0.508232  ]
99 0.5083078186035156 0.8966
[0.5231303  0.50951403]
99 0.5077030868530273 0.8953
[0.5241334 0.51108  ]
99 0.5064026222229004 0.8968
[0.5251287 0.5123517]
99 0.5060043716430664 0.8967
[0.52765596 0.5137255 ]
99 0.5046936561584473 0.8953
[0.5289987  0.51505244]
99 0.5037111358642579 0.8959
[0.52990246 0.51629406]
99 0.5030971557617188 0.8964
[0.5316277 0.5175022]
99 0.5029993156433106 0.8966
[0.5345392 0.5189725]
99 0.5010686553955078 0.897
[0.53439385 0.52021915]
99 0.5002801406860351 0.8973
[0.53499526 0.52150744]
99 0.49956067123413084 0.8962
[0.537781  0.5227961]
99 0.4990609931945801 0.8975
[0.5381947 0.5240037]
99 0.49815022277832033 0.8962
[0.5378346  0.52514964]
99 0.4976251449584961 0.8981
[0.54088306 0.5264112 ]
99 0.496959725189209 0.8972
[0.5436726 0.5277922]
99 0.49618388442993167 0.8987
[0.5438183 0.5289174]
99 0.49484020080566404 0.8979
[0.54517883 0.5301415 ]
99 0.494659236907959 0.8979
[0.544343   0.53127295]
99 0.4937799659729004 0.8971
[0.5491452 0.5324861]
99 0.49244711685180664 0.8982
[0.5514321  0.53381336]
99 0.4920505233764648 0.8985
[0.55090576 0.5349849 ]
99 0.49100814361572265 0.8986
[0.5515328 0.5360788]
99 0.4903916725158691 0.8984
[0.5543642  0.53708756]
99 0.4899423889160156 0.8983
[0.5549611  0.53825575]
99 0.4890301612854004 0.8992
[0.5548738 0.5394616]
99 0.4879485107421875 0.8979
[0.55746645 0.54060096]
99 0.4872624183654785 0.8983
[0.55709153 0.5415666 ]
99 0.4871785774230957 0.8985
[0.56030035 0.54296094]
99 0.4871688011169434 0.899
[0.5616667 0.5438018]
99 0.4854117683410645 0.8986
[0.5628582 0.5450364]
99 0.4847473159790039 0.9006
[0.5626972 0.5460464]
99 0.4836917457580566 0.8979
[0.56296915 0.5472344 ]
99 0.48305241241455077 0.8984
[0.5649011 0.5483213]
99 0.4827559341430664 0.8993
[0.566983  0.5492867]
99 0.48176714935302734 0.8988
[0.5669063 0.5503324]
99 0.48122896728515624 0.8977
[0.5677342  0.55137277]
99 0.4807329917907715 0.8991
[0.5702839 0.5523661]
99 0.47990390701293945 0.8989
[0.5738379 0.5533294]
99 0.47891190338134765 0.9008
[0.5735788  0.55450535]
99 0.4785579818725586 0.8997
[0.5736234 0.5555451]
99 0.47805865936279296 0.8987
[0.5734847 0.556428 ]
99 0.4774929168701172 0.8977
[0.57565683 0.55749065]
99 0.47637271041870116 0.8984
[0.57649696 0.5584287 ]
99 0.4753242118835449 0.8987
[0.5778535 0.5594242]
99 0.4752886795043945 0.9005
[0.5774396 0.5604421]
99 0.4741257995605469 0.8994
[0.57887554 0.56134593]
99 0.4738516799926758 0.9004
[0.5815993 0.5624452]
99 0.47250404968261717 0.9009
[0.58273154 0.5634613 ]
99 0.47288254623413084 0.9006
[0.5825895 0.5643072]
99 0.4719138847351074 0.9002
[0.583295   0.56522757]
99 0.47190366821289065 0.899
[0.58282423 0.56608874]
99 0.4705288833618164 0.8989
[0.58422196 0.5670539 ]
99 0.4701299736022949 0.8999
[0.5863825 0.5679549]
99 0.46893283462524415 0.901
[0.5883837 0.5688598]
99 0.4685719696044922 0.9001
[0.5900943  0.56973153]
99 0.46792805786132813 0.9008
[0.58923334 0.5706503 ]
99 0.46729303970336916 0.9001
[0.59174836 0.5717053 ]
99 0.46694265899658205 0.9013
[0.5916954 0.572556 ]
99 0.46627801666259766 0.9008
[0.5916612  0.57337475]
99 0.4655121643066406 0.9001
[0.59421265 0.5742876 ]
99 0.4649853935241699 0.9
[0.5939979  0.57510674]
99 0.46443693466186525 0.8999
[0.59668595 0.57589656]
99 0.4638826301574707 0.9009
[0.59739935 0.5769031 ]
99 0.46311197357177736 0.9005
[0.59735614 0.57787645]
99 0.4632168098449707 0.9009
[0.59802157 0.5784875 ]
99 0.4627840156555176 0.9006
[0.60025465 0.57951826]
99 0.461251082611084 0.9012
[0.6006224 0.5803301]
99 0.4611391944885254 0.9017
[0.60320896 0.5809806 ]
99 0.4602341445922852 0.901
[0.60329175 0.58189964]
99 0.45951682205200195 0.9024
[0.60319614 0.5827873 ]
99 0.45891904754638674 0.9024
[0.60472244 0.5835721 ]
99 0.45831167755126956 0.9013
[0.6039366 0.5844172]
99 0.4580663948059082 0.9022
[0.60540646 0.5851837 ]
99 0.4574198989868164 0.9016
[0.6062688  0.58618927]
99 0.4577307777404785 0.9023
[0.6076205 0.5868863]
99 0.4563267753601074 0.9025
[0.60741353 0.5875572 ]
99 0.4557457809448242 0.9008
[0.61102545 0.5883706 ]
99 0.4551493896484375 0.9026
[0.60991967 0.5892704 ]
99 0.4554048568725586 0.9008
[0.61055505 0.5899744 ]
99 0.4545795631408691 0.9022
[0.61060727 0.5907821 ]
99 0.45371611099243164 0.9015
[0.6108766 0.5915534]
99 0.4532269500732422 0.9024
[0.61396694 0.5923134 ]
99 0.4535291648864746 0.9017
[0.61550474 0.59300876]
99 0.45191779251098635 0.9022
[0.61471325 0.5937237 ]
99 0.4519387733459473 0.9022
[0.6171591 0.594499 ]
99 0.45112561950683594 0.903
[0.61690944 0.59522545]
99 0.45062621612548825 0.9034
[0.61725956 0.59608966]
99 0.4509704643249512 0.9022
[0.61893874 0.59674126]
99 0.44987010498046875 0.9027
[0.6182434  0.59748065]
99 0.44917127990722655 0.9012
[0.61862254 0.59812623]
99 0.4485330497741699 0.9012
[0.62187296 0.5989422 ]
99 0.44824737167358397 0.903
[0.6228216 0.5996097]
99 0.44795763244628906 0.9045
[0.6220287 0.6003638]
99 0.4473008918762207 0.9018
[0.622354   0.60103375]
99 0.44657785415649415 0.9018
[0.625061   0.60176694]
99 0.4464566398620605 0.9022
[0.62288743 0.60235053]
99 0.4462085525512695 0.9026
[0.62555313 0.60323095]
99 0.44576015853881834 0.9029
[0.6257434 0.6039571]
99 0.44492888870239256 0.9039
[0.6273967 0.6044973]
99 0.44439384155273437 0.9036
[0.6265192 0.6053273]
99 0.44404178314208986 0.9031
[0.6297223 0.6059871]
99 0.44325963287353515 0.9037
[0.6284436  0.60660136]
99 0.4445710906982422 0.9013
[0.63114935 0.6071716 ]
99 0.4422760177612305 0.9025
[0.6314748  0.60793084]
99 0.4426407157897949 0.9031
[0.63282025 0.60856533]
99 0.4416379867553711 0.9046
[0.632456  0.6091504]
99 0.44157567825317384 0.9054
[0.6332953  0.61001396]
99 0.441034587097168 0.9032
[0.6333867 0.610547 ]
99 0.44034979095458987 0.9033
[0.6354565 0.6111509]
99 0.43992231826782224 0.9034
[0.6343959 0.6117396]
99 0.4396750679016113 0.9039
[0.6362003 0.6124683]
99 0.43885399627685545 0.9037
[0.63768077 0.6131333 ]
99 0.4387541778564453 0.9028
[0.63628656 0.6136852 ]
99 0.43835199890136717 0.9024
[0.63650817 0.61437774]
99 0.43684670944213866 0.9036
[0.63867253 0.6150537 ]
99 0.4371732551574707 0.9051
[0.6384568 0.6155934]
99 0.43720439071655276 0.9027
[0.63992494 0.61626905]
99 0.4367300506591797 0.904
[0.6421172 0.616865 ]
99 0.4358399024963379 0.9041
[0.64248854 0.6175218 ]
99 0.4351286285400391 0.9046
[0.64429754 0.61806655]
99 0.4349233383178711 0.9055
[0.64414126 0.61861336]
99 0.434427840423584 0.9049
[0.64432126 0.61928004]
99 0.4342980781555176 0.9047
[0.644918  0.6198119]
99 0.4337576675415039 0.9032
[0.6461361 0.620425 ]
99 0.4337245590209961 0.905
[0.6470774 0.6211892]
99 0.43266399459838867 0.9055
[0.6464106 0.6216735]
99 0.4326608703613281 0.9039
[0.64803255 0.6223902 ]
99 0.43173014373779295 0.9059
[0.64599305 0.62295747]
99 0.4317921318054199 0.9042
[0.6493287 0.6234206]
99 0.431572762298584 0.9043
[0.64774716 0.6239383 ]
99 0.43100412216186523 0.9042
[0.64997464 0.6247154 ]
99 0.4311565841674805 0.9045
[0.6502874 0.6250736]
99 0.43035076904296876 0.9038
[0.6524281 0.6258075]
99 0.42969650115966795 0.9041
[0.6513674 0.6264505]
99 0.4293808364868164 0.9062
[0.653117   0.62691325]
99 0.42847659072875977 0.9044
[0.65270287 0.6275808 ]
99 0.4284418746948242 0.9062
[0.65310293 0.62794065]
99 0.4285146423339844 0.9049
[0.6548304  0.62850314]
99 0.4274155128479004 0.905
[0.65616626 0.62928474]
99 0.42789497756958006 0.9063
[0.6557418 0.6297066]
99 0.42663451385498047 0.9054
[0.6556214 0.6302516]
99 0.4269608428955078 0.9052
[0.6573808 0.6306114]
99 0.4267575065612793 0.9042
[0.65774643 0.6312794 ]
99 0.4251897605895996 0.9061
[0.6571256 0.6318201]
99 0.42545912170410155 0.9053
[0.65808177 0.6323662 ]
99 0.4246942245483398 0.9057
[0.65858114 0.6330944 ]
99 0.42482819747924805 0.9067
[0.65914035 0.6334844 ]
99 0.4237982467651367 0.9043
[0.66007525 0.6340301 ]
99 0.42393484649658203 0.9062
[0.6602592  0.63446367]
99 0.4230496871948242 0.9052
[0.66118366 0.6349714 ]
99 0.4229893814086914 0.9052
[0.6624869  0.63558114]
99 0.42239019927978516 0.9064
