
CommandNotFoundError: Your shell has not been properly configured to use 'conda deactivate'.
To initialize your shell, run

    $ conda init <SHELL_NAME>

Currently supported shells are:
  - bash
  - fish
  - tcsh
  - xonsh
  - zsh
  - powershell

See 'conda init --help' for more information and options.

IMPORTANT: You may need to close and restart your shell after running 'conda init'.


cuda:0
Generate alignment plot for autograd linear network and lr data with dropout
1999 1.0400630235671997 [0.6879396]
3999 0.6405400037765503 [0.82144815]
5999 0.6249433755874634 [0.86755383]
7999 0.36447498202323914 [0.8865497]
9999 0.2810157835483551 [0.90283865]
11999 0.3579665422439575 [0.9127483]
13999 0.4387366473674774 [0.9187217]
15999 0.2418990582227707 [0.9268835]
17999 0.4496843218803406 [0.92781687]
19999 0.3496350049972534 [0.93317527]
21999 0.3712402880191803 [0.93609935]
23999 0.22927626967430115 [0.9393589]
25999 0.28093841671943665 [0.940388]
27999 0.24542123079299927 [0.9415228]
29999 0.16832031309604645 [0.9424314]
31999 0.17964282631874084 [0.9409114]
33999 0.22175239026546478 [0.94260377]
35999 0.21482208371162415 [0.9447558]
37999 0.16802939772605896 [0.94755936]
39999 0.23283402621746063 [0.94674313]
41999 0.19843631982803345 [0.94437635]
43999 0.13911503553390503 [0.9473916]
45999 0.21145904064178467 [0.94526213]
47999 0.1722828596830368 [0.948921]
49999 0.18242543935775757 [0.94599074]
51999 0.2450353056192398 [0.9461691]
53999 0.1270952820777893 [0.94884914]
55999 0.19721563160419464 [0.9475196]
57999 0.21187900006771088 [0.9475535]
[0.9473821]
1999 1.3272265195846558 [0.6378053]
3999 1.1905206441879272 [0.7850157]
5999 0.6696614027023315 [0.83512133]
7999 0.7937617301940918 [0.8606854]
9999 0.701596200466156 [0.8802427]
11999 0.4390901029109955 [0.8931441]
13999 0.6995329856872559 [0.9026352]
15999 0.617070734500885 [0.9085258]
17999 0.45445868372917175 [0.91323936]
19999 0.3891165852546692 [0.9116184]
21999 0.37939974665641785 [0.9201123]
23999 0.38781437277793884 [0.9209536]
25999 0.9658386707305908 [0.9253203]
27999 0.37667006254196167 [0.9278731]
29999 0.4968952536582947 [0.92623556]
31999 0.35255661606788635 [0.92678267]
33999 0.38779914379119873 [0.9243395]
35999 0.44655004143714905 [0.9271774]
37999 0.3342697024345398 [0.9284399]
39999 0.23505492508411407 [0.9296677]
41999 0.22408364713191986 [0.92868245]
43999 0.2952217161655426 [0.92845166]
45999 0.21954959630966187 [0.92603177]
47999 0.29787197709083557 [0.93034977]
49999 0.16849853098392487 [0.92566067]
51999 0.2255157083272934 [0.9299554]
53999 0.3936631977558136 [0.92240465]
55999 0.29193851351737976 [0.9252921]
57999 0.17070837318897247 [0.9274712]
59999 0.24129851162433624 [0.92262954]
61999 0.11793486028909683 [0.92272437]
[0.9232869]
1999 7.882750034332275 [0.04347573]
3999 5.913690090179443 [0.05308535]
5999 3.46789288520813 [0.06990767]
7999 2.1731395721435547 [0.09544123]
9999 1.3145307302474976 [0.12608522]
11999 0.9960289001464844 [0.1630601]
13999 0.7379335761070251 [0.20180969]
15999 0.44013625383377075 [0.24413238]
17999 0.6588934063911438 [0.28497]
19999 0.5852407217025757 [0.3231752]
21999 0.26886919140815735 [0.35897157]
23999 0.47694021463394165 [0.39048415]
25999 0.3511508107185364 [0.41830704]
27999 0.2818828225135803 [0.44377688]
29999 0.3159219026565552 [0.4666818]
31999 0.34574416279792786 [0.4865097]
33999 0.3044581115245819 [0.5054992]
35999 0.3120223581790924 [0.52230394]
37999 0.3528474271297455 [0.53927684]
39999 0.2518491744995117 [0.55367756]
41999 0.3423159718513489 [0.5677149]
43999 0.24258753657341003 [0.5813451]
45999 0.2737041413784027 [0.5941859]
47999 0.2770750820636749 [0.6061517]
49999 0.2497880905866623 [0.6178458]
51999 0.2446763962507248 [0.62918127]
53999 0.17774493992328644 [0.6390348]
55999 0.18526329100131989 [0.6487493]
57999 0.2836883068084717 [0.657521]
59999 0.1495104283094406 [0.6665562]
61999 0.2044898420572281 [0.67500746]
63999 0.1701454520225525 [0.68256617]
65999 0.19986912608146667 [0.6892495]
67999 0.12387856841087341 [0.6956899]
69999 0.0994906798005104 [0.70309377]
71999 0.14974218606948853 [0.7097352]
73999 0.2133702039718628 [0.71512747]
75999 0.19526687264442444 [0.7206897]
77999 0.10773740708827972 [0.72573614]
79999 0.16287511587142944 [0.73078275]
81999 0.18559817969799042 [0.73617613]
83999 0.1215616837143898 [0.7407634]
85999 0.11589521169662476 [0.74528635]
87999 0.1887795478105545 [0.74986714]
89999 0.12451156228780746 [0.75325835]
91999 0.19284209609031677 [0.75865173]
93999 0.1487094610929489 [0.76207507]
95999 0.1429179161787033 [0.7658035]
97999 0.18165680766105652 [0.7698719]
99999 0.18399092555046082 [0.7741009]
101999 0.14405052363872528 [0.77691674]
103999 0.11615724116563797 [0.77989274]
105999 0.16398845613002777 [0.7827241]
107999 0.156358003616333 [0.785571]
109999 0.13543640077114105 [0.7872952]
111999 0.14204175770282745 [0.7903935]
113999 0.1480666846036911 [0.7924505]
115999 0.11180228739976883 [0.79521745]
117999 0.1267988681793213 [0.7970937]
119999 0.11526603251695633 [0.79985803]
121999 0.09815263748168945 [0.8018776]
123999 0.15133419632911682 [0.80469733]
125999 0.09430038183927536 [0.8072175]
127999 0.1306297332048416 [0.8104856]
129999 0.09555954486131668 [0.8121549]
131999 0.17498154938220978 [0.8141123]
133999 0.10697032511234283 [0.81637406]
135999 0.06848723441362381 [0.8185503]
137999 0.09520305693149567 [0.8199695]
139999 0.14649342000484467 [0.8221446]
141999 0.10411975532770157 [0.82437444]
143999 0.10168489813804626 [0.82655185]
145999 0.11590063571929932 [0.82779145]
147999 0.10975263267755508 [0.8289862]
149999 0.1382647305727005 [0.8302481]
151999 0.09426048398017883 [0.8319361]
153999 0.08487160503864288 [0.8330625]
155999 0.13001449406147003 [0.8349757]
157999 0.08793721348047256 [0.83680385]
159999 0.09387774020433426 [0.8378544]
161999 0.12766920030117035 [0.83951837]
163999 0.08379087597131729 [0.8403015]
165999 0.05371486395597458 [0.8416502]
167999 0.0809025764465332 [0.8424978]
169999 0.07010810077190399 [0.8440347]
171999 0.11197853833436966 [0.8452413]
173999 0.08448268473148346 [0.8464505]
175999 0.0951794907450676 [0.84773195]
177999 0.09276773035526276 [0.848771]
179999 0.08254215121269226 [0.8501308]
181999 0.09578576683998108 [0.8517803]
183999 0.06749479472637177 [0.8530338]
185999 0.10126931965351105 [0.8537077]
187999 0.10097641497850418 [0.8542745]
189999 0.09308476001024246 [0.8550799]
191999 0.09497950971126556 [0.85636413]
193999 0.08150652050971985 [0.85706806]
195999 0.12127380073070526 [0.85799414]
197999 0.1000254675745964 [0.8592902]
199999 0.07060489803552628 [0.8600893]
201999 0.06945250183343887 [0.8614751]
203999 0.0575624443590641 [0.8620075]
205999 0.11662846058607101 [0.8626786]
207999 0.11462606489658356 [0.86439925]
209999 0.09978700429201126 [0.8644765]
[0.8645153]
1999 9.793343544006348 [0.03247767]
3999 8.189990997314453 [0.04189469]
5999 3.4103307723999023 [0.05735752]
7999 2.206868886947632 [0.0812796]
9999 1.456260085105896 [0.11111552]
11999 1.032360315322876 [0.14824288]
13999 0.8404808044433594 [0.18744816]
15999 0.4691236913204193 [0.22625044]
17999 0.3928619623184204 [0.2663479]
19999 0.29953643679618835 [0.30296642]
21999 0.32776641845703125 [0.33710214]
23999 0.24298730492591858 [0.36785147]
25999 0.3070162236690521 [0.39489067]
27999 0.2229742705821991 [0.4177629]
29999 0.2363194078207016 [0.43950272]
31999 0.20323902368545532 [0.46073842]
33999 0.19972828030586243 [0.47866356]
35999 0.22295604646205902 [0.49610576]
37999 0.2862311005592346 [0.51156396]
39999 0.21990089118480682 [0.5258736]
41999 0.2145058810710907 [0.5412535]
43999 0.18850861489772797 [0.55538845]
45999 0.2876238226890564 [0.5683469]
47999 0.27284538745880127 [0.58057195]
49999 0.12581077218055725 [0.5920639]
51999 0.20049281418323517 [0.6027298]
53999 0.16046294569969177 [0.61351126]
55999 0.2616742253303528 [0.6228906]
57999 0.11948024481534958 [0.6325089]
59999 0.19775459170341492 [0.641326]
61999 0.21309559047222137 [0.6491996]
63999 0.1726158857345581 [0.65686333]
65999 0.12163861840963364 [0.66462874]
67999 0.1702834814786911 [0.6720563]
69999 0.196856290102005 [0.67862976]
71999 0.15833458304405212 [0.6851793]
73999 0.20644916594028473 [0.69201916]
75999 0.12417987734079361 [0.6979197]
77999 0.14811831712722778 [0.7038536]
79999 0.17127658426761627 [0.70985264]
81999 0.11812865734100342 [0.7153899]
83999 0.15316544473171234 [0.7209478]
85999 0.1501752883195877 [0.72535616]
87999 0.14356015622615814 [0.7305064]
89999 0.1943555474281311 [0.7353657]
91999 0.08469133079051971 [0.7401835]
93999 0.11358145624399185 [0.744709]
95999 0.15875986218452454 [0.74844074]
97999 0.09840251505374908 [0.75263876]
99999 0.17302359640598297 [0.75654316]
101999 0.1508195996284485 [0.759516]
103999 0.20503012835979462 [0.7628609]
105999 0.106007881462574 [0.76554847]
107999 0.14956742525100708 [0.7694815]
109999 0.10145869851112366 [0.7718864]
111999 0.1734168827533722 [0.77455384]
113999 0.09785762429237366 [0.7771588]
115999 0.10320184379816055 [0.78016096]
117999 0.12685877084732056 [0.7831023]
119999 0.12174440920352936 [0.7861357]
121999 0.18912209570407867 [0.7884896]
123999 0.11046018451452255 [0.7912836]
125999 0.12108280509710312 [0.79363686]
127999 0.13191427290439606 [0.79533184]
129999 0.1043068990111351 [0.7981445]
131999 0.14449542760849 [0.8001604]
133999 0.10026225447654724 [0.80253136]
135999 0.11855828762054443 [0.80488497]
137999 0.10262799263000488 [0.8073113]
139999 0.0892191082239151 [0.8090778]
141999 0.07850892096757889 [0.81141096]
143999 0.13047033548355103 [0.81263214]
145999 0.11174779385328293 [0.81441164]
147999 0.1425677388906479 [0.81613827]
149999 0.09489153325557709 [0.8176816]
151999 0.1293649673461914 [0.81901693]
153999 0.13867442309856415 [0.8208751]
155999 0.06605669111013412 [0.8229456]
157999 0.0771256610751152 [0.8240725]
159999 0.0736086517572403 [0.8253499]
161999 0.12107622623443604 [0.8267278]
163999 0.06849632412195206 [0.8284409]
165999 0.10643073916435242 [0.8304659]
167999 0.08141115307807922 [0.83202606]
169999 0.09121377021074295 [0.8332293]
171999 0.09398555755615234 [0.8348621]
173999 0.10265009850263596 [0.8363827]
175999 0.11231136322021484 [0.8379351]
177999 0.11552123725414276 [0.8391559]
179999 0.10806367546319962 [0.84015673]
181999 0.11104673147201538 [0.8402734]
183999 0.08755584806203842 [0.8418497]
185999 0.10333181917667389 [0.84309757]
187999 0.08897403627634048 [0.8445147]
189999 0.06837864965200424 [0.8454702]
191999 0.10004395991563797 [0.8467852]
193999 0.09525065124034882 [0.8469492]
195999 0.0767127200961113 [0.8477214]
197999 0.08298336714506149 [0.8484453]
199999 0.07660108059644699 [0.8496197]
201999 0.0902169793844223 [0.85132366]
203999 0.07737895101308823 [0.8516813]
205999 0.11221759766340256 [0.85257536]
207999 0.08119506388902664 [0.853498]
209999 0.0756935402750969 [0.85490096]
211999 0.10639268904924393 [0.8562571]
213999 0.07057596743106842 [0.85669386]
215999 0.07942081242799759 [0.85745573]
217999 0.07252496480941772 [0.85852915]
219999 0.05603262782096863 [0.85976684]
221999 0.05962744727730751 [0.8607706]
223999 0.06009967625141144 [0.86202955]
225999 0.05513763800263405 [0.8625107]
227999 0.07831115275621414 [0.86273247]
229999 0.06619106978178024 [0.86368614]
231999 0.06625498831272125 [0.86442]
233999 0.06559758633375168 [0.8651946]
235999 0.04434314742684364 [0.86633176]
237999 0.0551939383149147 [0.8671369]
239999 0.05780164524912834 [0.8674406]
241999 0.06410246342420578 [0.86824685]
243999 0.06753221899271011 [0.8686934]
245999 0.04991871118545532 [0.8701579]
247999 0.0670255571603775 [0.87112904]
249999 0.062471818178892136 [0.87222487]
251999 0.06792203336954117 [0.87309223]
253999 0.0729348286986351 [0.8727938]
255999 0.07399246096611023 [0.8728465]
[0.8728747]
1999 20.44499397277832 [0.00466278]
3999 10.001778602600098 [0.00349754]
5999 11.38747787475586 [0.00250931]
7999 10.408989906311035 [0.0017292]
9999 9.405190467834473 [0.00117584]
11999 9.878631591796875 [0.00102462]
13999 8.677831649780273 [0.00119195]
15999 9.285990715026855 [0.00170938]
17999 5.844610691070557 [0.00215404]
19999 6.774612903594971 [0.00270991]
21999 5.516211032867432 [0.00349618]
23999 4.315824031829834 [0.00436896]
25999 3.9597911834716797 [0.00541842]
27999 4.818562030792236 [0.00672068]
29999 2.78747820854187 [0.00816815]
31999 3.8165361881256104 [0.0096702]
33999 3.437974214553833 [0.01141002]
35999 2.8071367740631104 [0.0135154]
37999 2.4262099266052246 [0.01550519]
39999 1.8223737478256226 [0.01774704]
41999 1.8704335689544678 [0.0197005]
43999 1.1491831541061401 [0.02242164]
45999 1.4474554061889648 [0.02484505]
47999 1.4555168151855469 [0.02759583]
49999 1.4972072839736938 [0.03021793]
51999 1.4573560953140259 [0.03301101]
53999 0.9264582395553589 [0.03581711]
55999 1.1217893362045288 [0.03885518]
57999 1.3384978771209717 [0.04206401]
59999 0.7286885380744934 [0.04516527]
61999 0.8645676970481873 [0.04826986]
63999 0.6526222229003906 [0.05181313]
65999 0.6796313524246216 [0.0553912]
67999 0.5415078997612 [0.05917993]
69999 0.5223202109336853 [0.06316031]
71999 0.5034761428833008 [0.06692901]
73999 0.5656593441963196 [0.07078013]
75999 0.5714861750602722 [0.07500211]
77999 0.4411318004131317 [0.07876646]
79999 0.37016937136650085 [0.08323908]
81999 0.4532020092010498 [0.08752548]
83999 0.2507684826850891 [0.09213749]
85999 0.31723886728286743 [0.0967982]
87999 0.27928805351257324 [0.10088321]
89999 0.16807211935520172 [0.10555436]
91999 0.2686476707458496 [0.11025395]
93999 0.24114760756492615 [0.11491821]
95999 0.2189016342163086 [0.11951984]
97999 0.19358943402767181 [0.12393288]
99999 0.1875731647014618 [0.12873228]
101999 0.18904796242713928 [0.13371558]
103999 0.19037656486034393 [0.13843694]
105999 0.1908445954322815 [0.1430902]
107999 0.10525761544704437 [0.14759967]
109999 0.14259646832942963 [0.15249325]
111999 0.12379288673400879 [0.15722117]
113999 0.1518200933933258 [0.16191933]
115999 0.08863478153944016 [0.16664046]
117999 0.1289827823638916 [0.17102295]
119999 0.11332924664020538 [0.17549787]
121999 0.11109868437051773 [0.17989303]
123999 0.1350693553686142 [0.18447354]
125999 0.14828912913799286 [0.1888384]
127999 0.11432420462369919 [0.19331408]
129999 0.08366049826145172 [0.19771796]
131999 0.09505090862512589 [0.20176584]
133999 0.10071220248937607 [0.20635827]
135999 0.085113026201725 [0.21041544]
137999 0.09697288274765015 [0.21468839]
139999 0.0826229378581047 [0.21853356]
141999 0.09178236126899719 [0.22261223]
143999 0.1155993640422821 [0.22626682]
145999 0.10562791675329208 [0.22997122]
147999 0.08947978913784027 [0.23321047]
149999 0.09805792570114136 [0.23670146]
151999 0.11542706936597824 [0.24029596]
153999 0.06908758729696274 [0.24384995]
155999 0.08309755474328995 [0.24696617]
157999 0.06737106293439865 [0.25023577]
159999 0.08142080157995224 [0.25368217]
161999 0.06312751770019531 [0.25684395]
163999 0.07126740366220474 [0.25984374]
165999 0.08339551836252213 [0.26284483]
167999 0.06411414593458176 [0.26589546]
169999 0.05517323687672615 [0.26886457]
171999 0.06811898946762085 [0.27169925]
173999 0.06459569931030273 [0.27421665]
175999 0.06931883841753006 [0.27698466]
177999 0.06919201463460922 [0.2798075]
179999 0.09529045969247818 [0.2826001]
181999 0.06988704204559326 [0.2847661]
183999 0.061135563999414444 [0.2873201]
185999 0.07015529274940491 [0.28999722]
187999 0.07727283239364624 [0.2926963]
189999 0.08597935736179352 [0.29521823]
191999 0.07090327888727188 [0.29764047]
193999 0.06386152654886246 [0.30016428]
195999 0.04849788546562195 [0.3024766]
197999 0.05692723020911217 [0.30478555]
199999 0.07338269799947739 [0.3074062]
201999 0.05932080000638962 [0.30976662]
203999 0.05366761237382889 [0.3121561]
205999 0.0784972533583641 [0.3143391]
207999 0.07074340432882309 [0.3170086]
209999 0.05187879130244255 [0.31934997]
211999 0.074995256960392 [0.32166946]
213999 0.06166407838463783 [0.323938]
215999 0.045743025839328766 [0.32610476]
217999 0.05380847305059433 [0.32858038]
219999 0.045317113399505615 [0.33110765]
221999 0.06646541506052017 [0.333193]
223999 0.05973704159259796 [0.33537203]
225999 0.07590721547603607 [0.33740467]
227999 0.06294306367635727 [0.33939543]
229999 0.07812268286943436 [0.3415293]
231999 0.07072946429252625 [0.3437867]
233999 0.07022995501756668 [0.3460317]
235999 0.07319813966751099 [0.3477043]
237999 0.052272479981184006 [0.34984225]
239999 0.07002123445272446 [0.35202676]
241999 0.06366904079914093 [0.35424706]
243999 0.0519733689725399 [0.35650513]
245999 0.06999874114990234 [0.35907832]
247999 0.0763779878616333 [0.3610028]
249999 0.0702752098441124 [0.36297932]
251999 0.03930450975894928 [0.36533314]
253999 0.061602864414453506 [0.36748245]
255999 0.05238252133131027 [0.36914787]
257999 0.05880800262093544 [0.3711956]
259999 0.05297569930553436 [0.3732325]
261999 0.058568160980939865 [0.37532377]
263999 0.058777816593647 [0.37721395]
265999 0.06408844143152237 [0.37945583]
267999 0.04673238471150398 [0.38143307]
269999 0.07488808780908585 [0.38350123]
271999 0.05322464182972908 [0.38534424]
273999 0.06621158123016357 [0.3874051]
275999 0.04945358261466026 [0.38951805]
277999 0.05466412007808685 [0.39130586]
279999 0.0657595694065094 [0.3933406]
281999 0.06171988323330879 [0.39532885]
283999 0.06558101624250412 [0.3975833]
285999 0.03977879136800766 [0.3995536]
287999 0.05088018253445625 [0.4017734]
289999 0.05744006857275963 [0.4039866]
291999 0.1043771505355835 [0.40593725]
293999 0.06508593261241913 [0.4078994]
295999 0.04027416184544563 [0.41008174]
297999 0.054270848631858826 [0.412044]
299999 0.03661803528666496 [0.41424203]
301999 0.05245189368724823 [0.41611192]
303999 0.05583025887608528 [0.41779074]
305999 0.06044832244515419 [0.41987365]
307999 0.04495774209499359 [0.42168403]
309999 0.04563415050506592 [0.4236993]
311999 0.0657045841217041 [0.42554823]
313999 0.0653441920876503 [0.427639]
315999 0.05608276650309563 [0.42941785]
317999 0.06319307535886765 [0.43139362]
319999 0.047181386500597 [0.4332869]
321999 0.06412911415100098 [0.43530574]
323999 0.09075770527124405 [0.43740845]
325999 0.06817014515399933 [0.43905774]
327999 0.048836030066013336 [0.44104236]
329999 0.05776068568229675 [0.44285837]
331999 0.05346204340457916 [0.44440266]
333999 0.03923920542001724 [0.44622394]
335999 0.04546158388257027 [0.44818556]
337999 0.050725121051073074 [0.44970828]
339999 0.04599900171160698 [0.45141846]
341999 0.059051260352134705 [0.45313525]
343999 0.05868270620703697 [0.45507753]
345999 0.05012522637844086 [0.45706767]
347999 0.047777097672224045 [0.458562]
349999 0.05029959976673126 [0.46013448]
351999 0.061220698058605194 [0.46198672]
353999 0.061181485652923584 [0.46366486]
355999 0.057507965713739395 [0.46511692]
357999 0.052694037556648254 [0.46669573]
359999 0.047864578664302826 [0.46839663]
361999 0.046002455055713654 [0.4698648]
363999 0.047102849930524826 [0.47162136]
365999 0.047405488789081573 [0.47347865]
367999 0.06654109060764313 [0.4751112]
369999 0.04984462633728981 [0.4765898]
371999 0.05885563790798187 [0.47830692]
373999 0.055999111384153366 [0.47969273]
375999 0.041254572570323944 [0.4813675]
377999 0.03757353872060776 [0.48321956]
379999 0.04842666536569595 [0.4846392]
381999 0.04589560255408287 [0.4864133]
383999 0.05066484212875366 [0.48806694]
385999 0.057379867881536484 [0.48976153]
387999 0.07117324322462082 [0.4911708]
389999 0.03135119751095772 [0.4926117]
391999 0.05399636924266815 [0.4940798]
393999 0.04012276232242584 [0.49603957]
395999 0.05601631850004196 [0.49771827]
397999 0.03828125074505806 [0.4993188]
399999 0.06118078902363777 [0.5007407]
401999 0.0506344772875309 [0.5020979]
403999 0.07076682150363922 [0.50336397]
405999 0.051359403878450394 [0.5046555]
407999 0.058758191764354706 [0.5064249]
409999 0.04961346834897995 [0.5077135]
411999 0.0474231131374836 [0.5093336]
413999 0.05608654022216797 [0.51070666]
415999 0.05917529761791229 [0.5120324]
417999 0.050766486674547195 [0.5135194]
419999 0.06847863644361496 [0.51513314]
421999 0.0363193042576313 [0.5164231]
423999 0.0317179374396801 [0.5182216]
425999 0.03687979653477669 [0.5195895]
427999 0.03289596736431122 [0.52113223]
429999 0.04429502785205841 [0.5224705]
431999 0.05718361586332321 [0.5239835]
433999 0.05291944742202759 [0.5255848]
435999 0.04769345000386238 [0.5267424]
437999 0.05017011612653732 [0.5279914]
439999 0.04794745892286301 [0.5297448]
441999 0.05050075054168701 [0.5309271]
443999 0.04016459733247757 [0.5322762]
445999 0.05605573579668999 [0.53380764]
447999 0.0275807473808527 [0.53532153]
449999 0.036240529268980026 [0.5366246]
451999 0.0458860918879509 [0.5382034]
453999 0.054641664028167725 [0.5395575]
455999 0.053959742188453674 [0.5407967]
457999 0.07208950072526932 [0.5419381]
459999 0.051658134907484055 [0.5430573]
461999 0.04379989951848984 [0.5444925]
463999 0.045473650097846985 [0.5456578]
465999 0.04320395737886429 [0.5467705]
467999 0.052048735320568085 [0.54819584]
469999 0.034169796854257584 [0.54950786]
471999 0.04085243120789528 [0.55076784]
473999 0.05453946813941002 [0.5521577]
475999 0.04777039587497711 [0.55341434]
477999 0.041782911866903305 [0.55476385]
479999 0.049228325486183167 [0.55633336]
481999 0.056026291102170944 [0.5575308]
483999 0.04821734502911568 [0.5589343]
485999 0.06333103030920029 [0.5602522]
487999 0.029551999643445015 [0.561564]
489999 0.06139049306511879 [0.5628058]
491999 0.04160225763916969 [0.5639226]
493999 0.04774763807654381 [0.56520545]
495999 0.03862001374363899 [0.56641513]
497999 0.04255560785531998 [0.56751704]
499999 0.042883504182100296 [0.5687856]
501999 0.05677546188235283 [0.5701906]
503999 0.05269055813550949 [0.5713896]
505999 0.05426448583602905 [0.5726154]
507999 0.026224615052342415 [0.5738078]
509999 0.04602271318435669 [0.57505786]
511999 0.052648525685071945 [0.5761728]
513999 0.04189380258321762 [0.5776005]
515999 0.04133392125368118 [0.5787833]
517999 0.03774019330739975 [0.5798459]
519999 0.047019362449645996 [0.580652]
521999 0.048812370747327805 [0.5817887]
523999 0.046291280537843704 [0.582833]
525999 0.055137209594249725 [0.5841022]
527999 0.033922214061021805 [0.585151]
529999 0.04465220868587494 [0.5863518]
531999 0.04242124408483505 [0.5875238]
533999 0.04433177784085274 [0.5884048]
535999 0.039198074489831924 [0.58934623]
537999 0.04526524990797043 [0.5904533]
539999 0.043955523520708084 [0.5915165]
541999 0.048411931842565536 [0.5927718]
543999 0.04332877695560455 [0.59406334]
545999 0.034790750592947006 [0.5951392]
547999 0.04901513829827309 [0.59626806]
549999 0.042498406022787094 [0.5974138]
551999 0.03963802754878998 [0.598564]
553999 0.04839767515659332 [0.5995527]
555999 0.03986133262515068 [0.6005606]
557999 0.037510693073272705 [0.60174924]
559999 0.05131572484970093 [0.6029933]
561999 0.04342791438102722 [0.6039144]
563999 0.03636479377746582 [0.6048004]
565999 0.04931528866291046 [0.6055162]
567999 0.05385648459196091 [0.6067243]
569999 0.04770607873797417 [0.607495]
571999 0.024794451892375946 [0.6087187]
573999 0.03090573288500309 [0.6097059]
575999 0.03250928968191147 [0.6105667]
577999 0.02935171127319336 [0.6116123]
579999 0.02714424766600132 [0.61247694]
581999 0.04564895108342171 [0.61328286]
583999 0.03841546177864075 [0.61431]
585999 0.03671646490693092 [0.61516714]
587999 0.026691867038607597 [0.6162692]
589999 0.03505566716194153 [0.61721045]
591999 0.05064431577920914 [0.6181591]
593999 0.0591195747256279 [0.6191327]
595999 0.04091763496398926 [0.62005544]
597999 0.029667800292372704 [0.6210404]
599999 0.03233005851507187 [0.6218254]
601999 0.03759691119194031 [0.62307936]
603999 0.028399672359228134 [0.6239049]
605999 0.03939228504896164 [0.62494385]
607999 0.0566866397857666 [0.62565035]
609999 0.05222593992948532 [0.6265057]
611999 0.04268291965126991 [0.62749386]
613999 0.05391431599855423 [0.6283102]
615999 0.03560540825128555 [0.6293633]
617999 0.04364524409174919 [0.63031894]
619999 0.050137486308813095 [0.6311237]
621999 0.03564547747373581 [0.63202375]
623999 0.04066403955221176 [0.63277245]
625999 0.03113546222448349 [0.6335046]
627999 0.04279889911413193 [0.63438827]
629999 0.041346225887537 [0.63510686]
631999 0.04318239167332649 [0.636066]
633999 0.03417428582906723 [0.636786]
635999 0.04006071016192436 [0.63765514]
637999 0.030751356855034828 [0.63869226]
639999 0.043599970638751984 [0.63951504]
641999 0.030699998140335083 [0.64018136]
643999 0.030206169933080673 [0.64085037]
645999 0.05205611139535904 [0.64184475]
647999 0.05101288855075836 [0.64251226]
649999 0.039856210350990295 [0.6433209]
651999 0.052972450852394104 [0.64421177]
653999 0.03414886072278023 [0.6450533]
655999 0.04407966881990433 [0.6457244]
657999 0.0305979885160923 [0.6466661]
659999 0.04098730534315109 [0.6475197]
661999 0.044693682342767715 [0.64814425]
663999 0.03844764828681946 [0.64895463]
665999 0.031700391322374344 [0.6499703]
667999 0.0520973727107048 [0.65065277]
669999 0.03739213943481445 [0.65130085]
671999 0.02067558281123638 [0.65203935]
673999 0.03395552933216095 [0.65299636]
675999 0.06775694340467453 [0.65374607]
677999 0.06075013801455498 [0.65446216]
679999 0.02787342481315136 [0.6552989]
681999 0.04714103415608406 [0.6558045]
683999 0.04104994609951973 [0.656673]
685999 0.04376055672764778 [0.6575373]
687999 0.041718319058418274 [0.65824986]
689999 0.036581121385097504 [0.65904045]
691999 0.04705912619829178 [0.65987015]
693999 0.030620064586400986 [0.6608353]
695999 0.037172939628362656 [0.6616079]
697999 0.04275012016296387 [0.66202545]
699999 0.03235020488500595 [0.66276574]
701999 0.046174220740795135 [0.6635061]
703999 0.03260759264230728 [0.66445446]
705999 0.036189839243888855 [0.664878]
707999 0.03352111577987671 [0.6656198]
709999 0.03232678398489952 [0.6662843]
711999 0.026229925453662872 [0.6669978]
713999 0.04507474973797798 [0.66757905]
715999 0.04477640613913536 [0.668274]
717999 0.0414193794131279 [0.66881007]
719999 0.03983132913708687 [0.6693986]
721999 0.05288537219166756 [0.67024153]
723999 0.02591068483889103 [0.6710173]
725999 0.044284868985414505 [0.6715782]
727999 0.04128222540020943 [0.6722184]
729999 0.034018490463495255 [0.67292356]
731999 0.03425760567188263 [0.67373556]
733999 0.03279556334018707 [0.67443633]
735999 0.034270696341991425 [0.6751744]
737999 0.04901441931724548 [0.67594856]
739999 0.04758452624082565 [0.67639714]
741999 0.0389389805495739 [0.6770043]
743999 0.028059516102075577 [0.6775305]
745999 0.04313239827752113 [0.6781314]
747999 0.03360692784190178 [0.6786443]
749999 0.033691246062517166 [0.6794815]
751999 0.038474440574645996 [0.6801325]
753999 0.026642849668860435 [0.6808642]
755999 0.020222682505846024 [0.6814628]
757999 0.021968774497509003 [0.6821464]
759999 0.033746279776096344 [0.6829439]
761999 0.024262845516204834 [0.68345845]
763999 0.04384683817625046 [0.6839538]
765999 0.02867644466459751 [0.6844849]
767999 0.04126051813364029 [0.6852276]
769999 0.04146733507514 [0.68571144]
771999 0.035100165754556656 [0.68615043]
773999 0.04490818828344345 [0.68687683]
775999 0.03258582577109337 [0.68760324]
777999 0.02773483470082283 [0.68815154]
779999 0.03016321361064911 [0.6888105]
781999 0.027913251891732216 [0.68936616]
783999 0.04329509660601616 [0.69012254]
785999 0.03033752553164959 [0.69059104]
787999 0.022908680140972137 [0.691234]
789999 0.030583268031477928 [0.6919878]
791999 0.025377869606018066 [0.6927047]
793999 0.028433162719011307 [0.6932721]
795999 0.0332687608897686 [0.6940169]
797999 0.03979847952723503 [0.6945054]
799999 0.05020924285054207 [0.695039]
801999 0.029497576877474785 [0.6958924]
803999 0.027190811932086945 [0.6964366]
805999 0.033453188836574554 [0.69700557]
807999 0.030993668362498283 [0.69763243]
809999 0.029693173244595528 [0.69826525]
811999 0.029893767088651657 [0.69874835]
813999 0.03084426373243332 [0.6995249]
815999 0.04138637334108353 [0.6999815]
817999 0.034155476838350296 [0.70021313]
819999 0.03893638402223587 [0.70079803]
821999 0.03494218364357948 [0.7014104]
823999 0.030424488708376884 [0.7019587]
825999 0.0400221161544323 [0.7025313]
827999 0.03158792480826378 [0.70317835]
829999 0.03889038786292076 [0.7035144]
831999 0.027148956432938576 [0.70395905]
833999 0.026416966691613197 [0.7045573]
835999 0.029583601281046867 [0.7049442]
837999 0.032103534787893295 [0.7054896]
839999 0.04294731840491295 [0.70601225]
841999 0.02222292870283127 [0.7067158]
843999 0.027204522863030434 [0.7072196]
845999 0.028937820345163345 [0.70778495]
847999 0.03584439307451248 [0.7082941]
849999 0.025285977870225906 [0.70873445]
851999 0.02457442879676819 [0.709422]
853999 0.03449255973100662 [0.7098781]
855999 0.038215793669223785 [0.7102798]
857999 0.035213716328144073 [0.7108674]
859999 0.03133850172162056 [0.7112632]
861999 0.021972941234707832 [0.71182483]
863999 0.029794219881296158 [0.71228546]
865999 0.040116336196660995 [0.71282816]
867999 0.05079908296465874 [0.7133609]
869999 0.03350542485713959 [0.7140811]
871999 0.020852982997894287 [0.7145696]
873999 0.04910777509212494 [0.71491617]
875999 0.03973458334803581 [0.71539193]
877999 0.030125770717859268 [0.7159321]
879999 0.022159457206726074 [0.7163726]
881999 0.04031170904636383 [0.71689063]
883999 0.023893307894468307 [0.7175372]
885999 0.030810756608843803 [0.71805316]
887999 0.03530239686369896 [0.71846575]
889999 0.028052113950252533 [0.7189201]
891999 0.025251425802707672 [0.719383]
893999 0.02875087410211563 [0.71982324]
895999 0.03438948467373848 [0.7201602]
897999 0.032136742025613785 [0.7205264]
899999 0.032665494829416275 [0.72106034]
901999 0.030893336981534958 [0.72126585]
903999 0.03293215110898018 [0.7219208]
905999 0.040492091327905655 [0.722369]
907999 0.024720150977373123 [0.72278845]
909999 0.036076851189136505 [0.72331023]
911999 0.03151822090148926 [0.7239298]
913999 0.015403106808662415 [0.7242922]
915999 0.02453782968223095 [0.7246323]
917999 0.0233558751642704 [0.7250308]
919999 0.024713238701224327 [0.7255584]
921999 0.040181346237659454 [0.7258629]
923999 0.049960002303123474 [0.7263811]
925999 0.029063118621706963 [0.72697806]
927999 0.04076877981424332 [0.72741735]
929999 0.024163322523236275 [0.727833]
931999 0.03849589452147484 [0.72825015]
933999 0.030284205451607704 [0.7286031]
935999 0.030977515503764153 [0.7291958]
937999 0.028220433741807938 [0.7298194]
939999 0.039210498332977295 [0.7301867]
941999 0.030846383422613144 [0.730566]
943999 0.043114785104990005 [0.73097694]
945999 0.03231439366936684 [0.7313826]
947999 0.03971140831708908 [0.7316231]
949999 0.03113875351846218 [0.73200744]
951999 0.028626255691051483 [0.73235905]
953999 0.038925714790821075 [0.7327589]
955999 0.01866656169295311 [0.7332285]
957999 0.027669686824083328 [0.7335604]
959999 0.03871072083711624 [0.7336951]
961999 0.025123566389083862 [0.73409283]
963999 0.034547362476587296 [0.7347043]
965999 0.0313744992017746 [0.73513746]
967999 0.02601182460784912 [0.7356048]
969999 0.029189804568886757 [0.735909]
971999 0.02665523998439312 [0.7363728]
973999 0.028775865212082863 [0.7367776]
975999 0.029725531116127968 [0.7370607]
977999 0.02917463704943657 [0.7375199]
979999 0.037783436477184296 [0.7379642]
981999 0.026240143924951553 [0.73838687]
983999 0.029298920184373856 [0.7389584]
985999 0.025579819455742836 [0.7394424]
987999 0.028631428256630898 [0.7399185]
989999 0.025003552436828613 [0.74031484]
991999 0.03719216585159302 [0.7407]
993999 0.02482769824564457 [0.74097705]
995999 0.0352005772292614 [0.7411801]
997999 0.03884130343794823 [0.74133205]
999999 0.030769571661949158 [0.74162257]
1001999 0.02691684663295746 [0.7419938]
1003999 0.02372019551694393 [0.7422318]
1005999 0.03147881478071213 [0.7425392]
1007999 0.02997143752872944 [0.74308515]
1009999 0.029977208003401756 [0.7436621]
1011999 0.0233693215996027 [0.7441316]
1013999 0.0308229960501194 [0.744676]
1015999 0.028264939785003662 [0.7448752]
1017999 0.03647395968437195 [0.7451798]
1019999 0.030328163877129555 [0.7454395]
1021999 0.024822572246193886 [0.7457522]
1023999 0.032459694892168045 [0.74612695]
1025999 0.04023268446326256 [0.74651194]
1027999 0.04117117449641228 [0.74685144]
1029999 0.03132984787225723 [0.7472893]
1031999 0.02149023488163948 [0.7479422]
1033999 0.036574434489011765 [0.74831915]
1035999 0.03240228444337845 [0.74861324]
1037999 0.029027670621871948 [0.74899]
1039999 0.028253601863980293 [0.7493925]
1041999 0.03610629588365555 [0.74967605]
1043999 0.027819117531180382 [0.74973106]
[0.7497174]
1999 15.512721061706543 [0.00107828]
3999 12.513765335083008 [-0.00017037]
5999 9.691563606262207 [-0.00123782]
7999 14.00462818145752 [-0.00187324]
9999 10.917668342590332 [-0.00235751]
11999 8.265458106994629 [-0.00261715]
13999 6.418418884277344 [-0.00279283]
15999 5.712259292602539 [-0.0028265]
17999 7.459991455078125 [-0.00260918]
19999 5.021594524383545 [-0.00226277]
21999 4.093106746673584 [-0.00128325]
23999 7.665019512176514 [-0.00051452]
25999 4.248143672943115 [0.00079069]
27999 3.5726678371429443 [0.00175531]
29999 4.910256385803223 [0.00304008]
31999 3.6582858562469482 [0.00490867]
33999 3.2656261920928955 [0.00664397]
35999 3.487748861312866 [0.00824424]
37999 2.2303037643432617 [0.01030623]
39999 2.1618456840515137 [0.0121173]
41999 2.447056293487549 [0.01417456]
43999 1.714959979057312 [0.01606459]
45999 1.6906111240386963 [0.01830471]
47999 1.5292986631393433 [0.02094704]
49999 1.1078182458877563 [0.02356699]
51999 1.1189273595809937 [0.02584345]
53999 1.0916824340820312 [0.02893491]
55999 1.2024526596069336 [0.0317429]
57999 0.7542850375175476 [0.03493953]
59999 0.704814612865448 [0.0381448]
61999 1.0477023124694824 [0.04103865]
63999 1.059177279472351 [0.04410649]
65999 0.9257181882858276 [0.04767878]
67999 0.633992612361908 [0.05136947]
69999 0.6235477924346924 [0.05505706]
71999 0.454365998506546 [0.0586278]
73999 0.46145033836364746 [0.06242649]
75999 0.4751761555671692 [0.06648909]
77999 0.42700719833374023 [0.07049751]
79999 0.2620200216770172 [0.07473709]
[0.07640286]
