cuda:0
Preparing datasets...
Preparing networks...
Fitting two-layer networks...
Generating network with reg level 0
modifying second layer regularization...
Generating network with reg level 0.1
modifying second layer regularization...
Generating network with reg level 0.3
modifying second layer regularization...
Generating dataframes...
Working on regularization level 0
[-0.00948007 -0.00390647]
99 18.7879466796875 0.1796
[-0.01010946 -0.0031757 ]
99 14.700166015625 0.2299
[-0.00893244 -0.00228798]
99 12.23541171875 0.2898
[-0.0084081  -0.00129106]
99 10.404323559570312 0.3421
[-0.00693961 -0.00025473]
99 8.98344541015625 0.3856
[-0.00593671  0.00078582]
99 7.866441918945313 0.4283
[-0.0061742  0.0017953]
99 6.991373364257813 0.4702
[-0.00260005  0.00275858]
99 6.306861083984375 0.5024
[-0.00162235  0.003667  ]
99 5.764909875488281 0.5354
[-0.00082789  0.00452518]
99 5.325256787109375 0.5585
[0.00111143 0.00533435]
99 4.961720043945313 0.5797
[-0.00191364  0.00609705]
99 4.660901708984375 0.5986
[0.00059529 0.00682104]
99 4.404547143554687 0.615
[0.00202626 0.00750251]
99 4.185084875488282 0.6276
[0.00170394 0.00815053]
99 3.9935979125976564 0.6397
[0.00242794 0.00877309]
99 3.8251896057128905 0.6514
[0.00496088 0.00936649]
99 3.6754312255859376 0.6605
[0.00443244 0.00993673]
99 3.5433773498535155 0.6685
[0.00548054 0.01048162]
99 3.423732922363281 0.6772
[0.00648122 0.01100752]
99 3.315704168701172 0.6857
[0.00619558 0.01151275]
99 3.2174731719970704 0.6932
[0.00468739 0.01199785]
99 3.128182113647461 0.6997
[0.00716939 0.01246548]
99 3.0467902435302734 0.7068
[0.00734238 0.01291843]
99 2.972753268432617 0.7135
[0.00822158 0.01335741]
99 2.9035225616455076 0.7203
[0.00878456 0.01377913]
99 2.8398537994384765 0.7243
[0.00868299 0.01418992]
99 2.7802792510986327 0.73
[0.00948976 0.01458711]
99 2.7257390655517577 0.7347
[0.00944656 0.01497694]
99 2.6750744812011717 0.7392
[0.00981661 0.01535443]
99 2.627278314208984 0.7427
[0.01097058 0.01571961]
99 2.5826382385253908 0.7458
[0.01217719 0.01608172]
99 2.5401437622070313 0.7478
[0.01095017 0.01643159]
99 2.500675866699219 0.752
[0.01134241 0.01677362]
99 2.462985775756836 0.7557
[0.01269519 0.0171042 ]
99 2.427584701538086 0.7593
[0.01567788 0.01743349]
99 2.3936573455810546 0.762
[0.01278698 0.01775157]
99 2.3612770416259767 0.7653
[0.0162602  0.01806237]
99 2.3310679016113283 0.7682
[0.01510721 0.01836953]
99 2.3014377059936524 0.7713
[0.01403246 0.01866901]
99 2.2741889755249023 0.774
[0.01660595 0.01896221]
99 2.2471591217041014 0.7762
[0.01495806 0.01924957]
99 2.221569747924805 0.7786
[0.01431626 0.01953248]
99 2.1970489318847655 0.7807
[0.01602985 0.0198075 ]
99 2.1734581466674805 0.7825
[0.01767898 0.02008038]
99 2.1501049911499024 0.7844
[0.01771858 0.02034798]
99 2.128898225402832 0.786
[0.01595525 0.02060929]
99 2.107584371948242 0.7874
[0.01820548 0.0208664 ]
99 2.087017611694336 0.7898
[0.01639392 0.02112097]
99 2.0674938034057617 0.7911
[0.01821406 0.02137171]
99 2.04868713684082 0.7935
[0.01735265 0.02161676]
99 2.0299203689575194 0.795
[0.02047862 0.02185945]
99 2.012688023376465 0.7964
[0.01824611 0.02209953]
99 1.9964647491455079 0.7975
[0.01806024 0.02233439]
99 1.9791491333007813 0.7997
[0.01766111 0.02256734]
99 1.9635867019653321 0.8008
[0.01998671 0.02279506]
99 1.947426043701172 0.8017
[0.01818093 0.02302252]
99 1.9322917251586913 0.8029
[0.01985136 0.02324399]
99 1.9173023559570312 0.8045
[0.01824753 0.02346398]
99 1.9028651077270509 0.8059
[0.01866858 0.02368   ]
99 1.8887546432495117 0.8079
[0.02088783 0.02389538]
99 1.8751032913208008 0.8086
[0.02071162 0.02410675]
99 1.862086508178711 0.8106
[0.02025271 0.02431546]
99 1.849373405456543 0.8114
[0.02258553 0.0245208 ]
99 1.836661245727539 0.8124
[0.02358145 0.02472607]
99 1.8239305587768555 0.8132
[0.02184019 0.02492862]
99 1.8120641555786132 0.8139
[0.02244917 0.02512813]
99 1.7997709411621094 0.8151
[0.02292698 0.0253265 ]
99 1.78925697555542 0.817
[0.02218383 0.02552116]
99 1.7781006095886231 0.8182
[0.02251548 0.02571292]
99 1.7674612594604493 0.8194
[0.02370159 0.02590553]
99 1.756284546661377 0.8204
[0.02416159 0.02609475]
99 1.74593550491333 0.8209
[0.02096266 0.02628334]
99 1.7360754104614258 0.8213
[0.02279506 0.02647057]
99 1.7256181594848632 0.8224
[0.02418149 0.02665489]
99 1.7161330253601075 0.8227
[0.02344617 0.02683772]
99 1.7065325721740723 0.8236
[0.02334581 0.02701772]
99 1.6971483596801757 0.8247
[0.02745572 0.02719651]
99 1.688392865753174 0.8254
[0.02511818 0.02737392]
99 1.6788874969482421 0.826
[0.02585263 0.02755075]
99 1.6701108428955078 0.8265
[0.02416012 0.02772455]
99 1.6612936012268067 0.8268
[0.02703768 0.02789746]
99 1.652531470489502 0.828
[0.02609121 0.02806913]
99 1.6443614318847657 0.8283
[0.02660888 0.0282394 ]
99 1.6358635452270507 0.829
[0.02566755 0.02840723]
99 1.6279317916870117 0.8289
[0.02669726 0.02857329]
99 1.6199726768493652 0.8301
[0.02815577 0.0287395 ]
99 1.6122460174560547 0.8306
[0.02652428 0.02890691]
99 1.604984935760498 0.8314
[0.02808295 0.0290697 ]
99 1.5974121131896972 0.832
[0.02536542 0.02923274]
99 1.5903177421569825 0.8324
[0.02699039 0.02939319]
99 1.582762728881836 0.8328
[0.02708006 0.02955299]
99 1.5758414100646974 0.8334
[0.03015784 0.02971225]
99 1.5685634651184082 0.8339
[0.02693306 0.02986988]
99 1.562004273223877 0.8345
[0.02738372 0.03002529]
99 1.5545222679138184 0.8351
[0.02701002 0.03018189]
99 1.5476715438842774 0.8362
[0.02827299 0.03033587]
99 1.5410011047363281 0.8362
[0.0281918  0.03048847]
99 1.5349300148010254 0.8369
[0.02939095 0.03064163]
99 1.52862869720459 0.8366
[0.03122223 0.03079332]
99 1.5227608871459961 0.838
[0.02785574 0.03094373]
99 1.515922850036621 0.8384
[0.03038595 0.0310942 ]
99 1.510050873565674 0.8392
[0.02913087 0.03124373]
99 1.5043076850891113 0.84
[0.02796792 0.03138894]
99 1.4980513671875 0.8402
[0.02839912 0.0315368 ]
99 1.4919417671203614 0.8406
[0.03125203 0.03168311]
99 1.486190390777588 0.8409
[0.03129444 0.03182999]
99 1.480748935699463 0.8419
[0.02854912 0.03197625]
99 1.47536181640625 0.8424
[0.03082235 0.03211848]
99 1.469892391204834 0.8425
[0.03228327 0.032262  ]
99 1.4644093124389648 0.8433
[0.03126265 0.03240556]
99 1.458755768585205 0.8436
[0.03136746 0.03254621]
99 1.4533326042175292 0.8442
[0.03005445 0.03268654]
99 1.4485192680358887 0.8447
[0.03095003 0.03282852]
99 1.4434406478881836 0.8453
[0.03231838 0.03296645]
99 1.43799370803833 0.8459
[0.03246254 0.03310674]
99 1.4329619956970214 0.8461
[0.0338548 0.0332468]
99 1.4282940689086914 0.8463
[0.02968525 0.03338297]
99 1.4231243461608887 0.8469
[0.03240912 0.03351989]
99 1.4184332977294922 0.8473
[0.03328673 0.03365662]
99 1.4135546340942382 0.8477
[0.03242715 0.0337929 ]
99 1.4088667373657227 0.8488
[0.03188015 0.03392786]
99 1.4041086303710937 0.849
[0.03290497 0.03406282]
99 1.399724697113037 0.8493
[0.03332286 0.03419743]
99 1.3953315551757812 0.8493
[0.03163846 0.03433106]
99 1.3910797721862793 0.8499
[0.03218362 0.03446412]
99 1.3861836868286133 0.8502
[0.03402668 0.03459588]
99 1.3819849075317383 0.8504
[0.03269297 0.03472922]
99 1.3780108894348144 0.8508
[0.03341683 0.03486153]
99 1.3735221740722656 0.8506
[0.03473296 0.034991  ]
99 1.3688637397766112 0.8509
[0.03457771 0.03512194]
99 1.3646507446289062 0.8512
[0.03230372 0.03525246]
99 1.3606675872802734 0.8513
[0.03489047 0.03538271]
99 1.3569022354125977 0.8518
[0.03381878 0.03550887]
99 1.3524088752746581 0.8521
[0.03373814 0.03563865]
99 1.3484732093811036 0.8524
[0.0339645 0.0357675]
99 1.3446923755645752 0.8528
[0.03530324 0.03589414]
99 1.340263171005249 0.8532
[0.03437425 0.03602104]
99 1.3368266677856446 0.8532
[0.03399416 0.03614822]
99 1.332738655090332 0.8538
[0.0353088  0.03627522]
99 1.3292093837738037 0.8539
[0.03527779 0.03639986]
99 1.3252839649200439 0.854
[0.03663203 0.03652712]
99 1.3219931922912598 0.8544
[0.03727803 0.03665133]
99 1.318134030151367 0.8544
[0.03551058 0.03677487]
99 1.314065935897827 0.8551
[0.03643952 0.03689947]
99 1.3104562740325927 0.8556
[0.03636637 0.03702439]
99 1.307009638595581 0.8557
[0.03750039 0.03714747]
99 1.3035050106048585 0.8563
[0.03647534 0.03727089]
99 1.300052117538452 0.8564
[0.03854282 0.03739244]
99 1.2963788604736328 0.8566
[0.0380655 0.0375157]
99 1.2926875854492188 0.8569
[0.03629034 0.03763922]
99 1.2895280620574952 0.8572
[0.0384798  0.03775994]
99 1.2857313110351563 0.8573
[0.03891905 0.03788192]
99 1.2828032119750976 0.8577
[0.03788419 0.03800191]
99 1.2793128959655762 0.8581
[0.03815177 0.03812211]
99 1.2757960372924804 0.8585
[0.03889703 0.03824231]
99 1.2725144325256348 0.8589
[0.03553949 0.03836326]
99 1.2693715003967285 0.859
[0.04109669 0.03848299]
99 1.2659904525756835 0.8591
[0.04102605 0.03860252]
99 1.2629486854553222 0.8593
[0.03869105 0.03872012]
99 1.259760488510132 0.8597
[0.03896806 0.03883938]
99 1.2566424449920655 0.8595
[0.03992818 0.03895936]
99 1.253728672027588 0.8596
[0.04082173 0.03907608]
99 1.2504417541503907 0.8599
[0.03996553 0.03919415]
99 1.2472457901000977 0.8599
[0.03891547 0.03931182]
99 1.2443067253112794 0.8606
[0.04131874 0.03942947]
99 1.241607134628296 0.8606
[0.04081929 0.03954659]
99 1.2382850128173828 0.8609
[0.03909751 0.03966295]
99 1.2356074302673339 0.8611
[0.03900959 0.03977906]
99 1.2322086444854736 0.8611
[0.0399425  0.03989386]
99 1.2290802639007568 0.8617
[0.03859292 0.04000979]
99 1.2263286430358886 0.8616
[0.03871498 0.04012438]
99 1.2234044639587403 0.8621
[0.0423939  0.04024033]
99 1.220752614593506 0.8625
[0.04114912 0.0403571 ]
99 1.2181305686950683 0.8631
[0.04006815 0.04047106]
99 1.2152788860321044 0.8627
[0.03858221 0.04058679]
99 1.2124760498046876 0.8635
[0.04029864 0.04070156]
99 1.2098570640563966 0.8635
[0.04365658 0.04081528]
99 1.207218701171875 0.8636
[0.04108263 0.04092816]
99 1.2041134487152099 0.8634
[0.04163712 0.04104327]
99 1.201634183883667 0.8639
[0.0421688 0.0411554]
99 1.1990061275482178 0.8641
[0.04165624 0.04126799]
99 1.1963633598327637 0.8644
[0.04232076 0.04138197]
99 1.1935110942840577 0.8648
[0.04167007 0.04149421]
99 1.1907940803527832 0.8653
[0.04353434 0.04160612]
99 1.1884498626708984 0.8653
[0.04257067 0.04171911]
99 1.185816060256958 0.8657
[0.04224633 0.04182953]
99 1.1831404689788818 0.8661
[0.04283714 0.04194147]
99 1.1804993595123292 0.8664
[0.04378628 0.04205342]
99 1.1780852363586425 0.8664
[0.04287178 0.04216423]
99 1.175497617340088 0.8667
[0.04295662 0.04227633]
99 1.1731852348327636 0.8668
[0.04313722 0.04238734]
99 1.1706321998596192 0.8671
[0.04072826 0.04249801]
99 1.1680737781524657 0.8674
[0.04219876 0.04260856]
99 1.1656307846069336 0.8678
[0.04572437 0.04272001]
99 1.1633867019653321 0.8678
[0.04297555 0.04283027]
99 1.1610845962524414 0.868
[0.04475883 0.04294095]
99 1.1587881690979005 0.8686
[0.04439329 0.04304942]
99 1.1562189975738526 0.8689
[0.04397606 0.04315772]
99 1.153773454284668 0.8692
[0.04480573 0.04326795]
99 1.1514455924987792 0.8694
[0.04394299 0.04337769]
99 1.1490884117126465 0.8695
[0.04578101 0.04348575]
99 1.1466617786407471 0.8696
[0.04413811 0.04359595]
99 1.1445280082702636 0.8699
[0.04669083 0.04370357]
99 1.1422019771575929 0.8701
[0.04562731 0.04381165]
99 1.1397553916931151 0.87
[0.04594016 0.04392104]
99 1.1377587928771973 0.8704
[0.04438688 0.04403022]
99 1.135765380859375 0.8705
[0.04608382 0.04413924]
99 1.1336398944854735 0.8708
[0.046258   0.04424477]
99 1.1311402153015138 0.8713
[0.044581   0.04435256]
99 1.1289071048736572 0.8713
[0.0442729  0.04445992]
99 1.1266858707427978 0.8713
[0.04537376 0.0445674 ]
99 1.1245995449066162 0.8714
[0.04625688 0.04467379]
99 1.12230987739563 0.8713
[0.04554063 0.04478097]
99 1.120368019104004 0.8711
[0.04644993 0.04488834]
99 1.1183408615112305 0.8715
[0.04580329 0.04499544]
99 1.1162544258117675 0.8714
[0.04609588 0.04510194]
99 1.1142087791442872 0.872
[0.04821782 0.04520692]
99 1.1119866271972656 0.8723
[0.04838885 0.04531394]
99 1.1100198314666747 0.872
[0.04858442 0.04541996]
99 1.1079455226898194 0.8723
[0.04696317 0.04552465]
99 1.1056457637786865 0.8723
[0.04729101 0.04562978]
99 1.1036521183013916 0.872
[0.04638784 0.04573709]
99 1.101898276901245 0.8725
[0.04859547 0.04584115]
99 1.0996066204071044 0.8724
[0.04751537 0.04594614]
99 1.0977001174926757 0.8726
[0.04811963 0.04605179]
99 1.0957578693389893 0.8729
[0.0487208  0.04615684]
99 1.0937677658081055 0.8732
[0.04716175 0.04626127]
99 1.0918006454467772 0.8731
[0.04872797 0.04636483]
99 1.089564651107788 0.8736
[0.04743891 0.04646977]
99 1.08776969871521 0.8737
[0.04629792 0.04657508]
99 1.0859634788513184 0.8736
[0.04762928 0.04667756]
99 1.083892067337036 0.8739
[0.04932052 0.04678309]
99 1.082157518005371 0.874
[0.05012108 0.0468866 ]
99 1.080249320602417 0.8743
[0.04850278 0.04698944]
99 1.0782094711303711 0.8746
[0.04865208 0.04709423]
99 1.0765437351226808 0.8749
[0.04796223 0.04719757]
99 1.0747088001251222 0.8751
[0.049502   0.04730128]
99 1.0729661037445068 0.8754
[0.04776322 0.04740417]
99 1.0711379173278808 0.8753
[0.05082358 0.04750698]
99 1.069078763961792 0.8756
[0.04924269 0.04760998]
99 1.0672671611785889 0.8761
[0.05239775 0.04771199]
99 1.065427456665039 0.8761
[0.0493749  0.04781438]
99 1.0635401866912841 0.8765
[0.04889495 0.04791713]
99 1.061813540649414 0.8766
[0.0520975  0.04802016]
99 1.0599582775115968 0.8767
[0.05187923 0.04812229]
99 1.0582046222686767 0.8767
[0.05168433 0.04822413]
99 1.0563192478179932 0.8763
[0.05029399 0.04832602]
99 1.054620799255371 0.8772
[0.05090459 0.04842821]
99 1.0528989582061767 0.8772
[0.05173668 0.04852968]
99 1.0510137565612794 0.8773
[0.04909467 0.04863086]
99 1.0493268726348877 0.8773
[0.04982748 0.04873328]
99 1.0476919246673584 0.8776
[0.05182903 0.04883456]
99 1.045897552871704 0.8779
[0.05245554 0.04893627]
99 1.0442444812774658 0.8781
[0.05016919 0.04903746]
99 1.0426092872619628 0.878
[0.0514955  0.04913783]
99 1.0408277423858643 0.8783
[0.05295533 0.04923905]
99 1.0391668521881103 0.8782
[0.05176099 0.04933951]
99 1.037541460800171 0.8785
[0.05274787 0.04943947]
99 1.0357510036468507 0.8786
[0.05488656 0.04954116]
99 1.0340454246520996 0.8785
[0.0521739  0.04964092]
99 1.032397477722168 0.8791
[0.05337382 0.04974096]
99 1.030625301361084 0.8786
[0.05389221 0.0498418 ]
99 1.029245803833008 0.8789
[0.0539544  0.04994214]
99 1.0276619731903076 0.8793
[0.04978582 0.05004298]
99 1.0260828937530517 0.8793
[0.05116047 0.0501432 ]
99 1.024566672515869 0.8796
[0.05362776 0.05024438]
99 1.023011566543579 0.8794
[0.05312188 0.05034348]
99 1.0214444774627685 0.8794
[0.05516642 0.05044173]
99 1.0196696300506591 0.88
[0.05183339 0.05054186]
99 1.018071942138672 0.8799
[0.05302898 0.05064094]
99 1.0163899688720703 0.8799
[0.05285086 0.05074055]
99 1.014870442199707 0.8804
[0.05266366 0.0508392 ]
99 1.0130814334869385 0.88
[0.05239828 0.05093862]
99 1.011568930053711 0.8803
[0.05339421 0.05103897]
99 1.0101061080932616 0.8807
[0.05483491 0.05113795]
99 1.0086841354370117 0.8804
[0.0519814  0.05123698]
99 1.0072091480255128 0.8809
[0.05489562 0.05133643]
99 1.0058093322753907 0.8811
[0.0532049  0.05143398]
99 1.0041486461639404 0.8813
[0.05457041 0.05153299]
99 1.0026550151824951 0.8814
[0.05263912 0.05163117]
99 1.0010491691589356 0.8817
[0.05296288 0.05172977]
99 0.9996332473754883 0.8816
[0.05399052 0.05182748]
99 0.997995337677002 0.8819
[0.05513254 0.05192734]
99 0.9966455657958985 0.8818
[0.05507903 0.05202459]
99 0.9950451866149902 0.8816
[0.05601957 0.05212434]
99 0.9938157772064209 0.8823
[0.05722822 0.05222192]
99 0.9921926769256592 0.8822
[0.05595106 0.0523206 ]
99 0.9908894439697266 0.8829
[0.05371436 0.05241785]
99 0.9893049770355224 0.883
[0.05461905 0.0525158 ]
99 0.9879226333618164 0.883
[0.05524295 0.05261312]
99 0.9864752490997315 0.883
[0.05637226 0.05271119]
99 0.9851275547027588 0.8832
[0.05616757 0.05280841]
99 0.9836497600555419 0.8833
[0.05575551 0.05290607]
99 0.9822384441375732 0.8835
[0.05479037 0.05300396]
99 0.9809233345031738 0.8834
[0.0552523  0.05310198]
99 0.9795247509002686 0.8836
[0.05681419 0.05319859]
99 0.9779857002258301 0.8836
[0.0561069  0.05329617]
99 0.9766942634582519 0.8841
[0.05574064 0.05339313]
99 0.9752605514526367 0.8843
[0.05839672 0.05348994]
99 0.9738355789184571 0.8847
Working on regularization level 0.1
[-0.01164254 -0.00388735]
99 16.74608896484375 0.181
[-0.00954686 -0.00306344]
99 11.577291064453124 0.2419
[-0.00805883 -0.0019925 ]
99 8.398446142578125 0.3154
[-0.00918639 -0.00073823]
99 6.168883569335938 0.3838
[-0.00917912  0.0006012 ]
99 4.593689306640625 0.4493
[-0.00504797  0.00195188]
99 3.5030613708496094 0.5107
[-0.00391465  0.00326478]
99 2.738670751953125 0.5617
[-0.00313517  0.00451967]
99 2.192465560913086 0.6054
[-0.00272173  0.00572253]
99 1.79234345703125 0.6366
[-0.00073341  0.00687683]
99 1.4923795166015625 0.667
[-0.00097672  0.0080181 ]
99 1.26208935546875 0.6959
[0.0011272  0.00912947]
99 1.0848755416870117 0.7169
[0.00158555 0.01024503]
99 0.9466017883300781 0.739
[0.00400161 0.01137138]
99 0.8376369552612305 0.7581
[0.0029103  0.01252779]
99 0.7522532417297363 0.7747
[0.0050388  0.01374137]
99 0.6846054107666015 0.7881
[0.00701694 0.01503358]
99 0.6316586158752442 0.8031
[0.00924613 0.01641452]
99 0.5903293243408203 0.8165
[0.00910713 0.01793482]
99 0.5585608413696289 0.8281
[0.01411962 0.01960762]
99 0.5339366378784179 0.8386
[0.0149598  0.02148191]
99 0.5156231605529785 0.8468
[0.0175187  0.02358962]
99 0.5020857696533203 0.8547
[0.01918986 0.02594584]
99 0.491761417388916 0.8622
[0.02306022 0.0285978 ]
99 0.4841003257751465 0.8689
[0.02647579 0.03158536]
99 0.47856582641601564 0.8744
[0.02739332 0.03491893]
99 0.4742213279724121 0.8796
[0.03324995 0.03862024]
99 0.4716653060913086 0.8844
[0.03730001 0.04271301]
99 0.4693445053100586 0.8886
[0.04053044 0.04724073]
99 0.4675872108459473 0.8915
[0.04692796 0.05219942]
99 0.4663587608337402 0.8945
[0.05114702 0.05754218]
99 0.46552662887573243 0.897
[0.05696043 0.06329036]
99 0.4647771018981934 0.8982
[0.06500989 0.06938577]
99 0.46411427764892577 0.8986
[0.07230645 0.07575365]
99 0.4635568138122559 0.9002
[0.07863201 0.08237437]
99 0.4633246269226074 0.9012
[0.08485316 0.08920801]
99 0.4628954261779785 0.9017
[0.09132172 0.09613362]
99 0.4625846748352051 0.9018
[0.10423287 0.10313901]
99 0.46217758712768553 0.9026
[0.1073911  0.10995774]
99 0.4618046058654785 0.9035
[0.11206232 0.11664549]
99 0.4614448043823242 0.9039
[0.12074274 0.12317561]
99 0.46089620361328126 0.9045
[0.13006237 0.12943839]
99 0.4606597862243652 0.9046
[0.13334945 0.13532263]
99 0.4606458290100098 0.9049
[0.13856687 0.14095685]
99 0.4597861885070801 0.9052
[0.14758992 0.14623776]
99 0.45955623474121093 0.9046
[0.15411353 0.15120648]
99 0.4591460662841797 0.9049
[0.15761214 0.15590514]
99 0.45897007064819334 0.9049
[0.15943812 0.16025352]
99 0.45846875 0.9052
[0.16447508 0.16442482]
99 0.4581683395385742 0.9051
[0.16975617 0.1682933 ]
99 0.4579355224609375 0.9055
[0.17470689 0.17198902]
99 0.45742643432617186 0.9066
[0.17597602 0.17549896]
99 0.4569508361816406 0.9049
[0.18319778 0.1788938 ]
99 0.45703675537109373 0.9054
[0.18416433 0.18203774]
99 0.45659126358032226 0.905
[0.1864889  0.18512456]
99 0.4560106117248535 0.9057
[0.18836947 0.18814267]
99 0.4557112213134766 0.9053
[0.19433726 0.19104488]
99 0.4554317756652832 0.9058
[0.19665596 0.19384788]
99 0.4549996681213379 0.9049
[0.19861601 0.19656527]
99 0.4544172622680664 0.9058
[0.2041576  0.19929126]
99 0.45409830627441405 0.9061
[0.20378935 0.20192122]
99 0.4537013648986816 0.9052
[0.21053287 0.20457919]
99 0.4531486557006836 0.9059
[0.20979235 0.20712045]
99 0.45272877502441405 0.9062
[0.21332133 0.20965712]
99 0.4527101058959961 0.906
[0.2140537  0.21206242]
99 0.45218746337890625 0.9063
[0.22383733 0.21461253]
99 0.4519338409423828 0.906
[0.22064947 0.21700372]
99 0.4512226501464844 0.9057
[0.22311005 0.21945418]
99 0.4507455436706543 0.905
[0.22787817 0.22195464]
99 0.4504013717651367 0.9065
[0.2314942  0.22433618]
99 0.4501440170288086 0.9059
[0.23297986 0.22670664]
99 0.44972944564819334 0.9054
[0.23320402 0.2290547 ]
99 0.4493511589050293 0.9062
[0.23910147 0.23143347]
99 0.4487681076049805 0.9061
[0.23701173 0.23371089]
99 0.44846912384033205 0.9063
[0.24203657 0.2360256 ]
99 0.44765049591064454 0.9059
[0.24755469 0.23835309]
99 0.44742204513549805 0.9064
[0.24367878 0.24056944]
99 0.446870556640625 0.9059
[0.24738987 0.24288768]
99 0.44663014755249025 0.9061
[0.24955511 0.24510945]
99 0.4459252380371094 0.9058
[0.25388756 0.24731205]
99 0.4458279541015625 0.9059
[0.25488827 0.24953537]
99 0.44522862396240237 0.9057
[0.2591132 0.2518085]
99 0.44485560989379885 0.9059
[0.2598524  0.25400898]
99 0.4443528633117676 0.9062
[0.26300374 0.25622118]
99 0.4440514801025391 0.9067
[0.26490068 0.2584044 ]
99 0.4433260513305664 0.906
[0.2692344  0.26049024]
99 0.44306037368774415 0.9062
[0.26993263 0.26268464]
99 0.4424749412536621 0.9061
[0.2739719  0.26476684]
99 0.4419938804626465 0.9063
[0.27574882 0.26691148]
99 0.4419361862182617 0.9061
[0.27316305 0.26910648]
99 0.44123288803100585 0.9067
[0.27785808 0.27118987]
99 0.4408904472351074 0.9063
[0.27858105 0.2732453 ]
99 0.4401648994445801 0.9065
[0.28071874 0.27532145]
99 0.4400811325073242 0.9064
[0.28582484 0.27743343]
99 0.43952798614501953 0.9071
[0.28287137 0.27942464]
99 0.43937101364135744 0.9069
[0.2886258  0.28150174]
99 0.43867099838256834 0.9065
[0.2890037  0.28349268]
99 0.43844469985961915 0.9063
[0.29105818 0.28553006]
99 0.4377585166931152 0.9063
[0.29357368 0.28754893]
99 0.4374771179199219 0.9065
[0.2943658  0.28954345]
99 0.43689138793945315 0.9069
[0.30003786 0.29150653]
99 0.43661502838134764 0.9069
[0.3037083  0.29350075]
99 0.43612281875610354 0.9063
[0.30626664 0.29545966]
99 0.43540178298950194 0.9071
[0.30795828 0.2974688 ]
99 0.4353503402709961 0.906
[0.30610272 0.2992891 ]
99 0.43455292587280275 0.9065
[0.30892125 0.3012562 ]
99 0.43422326583862303 0.9071
[0.31275293 0.30314884]
99 0.4338297981262207 0.9069
[0.3112869  0.30498603]
99 0.43338445205688475 0.9067
[0.31369102 0.3069314 ]
99 0.43317338714599607 0.9064
[0.3169869 0.3087757]
99 0.43234883193969725 0.9072
[0.3244484 0.3107807]
99 0.4323156997680664 0.9063
[0.32117736 0.31252274]
99 0.4318463340759277 0.9072
[0.32248342 0.31442633]
99 0.43120242462158204 0.9074
[0.32503617 0.31627586]
99 0.43059319229125975 0.9066
[0.32839724 0.31811908]
99 0.43045123748779296 0.9072
[0.32821277 0.31990543]
99 0.4299320411682129 0.9075
[0.33249384 0.3216915 ]
99 0.4291890930175781 0.9075
[0.33346727 0.32348236]
99 0.4288957145690918 0.9081
[0.33441645 0.32529655]
99 0.42854424896240234 0.9075
[0.33741918 0.32704666]
99 0.4279568397521973 0.9072
[0.33703974 0.32878983]
99 0.4274349655151367 0.9073
[0.34219784 0.33053455]
99 0.4269857620239258 0.9069
[0.34264842 0.3322935 ]
99 0.426790348815918 0.9083
[0.3443673  0.33395624]
99 0.4261815269470215 0.908
[0.34607276 0.33569837]
99 0.4256664306640625 0.9082
[0.34556654 0.33739164]
99 0.4253403480529785 0.9076
[0.35114434 0.33914584]
99 0.4256734031677246 0.907
[0.353238   0.34083351]
99 0.4248264083862305 0.907
[0.35532928 0.34248227]
99 0.42401484603881834 0.9074
[0.3541949 0.3441963]
99 0.4237664642333984 0.9079
[0.3572692  0.34582692]
99 0.4232052345275879 0.9083
[0.359422   0.34746927]
99 0.4227630195617676 0.9081
[0.35976052 0.3490804 ]
99 0.4224232879638672 0.9085
[0.36170414 0.35071918]
99 0.4222465835571289 0.9083
[0.36394522 0.35225013]
99 0.42148665618896486 0.9084
[0.36360985 0.35393065]
99 0.4207637405395508 0.9086
[0.36555225 0.35548937]
99 0.4207693878173828 0.9085
[0.36799702 0.35709044]
99 0.4202134246826172 0.9083
[0.36918542 0.35865816]
99 0.4199228645324707 0.9078
[0.3709496 0.3602336]
99 0.4194211151123047 0.9083
[0.3734017  0.36179096]
99 0.41899061279296873 0.9083
[0.37664497 0.36339682]
99 0.41860679092407227 0.9091
[0.3781575  0.36488432]
99 0.41797397918701173 0.9089
[0.37717417 0.36641172]
99 0.4177278625488281 0.9074
[0.3798884  0.36790055]
99 0.41696169662475585 0.9086
[0.38243768 0.3694713 ]
99 0.41667979583740233 0.9085
[0.38441843 0.37098613]
99 0.41675380630493164 0.909
[0.38102254 0.3724629 ]
99 0.4159080223083496 0.9097
[0.38631836 0.3739031 ]
99 0.415777018737793 0.9095
[0.38954377 0.3754564 ]
99 0.4155736763000488 0.9089
[0.3908231 0.3768884]
99 0.4148942924499512 0.9084
[0.392969   0.37836647]
99 0.414296964263916 0.9093
[0.39333597 0.37986076]
99 0.4142499786376953 0.9094
[0.39370558 0.38131422]
99 0.4136191253662109 0.9092
[0.396582  0.3827745]
99 0.413375651550293 0.9094
[0.3980283  0.38417482]
99 0.413011141204834 0.9088
[0.3984163 0.3854915]
99 0.41251495132446286 0.9099
[0.40106115 0.3869833 ]
99 0.4119885498046875 0.9099
[0.40113342 0.38836318]
99 0.4115037666320801 0.9089
[0.40287435 0.38971418]
99 0.411382884979248 0.9096
[0.40636057 0.39113414]
99 0.41095117111206053 0.9095
[0.40686476 0.39251867]
99 0.4104710800170898 0.9092
[0.40761423 0.39390934]
99 0.4098882453918457 0.9093
[0.4082421 0.3952229]
99 0.4096975715637207 0.9103
[0.41082183 0.39656222]
99 0.40919212112426756 0.909
[0.41405332 0.3979361 ]
99 0.408931494140625 0.9098
[0.41441226 0.39925873]
99 0.4083531379699707 0.9101
[0.41462374 0.40059802]
99 0.4080729804992676 0.9091
[0.41578406 0.40184036]
99 0.4079213905334473 0.9099
[0.41753247 0.40317968]
99 0.4071548110961914 0.9109
[0.41790432 0.40453878]
99 0.4069343086242676 0.9099
[0.4196643  0.40584278]
99 0.40665284957885744 0.9097
[0.4212588  0.40713736]
99 0.40628335571289065 0.9103
[0.42386684 0.4083772 ]
99 0.4059685302734375 0.9095
[0.42412004 0.40967193]
99 0.40508777084350583 0.91
[0.42371777 0.41089442]
99 0.4046165786743164 0.9107
[0.4270079 0.4122135]
99 0.404413175201416 0.9102
[0.43009818 0.4135196 ]
99 0.404018603515625 0.9104
[0.4307541  0.41479957]
99 0.40392377624511716 0.91
[0.42835867 0.41595846]
99 0.4035317306518555 0.9096
[0.43259498 0.41722587]
99 0.4029436813354492 0.9099
[0.4339586 0.4184517]
99 0.40256888656616213 0.9103
[0.43298057 0.41964594]
99 0.40208705139160156 0.9107
[0.4369205 0.420944 ]
99 0.4022723419189453 0.9109
[0.4364182  0.42208132]
99 0.4014168731689453 0.9106
[0.43917832 0.42328852]
99 0.4012659309387207 0.9104
[0.44064012 0.4244768 ]
99 0.4005772430419922 0.9111
[0.44084966 0.42562652]
99 0.4003129333496094 0.9102
[0.44425243 0.42680535]
99 0.4002622291564941 0.9101
[0.4455395  0.42795518]
99 0.3997076057434082 0.9111
[0.44592363 0.4291739 ]
99 0.3990673797607422 0.9111
[0.44640192 0.43032008]
99 0.39906995239257814 0.9103
[0.4472821  0.43147922]
99 0.39841159896850586 0.912
[0.44940147 0.43258843]
99 0.3979095085144043 0.9118
[0.45179927 0.4338035 ]
99 0.3976658714294434 0.9112
[0.45066148 0.4348883 ]
99 0.3976270896911621 0.9105
[0.45262092 0.4360656 ]
99 0.3976253631591797 0.9098
[0.45456904 0.4371217 ]
99 0.39641190872192383 0.9113
[0.4552081  0.43834805]
99 0.396754158782959 0.9108
[0.45851675 0.43941692]
99 0.39622050018310545 0.9108
[0.4574106  0.44055402]
99 0.3958117324829102 0.9115
[0.4592465  0.44154266]
99 0.3953593421936035 0.9114
[0.45945257 0.4426974 ]
99 0.3951658432006836 0.9113
[0.46058428 0.44377437]
99 0.3943360076904297 0.9117
[0.4625478  0.44483027]
99 0.39433690872192384 0.9107
[0.46193823 0.44593546]
99 0.39366913604736326 0.9118
[0.46535748 0.4470259 ]
99 0.3936700698852539 0.9124
[0.46534225 0.44801924]
99 0.39332412109375 0.9111
[0.46684155 0.44913283]
99 0.3929757202148437 0.9113
[0.46954855 0.45021594]
99 0.39291379165649415 0.9113
[0.46969327 0.45119962]
99 0.3923446762084961 0.9118
[0.4712918  0.45224905]
99 0.39176990814208984 0.9124
[0.471715   0.45332283]
99 0.3915815574645996 0.9119
[0.4735544 0.4542706]
99 0.391289737701416 0.9114
[0.47218478 0.45530996]
99 0.3909959831237793 0.9118
[0.47622678 0.45634362]
99 0.39041770935058595 0.9119
[0.4764322  0.45734704]
99 0.39021034393310544 0.9124
[0.47772712 0.45836604]
99 0.38991217346191404 0.9118
[0.4786053  0.45942807]
99 0.3899413513183594 0.9113
[0.4801216  0.46036494]
99 0.38889610366821287 0.9122
[0.4797015 0.4614124]
99 0.38876042709350583 0.9121
[0.48201483 0.46239853]
99 0.3884262748718262 0.912
[0.48182282 0.46338335]
99 0.388024267578125 0.9118
[0.48407674 0.46440315]
99 0.3879919784545898 0.9121
[0.48443896 0.4652718 ]
99 0.3875845626831055 0.9123
[0.48619086 0.46627814]
99 0.3871962074279785 0.9114
[0.48949084 0.4672147 ]
99 0.3866769271850586 0.9115
[0.48801702 0.4682556 ]
99 0.38639832229614257 0.9123
[0.48903763 0.46918386]
99 0.3864461967468262 0.9113
[0.48948392 0.4700086 ]
99 0.38572068099975587 0.9118
[0.48857984 0.47105882]
99 0.38545933685302736 0.9126
[0.4925336  0.47200733]
99 0.38533867874145505 0.9119
[0.49356452 0.47291103]
99 0.38480350341796876 0.9122
[0.4938294 0.4739085]
99 0.38445071868896485 0.912
[0.49568662 0.47475958]
99 0.3842453918457031 0.9112
[0.49351153 0.4756265 ]
99 0.38406156768798827 0.9122
[0.49884182 0.4766193 ]
99 0.38349669342041015 0.9118
[0.4965124  0.47751692]
99 0.3832160503387451 0.9111
[0.500682  0.4784155]
99 0.38291345710754393 0.9125
[0.4988965  0.47927392]
99 0.38270859222412107 0.9125
[0.5002583  0.48018754]
99 0.38227618255615237 0.9119
[0.50176805 0.48107314]
99 0.3818449821472168 0.912
[0.50004154 0.48196253]
99 0.3819313182830811 0.9116
[0.5029115  0.48278478]
99 0.3815447551727295 0.9129
[0.5048705  0.48377097]
99 0.38106119575500486 0.9119
[0.50573826 0.484602  ]
99 0.3807468692779541 0.9121
[0.50564444 0.48546946]
99 0.3805282108306885 0.9113
[0.5077389  0.48630986]
99 0.3798624473571777 0.9123
[0.50822234 0.4871867 ]
99 0.3796310298919678 0.9123
[0.50932837 0.48807135]
99 0.3796182258605957 0.912
[0.5094346  0.48891243]
99 0.3789471565246582 0.9125
[0.51054376 0.4897081 ]
99 0.3791712989807129 0.9127
[0.511535  0.4905584]
99 0.3783495761871338 0.9125
[0.5129282 0.4914449]
99 0.3781640323638916 0.9129
[0.513974   0.49224517]
99 0.377918009185791 0.9119
[0.5143926  0.49315923]
99 0.37793075485229494 0.9128
[0.5175788  0.49398714]
99 0.3775564384460449 0.9123
[0.5172454  0.49479708]
99 0.37707991790771483 0.9131
[0.5170509  0.49563095]
99 0.37688774032592776 0.9126
[0.52014124 0.49634212]
99 0.3766028553009033 0.9131
[0.5164817  0.49715737]
99 0.37622009506225584 0.913
[0.519693  0.4979936]
99 0.3759474521636963 0.9124
[0.52081287 0.49886373]
99 0.37555724411010744 0.9126
[0.52199435 0.4996794 ]
99 0.37520219802856447 0.9127
[0.5216729  0.50036407]
99 0.3751232650756836 0.913
[0.52065617 0.50113136]
99 0.37464279861450195 0.9129
[0.52544683 0.50198865]
99 0.37482119140625 0.9135
[0.52494705 0.50279915]
99 0.3744783538818359 0.9137
[0.5259978 0.503506 ]
99 0.3741651943206787 0.9133
[0.52615273 0.5043669 ]
99 0.3736278102874756 0.9126
[0.5295307  0.50517315]
99 0.3736629837036133 0.9128
[0.5292652 0.505905 ]
99 0.37339520111083985 0.9132
[0.5296395 0.5066197]
99 0.372849881362915 0.913
[0.52904814 0.5074817 ]
99 0.37286529502868654 0.9139
[0.53213483 0.50822276]
99 0.37235703887939453 0.9135
[0.53143406 0.50901085]
99 0.37205851669311524 0.9127
[0.5332718 0.5097061]
99 0.37193998260498046 0.9138
[0.53194284 0.51044637]
99 0.37158180618286135 0.9143
[0.53240335 0.5112451 ]
99 0.37088260917663574 0.9131
[0.5346499 0.511955 ]
99 0.37072393798828124 0.914
[0.5355407 0.5127101]
99 0.3703500946044922 0.9137
[0.53625953 0.51337963]
99 0.37003390769958494 0.9136
[0.53634125 0.5141989 ]
99 0.3701635269165039 0.9136
[0.53945136 0.51484776]
99 0.36981521949768065 0.9135
[0.5396673  0.51562876]
99 0.36968232040405274 0.913
[0.5406688 0.5162918]
99 0.3688470203399658 0.9134
[0.53970367 0.51700157]
99 0.36908938941955566 0.9131
[0.54126835 0.51769733]
99 0.3689015308380127 0.9128
[0.541378   0.51846987]
99 0.36831412506103517 0.9129
[0.5440111 0.5191268]
99 0.3677659004211426 0.9135
[0.5433987  0.51992023]
99 0.36740715255737305 0.9138
[0.54422843 0.52046436]
99 0.3675739692687988 0.9128
[0.54691815 0.5213211 ]
99 0.36749277267456054 0.9134
[0.54707474 0.5220066 ]
99 0.36673055992126463 0.9134
[0.5452187 0.5226526]
99 0.36668127136230466 0.9137
[0.54754126 0.52336735]
99 0.36658361015319824 0.9133
[0.54892796 0.524056  ]
99 0.3664851486206055 0.9139
[0.5491714  0.52470964]
99 0.3658881156921387 0.9143
[0.5489286  0.52533436]
99 0.3656974552154541 0.9147
[0.5526453 0.5260393]
99 0.36553643074035647 0.9148
Working on regularization level 0.3
[-0.01041195 -0.00384263]
99 13.297383349609374 0.1847
[-0.00739819 -0.00281144]
99 7.150144140625 0.2764
[-0.00925835 -0.00128036]
99 3.9183673828125 0.3831
[-0.01035454  0.00059508]
99 2.21771884765625 0.4976
[-0.00504843  0.00262847]
99 1.387881820678711 0.6061
[-0.00331808  0.00483363]
99 0.9921845367431641 0.6851
[0.00093309 0.00744217]
99 0.8070660491943359 0.7491
[0.00571669 0.01081234]
99 0.7258999481201172 0.8003
[0.00723763 0.01542384]
99 0.6941649627685547 0.8333
[0.01394885 0.02184208]
99 0.6828581832885742 0.8533
[0.02593842 0.03045991]
99 0.6794592422485352 0.8656
[0.03668195 0.04156904]
99 0.6787078643798828 0.8733
[0.04912583 0.05478263]
99 0.6789541763305664 0.8789
[0.06403054 0.06894216]
99 0.6789993560791016 0.8816
[0.07957589 0.08281667]
99 0.6781874694824219 0.8806
[0.09372497 0.09514531]
99 0.6778946166992188 0.882
[0.10489217 0.10551855]
99 0.6768302627563476 0.8831
[0.11451378 0.11417486]
99 0.6760017028808594 0.8832
[0.12099739 0.12165153]
99 0.6753474212646484 0.8821
[0.12879603 0.12822941]
99 0.6742660339355468 0.8841
[0.137232  0.1342277]
99 0.6732801971435547 0.8831
[0.1399034  0.13990885]
99 0.6724440734863282 0.883
[0.14651588 0.14540833]
99 0.671406625366211 0.8845
[0.15409267 0.15083057]
99 0.6701227844238281 0.8858
[0.15426923 0.15601012]
99 0.6690618148803711 0.8854
[0.16409716 0.16118704]
99 0.6680114990234375 0.8856
[0.16742532 0.16640268]
99 0.6668918762207031 0.8854
[0.17254911 0.17140432]
99 0.6654967544555664 0.8845
[0.18026592 0.17642227]
99 0.6642968353271484 0.8831
[0.1852383  0.18139116]
99 0.663087794494629 0.8831
[0.18785208 0.18628022]
99 0.6615250335693359 0.8857
[0.19238485 0.1911271 ]
99 0.6602944198608398 0.8852
[0.20118618 0.1960748 ]
99 0.6587531646728516 0.8861
[0.20432818 0.20078948]
99 0.6579055160522461 0.8837
[0.2071911 0.2055121]
99 0.6561311141967774 0.8856
[0.21191098 0.21008931]
99 0.654499057006836 0.8859
[0.21855909 0.21475007]
99 0.653254997253418 0.886
[0.22251812 0.21932521]
99 0.651971322631836 0.8864
[0.22975089 0.22401607]
99 0.6506150894165039 0.8861
[0.2292185  0.22829047]
99 0.6496069702148437 0.8858
[0.2370926 0.2328737]
99 0.647874528503418 0.8856
[0.24080102 0.23726499]
99 0.6462535507202148 0.8873
[0.2449529  0.24159132]
99 0.6448260162353515 0.8844
[0.24799353 0.24592069]
99 0.6433020568847656 0.8858
[0.25534827 0.25007233]
99 0.6422428146362305 0.8869
[0.2575453  0.25426075]
99 0.6408521545410156 0.8883
[0.26357973 0.25838968]
99 0.6393559112548828 0.8872
[0.26881918 0.2626012 ]
99 0.6377903793334961 0.887
[0.27067035 0.2665574 ]
99 0.635823957824707 0.8889
[0.27406484 0.27059272]
99 0.63489169921875 0.8878
[0.28072476 0.27458084]
99 0.6332012008666992 0.8881
[0.2814623  0.27842095]
99 0.6319792007446289 0.8876
[0.28704298 0.28234795]
99 0.6303818969726562 0.8872
[0.29167926 0.2862655 ]
99 0.6287774459838867 0.8874
[0.2933281 0.2898376]
99 0.6274175704956054 0.8893
[0.29908192 0.293722  ]
99 0.6258098709106446 0.8877
[0.30339193 0.2973782 ]
99 0.6239134826660157 0.8881
[0.3081134 0.300975 ]
99 0.6229371536254883 0.8894
[0.3106674  0.30459473]
99 0.6214115982055664 0.8885
[0.31234112 0.30823833]
99 0.6195438552856445 0.8875
[0.31692636 0.31161848]
99 0.6180442825317383 0.8902
[0.3204642  0.31515318]
99 0.6166377044677734 0.8895
[0.32313502 0.31848744]
99 0.615559994506836 0.8883
[0.32801703 0.32199046]
99 0.6137334869384765 0.8891
[0.33174416 0.3253126 ]
99 0.6126057891845703 0.8895
[0.33772588 0.32869676]
99 0.6108026962280273 0.8885
[0.3405013  0.33190015]
99 0.6092799591064453 0.8895
[0.34028527 0.33502382]
99 0.6075416198730469 0.8903
[0.3434179 0.3381519]
99 0.6059642120361328 0.8906
[0.34913173 0.34139168]
99 0.6049183471679688 0.8907
[0.35096976 0.34451997]
99 0.6034523330688476 0.8899
[0.35701582 0.34752205]
99 0.6021351501464843 0.8909
[0.35827824 0.3506634 ]
99 0.600725863647461 0.8896
[0.3599664 0.3535704]
99 0.5992077606201172 0.891
[0.3618959 0.3565176]
99 0.5977444000244141 0.8909
[0.36621225 0.3594099 ]
99 0.596410009765625 0.8914
[0.3700406 0.3623255]
99 0.5951822219848633 0.8914
[0.37264612 0.36515683]
99 0.5937860488891602 0.8899
[0.37726244 0.36806458]
99 0.5917577651977539 0.8917
[0.38020507 0.3708364 ]
99 0.5902623397827148 0.8918
[0.3825927  0.37364987]
99 0.5894634582519531 0.8908
[0.38440898 0.37636545]
99 0.5877003295898438 0.8913
[0.38853002 0.37913436]
99 0.5867218139648438 0.8909
[0.39012054 0.3816753 ]
99 0.584825715637207 0.8911
[0.3930899  0.38426176]
99 0.5837514266967774 0.8921
[0.39580318 0.386863  ]
99 0.582766032409668 0.8919
[0.39795715 0.38952243]
99 0.5815865570068359 0.8912
[0.40202105 0.39206806]
99 0.5800578720092774 0.8922
[0.40219042 0.39445797]
99 0.5783879745483398 0.8926
[0.40747976 0.39698407]
99 0.5774998458862305 0.8909
[0.40724212 0.3993709 ]
99 0.5759090270996093 0.8923
[0.41225448 0.40184423]
99 0.5749952743530273 0.8908
[0.41436103 0.404241  ]
99 0.5737745193481445 0.8919
[0.4178836  0.40672696]
99 0.5721169357299805 0.8934
[0.42038116 0.409146  ]
99 0.5709971588134766 0.8923
[0.42390102 0.41132286]
99 0.5698628387451172 0.8922
[0.42638502 0.41363287]
99 0.5685054656982422 0.8914
[0.42572886 0.41581425]
99 0.566727490234375 0.8932
[0.42919186 0.41804385]
99 0.5662277206420898 0.8909
[0.43052012 0.4202538 ]
99 0.5645603744506836 0.8935
[0.43430594 0.42251575]
99 0.5634833557128907 0.8925
[0.43355653 0.42467478]
99 0.5623596130371094 0.8925
[0.4394593  0.42686456]
99 0.5605978836059571 0.8932
[0.44157773 0.42901364]
99 0.5596664352416992 0.8933
[0.44227058 0.4310722 ]
99 0.5588571990966796 0.8929
[0.4447831 0.433064 ]
99 0.5572003128051758 0.894
[0.44661444 0.43508708]
99 0.5558412368774414 0.8936
[0.45012856 0.4371702 ]
99 0.5553377517700195 0.8949
[0.44996822 0.439141  ]
99 0.5541600296020508 0.893
[0.45388135 0.4412811 ]
99 0.5528904403686523 0.8925
[0.45573092 0.44309983]
99 0.5514954833984375 0.8948
[0.45634043 0.4449971 ]
99 0.5503020614624023 0.894
[0.45957613 0.44702855]
99 0.5492425476074219 0.8946
[0.461509   0.44894618]
99 0.548340689086914 0.8951
[0.46464118 0.45082203]
99 0.5473447067260743 0.8945
[0.46625784 0.45265636]
99 0.5463540390014648 0.894
[0.4663088 0.4544819]
99 0.5450476394653321 0.8938
[0.4705891 0.456267 ]
99 0.5435768127441406 0.8943
[0.4715117 0.4580887]
99 0.5427724411010743 0.8942
[0.47253883 0.45976663]
99 0.5424403839111328 0.8939
[0.47544882 0.4616844 ]
99 0.5408003677368164 0.8925
[0.47813666 0.46352354]
99 0.5395960777282715 0.8942
[0.47916886 0.46503872]
99 0.5383559852600097 0.8949
[0.48073354 0.46688148]
99 0.5373163513183594 0.8941
[0.48120794 0.46852192]
99 0.5362365112304688 0.8957
[0.48514563 0.47023737]
99 0.5356497512817383 0.8955
[0.4861001 0.4720053]
99 0.534616665649414 0.8934
[0.4898254  0.47378293]
99 0.5337573829650879 0.8949
[0.49122897 0.4752493 ]
99 0.5325671073913574 0.8959
[0.49106616 0.47696194]
99 0.5310563598632813 0.8955
[0.49251238 0.47832674]
99 0.5300233772277833 0.8953
[0.4961201  0.48005933]
99 0.5296549346923828 0.8964
[0.4981182  0.48164445]
99 0.5280417976379395 0.8951
[0.49829724 0.4833024 ]
99 0.5277621482849121 0.8955
[0.5012411 0.4846724]
99 0.5264932891845703 0.8939
[0.5021358  0.48631522]
99 0.5256136711120606 0.8955
[0.5034616  0.48782262]
99 0.5242822731018066 0.8964
[0.50588506 0.48937002]
99 0.5236577285766602 0.8946
[0.5065847  0.49081725]
99 0.5225122383117676 0.8972
[0.5080628  0.49227175]
99 0.5215127731323242 0.8954
[0.51078457 0.49378178]
99 0.5202782096862792 0.8968
[0.5113788  0.49516797]
99 0.5191569694519043 0.8961
[0.5140144 0.4966342]
99 0.5187978134155273 0.8946
[0.51328075 0.49794918]
99 0.5178728141784668 0.8974
[0.51587456 0.49947152]
99 0.5168868659973145 0.8971
[0.5164466 0.500876 ]
99 0.5161956146240234 0.8966
[0.51980656 0.50231594]
99 0.5156181175231933 0.8964
[0.5196567  0.50354207]
99 0.514135619354248 0.8974
[0.5221346  0.50510824]
99 0.5133303741455079 0.8978
[0.52367526 0.506334  ]
99 0.5128698524475097 0.8976
[0.52275455 0.5076908 ]
99 0.5113139953613282 0.8961
[0.5256626 0.5089722]
99 0.5101981246948242 0.8968
[0.52840966 0.51028013]
99 0.5096435111999512 0.8979
[0.52863526 0.5114952 ]
99 0.5090609771728516 0.8984
[0.5314164  0.51287794]
99 0.5079440002441407 0.8985
[0.5317347 0.5141242]
99 0.5071769989013671 0.8963
[0.5341878  0.51557815]
99 0.5063980522155762 0.8983
[0.5328999 0.516646 ]
99 0.5060234397888184 0.8983
[0.5366064  0.51796657]
99 0.504996923828125 0.8963
[0.536842  0.5191465]
99 0.5041573585510254 0.8984
[0.5397596  0.52048326]
99 0.5028449241638183 0.8984
[0.5400693  0.52153605]
99 0.5019160430908203 0.8978
[0.540084  0.5227884]
99 0.5011588310241699 0.8989
[0.5426803 0.5240655]
99 0.5008615097045899 0.8978
[0.5438277 0.5252018]
99 0.5003992492675782 0.8982
[0.5434864  0.52643156]
99 0.4991441184997559 0.8991
[0.54521453 0.52753353]
99 0.4988843292236328 0.8988
[0.55011636 0.5286954 ]
99 0.4978117126464844 0.8995
[0.54968303 0.52986866]
99 0.49693657150268555 0.8992
[0.55080855 0.5310051 ]
99 0.49585611953735353 0.8984
[0.5493037  0.53214663]
99 0.49506338729858396 0.9001
[0.55329484 0.5333465 ]
99 0.49450761337280275 0.8991
[0.5537896  0.53446186]
99 0.4942140754699707 0.8974
[0.5554625 0.5353831]
99 0.49348837890625 0.8976
[0.5554043  0.53654885]
99 0.49255139617919924 0.8995
[0.557254  0.5377673]
99 0.49171708297729494 0.8995
[0.5577059 0.5386158]
99 0.49105031433105467 0.9005
[0.561463   0.53979844]
99 0.4900255233764648 0.8994
[0.56088173 0.5408195 ]
99 0.4900828468322754 0.898
[0.5617036 0.5420035]
99 0.4890804977416992 0.8992
[0.56332475 0.54301   ]
99 0.4884575813293457 0.9006
[0.5650088  0.54408723]
99 0.4871188949584961 0.8979
[0.5652293  0.54509604]
99 0.4860643486022949 0.8995
[0.5675178  0.54602736]
99 0.485441951751709 0.9003
[0.5664311 0.547017 ]
99 0.485523575592041 0.899
[0.56930166 0.5481533 ]
99 0.4846886077880859 0.8985
[0.56961066 0.5490152 ]
99 0.4834723846435547 0.9018
[0.5720786 0.5501467]
99 0.48340692520141604 0.8988
[0.57313263 0.55102193]
99 0.48203575134277343 0.901
[0.571519   0.55206674]
99 0.48148915557861327 0.8994
[0.57573384 0.55308795]
99 0.4817270164489746 0.8992
[0.5746047  0.55416334]
99 0.4804523307800293 0.9007
[0.5761268  0.55495006]
99 0.4799902801513672 0.8996
[0.5765408 0.5558622]
99 0.4788347541809082 0.8998
[0.5792066  0.55686015]
99 0.4785788070678711 0.8996
[0.5800866 0.55795  ]
99 0.47748869934082033 0.9006
[0.58073527 0.5587    ]
99 0.4773128204345703 0.9004
[0.582131   0.55964315]
99 0.47700326080322264 0.9007
[0.5822116 0.5605005]
99 0.4762921142578125 0.9018
[0.5834988  0.56151724]
99 0.47507802963256834 0.9002
[0.58527625 0.56234825]
99 0.47436895141601565 0.901
[0.5863481 0.5633072]
99 0.4741369483947754 0.9011
[0.5873395  0.56426555]
99 0.47320454025268555 0.9013
[0.58757496 0.5650981 ]
99 0.47237842330932617 0.9016
[0.59008014 0.5660378 ]
99 0.4728438858032227 0.9003
[0.58992404 0.5669076 ]
99 0.47179130554199217 0.901
[0.592284  0.5676321]
99 0.47152350845336916 0.9006
[0.59055746 0.5685921 ]
99 0.47065198135375974 0.9004
[0.59096235 0.56930965]
99 0.46965268630981444 0.9012
[0.5928631 0.5701167]
99 0.4692741172790527 0.9011
[0.5944078  0.57102704]
99 0.46868572998046876 0.9026
[0.59529936 0.57194245]
99 0.46850429916381836 0.9007
[0.59519356 0.5726028 ]
99 0.46763811111450193 0.902
[0.59757966 0.57359594]
99 0.46672512969970703 0.9011
[0.59689635 0.57429224]
99 0.4663849418640137 0.9011
[0.5990617 0.5751541]
99 0.4652408645629883 0.9022
[0.59903914 0.5759698 ]
99 0.4649046272277832 0.9034
[0.60013807 0.5768975 ]
99 0.4646151542663574 0.8995
[0.6013944  0.57748604]
99 0.463815446472168 0.9018
[0.60279906 0.57841694]
99 0.46332700424194334 0.9025
[0.6017956 0.5790717]
99 0.46261596755981443 0.9018
[0.6039852 0.5800704]
99 0.4626299606323242 0.9022
[0.60473007 0.58068734]
99 0.462015510559082 0.9023
[0.6063963  0.58151406]
99 0.46134840240478514 0.9028
[0.60560215 0.5823388 ]
99 0.46077287368774417 0.9014
[0.6081376 0.5829971]
99 0.45987715530395507 0.9011
[0.6088829 0.5838777]
99 0.45942361602783205 0.9022
[0.60775036 0.584528  ]
99 0.45877174377441404 0.9023
[0.6101185 0.5853472]
99 0.45830467834472655 0.9008
[0.609384   0.58592504]
99 0.45805500106811525 0.9028
[0.6109466  0.58680946]
99 0.4571854179382324 0.9028
[0.6100534 0.5874163]
99 0.45724222717285157 0.9018
[0.61348474 0.5882097 ]
99 0.45677841491699217 0.9026
[0.6141827  0.58900607]
99 0.45672518539428714 0.9012
[0.61496556 0.58971125]
99 0.45543649520874024 0.9025
[0.6152343 0.5904783]
99 0.45419217529296874 0.9034
[0.6156862 0.5910367]
99 0.4541766250610352 0.9032
[0.6163747  0.59188044]
99 0.45413261642456054 0.9013
[0.61709654 0.59251225]
99 0.4529588607788086 0.9031
[0.61742944 0.5932263 ]
99 0.45243948364257813 0.9042
[0.619439  0.5938964]
99 0.45220338439941404 0.9043
[0.6197698 0.5944809]
99 0.45210527114868165 0.9028
[0.62081903 0.59508353]
99 0.4514809669494629 0.9036
[0.62340266 0.59585243]
99 0.45012370376586913 0.9036
[0.62217057 0.5965904 ]
99 0.4498712715148926 0.9027
[0.6238647 0.5973328]
99 0.4496470863342285 0.9029
[0.62282485 0.59797776]
99 0.4492418640136719 0.9021
[0.6242953 0.5985451]
99 0.44859058532714846 0.9037
[0.6252672  0.59924275]
99 0.4484130897521973 0.9026
[0.62681675 0.599947  ]
99 0.448453303527832 0.9029
[0.62653446 0.600423  ]
99 0.44766158599853517 0.9041
[0.62733406 0.6011116 ]
99 0.4474558807373047 0.9038
[0.62939316 0.602056  ]
99 0.44704003677368165 0.9034
[0.62871784 0.60257286]
99 0.4457880599975586 0.9037
[0.6302577  0.60338527]
99 0.4455577796936035 0.9019
[0.63138026 0.60387844]
99 0.444842960357666 0.9042
[0.6308367 0.6043616]
99 0.4444928497314453 0.9047
[0.6310615 0.6050439]
99 0.44445869064331056 0.9038
[0.6323883 0.6056615]
99 0.44354420776367187 0.9044
[0.63312507 0.60642064]
99 0.44361697845458986 0.9039
[0.63445807 0.6069257 ]
99 0.44290160064697265 0.9036
[0.633509   0.60758096]
99 0.4425848701477051 0.9033
[0.6360067  0.60815674]
99 0.4423362350463867 0.9035
[0.6364168 0.6088715]
99 0.44212037658691405 0.9026
[0.6359253 0.6093646]
99 0.440980086517334 0.9044
[0.6366373 0.6099036]
99 0.4411962379455566 0.9046
[0.6379316 0.6104061]
99 0.44018668212890627 0.904
[0.6387345 0.6109972]
99 0.4397228988647461 0.9047
[0.6384842  0.61160505]
99 0.43937390518188474 0.9043
[0.64008224 0.6124085 ]
99 0.43921784057617186 0.9029
[0.6420659 0.6128683]
99 0.438364054107666 0.9057
[0.64049184 0.6133124 ]
99 0.439047932434082 0.9037
[0.6420858  0.61403733]
99 0.43748861465454103 0.905
[0.6414986  0.61467296]
99 0.43777424087524414 0.9031
[0.6422132 0.6152268]
99 0.4373639312744141 0.9027
[0.6434822  0.61595374]
99 0.43646885147094727 0.9034
[0.643435  0.6165252]
99 0.43809821166992186 0.9036
[0.6458983  0.61678827]
99 0.43567652969360354 0.9045
[0.64575434 0.6174251 ]
99 0.43489767227172854 0.9049
[0.64642924 0.61797965]
99 0.4343358589172363 0.9052
[0.64764214 0.61859053]
99 0.43443190689086914 0.9056
[0.6491994 0.619146 ]
99 0.4341131820678711 0.9049
[0.6482441  0.61965615]
99 0.4333255058288574 0.9059
[0.6492688 0.619957 ]
99 0.43289774246215823 0.9047
[0.6483247 0.6209054]
99 0.43307481994628905 0.9047
[0.6498161 0.6211987]
99 0.4319536308288574 0.9054
[0.6515095 0.6216566]
99 0.4319950553894043 0.9056
[0.64960986 0.62227046]
99 0.43118274765014647 0.9058
[0.65150315 0.62288946]
99 0.4305706169128418 0.9043
[0.65304    0.62343174]
99 0.430947127532959 0.9049
[0.65316904 0.6238541 ]
99 0.43011453323364257 0.906
[0.6530779 0.6244264]
99 0.4307011497497559 0.9038
[0.6547203 0.6250141]
99 0.4292075714111328 0.905
[0.6539885  0.62542814]
99 0.43001624450683595 0.9041
[0.65415955 0.6260202 ]
99 0.4301504379272461 0.9051
[0.6572978  0.62665635]
99 0.42874250564575195 0.9056
[0.65467024 0.6269577 ]
99 0.4282937065124512 0.9037
[0.6571042  0.62743217]
99 0.42786516342163083 0.9059
[0.65746117 0.62797654]
99 0.42744963302612304 0.9058
[0.6560495  0.62850165]
99 0.4275563430786133 0.906
