cuda:0
7
Preparing datasets...
Preparing networks...
Fitting two-layer networks...
Generating network with reg level 0
modifying second layer regularization...
Generating network with reg level 0.1
modifying second layer regularization...
Generating network with reg level 0.3
modifying second layer regularization...
Generating dataframes...
Working on regularization level 0
[-0.00607818 -0.00497278]
99 16.22351162109375 0.179
[-0.00690964 -0.00431186]
99 12.986097998046874 0.2267
[-0.00631223 -0.00346577]
99 10.8486173828125 0.2848
[-0.00252558 -0.00251154]
99 9.259512036132813 0.3412
[-0.00577246 -0.00152022]
99 8.074132568359374 0.3907
[-0.00320322 -0.00053347]
99 7.181686743164063 0.4352
[-0.00246947  0.00042193]
99 6.4954238037109375 0.4764
[0.00023801 0.00134465]
99 5.950692211914062 0.5079
[0.00132476 0.00223201]
99 5.508609375 0.5358
[0.00237342 0.00307307]
99 5.140519921875 0.5607
[0.00256471 0.00387925]
99 4.832424487304688 0.58
[0.00383155 0.00465038]
99 4.566884790039063 0.5979
[0.0049868  0.00539454]
99 4.340912194824218 0.616
[0.00715559 0.00610594]
99 4.141459045410156 0.6295
[0.00668934 0.00679033]
99 3.9668058715820314 0.6409
[0.00679282 0.00744383]
99 3.8119350341796876 0.6524
[0.00844298 0.00807815]
99 3.6741371826171876 0.6634
[0.01013356 0.00869012]
99 3.5482523498535157 0.6713
[0.00973077 0.00927897]
99 3.435527801513672 0.6805
[0.01172428 0.0098463 ]
99 3.3321765686035154 0.6899
[0.01186159 0.01039817]
99 3.2380091491699217 0.6971
[0.01247507 0.01093435]
99 3.1507300048828126 0.7037
[0.01370881 0.01145306]
99 3.070685784912109 0.7103
[0.01428556 0.01195608]
99 2.9969863952636717 0.715
[0.01678915 0.01244321]
99 2.928653283691406 0.7217
[0.01504561 0.01291926]
99 2.8651559814453127 0.7264
[0.01548717 0.01338046]
99 2.8061848510742187 0.7318
[0.01708804 0.01382844]
99 2.751615524291992 0.7367
[0.01711801 0.01426576]
99 2.6990005859375 0.7403
[0.01608695 0.01469004]
99 2.6511694091796874 0.7441
[0.01596681 0.01510363]
99 2.6045251983642577 0.7471
[0.01774783 0.0155063 ]
99 2.5615701354980467 0.7509
[0.01837961 0.01590208]
99 2.520993411254883 0.7547
[0.01918998 0.0162851 ]
99 2.482339663696289 0.7571
[0.02088334 0.016662  ]
99 2.44547033996582 0.7609
[0.02161064 0.01702833]
99 2.410849783325195 0.7637
[0.01998841 0.01739039]
99 2.3780033111572267 0.7665
[0.02179262 0.01774136]
99 2.346411486816406 0.7701
[0.02125367 0.01808759]
99 2.3171516510009766 0.7723
[0.02106629 0.01842435]
99 2.287713265991211 0.7755
[0.02154836 0.01875885]
99 2.2598445526123045 0.7789
[0.02147671 0.01908513]
99 2.2334797607421875 0.7808
[0.02347101 0.01940536]
99 2.2079683410644533 0.7825
[0.02562675 0.01972056]
99 2.1830532104492186 0.7845
[0.02480355 0.02003085]
99 2.159636178588867 0.7866
[0.02195088 0.02033513]
99 2.1367227386474608 0.7879
[0.02494093 0.02063521]
99 2.1152801208496093 0.7889
[0.02505847 0.02093153]
99 2.094347412109375 0.7898
[0.02430847 0.02122127]
99 2.0733446899414063 0.7913
[0.0260127  0.02150649]
99 2.054229965209961 0.793
[0.02619173 0.0217881 ]
99 2.0349408111572265 0.794
[0.02690097 0.0220648 ]
99 2.016498077392578 0.7961
[0.0264651  0.02233814]
99 1.9989209899902343 0.798
[0.02754247 0.02260773]
99 1.9818640716552733 0.7999
[0.02718255 0.02287432]
99 1.965475326538086 0.8015
[0.028363   0.02313753]
99 1.949069369506836 0.8026
[0.02642437 0.02339628]
99 1.933154342651367 0.8036
[0.02834269 0.02365095]
99 1.9171980682373047 0.8047
[0.02727082 0.02390332]
99 1.9021125579833984 0.8059
[0.02709135 0.02415054]
99 1.8877540557861328 0.8071
[0.02875753 0.0243991 ]
99 1.873281491088867 0.8086
[0.03012754 0.02463988]
99 1.8597427490234375 0.8095
[0.03066569 0.02487875]
99 1.846547119140625 0.8108
[0.02972592 0.02511591]
99 1.8329979110717773 0.8117
[0.03083304 0.02534979]
99 1.821081967163086 0.8125
[0.03108792 0.02558235]
99 1.8081596755981446 0.8143
[0.03182603 0.02581061]
99 1.795730140686035 0.8153
[0.03048794 0.02603707]
99 1.7841833221435548 0.816
[0.03189943 0.0262601 ]
99 1.7718150161743165 0.8173
[0.03227791 0.02648209]
99 1.7606480529785156 0.8183
[0.03095729 0.02670177]
99 1.7498466354370117 0.8188
[0.03275613 0.02691879]
99 1.7391682754516602 0.8196
[0.03263187 0.02713365]
99 1.7283279113769532 0.8207
[0.03297659 0.02734631]
99 1.7176482330322265 0.821
[0.03458649 0.02755855]
99 1.7075066925048827 0.822
[0.03365465 0.02776704]
99 1.6976657592773436 0.8226
[0.03492381 0.0279747 ]
99 1.6882990478515625 0.8236
[0.03451106 0.02817944]
99 1.6784281768798828 0.8244
[0.03467883 0.02838206]
99 1.6688325073242187 0.8259
[0.03243111 0.0285842 ]
99 1.6605300567626953 0.8264
[0.03467325 0.02878295]
99 1.6511729522705079 0.8269
[0.0352021 0.0289821]
99 1.642369073486328 0.8276
[0.03382382 0.02917846]
99 1.6337633697509766 0.8284
[0.03568945 0.02937245]
99 1.6248706192016602 0.8294
[0.03577793 0.02956637]
99 1.616504379272461 0.8302
[0.03656864 0.02975757]
99 1.6081334381103516 0.8312
[0.03632921 0.02994748]
99 1.601130795288086 0.8315
[0.03548352 0.03013538]
99 1.5930964401245118 0.8322
[0.03675896 0.03032108]
99 1.585321176147461 0.8336
[0.03623567 0.03050864]
99 1.5773308563232422 0.8343
[0.03556398 0.03069366]
99 1.5698115341186523 0.8346
[0.03737168 0.03087471]
99 1.5621821853637696 0.8353
[0.03747834 0.03105729]
99 1.5550309188842772 0.8356
[0.03705295 0.03123753]
99 1.5479333358764649 0.8359
[0.03678085 0.03141709]
99 1.5412458267211915 0.8361
[0.03956458 0.03159421]
99 1.5337423370361327 0.8367
[0.03787263 0.03177168]
99 1.526865882873535 0.8376
[0.04119959 0.03194493]
99 1.5201888412475586 0.8377
[0.04128445 0.03211915]
99 1.5136852462768555 0.8383
[0.03733423 0.03229268]
99 1.5069543334960938 0.839
[0.03968465 0.03246601]
99 1.5004556213378906 0.8389
[0.03919892 0.03263735]
99 1.4944525283813477 0.8392
[0.03978911 0.032807  ]
99 1.4887395324707031 0.8392
[0.04302908 0.03297632]
99 1.482047930908203 0.8397
[0.03945269 0.03314539]
99 1.4756779266357423 0.8397
[0.04021573 0.03331288]
99 1.4699549331665038 0.8411
[0.03912578 0.03347965]
99 1.4636098182678223 0.8416
[0.03879334 0.03364616]
99 1.4575560310363769 0.8422
[0.0407398  0.03381002]
99 1.4523569877624511 0.8421
[0.04151188 0.03397384]
99 1.4465621116638183 0.8429
[0.0424158  0.03413749]
99 1.4412218521118163 0.8434
[0.04198248 0.03429805]
99 1.4348371353149414 0.8444
[0.04366079 0.03445921]
99 1.4295248237609863 0.8448
[0.04087711 0.03462063]
99 1.4243864700317383 0.8444
[0.0397592  0.03477975]
99 1.4191165565490722 0.8447
[0.04149913 0.03493706]
99 1.4139291496276856 0.8453
[0.04217215 0.03509557]
99 1.4085917427062988 0.8453
[0.04147874 0.03525131]
99 1.4031732009887696 0.8454
[0.04288447 0.03540767]
99 1.3981794578552247 0.8456
[0.04244045 0.03556485]
99 1.3933857254028321 0.8461
[0.0435416  0.03571911]
99 1.3884861724853517 0.8461
[0.04159218 0.035872  ]
99 1.3838297424316406 0.8467
[0.04139289 0.03602685]
99 1.3785842956542969 0.8469
[0.04460604 0.03617977]
99 1.3740130905151366 0.8475
[0.04497367 0.03632946]
99 1.3687722579956054 0.8482
[0.04468681 0.03648103]
99 1.3641244216918946 0.8488
[0.04254826 0.0366314 ]
99 1.35966259765625 0.8492
[0.04567559 0.03677956]
99 1.354919320678711 0.8491
[0.04386501 0.03693019]
99 1.3503896774291992 0.8499
[0.044145   0.03707728]
99 1.34570629196167 0.8506
[0.04647711 0.03722556]
99 1.3409244262695312 0.8511
[0.04515511 0.03737193]
99 1.336646873474121 0.8513
[0.04558419 0.03751686]
99 1.3326442504882812 0.8515
[0.04550671 0.03766328]
99 1.3283092315673828 0.8522
[0.04546313 0.03780828]
99 1.323899754333496 0.8526
[0.04657927 0.03795234]
99 1.319342433166504 0.8532
[0.04527942 0.03809715]
99 1.3151300003051758 0.8533
[0.04415348 0.03823856]
99 1.311160619354248 0.8539
[0.04583425 0.03838231]
99 1.3071501823425293 0.8541
[0.04719346 0.03852318]
99 1.3026461166381835 0.8547
[0.04794255 0.03866491]
99 1.2989057960510253 0.8548
[0.0488144  0.03880385]
99 1.2946658721923827 0.8551
[0.04740427 0.03894603]
99 1.2908291038513184 0.8555
[0.04645883 0.039085  ]
99 1.2870060440063475 0.8559
[0.04728948 0.0392228 ]
99 1.2829289863586426 0.856
[0.04516886 0.03935983]
99 1.2788954681396485 0.8561
[0.0459456  0.03949744]
99 1.2753996871948243 0.8558
[0.04916702 0.03963587]
99 1.2714410873413087 0.8563
[0.04778748 0.03977218]
99 1.267730406188965 0.8572
[0.04710986 0.03990871]
99 1.2640798118591308 0.8572
[0.04811822 0.04004381]
99 1.260461882019043 0.8576
[0.05180949 0.04017956]
99 1.2565418716430663 0.8576
[0.0473709  0.04031429]
99 1.2530811683654786 0.8581
[0.04779877 0.04044755]
99 1.2492642433166503 0.858
[0.04649611 0.04058029]
99 1.245888874053955 0.8586
[0.04775445 0.04071525]
99 1.2422155380249023 0.8591
[0.05220431 0.0408464 ]
99 1.2387034133911132 0.8591
[0.05115186 0.04097809]
99 1.235214682006836 0.8596
[0.04904018 0.04111154]
99 1.232003385925293 0.8596
[0.0498489  0.04124266]
99 1.2286830039978027 0.86
[0.04935945 0.0413733 ]
99 1.2252003715515136 0.8605
[0.04793305 0.04150293]
99 1.2218492111206054 0.8608
[0.04945357 0.04163399]
99 1.2183480171203613 0.8609
[0.05252152 0.04176316]
99 1.2149971420288086 0.8616
[0.04984711 0.04189157]
99 1.21182052154541 0.8613
[0.05324215 0.04202025]
99 1.2086160232543945 0.8615
[0.05152188 0.04214772]
99 1.2052929931640626 0.8621
[0.05165856 0.04227671]
99 1.2021869033813477 0.8623
[0.05089313 0.04240513]
99 1.1989865257263184 0.8622
[0.05189195 0.04253166]
99 1.1960406997680664 0.8625
[0.05365214 0.04265899]
99 1.1928650764465332 0.8632
[0.0528641  0.04278564]
99 1.189491904449463 0.8635
[0.05102292 0.04291102]
99 1.186438005065918 0.8637
[0.05149752 0.0430365 ]
99 1.183451480102539 0.8643
[0.04993625 0.04316208]
99 1.1808550704956056 0.8647
[0.05275613 0.04328659]
99 1.1777618095397948 0.8648
[0.05063193 0.04341074]
99 1.1746165451049804 0.8648
[0.05407622 0.04353553]
99 1.1714012336730957 0.865
[0.05425728 0.04365768]
99 1.1685538269042968 0.865
[0.05080891 0.04378249]
99 1.1660850524902344 0.8652
[0.05411267 0.04390464]
99 1.1629347686767577 0.8647
[0.05282648 0.0440289 ]
99 1.160257534790039 0.8655
[0.05407856 0.04415029]
99 1.1573557258605958 0.8655
[0.05565369 0.04427326]
99 1.1545068321228027 0.8655
[0.05497389 0.04439432]
99 1.1515594909667968 0.8659
[0.05439112 0.04451636]
99 1.1488277282714843 0.866
[0.05082785 0.04463731]
99 1.1461046752929687 0.8663
[0.05440382 0.04475866]
99 1.1431758483886718 0.8662
[0.05528497 0.04487777]
99 1.1408426239013671 0.8668
[0.05493027 0.04499882]
99 1.1380509963989258 0.8671
[0.05572568 0.04511826]
99 1.135703303527832 0.8672
[0.05422915 0.0452381 ]
99 1.1327344764709473 0.8672
[0.05659411 0.04535809]
99 1.1298053146362306 0.8673
[0.05424181 0.04547679]
99 1.1271278884887694 0.8675
[0.05755326 0.04559455]
99 1.124739719390869 0.8676
[0.05491816 0.04571267]
99 1.1220834655761718 0.8684
[0.05645954 0.04583131]
99 1.1197717651367187 0.8688
[0.05524023 0.04594965]
99 1.1172935417175294 0.869
[0.05492308 0.04606648]
99 1.1142272300720215 0.8693
[0.05711389 0.04618353]
99 1.1117937728881835 0.8699
[0.05460603 0.04630093]
99 1.109265891265869 0.8698
[0.05542807 0.04641819]
99 1.1068967803955079 0.8699
[0.05548789 0.0465347 ]
99 1.1045708938598633 0.8703
[0.05513351 0.04665075]
99 1.1017229873657226 0.8707
[0.05820559 0.04676674]
99 1.0994250549316407 0.8714
[0.05622768 0.04688302]
99 1.0974536911010742 0.8708
[0.05972372 0.0469982 ]
99 1.094742723083496 0.8714
[0.0577258  0.04711211]
99 1.0921955238342285 0.872
[0.05655969 0.04722769]
99 1.0897238960266113 0.8722
[0.0583728  0.04734217]
99 1.0877618583679198 0.8719
[0.05996916 0.04745593]
99 1.0852098953247071 0.8723
[0.05743796 0.04756997]
99 1.0830290313720703 0.8724
[0.05566765 0.04768364]
99 1.0806200645446777 0.8728
[0.05725789 0.04779676]
99 1.0782876914978028 0.8728
[0.06016305 0.04791247]
99 1.0760605224609374 0.873
[0.05801798 0.0480234 ]
99 1.0737171150207518 0.8733
[0.05761777 0.0481366 ]
99 1.071533837890625 0.8737
[0.05533862 0.04825217]
99 1.0694807861328126 0.874
[0.06068315 0.04836305]
99 1.0669509475708008 0.8741
[0.05954796 0.04847563]
99 1.064791609954834 0.874
[0.05860946 0.04858841]
99 1.0624063438415527 0.8742
[0.05861573 0.04869944]
99 1.0605771263122559 0.8744
[0.05938634 0.04881069]
99 1.058119869995117 0.8744
[0.05929784 0.04892067]
99 1.0558552421569825 0.8748
[0.05801673 0.04903225]
99 1.0541004280090331 0.8747
[0.05907803 0.0491447 ]
99 1.0519439392089844 0.875
[0.05858465 0.04925556]
99 1.0494141120910645 0.8753
[0.05906625 0.04936681]
99 1.0476907737731933 0.8755
[0.05880282 0.04947596]
99 1.0454434745788574 0.8756
[0.05895182 0.04958635]
99 1.0431702522277833 0.8761
[0.0633926  0.04969598]
99 1.0411889450073242 0.8764
[0.06001689 0.04980609]
99 1.0392525009155273 0.8766
[0.06048627 0.04991626]
99 1.0372484024047852 0.8767
[0.05945086 0.05002618]
99 1.0351504264831544 0.8768
[0.06031695 0.05013358]
99 1.033142441558838 0.8771
[0.05934321 0.05024381]
99 1.0311043151855468 0.8774
[0.05937076 0.05035241]
99 1.028852359008789 0.8775
[0.05950812 0.05046062]
99 1.0272468612670898 0.8779
[0.06032244 0.05056885]
99 1.0248863273620605 0.8778
[0.06162729 0.05067716]
99 1.0227922966003418 0.8781
[0.06026969 0.05078549]
99 1.020873762512207 0.8781
[0.06279825 0.0508948 ]
99 1.0189589065551758 0.8781
[0.06268345 0.05100212]
99 1.017314185333252 0.8785
[0.06326085 0.05110952]
99 1.0152331977844238 0.8787
[0.06364002 0.05121694]
99 1.0133260391235352 0.8789
[0.06217981 0.05132479]
99 1.0114930366516113 0.8788
[0.06086759 0.05143071]
99 1.00978832321167 0.8788
[0.06208516 0.05153739]
99 1.0076976982116699 0.879
[0.06614368 0.0516432 ]
99 1.005688990020752 0.8791
[0.06296404 0.05175085]
99 1.003931813812256 0.8793
[0.06186866 0.05185664]
99 1.0020210090637207 0.8794
[0.06524966 0.05196358]
99 1.0001048309326173 0.8797
[0.06310272 0.05206919]
99 0.9983357147216797 0.8796
[0.05903306 0.05217443]
99 0.9966825073242187 0.8799
[0.05983294 0.05227959]
99 0.9947780723571777 0.8803
[0.06584789 0.0523855 ]
99 0.9927629051208496 0.8801
[0.06472487 0.05249037]
99 0.9911547393798829 0.88
[0.06305575 0.05259559]
99 0.9892005065917969 0.8803
[0.06302083 0.05270149]
99 0.98780380859375 0.8803
[0.06387298 0.05280564]
99 0.9857003684997558 0.8807
[0.06661501 0.05291011]
99 0.9839090469360352 0.8804
[0.06375933 0.05301436]
99 0.9821464065551758 0.8808
[0.06535057 0.05311921]
99 0.9802675804138183 0.8807
[0.06354398 0.05322308]
99 0.9783688732147217 0.8811
[0.06388648 0.053327  ]
99 0.9768835151672364 0.8811
[0.06548811 0.05343153]
99 0.9750226551055908 0.8812
[0.06425846 0.05353548]
99 0.9736526878356934 0.8815
[0.06509125 0.05363792]
99 0.9719073627471924 0.8813
[0.06258361 0.05374293]
99 0.9701974433898926 0.8812
[0.06680536 0.05384609]
99 0.9683933563232422 0.8817
[0.06456133 0.05394788]
99 0.9666094535827636 0.882
[0.06754661 0.05405104]
99 0.965173896408081 0.8819
[0.06605832 0.05415465]
99 0.9636737998962402 0.8819
[0.06628413 0.05425601]
99 0.961744352722168 0.8821
[0.06825027 0.05435947]
99 0.9601627532958984 0.8821
[0.06722284 0.05446182]
99 0.9586770156860351 0.8825
[0.06489161 0.05456392]
99 0.9570513507843018 0.8822
[0.0684693  0.05466553]
99 0.955093158340454 0.8825
[0.06768975 0.05476696]
99 0.9535224296569824 0.8823
[0.06623706 0.05486934]
99 0.9519352588653565 0.8825
[0.06605519 0.05497256]
99 0.9502994003295898 0.8824
[0.06682972 0.0550738 ]
99 0.9487272026062011 0.8827
[0.068592   0.05517492]
99 0.9472721706390381 0.8826
[0.06573589 0.05527539]
99 0.9454164249420166 0.8829
[0.06825487 0.05537738]
99 0.9441315353393555 0.8832
[0.06646112 0.05547845]
99 0.9424378288269043 0.8831
[0.06697314 0.05557883]
99 0.9409166481018066 0.8833
[0.06812141 0.05567985]
99 0.9392192344665528 0.8835
[0.06912649 0.05577975]
99 0.9376145359039306 0.8835
[0.06887155 0.05587925]
99 0.9360985607147216 0.8843
[0.0692872  0.05598232]
99 0.934591442489624 0.8835
[0.06830081 0.05608064]
99 0.9329518203735352 0.8842
[0.06642113 0.05618136]
99 0.9315106113433838 0.8843
[0.06879811 0.05628101]
99 0.9300427013397217 0.8847
[0.06730938 0.05638107]
99 0.9286145626068115 0.8843
[0.06784435 0.05648023]
99 0.9271525215148926 0.8846
[0.06911134 0.05658015]
99 0.925462939453125 0.8848
[0.0670812  0.05667943]
99 0.9241331214904785 0.8847
[0.06967756 0.05677914]
99 0.9224301399230957 0.885
[0.0709906  0.05687849]
99 0.9210269515991211 0.8851
Working on regularization level 0.1
[-0.00738748 -0.00494446]
99 14.491265869140625 0.1804
[-0.00875013 -0.00420211]
99 10.24150673828125 0.2374
[-0.00707074 -0.00317946]
99 7.448125317382813 0.3157
[-0.00234003 -0.00198545]
99 5.528444604492187 0.3863
[-0.00369917 -0.00070559]
99 4.214578625488281 0.4579
[-0.00208229  0.00058433]
99 3.2974407836914064 0.5157
[0.00131087 0.00186518]
99 2.637640515136719 0.5667
[0.0037663  0.00313303]
99 2.1477725646972656 0.604
[0.00483458 0.00437988]
99 1.7763669067382812 0.6401
[0.00662407 0.00562772]
99 1.492166131591797 0.6685
[0.0094874  0.00684477]
99 1.2701789367675782 0.6954
[0.01005806 0.00808022]
99 1.096582453918457 0.7183
[0.01241218 0.00931961]
99 0.9593257858276367 0.7394
[0.01521905 0.01058791]
99 0.8509645751953125 0.7563
[0.01643923 0.01189435]
99 0.7645316787719727 0.7734
[0.01670925 0.0132668 ]
99 0.6964592330932617 0.7903
[0.0193111  0.01473843]
99 0.6428099258422851 0.8026
[0.02162813 0.01630701]
99 0.6007756958007813 0.8162
[0.0240781 0.0180255]
99 0.5679049270629882 0.8288
[0.02583154 0.01991777]
99 0.5423768898010254 0.8396
[0.02720949 0.0220207 ]
99 0.5231746162414551 0.8486
[0.03066137 0.02436321]
99 0.5081540458679199 0.8571
[0.0319816  0.02697226]
99 0.49705375442504884 0.8637
[0.03555446 0.02989169]
99 0.4885651741027832 0.8712
[0.03628147 0.03317194]
99 0.48204198303222656 0.877
[0.04296914 0.03680859]
99 0.47731827392578124 0.8818
[0.04740059 0.04084782]
99 0.47353225479125977 0.8882
[0.05169026 0.04530174]
99 0.4707412414550781 0.893
[0.05472879 0.05018239]
99 0.46876507415771484 0.8961
[0.06095646 0.05550049]
99 0.46666063003540037 0.8976
[0.06631426 0.06122977]
99 0.4652458099365234 0.8996
[0.07568434 0.06736093]
99 0.46433113708496093 0.9005
[0.07881475 0.07386132]
99 0.46314027557373044 0.9028
[0.08415673 0.08062383]
99 0.46224280242919924 0.9027
[0.09030564 0.08766769]
99 0.46147954177856443 0.9045
[0.10110974 0.09485318]
99 0.46072589263916014 0.9047
[0.10545158 0.10211921]
99 0.46016735000610354 0.9055
[0.11375079 0.10939551]
99 0.45949601821899416 0.9054
[0.11894215 0.11655706]
99 0.4593657974243164 0.9056
[0.12637717 0.12350091]
99 0.4585066680908203 0.9056
[0.13555738 0.13018684]
99 0.4580202201843262 0.9062
[0.13970993 0.13663268]
99 0.4573681663513184 0.9067
[0.14465949 0.14270464]
99 0.457018790435791 0.9066
[0.15056708 0.14852068]
99 0.456753173828125 0.9066
[0.15633829 0.15384431]
99 0.45629879760742187 0.9069
[0.15969977 0.15887786]
99 0.4556981895446777 0.9072
[0.16452862 0.16357312]
99 0.4552230194091797 0.9063
[0.17130123 0.16801555]
99 0.4549177192687988 0.9067
[0.17293927 0.17224233]
99 0.4543893119812012 0.907
[0.17824696 0.17613383]
99 0.4538586822509766 0.9075
[0.1821162  0.17981291]
99 0.4534891227722168 0.9069
[0.18420632 0.18330304]
99 0.452982991027832 0.9077
[0.18763374 0.18660928]
99 0.453029386138916 0.9071
[0.19035009 0.1898523 ]
99 0.4523034439086914 0.9081
[0.19385423 0.19285172]
99 0.45167560424804687 0.9083
[0.19683202 0.19580983]
99 0.45122303314208984 0.9081
[0.19909506 0.19873261]
99 0.45077947158813475 0.9077
[0.201657   0.20154548]
99 0.45040146789550783 0.9089
[0.20653802 0.20423026]
99 0.44967009811401365 0.9089
[0.20625642 0.20688349]
99 0.44944746398925783 0.9083
[0.20950519 0.20945159]
99 0.4492223358154297 0.9089
[0.2139206  0.21201023]
99 0.4484154983520508 0.908
[0.21640687 0.21453802]
99 0.44790264053344725 0.9088
[0.21623585 0.21698898]
99 0.44746790084838867 0.9086
[0.22046524 0.2195041 ]
99 0.4474136520385742 0.9092
[0.22194073 0.2219077 ]
99 0.4466856819152832 0.909
[0.2266284  0.22430795]
99 0.44625588989257814 0.9082
[0.22547102 0.22670157]
99 0.4458139846801758 0.9083
[0.22970113 0.22901535]
99 0.44537732696533205 0.9085
[0.23157385 0.23135723]
99 0.4450173683166504 0.9083
[0.2355853  0.23364666]
99 0.4441791213989258 0.9089
[0.23518828 0.23598047]
99 0.44394241180419924 0.9093
[0.23900881 0.23822792]
99 0.44333617248535157 0.9101
[0.24139898 0.24055722]
99 0.44329421005249026 0.9088
[0.24316679 0.24276306]
99 0.44271604995727537 0.9096
[0.24528006 0.24499391]
99 0.4423390365600586 0.9091
[0.25012296 0.24723102]
99 0.44159919815063475 0.9095
[0.24900493 0.24944894]
99 0.4411204162597656 0.9101
[0.2535765  0.25158423]
99 0.441030184173584 0.9093
[0.255342  0.2538106]
99 0.43996283111572265 0.9098
[0.25572848 0.25601718]
99 0.4396746467590332 0.9094
[0.26025766 0.2581284 ]
99 0.4395083320617676 0.9092
[0.25949523 0.2601991 ]
99 0.4387624221801758 0.9097
[0.2646691  0.26238388]
99 0.43836844787597656 0.9113
[0.26637414 0.2645246 ]
99 0.43803035736083984 0.9093
[0.26800254 0.26662073]
99 0.4375124053955078 0.9107
[0.26945093 0.26870793]
99 0.43707915954589843 0.9089
[0.27354145 0.27074322]
99 0.4364178062438965 0.9107
[0.2730904  0.27287474]
99 0.43600422668457034 0.9098
[0.2767165  0.27483577]
99 0.4355560493469238 0.9104
[0.27826512 0.2769504 ]
99 0.43508699111938476 0.9107
[0.27997923 0.27892157]
99 0.43456873626708986 0.9101
[0.2843612  0.28100237]
99 0.43408659286499024 0.9108
[0.28483117 0.28296408]
99 0.43367748641967774 0.9103
[0.28757682 0.28496572]
99 0.43300754776000977 0.9111
[0.2892628  0.28696516]
99 0.4328858901977539 0.9101
[0.29237518 0.28889266]
99 0.4324727325439453 0.9103
[0.2923484  0.29089543]
99 0.4325678375244141 0.9101
[0.29531446 0.2927901 ]
99 0.43147409744262694 0.9105
[0.29663444 0.2947802 ]
99 0.43113945388793945 0.9103
[0.29959425 0.29662222]
99 0.4302717529296875 0.9112
[0.30017057 0.29855275]
99 0.4297134979248047 0.9116
[0.30246145 0.30045035]
99 0.42950468673706055 0.9113
[0.30286965 0.30233893]
99 0.42929151992797854 0.9109
[0.3057169  0.30423728]
99 0.42859242095947264 0.9105
[0.30845967 0.30612266]
99 0.4280868865966797 0.9118
[0.31300628 0.30796355]
99 0.42797644577026367 0.9114
[0.3124318 0.3097954]
99 0.4273811134338379 0.9112
[0.3140255  0.31167015]
99 0.4267538208007812 0.9108
[0.31635925 0.31345162]
99 0.42649452285766604 0.911
[0.31764075 0.31521785]
99 0.42580238037109375 0.9115
[0.32086006 0.3170669 ]
99 0.42548992233276367 0.9121
[0.32159814 0.31879497]
99 0.4248700294494629 0.9114
[0.32167128 0.32062554]
99 0.424484423828125 0.9109
[0.32661256 0.32233208]
99 0.42423271026611326 0.9109
[0.3295962  0.32408908]
99 0.42394372177124023 0.9116
[0.32913807 0.32589585]
99 0.4234495613098144 0.9119
[0.3315641 0.3275645]
99 0.42263759994506833 0.9123
[0.33335447 0.3293573 ]
99 0.42254302825927736 0.9106
[0.33509737 0.33107814]
99 0.42181191024780273 0.9117
[0.33582228 0.33272922]
99 0.4213065948486328 0.9118
[0.33653826 0.33441627]
99 0.4209324081420898 0.9122
[0.34031203 0.3361049 ]
99 0.4203643165588379 0.9127
[0.34086332 0.33783424]
99 0.42015033187866213 0.912
[0.34331283 0.3394157 ]
99 0.41971190490722654 0.9123
[0.3460643  0.34109935]
99 0.4192247871398926 0.9126
[0.34746853 0.34275728]
99 0.41885538330078126 0.9123
[0.3480862 0.3443198]
99 0.4182524253845215 0.9121
[0.3511421  0.34595364]
99 0.4177802062988281 0.9133
[0.3529124  0.34759423]
99 0.4174324531555176 0.912
[0.3533017  0.34921414]
99 0.4168572326660156 0.9126
[0.35648194 0.35075656]
99 0.4166195526123047 0.9126
[0.35798854 0.35239297]
99 0.4163979484558106 0.9125
[0.35817438 0.35398793]
99 0.41592191314697263 0.9124
[0.36104444 0.3554629 ]
99 0.41524718017578127 0.9119
[0.36264917 0.35699332]
99 0.4153968406677246 0.9129
[0.36305168 0.35852766]
99 0.4145347229003906 0.913
[0.36557472 0.36007854]
99 0.41398695526123047 0.9122
[0.3681073 0.3616216]
99 0.4138082489013672 0.9131
[0.36864856 0.36314458]
99 0.41324222869873045 0.9121
[0.36865073 0.36468694]
99 0.41284004592895507 0.9129
[0.373519   0.36616787]
99 0.41213064346313477 0.913
[0.37413877 0.36764055]
99 0.41180063171386716 0.9133
[0.37656763 0.36913484]
99 0.4115919174194336 0.9136
[0.3765748 0.3706611]
99 0.4109419380187988 0.9123
[0.378209  0.3720754]
99 0.4106583801269531 0.913
[0.37905836 0.37350723]
99 0.4103684555053711 0.9133
[0.38127792 0.37496623]
99 0.40998242416381836 0.9128
[0.3809618  0.37638992]
99 0.40941620254516603 0.9137
[0.38326165 0.37782225]
99 0.4092032073974609 0.9141
[0.38499972 0.37926045]
99 0.4087032524108887 0.913
[0.3873811 0.3806683]
99 0.4083386375427246 0.9135
[0.38710016 0.38212416]
99 0.4078617485046387 0.9136
[0.38917038 0.38347003]
99 0.4071615524291992 0.9135
[0.39025873 0.3848608 ]
99 0.40682636260986327 0.9137
[0.3932392 0.3862137]
99 0.4070468620300293 0.9133
[0.39536634 0.38761747]
99 0.4061903038024902 0.9137
[0.39521173 0.38891932]
99 0.40583791046142575 0.9132
[0.39799154 0.39034826]
99 0.4056542137145996 0.9126
[0.3987571 0.3917192]
99 0.40502217025756837 0.9141
[0.39927626 0.3930189 ]
99 0.4044623474121094 0.9136
[0.40067878 0.39438435]
99 0.404349813079834 0.9137
[0.40416282 0.39571518]
99 0.40379904174804687 0.914
[0.4048598  0.39698943]
99 0.403192537689209 0.914
[0.40614328 0.3982875 ]
99 0.4031838073730469 0.9141
[0.40870628 0.39959618]
99 0.402758992767334 0.9143
[0.4081922 0.4008879]
99 0.4022205360412598 0.9134
[0.4111652  0.40212852]
99 0.40197622756958007 0.9142
[0.41229203 0.40346554]
99 0.4013370475769043 0.9138
[0.4113567  0.40470487]
99 0.40088255310058596 0.9146
[0.41342545 0.40599096]
99 0.40080680618286135 0.9143
[0.41614062 0.40728843]
99 0.40011301040649416 0.9138
[0.41639674 0.40850195]
99 0.4000938690185547 0.9143
[0.415781   0.40975374]
99 0.3996455177307129 0.9135
[0.41861102 0.41096213]
99 0.3990691207885742 0.9141
[0.41896802 0.41216385]
99 0.39871612319946287 0.9147
[0.4217942  0.41340938]
99 0.3987987815856934 0.9139
[0.42317566 0.41466078]
99 0.3980131843566895 0.9146
[0.42454818 0.4158659 ]
99 0.39814375076293945 0.9144
[0.4243547  0.41711283]
99 0.3975137351989746 0.9144
[0.42697486 0.4182474 ]
99 0.3969703804016113 0.9147
[0.4295076  0.41947693]
99 0.3968464630126953 0.9144
[0.4283437  0.42066744]
99 0.3963008720397949 0.9143
[0.43058813 0.42184532]
99 0.39598001861572263 0.915
[0.43275413 0.4230243 ]
99 0.39541382064819336 0.9145
[0.43477592 0.4241775 ]
99 0.39520271682739255 0.9145
[0.4349769  0.42526466]
99 0.3953935356140137 0.9142
[0.43623367 0.42649072]
99 0.3942155906677246 0.915
[0.4350983  0.42761967]
99 0.39413114471435545 0.9145
[0.4373944  0.42882365]
99 0.39362792892456056 0.9151
[0.43783885 0.4299193 ]
99 0.3934520965576172 0.9154
[0.43946254 0.4309725 ]
99 0.3927705337524414 0.915
[0.44156402 0.43211642]
99 0.3926568023681641 0.9152
[0.4434288  0.43326738]
99 0.39235375595092775 0.9144
[0.44441092 0.43439388]
99 0.3919202217102051 0.9156
[0.44557032 0.43543428]
99 0.3915479309082031 0.916
[0.44554934 0.43655142]
99 0.3914708862304688 0.9146
[0.44759777 0.43768612]
99 0.3907356346130371 0.915
[0.44841656 0.4387765 ]
99 0.39038268585205077 0.9149
[0.45003638 0.43988317]
99 0.3905048286437988 0.9147
[0.45162335 0.44088712]
99 0.38975558319091796 0.9153
[0.452161   0.44195372]
99 0.3892813507080078 0.9161
[0.4536754  0.44308096]
99 0.38965942840576173 0.9155
[0.4530222  0.44408616]
99 0.3886893478393555 0.9163
[0.4561701  0.44518226]
99 0.3885954856872559 0.9154
[0.45658982 0.4462313 ]
99 0.3882489776611328 0.9156
[0.45849285 0.44728726]
99 0.38794784545898436 0.9157
[0.45851466 0.44827712]
99 0.38739295806884766 0.9159
[0.46056068 0.44929308]
99 0.3869191146850586 0.9166
[0.46032757 0.45031118]
99 0.38693441467285156 0.9157
[0.46315432 0.4513278 ]
99 0.3864061210632324 0.9158
[0.4648982  0.45231315]
99 0.3861160057067871 0.9155
[0.46547094 0.4534123 ]
99 0.38564266510009765 0.9158
[0.46581146 0.45443135]
99 0.38567184295654294 0.9157
[0.4664156  0.45542893]
99 0.3851869239807129 0.9162
[0.46793452 0.45634165]
99 0.3847911819458008 0.9167
[0.4692734  0.45741075]
99 0.38446696853637696 0.9164
[0.4698417 0.4583343]
99 0.38400782012939455 0.916
[0.47113395 0.45934802]
99 0.38400268020629885 0.9157
[0.47164765 0.46033558]
99 0.3834466209411621 0.9162
[0.4734045  0.46126303]
99 0.3832946403503418 0.9162
[0.4745655  0.46222976]
99 0.38265387420654295 0.9159
[0.47662523 0.46325192]
99 0.3824834815979004 0.9164
[0.47554806 0.46419024]
99 0.3821664234161377 0.9171
[0.47609076 0.4651039 ]
99 0.3820877754211426 0.9166
[0.47871405 0.46607986]
99 0.381346834564209 0.9162
[0.4793794 0.4669173]
99 0.3815057846069336 0.9169
[0.4806738  0.46799746]
99 0.38131966743469237 0.9173
[0.48156476 0.468842  ]
99 0.38062240371704104 0.917
[0.48156413 0.46975634]
99 0.3802732398986816 0.9163
[0.4841562  0.47070277]
99 0.3801037528991699 0.9168
[0.48478904 0.47164044]
99 0.37965469665527346 0.9165
[0.4848253 0.4725342]
99 0.37949080276489255 0.9164
[0.48578432 0.47340825]
99 0.3791327865600586 0.9163
[0.48747316 0.4743309 ]
99 0.3786870643615723 0.9167
[0.4889619 0.4752767]
99 0.37851774291992185 0.9167
[0.49045894 0.47614634]
99 0.3783646553039551 0.9165
[0.49180084 0.47698873]
99 0.3780159767150879 0.9173
[0.4910304  0.47788125]
99 0.3779441543579102 0.9158
[0.49205607 0.4787499 ]
99 0.37721214904785155 0.9164
[0.49211875 0.47961795]
99 0.3770779525756836 0.9164
[0.49264872 0.48056823]
99 0.3772055286407471 0.9176
[0.492708   0.48143557]
99 0.3764512634277344 0.9166
[0.4963912  0.48229578]
99 0.3762009552001953 0.917
[0.49630094 0.48310256]
99 0.37602195014953615 0.9168
[0.4959069 0.4839318]
99 0.37554465293884276 0.917
[0.49924532 0.48484015]
99 0.37498755149841306 0.9167
[0.49969387 0.48563647]
99 0.3748623882293701 0.9176
[0.5010922  0.48657042]
99 0.3749504573822022 0.9168
[0.5015348 0.4873484]
99 0.37448557510375974 0.9165
[0.5010643  0.48816007]
99 0.3741354598999023 0.9167
[0.50257397 0.48901317]
99 0.37383834915161135 0.9168
[0.504178   0.48985702]
99 0.3737836769104004 0.9165
[0.505759   0.49061126]
99 0.37328571815490724 0.9182
[0.50524807 0.49156255]
99 0.37287043113708496 0.9174
[0.50683516 0.49235037]
99 0.37258106002807617 0.9171
[0.5082223 0.493141 ]
99 0.37255192642211915 0.9168
[0.50674057 0.4939982 ]
99 0.37221472587585447 0.9169
[0.5096244  0.49479976]
99 0.3719240734100342 0.9177
[0.50950724 0.4955749 ]
99 0.3716774440765381 0.9182
[0.5109268  0.49633047]
99 0.37091322021484374 0.9168
[0.512643   0.49715674]
99 0.37062149848937986 0.9176
[0.5115622  0.49797213]
99 0.3705384033203125 0.9178
[0.51395047 0.49874306]
99 0.37028789558410646 0.9182
[0.51499987 0.49953008]
99 0.3698847751617432 0.9182
[0.5157458  0.50033236]
99 0.36981393737792967 0.9178
[0.51698685 0.50105953]
99 0.36945310592651365 0.9173
[0.516475   0.50181675]
99 0.36927529907226564 0.9178
[0.519416  0.5026149]
99 0.36904547653198244 0.9182
[0.5183761 0.5033856]
99 0.368599536895752 0.9184
[0.5196142  0.50418067]
99 0.3683112579345703 0.9182
[0.5191516 0.5048972]
99 0.36812964630126954 0.9181
[0.5192952 0.5056902]
99 0.3678010856628418 0.9174
[0.5228976 0.5064992]
99 0.36772229232788084 0.9182
[0.5235398 0.5071757]
99 0.36720992622375487 0.9185
[0.5245146 0.5079088]
99 0.3672431354522705 0.9181
[0.5248312 0.508637 ]
99 0.3669925651550293 0.9179
[0.52504694 0.50936097]
99 0.3664375789642334 0.9187
[0.52829355 0.5101853 ]
99 0.36645332832336425 0.9177
[0.5264885 0.5108248]
99 0.36572305908203123 0.9183
[0.5297112 0.5116149]
99 0.3656860397338867 0.9188
[0.5287728 0.5123101]
99 0.3653611194610596 0.9183
[0.5292059 0.512989 ]
99 0.3652639419555664 0.9186
[0.5305613 0.5137285]
99 0.36531634101867677 0.9179
[0.5321403  0.51445884]
99 0.3646783767700195 0.9187
[0.53124344 0.5151406 ]
99 0.364684273147583 0.9188
[0.532053  0.5158604]
99 0.36449666213989257 0.9186
[0.5338002  0.51655126]
99 0.36399649848937987 0.9182
[0.534038   0.51733387]
99 0.36378550567626955 0.9186
[0.53499705 0.5180131 ]
99 0.36392232246398926 0.9183
[0.5341235 0.5187357]
99 0.36336147422790527 0.9187
[0.5370567  0.51938826]
99 0.36326863327026365 0.9189
[0.53676355 0.52008665]
99 0.36264694442749024 0.9192
[0.5388953  0.52081245]
99 0.3625143985748291 0.9191
[0.5387152 0.5214767]
99 0.36224481315612794 0.9193
[0.53859633 0.5222039 ]
99 0.36197575454711917 0.9186
[0.5401579 0.5229294]
99 0.36165000190734864 0.9191
[0.5410573 0.5235827]
99 0.36141146965026855 0.9188
[0.542463  0.5242261]
99 0.3611301368713379 0.9187
[0.5434444 0.5248833]
99 0.3608747577667236 0.9188
Working on regularization level 0.3
[-0.0066691  -0.00491184]
99 11.5343765625 0.1837
[-0.00713904 -0.00396081]
99 6.334461181640625 0.2683
[-0.00428274 -0.00249663]
99 3.512453894042969 0.3868
[-0.00235778 -0.00071875]
99 2.0778688049316405 0.5113
[0.00183843 0.00130584]
99 1.3552813507080077 0.6059
[0.00507443 0.00361474]
99 0.9930050170898438 0.6841
[0.01015998 0.0064205 ]
99 0.8175259841918945 0.7483
[0.01172829 0.01006039]
99 0.7372960632324219 0.798
[0.01915667 0.01511657]
99 0.7036241394042969 0.8309
[0.02353439 0.02200097]
99 0.690662727355957 0.8556
[0.03278181 0.03135217]
99 0.6848551193237304 0.8701
[0.04640003 0.04318869]
99 0.6827777587890625 0.8752
[0.06044621 0.05722299]
99 0.6814030410766602 0.879
[0.07476734 0.07218409]
99 0.6801212844848633 0.8816
[0.0886079  0.08663376]
99 0.6791278274536133 0.883
[0.1001407  0.09936376]
99 0.6779453002929687 0.8826
[0.1106899  0.11017165]
99 0.6774545776367188 0.881
[0.12073086 0.11916004]
99 0.675684292602539 0.8831
[0.12645423 0.12668908]
99 0.6746608001708985 0.8845
[0.13276859 0.13335957]
99 0.6737410537719727 0.8829
[0.13969387 0.13961358]
99 0.6722299835205078 0.8857
[0.14529248 0.14533019]
99 0.6707139923095703 0.8849
[0.15112573 0.150976  ]
99 0.6698413558959961 0.8846
[0.15665936 0.15629606]
99 0.6678701721191406 0.8854
[0.16269012 0.16165696]
99 0.6663733474731446 0.8847
[0.16646765 0.16676268]
99 0.6655097412109375 0.8867
[0.17162184 0.17198345]
99 0.663782827758789 0.886
[0.17675185 0.17692974]
99 0.6629684799194336 0.8854
[0.18231674 0.18204238]
99 0.6612832443237304 0.8851
[0.18840362 0.18704262]
99 0.6600225158691406 0.8865
[0.19324195 0.19206768]
99 0.6583447036743164 0.8863
[0.19577259 0.19692287]
99 0.6565801193237305 0.8859
[0.20159562 0.201711  ]
99 0.6552799346923828 0.8857
[0.20790267 0.20644894]
99 0.6538948944091797 0.8859
[0.21079898 0.21118118]
99 0.6533181121826172 0.884
[0.21656403 0.21585403]
99 0.6504897674560547 0.8872
[0.22089885 0.22047232]
99 0.6492733169555664 0.8889
[0.22559194 0.22509737]
99 0.6478881332397461 0.8881
[0.22971156 0.22963507]
99 0.6459113632202148 0.8873
[0.23426871 0.23410553]
99 0.6443270584106445 0.8873
[0.24111268 0.23852308]
99 0.6428338989257812 0.8881
[0.24288595 0.24286038]
99 0.6410693695068359 0.8876
[0.24865408 0.24710417]
99 0.639402621459961 0.8881
[0.25222844 0.25139108]
99 0.6376756698608398 0.8879
[0.25658324 0.255684  ]
99 0.6365634811401367 0.8874
[0.26126784 0.2598705 ]
99 0.6345980346679687 0.8897
[0.26483542 0.2640067 ]
99 0.6333634841918945 0.8899
[0.26846448 0.26804006]
99 0.6314644271850586 0.8875
[0.274899   0.27209496]
99 0.6302213241577148 0.8882
[0.2776597  0.27607775]
99 0.6284265655517578 0.8897
[0.28195894 0.27992263]
99 0.6270605331420899 0.8899
[0.28531918 0.2837316 ]
99 0.6250214981079102 0.8895
[0.28933054 0.28758413]
99 0.6234068588256836 0.8881
[0.2918184 0.2914398]
99 0.6220508590698243 0.8902
[0.29626238 0.29504946]
99 0.6200224868774414 0.8903
[0.30170915 0.29885468]
99 0.6188318939208984 0.8887
[0.30490398 0.30247885]
99 0.6176663665771485 0.8904
[0.30654803 0.30608645]
99 0.6159591537475586 0.8896
[0.31227314 0.30949485]
99 0.6141478408813477 0.8897
[0.31398997 0.31312513]
99 0.6127719802856445 0.8905
[0.31970474 0.31660324]
99 0.6110825317382812 0.892
[0.3225578  0.31992695]
99 0.6093710494995117 0.8905
[0.32485014 0.3231572 ]
99 0.6080272186279296 0.8891
[0.32847145 0.32657763]
99 0.6063011657714844 0.8895
[0.3327694  0.32991463]
99 0.6046446044921875 0.891
[0.3356708  0.33318087]
99 0.603070783996582 0.8909
[0.34052438 0.33644786]
99 0.6017877853393555 0.8924
[0.34201205 0.33951703]
99 0.6004220626831055 0.892
[0.3454089 0.3427607]
99 0.5987246139526368 0.8917
[0.34715113 0.34575117]
99 0.597113623046875 0.8927
[0.35153887 0.3487838 ]
99 0.5955777786254883 0.8925
[0.35585865 0.35182992]
99 0.5942589920043946 0.8921
[0.35789388 0.3548514 ]
99 0.5928848510742187 0.8933
[0.36148134 0.35784003]
99 0.5915163818359375 0.8913
[0.36366427 0.36062872]
99 0.5900294906616211 0.8929
[0.36611024 0.36348322]
99 0.5886011901855469 0.8914
[0.37098223 0.36623126]
99 0.5869662902832031 0.8928
[0.3727859  0.36906675]
99 0.585354833984375 0.8936
[0.37668762 0.37189335]
99 0.584087287902832 0.8941
[0.3794957 0.3746383]
99 0.5829438400268555 0.8936
[0.3825302 0.3773405]
99 0.5813225006103515 0.8942
[0.3837328 0.3800605]
99 0.5800778945922852 0.8931
[0.38973328 0.38271832]
99 0.5793139297485351 0.8919
[0.387194   0.38514528]
99 0.5771629287719726 0.8941
[0.39339277 0.3878693 ]
99 0.5758354827880859 0.893
[0.3944799  0.39029688]
99 0.5742651107788086 0.8942
[0.40043938 0.39294654]
99 0.5733835098266602 0.8933
[0.4018069  0.39545116]
99 0.5720479293823242 0.8944
[0.40444997 0.39791456]
99 0.5701883911132812 0.8939
[0.4045013 0.4003641]
99 0.5690557235717774 0.8946
[0.407261  0.4026531]
99 0.567474479675293 0.8949
[0.41003028 0.40506926]
99 0.5663351135253907 0.8947
[0.41345474 0.40738112]
99 0.5651163314819336 0.8954
[0.417022  0.4097476]
99 0.5639496200561523 0.8947
[0.41734827 0.412034  ]
99 0.5627275802612305 0.8955
[0.41894868 0.4143096 ]
99 0.5611001968383789 0.8956
[0.42351195 0.4166828 ]
99 0.5603455688476563 0.8951
[0.42366773 0.41877055]
99 0.5594273254394532 0.896
[0.42791057 0.42099202]
99 0.5574873519897461 0.8942
[0.42817563 0.4231255 ]
99 0.5565846664428711 0.8968
[0.42992297 0.42526552]
99 0.5550689910888672 0.8963
[0.43556386 0.42743734]
99 0.5540396759033203 0.896
[0.43565297 0.4295022 ]
99 0.5522519775390625 0.8959
[0.43770152 0.43164268]
99 0.5515765289306641 0.8975
[0.44133547 0.4335926 ]
99 0.5499906173706055 0.8962
[0.44165263 0.4356389 ]
99 0.5492574676513672 0.8974
[0.44475332 0.43772653]
99 0.5475326568603516 0.8968
[0.44631216 0.43962473]
99 0.546788655090332 0.8974
[0.44753817 0.4416702 ]
99 0.5459432693481445 0.8963
[0.45123932 0.44357356]
99 0.5451504257202149 0.8972
[0.45237428 0.44555026]
99 0.5436891021728516 0.8972
[0.454864   0.44743145]
99 0.5424794326782226 0.8977
[0.45650625 0.4492861 ]
99 0.5410626510620117 0.8979
[0.45949587 0.45128006]
99 0.5400426551818848 0.8965
[0.4617912  0.45311838]
99 0.5389413864135743 0.8978
[0.46141395 0.4548959 ]
99 0.5380663703918457 0.8976
[0.46541128 0.45670775]
99 0.5367090454101563 0.8976
[0.4663316 0.4585664]
99 0.5360444931030274 0.8985
[0.46821895 0.4603551 ]
99 0.5353207695007324 0.8978
[0.46999574 0.4620402 ]
99 0.5339526718139649 0.8969
[0.4724118  0.46375385]
99 0.5328722312927247 0.8973
[0.47495815 0.4656139 ]
99 0.5317547309875488 0.8974
[0.47668457 0.46724707]
99 0.5309871772766114 0.8978
[0.47736838 0.4689195 ]
99 0.5299901725769043 0.8979
[0.47998133 0.47067577]
99 0.5296575996398926 0.8984
[0.4820689 0.4722451]
99 0.5281911003112792 0.8987
[0.48411942 0.47397628]
99 0.5270776008605957 0.8978
[0.48445335 0.47549367]
99 0.5255519508361817 0.8988
[0.4870157  0.47701028]
99 0.524986947631836 0.8978
[0.48763806 0.47879076]
99 0.5235735137939453 0.8991
[0.48951986 0.4803467 ]
99 0.5228343582153321 0.8994
[0.49172238 0.48181835]
99 0.5216612487792969 0.8986
[0.49408826 0.48337364]
99 0.5212129684448242 0.8994
[0.49440762 0.48504606]
99 0.5201037818908691 0.899
[0.49760774 0.48655865]
99 0.5188672653198242 0.8997
[0.49963152 0.4880127 ]
99 0.5188342269897461 0.8981
[0.49879006 0.48953527]
99 0.5173322288513184 0.8991
[0.5009402 0.4909637]
99 0.5165126892089844 0.8992
[0.5021443  0.49246204]
99 0.5154141052246094 0.8987
[0.50461257 0.49378702]
99 0.5155992897033691 0.8989
[0.50573575 0.49544904]
99 0.5140727882385254 0.8982
[0.50632787 0.4968155 ]
99 0.5123580215454101 0.899
[0.50741297 0.49812952]
99 0.5117780326843262 0.8986
[0.5108836  0.49957615]
99 0.511653475189209 0.8983
[0.5140239 0.5009426]
99 0.5103718444824219 0.8997
[0.51232284 0.50226885]
99 0.5089841690063477 0.8999
[0.51462704 0.503593  ]
99 0.5082134864807129 0.8999
[0.5171444 0.5051033]
99 0.5075921348571777 0.8999
[0.5174792 0.5062979]
99 0.5066223136901855 0.8996
[0.52072287 0.5076883 ]
99 0.5058206275939942 0.9011
[0.52047104 0.5090678 ]
99 0.5052180335998535 0.8996
[0.52291703 0.5103828 ]
99 0.5043601982116699 0.9001
[0.5233998  0.51166075]
99 0.5031775039672851 0.9008
[0.5255546  0.51286685]
99 0.5022732612609864 0.9007
[0.52619106 0.51411873]
99 0.5018128311157226 0.9
[0.5274495  0.51533896]
99 0.500845760345459 0.9006
[0.5271413 0.5166591]
99 0.5000134933471679 0.9009
[0.53157127 0.51780427]
99 0.4991005897521973 0.901
[0.531828  0.5191792]
99 0.4982951759338379 0.9002
[0.533478  0.5203999]
99 0.4974798538208008 0.9004
[0.5345947  0.52148736]
99 0.49746347427368165 0.8996
[0.53619754 0.5228933 ]
99 0.49635670013427735 0.9013
[0.53626466 0.5240041 ]
99 0.4954966423034668 0.9003
[0.5379906  0.52514106]
99 0.4946504623413086 0.9015
[0.5399079 0.5262293]
99 0.4938618339538574 0.9017
[0.54169804 0.5274887 ]
99 0.4927976440429688 0.9008
[0.5419777 0.5287298]
99 0.49255526733398436 0.9016
[0.5427691  0.52981687]
99 0.49150137023925783 0.9014
[0.5457312  0.53101546]
99 0.4912327339172363 0.901
[0.54510796 0.5319749 ]
99 0.49125479278564455 0.9013
[0.5451464  0.53310794]
99 0.4894367057800293 0.9017
[0.5472822 0.5343143]
99 0.4888894058227539 0.9016
[0.54978555 0.5353406 ]
99 0.4878725227355957 0.9009
[0.55119294 0.5365575 ]
99 0.48776447219848634 0.9003
[0.55090564 0.53757906]
99 0.486538688659668 0.901
[0.5538588 0.538663 ]
99 0.4864550880432129 0.9017
[0.55443245 0.53980017]
99 0.48533105697631834 0.9023
[0.55615157 0.5406938 ]
99 0.4843196151733398 0.9017
[0.5557793 0.5417   ]
99 0.48465529708862304 0.9
[0.55740327 0.5428575 ]
99 0.4829421043395996 0.9027
[0.5586039 0.5439026]
99 0.4823455337524414 0.9022
[0.5613644 0.5449689]
99 0.48183702392578126 0.9024
[0.5628489  0.54583234]
99 0.4807408760070801 0.9038
[0.5636682 0.5469533]
99 0.4804072052001953 0.9034
[0.5642467  0.54783946]
99 0.4799294288635254 0.9032
[0.56431293 0.548933  ]
99 0.479540454864502 0.902
[0.5660939 0.5499119]
99 0.4781387977600098 0.902
[0.56612605 0.5508812 ]
99 0.47803529739379885 0.903
[0.56546146 0.5518056 ]
99 0.477406632232666 0.9011
[0.5695732 0.5529135]
99 0.4769460494995117 0.9031
[0.57070327 0.5539152 ]
99 0.4756149917602539 0.9023
[0.57048297 0.55480886]
99 0.4745987426757812 0.9032
[0.572864   0.55577666]
99 0.47440033798217773 0.9026
[0.57250994 0.5567334 ]
99 0.4743686096191406 0.9035
[0.5749697  0.55769247]
99 0.4735514335632324 0.9031
[0.5741631 0.558535 ]
99 0.4721632049560547 0.9029
[0.57513106 0.55950975]
99 0.47213752059936526 0.9018
[0.5758167  0.56031364]
99 0.47151015167236326 0.9048
[0.5774249 0.5611768]
99 0.47123039855957033 0.9039
[0.5774733 0.5620737]
99 0.4708985107421875 0.9027
[0.5815805  0.56306154]
99 0.4698143913269043 0.9035
[0.5806917  0.56394017]
99 0.4695273017883301 0.9023
[0.58178246 0.56479645]
99 0.46914268035888673 0.9018
[0.585334   0.56577754]
99 0.4683313247680664 0.9038
[0.58372575 0.5665009 ]
99 0.4673041702270508 0.9036
[0.58441716 0.5674851 ]
99 0.4671657501220703 0.9039
[0.5855975  0.56835836]
99 0.46640176162719726 0.9044
[0.58600146 0.56926554]
99 0.4655971466064453 0.9036
[0.58636725 0.5700871 ]
99 0.46492851791381834 0.9042
[0.5882951  0.57085186]
99 0.46421956481933596 0.9041
[0.59009194 0.57159644]
99 0.46398506927490235 0.9035
[0.5898607  0.57264405]
99 0.4638544944763184 0.9026
[0.5924621  0.57343054]
99 0.4625666046142578 0.9045
[0.59142   0.5743007]
99 0.4621578880310059 0.9038
[0.59372073 0.5750256 ]
99 0.46145211334228514 0.904
[0.5940649  0.57580185]
99 0.4608505760192871 0.9045
[0.5939163  0.57673633]
99 0.4606191459655762 0.9044
[0.59686655 0.5775432 ]
99 0.45962208328247073 0.9043
[0.5949763 0.5783672]
99 0.4591114761352539 0.9044
[0.59747475 0.579091  ]
99 0.45905160522460936 0.9043
[0.5970147 0.5799639]
99 0.45843628768920897 0.9039
[0.59997207 0.58062375]
99 0.4574028747558594 0.9048
[0.6001194 0.5814259]
99 0.45727686843872073 0.9053
[0.60109496 0.582215  ]
99 0.45683208389282226 0.9037
[0.6037197  0.58292884]
99 0.45629874420166017 0.9056
[0.6032096  0.58367574]
99 0.45624486694335936 0.9048
[0.60455143 0.58439964]
99 0.4555886909484863 0.9049
[0.60342175 0.58528244]
99 0.45478329010009766 0.9047
[0.6048987  0.58599645]
99 0.4535971031188965 0.9057
[0.60624635 0.5866444 ]
99 0.45376480560302734 0.905
[0.60645115 0.58737135]
99 0.4531743797302246 0.905
[0.6080816  0.58822584]
99 0.45220596923828127 0.9048
[0.6100002  0.58901495]
99 0.45270953369140626 0.9049
[0.60879564 0.58979386]
99 0.45193062133789064 0.9048
[0.6084752 0.5904391]
99 0.4511549758911133 0.9045
[0.6104085 0.5910717]
99 0.45072119216918943 0.9064
[0.61150664 0.59182864]
99 0.4507375045776367 0.9051
[0.61481667 0.5926688 ]
99 0.44967092361450195 0.9055
[0.6137701 0.593291 ]
99 0.44848219375610354 0.9057
[0.6144405  0.59392375]
99 0.44851366500854495 0.9056
[0.6143018 0.5947813]
99 0.4489822364807129 0.9049
[0.6167757  0.59525317]
99 0.44773919982910154 0.9065
[0.6164588 0.5960273]
99 0.4480174377441406 0.9057
[0.61629987 0.59668463]
99 0.447297004699707 0.9059
[0.61749405 0.5973697 ]
99 0.44672387619018555 0.9051
[0.617591   0.59806985]
99 0.44639442901611326 0.9048
[0.6181611 0.5987427]
99 0.445782381439209 0.9063
[0.6207153  0.59946656]
99 0.44551107330322265 0.9059
[0.6218593 0.6000916]
99 0.4450099647521973 0.9064
[0.6223291 0.6007485]
99 0.44363848419189456 0.9062
[0.62282133 0.60125613]
99 0.4435473434448242 0.9057
[0.62231857 0.6020289 ]
99 0.4431558349609375 0.9061
[0.6253683 0.6027629]
99 0.44305934600830077 0.906
[0.62395424 0.60341877]
99 0.4416925979614258 0.9066
[0.6249339  0.60398704]
99 0.44192238998413086 0.9057
[0.6267455 0.6046655]
99 0.44082790756225587 0.9056
[0.6272056  0.60530555]
99 0.44067359390258787 0.9065
[0.6270636 0.6059924]
99 0.4401344184875488 0.9068
[0.6280544  0.60651124]
99 0.44005001220703127 0.9072
[0.628268   0.60722315]
99 0.4398643669128418 0.9054
[0.62919307 0.60786945]
99 0.4390661590576172 0.9059
[0.6311179  0.60844696]
99 0.4387691581726074 0.9067
[0.6314985  0.60911024]
99 0.4385826942443848 0.9068
[0.63123286 0.60948855]
99 0.43787607040405274 0.9068
[0.6319046 0.6101909]
99 0.437208642578125 0.9066
[0.6314007  0.61088955]
99 0.4372582290649414 0.9061
[0.6332154 0.6115508]
99 0.4371213119506836 0.9065
[0.6336268  0.61207795]
99 0.4369621047973633 0.9063
[0.6365576  0.61270255]
99 0.4359170196533203 0.9066
[0.63496083 0.6131728 ]
99 0.4360020729064941 0.9068
[0.6373203 0.6138203]
99 0.4346350364685059 0.9073
[0.63688445 0.6144968 ]
99 0.43524782333374024 0.9066
[0.6360406  0.61495644]
99 0.43484090728759767 0.9062
[0.6383243  0.61560595]
99 0.43466310958862303 0.9062
[0.637955   0.61622834]
99 0.43333655853271486 0.9071
[0.6378374 0.6167733]
99 0.43263612594604495 0.9072
[0.63946104 0.6174675 ]
99 0.4330610237121582 0.9065
[0.6394531 0.6179675]
99 0.4325753791809082 0.9077
[0.63919157 0.618448  ]
99 0.4318424995422363 0.9064
[0.64133424 0.61904776]
99 0.43139613418579104 0.9081
[0.64215773 0.6196955 ]
99 0.430837281036377 0.9061
[0.6423973 0.620231 ]
99 0.43070961380004885 0.9074
[0.64495564 0.6207623 ]
99 0.43024051361083987 0.9076
[0.6440848 0.6212566]
99 0.4297118125915527 0.9068
[0.6439283  0.62172747]
99 0.430264762878418 0.9063
[0.64493066 0.6223666 ]
99 0.42951925659179685 0.9074
[0.646846   0.62296796]
99 0.42892289123535154 0.9066
[0.64711255 0.6237505 ]
99 0.42903493423461914 0.9064
[0.64788395 0.6239887 ]
99 0.42794204788208007 0.9078
[0.64770347 0.62465286]
99 0.4273884147644043 0.9067
[0.64895713 0.62509996]
99 0.4276071098327637 0.9069
[0.6501221 0.625771 ]
99 0.4273927673339844 0.9073
[0.64820355 0.6261308 ]
99 0.4265499336242676 0.9077
[0.6484132 0.6266598]
99 0.4268795928955078 0.9058
[0.6519615 0.6272557]
99 0.4271559547424316 0.9072
[0.6518508 0.6277005]
99 0.4257377914428711 0.9069
[0.6521923 0.6283522]
99 0.4248340393066406 0.9078
[0.65264577 0.6287782 ]
99 0.42490252227783204 0.9064
[0.65385133 0.62936753]
99 0.42510480804443357 0.9071
[0.6525494 0.6297331]
99 0.4247946517944336 0.9068
