cuda:0
1
Preparing datasets...
Preparing networks...
Fitting two-layer networks...
Generating network with reg level 0
modifying second layer regularization...
Generating network with reg level 0.1
modifying second layer regularization...
Generating network with reg level 0.3
modifying second layer regularization...
Generating dataframes...
Working on regularization level 0
[ 0.00059998 -0.00265807]
99 19.069498828125 0.1006
[-0.00028938 -0.00205017]
99 15.0089947265625 0.1602
[ 0.00166886 -0.00121593]
99 12.12154091796875 0.2237
[-0.00016151 -0.00026806]
99 10.0586923828125 0.2926
[0.0012521  0.00072932]
99 8.574873876953125 0.3534
[0.0016317  0.00172196]
99 7.474117138671875 0.4039
[0.00323607 0.0026923 ]
99 6.6314641357421875 0.4499
[0.00743043 0.00362053]
99 5.964610791015625 0.4827
[0.00707386 0.00451203]
99 5.431243530273438 0.5152
[0.00626334 0.00535376]
99 5.001255895996094 0.543
[0.0035371  0.00615371]
99 4.645135241699219 0.5694
[0.00879712 0.00691557]
99 4.349659399414063 0.5899
[0.00878692 0.00764627]
99 4.095668286132812 0.6082
[0.00866424 0.00833735]
99 3.87917587890625 0.6225
[0.01083662 0.00900073]
99 3.6896120056152344 0.6408
[0.01003404 0.00962825]
99 3.525503729248047 0.6529
[0.01141075 0.01023478]
99 3.3802284729003906 0.6644
[0.01328602 0.01081317]
99 3.2485516845703124 0.6747
[0.01221003 0.01137006]
99 3.1338799438476563 0.684
[0.01299443 0.01190256]
99 3.029592596435547 0.6936
[0.01405595 0.01241483]
99 2.9363712341308594 0.7024
[0.01490388 0.01290938]
99 2.8524374328613282 0.7106
[0.01548023 0.01338848]
99 2.774378649902344 0.7162
[0.01522951 0.01384888]
99 2.7026262634277343 0.7222
[0.01470635 0.01430048]
99 2.6379242889404297 0.73
[0.01464919 0.01473298]
99 2.5769431701660155 0.7364
[0.01585189 0.01515363]
99 2.522260369873047 0.7417
[0.0162725  0.01556049]
99 2.4719032745361327 0.7469
[0.01751331 0.01595861]
99 2.4239760223388673 0.7518
[0.0185313 0.0163455]
99 2.3797750396728516 0.7574
[0.01748833 0.01672048]
99 2.338664416503906 0.7606
[0.01703004 0.01708733]
99 2.2999980590820313 0.7648
[0.01851142 0.01744356]
99 2.264214373779297 0.7689
[0.01736823 0.01779606]
99 2.2290353088378905 0.7716
[0.01815032 0.01813625]
99 2.1968121551513673 0.7741
[0.01945353 0.01846996]
99 2.1666404418945313 0.7769
[0.01688944 0.01879669]
99 2.1363108520507814 0.7799
[0.01954586 0.01911688]
99 2.109530160522461 0.7822
[0.01997249 0.01943121]
99 2.0827802276611327 0.7845
[0.020792   0.01973912]
99 2.0574858764648436 0.7872
[0.02082297 0.02004149]
99 2.0341061645507814 0.7885
[0.02110229 0.02033548]
99 2.011021548461914 0.7909
[0.02282762 0.02062646]
99 1.9891640899658203 0.7929
[0.02166942 0.02091195]
99 1.9688839614868163 0.7948
[0.02095083 0.02119145]
99 1.9483149932861328 0.7968
[0.02135695 0.02146715]
99 1.9297524749755859 0.7993
[0.02263119 0.02173718]
99 1.9116752395629883 0.8007
[0.02347749 0.02200177]
99 1.8934613021850586 0.803
[0.02239572 0.02226424]
99 1.8764758117675782 0.8043
[0.02524011 0.02252327]
99 1.8600929794311523 0.8061
[0.02260774 0.02277808]
99 1.8440362060546875 0.8074
[0.02302804 0.0230278 ]
99 1.828824382019043 0.8085
[0.02354825 0.023272  ]
99 1.8149515090942383 0.81
[0.02452222 0.02351674]
99 1.7991222610473634 0.8111
[0.0238743  0.02375608]
99 1.7855104904174806 0.8125
[0.02479596 0.02399315]
99 1.7713471420288085 0.8136
[0.02520752 0.024225  ]
99 1.758450894165039 0.8149
[0.02302376 0.02445559]
99 1.746089727783203 0.8152
[0.02532915 0.02468357]
99 1.7344521850585937 0.8167
[0.02574657 0.024907  ]
99 1.7217056198120118 0.8185
[0.02642773 0.02512896]
99 1.7102583724975586 0.82
[0.02543258 0.02534986]
99 1.6989665710449218 0.8208
[0.02552247 0.02556694]
99 1.6872204833984374 0.8221
[0.02548405 0.02578175]
99 1.6770296676635743 0.8229
[0.02731445 0.02599581]
99 1.6664911239624023 0.8237
[0.02704239 0.02620497]
99 1.6567265060424805 0.8248
[0.02726221 0.02641209]
99 1.646633610534668 0.8257
[0.02713414 0.02661911]
99 1.6365617630004883 0.8273
[0.02814863 0.0268218 ]
99 1.6268687850952148 0.828
[0.0283423  0.02702332]
99 1.6174414566040038 0.8286
[0.02647306 0.02722482]
99 1.6082355712890626 0.8294
[0.02764906 0.02742172]
99 1.5998444885253906 0.8298
[0.02838508 0.02761815]
99 1.5912365844726561 0.8305
[0.02779328 0.02781305]
99 1.5821920333862305 0.8313
[0.0293257  0.02800738]
99 1.574651040649414 0.8322
[0.02965077 0.02819811]
99 1.5662424377441406 0.833
[0.02871627 0.02838705]
99 1.5578910385131837 0.8335
[0.02851496 0.02857267]
99 1.5499043518066407 0.8339
[0.02817618 0.02875941]
99 1.542787872314453 0.8345
[0.03030797 0.02894409]
99 1.535560350036621 0.8351
[0.02988265 0.02912952]
99 1.528706101989746 0.8362
[0.02991066 0.02930863]
99 1.5214024063110352 0.837
[0.02952157 0.02949128]
99 1.5141427841186523 0.8378
[0.02931939 0.0296707 ]
99 1.5063186386108398 0.8383
[0.03210579 0.02984677]
99 1.4992075012207031 0.8388
[0.03044067 0.03002581]
99 1.4934476898193358 0.8397
[0.03033346 0.03019981]
99 1.487336994934082 0.8403
[0.0303094  0.03037281]
99 1.480191251373291 0.84
[0.03144598 0.03054533]
99 1.4742076545715332 0.8411
[0.03031182 0.03071793]
99 1.467543765258789 0.8413
[0.03260759 0.0308878 ]
99 1.461927313232422 0.8423
[0.03161509 0.03105931]
99 1.4563322875976563 0.8421
[0.03240052 0.03122551]
99 1.4500138526916504 0.8428
[0.03114523 0.03139425]
99 1.4435988487243652 0.8436
[0.03216399 0.03155949]
99 1.4383341972351074 0.8441
[0.03101752 0.03172369]
99 1.432692310333252 0.8445
[0.03261025 0.0318887 ]
99 1.4267212608337403 0.8453
[0.03295442 0.03205299]
99 1.421512481689453 0.8456
[0.03277291 0.03221577]
99 1.4164346595764161 0.8458
[0.03351405 0.0323774 ]
99 1.4107757682800293 0.8463
[0.03440312 0.03253579]
99 1.405648745727539 0.8464
[0.0343554  0.03269486]
99 1.4002876434326172 0.8468
[0.03512745 0.0328554 ]
99 1.3947462287902832 0.847
[0.03381779 0.03301234]
99 1.3901722930908202 0.848
[0.03388347 0.03316867]
99 1.3851510452270508 0.8482
[0.03547468 0.03332443]
99 1.3803638191223144 0.8483
[0.03475377 0.03347746]
99 1.376145362854004 0.8492
[0.03452696 0.03363476]
99 1.3709327117919923 0.8495
[0.03449587 0.03378886]
99 1.3663559997558594 0.8497
[0.03441331 0.03394046]
99 1.3619693084716797 0.8503
[0.03492305 0.03409239]
99 1.3565071899414063 0.8509
[0.03614093 0.0342458 ]
99 1.3525546577453613 0.8511
[0.03621059 0.03439743]
99 1.3478036231994628 0.8519
[0.03503989 0.03454591]
99 1.3433362968444824 0.852
[0.03435368 0.0346936 ]
99 1.338813175201416 0.8529
[0.03392661 0.0348417 ]
99 1.3348212661743164 0.8529
[0.03652825 0.03499219]
99 1.3298826042175294 0.8534
[0.03617521 0.03513826]
99 1.326391756439209 0.854
[0.0363841  0.03528533]
99 1.3221983352661133 0.8542
[0.03567608 0.03543435]
99 1.3185115180969238 0.8545
[0.03747477 0.03557758]
99 1.3146219207763672 0.8551
[0.03692281 0.03572362]
99 1.3101197288513184 0.8554
[0.03626539 0.03586789]
99 1.3060874183654785 0.8553
[0.03642053 0.03601051]
99 1.3024634124755858 0.8558
[0.03831363 0.03615357]
99 1.2988834854125977 0.8563
[0.03899368 0.03629829]
99 1.2944554878234864 0.8563
[0.0376833  0.03643887]
99 1.2907307487487794 0.8563
[0.03708268 0.03657921]
99 1.2871419876098633 0.857
[0.03952561 0.03672114]
99 1.283656216430664 0.8574
[0.03951152 0.03686125]
99 1.2804569435119628 0.8581
[0.03584282 0.03700243]
99 1.2763408012390136 0.8581
[0.03893798 0.03714147]
99 1.272736287689209 0.8584
[0.04071774 0.0372811 ]
99 1.2689690925598145 0.8589
[0.03791866 0.03741957]
99 1.2658061103820801 0.859
[0.04008708 0.03755653]
99 1.262158211517334 0.8598
[0.03850435 0.03769299]
99 1.259102684020996 0.8596
[0.03968045 0.03782908]
99 1.2559321258544922 0.8597
[0.03812474 0.03796614]
99 1.2525354568481446 0.8602
[0.03985043 0.03810119]
99 1.2494601341247558 0.8603
[0.04003309 0.03823829]
99 1.245950235748291 0.8606
[0.03798202 0.03837135]
99 1.242699411010742 0.861
[0.04021319 0.03850655]
99 1.2393469947814941 0.8612
[0.04114901 0.03863948]
99 1.2357823844909668 0.862
[0.04187102 0.03877562]
99 1.2330045303344725 0.8626
[0.04047919 0.03890926]
99 1.230432829284668 0.8625
[0.04110203 0.03904168]
99 1.2275119255065918 0.8628
[0.04089015 0.039173  ]
99 1.2242648948669435 0.8634
[0.03981418 0.03930575]
99 1.221512786102295 0.8636
[0.0409175  0.03943669]
99 1.2182047561645508 0.8641
[0.04155283 0.03956824]
99 1.2146590942382813 0.8641
[0.04188607 0.03969891]
99 1.2118257339477538 0.8648
[0.04091705 0.03982878]
99 1.209011996459961 0.8649
[0.0427497  0.03995759]
99 1.206330908203125 0.8653
[0.04177887 0.04008641]
99 1.203084091949463 0.8656
[0.04077171 0.04021638]
99 1.2000194328308105 0.8656
[0.0415217  0.04034464]
99 1.1975899673461914 0.866
[0.04287123 0.04047345]
99 1.195317813873291 0.8661
[0.04393615 0.04060116]
99 1.1921499366760253 0.8667
[0.04084268 0.0407293 ]
99 1.1892905265808105 0.8665
[0.0445787  0.04085525]
99 1.1869982482910155 0.867
[0.04124987 0.04098218]
99 1.1846297424316405 0.8674
[0.04221629 0.04111014]
99 1.1814538040161133 0.8678
[0.04345944 0.04123495]
99 1.1785173347473143 0.8677
[0.04243892 0.04135928]
99 1.1759846969604493 0.868
[0.04315995 0.04148465]
99 1.173096689605713 0.8682
[0.04297989 0.04161031]
99 1.170892133331299 0.8688
[0.04265747 0.04173713]
99 1.168440126800537 0.8692
[0.04463522 0.04186143]
99 1.1657182556152343 0.8693
[0.0440405  0.04198438]
99 1.1632245529174805 0.8696
[0.04402254 0.04210906]
99 1.160846343231201 0.8696
[0.04213138 0.04223232]
99 1.1582248077392578 0.8697
[0.04504696 0.04235452]
99 1.1555164695739746 0.8699
[0.04450815 0.04247831]
99 1.1534799690246582 0.8697
[0.04468189 0.04260145]
99 1.1508268028259276 0.8698
[0.04488238 0.04272479]
99 1.1479849510192872 0.8702
[0.04606738 0.04284713]
99 1.145715786743164 0.8707
[0.04513577 0.04296779]
99 1.1432685440063477 0.8708
[0.04547213 0.04309087]
99 1.1411019012451171 0.8707
[0.04475635 0.04321079]
99 1.1391677406311036 0.8706
[0.04681865 0.04333103]
99 1.1364013793945313 0.8709
[0.04642981 0.04345307]
99 1.1343166793823243 0.8712
[0.04423963 0.04357377]
99 1.1319995910644531 0.8714
[0.04492351 0.04369381]
99 1.1298552024841308 0.8714
[0.04678091 0.04381348]
99 1.127627346801758 0.8713
[0.04685692 0.04393207]
99 1.1252817581176757 0.8717
[0.04484207 0.04405151]
99 1.122569898223877 0.8718
[0.0478336  0.04417122]
99 1.120595241546631 0.8722
[0.04593621 0.044292  ]
99 1.1185040687561034 0.872
[0.04565715 0.04440738]
99 1.1161154945373535 0.8727
[0.04777979 0.04452744]
99 1.1139841079711914 0.8728
[0.04714184 0.04464623]
99 1.1118519172668457 0.8731
[0.04766541 0.04476294]
99 1.1099070587158204 0.8731
[0.04860933 0.04487957]
99 1.1075158073425293 0.8735
[0.04651982 0.04499634]
99 1.1052613021850586 0.8736
[0.04688204 0.04511248]
99 1.1033387733459472 0.8735
[0.04684654 0.04523036]
99 1.101362158203125 0.8739
[0.04671849 0.04534785]
99 1.0992573722839356 0.8734
[0.04888814 0.04546427]
99 1.097249900817871 0.8736
[0.04697425 0.04558117]
99 1.094960654449463 0.8738
[0.04678914 0.04569712]
99 1.0928098182678223 0.8741
[0.0503494 0.0458123]
99 1.0910111557006836 0.8741
[0.0484728  0.04592751]
99 1.0891197441101075 0.8743
[0.05048245 0.04604408]
99 1.0867373054504395 0.8745
[0.04854907 0.04616003]
99 1.0848006431579589 0.8745
[0.05000816 0.04627496]
99 1.0828264503479004 0.8744
[0.04855847 0.04638966]
99 1.0811244773864745 0.8748
[0.04796373 0.04650507]
99 1.079243635559082 0.8749
[0.04902608 0.04662048]
99 1.0771884635925293 0.8749
[0.04947124 0.04673398]
99 1.0751090621948243 0.875
[0.04983674 0.04684588]
99 1.073060831451416 0.8753
[0.05006902 0.04695916]
99 1.0709977569580078 0.8749
[0.04847971 0.04707413]
99 1.0693000297546387 0.8756
[0.04919045 0.04718848]
99 1.0672103729248046 0.8757
[0.0492503  0.04730134]
99 1.0655003158569336 0.8756
[0.05057761 0.04741369]
99 1.0637255279541016 0.8757
[0.05102697 0.04752605]
99 1.061513804626465 0.8757
[0.0512839  0.04763863]
99 1.0597349822998048 0.8761
[0.05117811 0.04775107]
99 1.0579403564453125 0.8763
[0.04946678 0.04786397]
99 1.0562293731689454 0.8762
[0.05169672 0.04797546]
99 1.0546802467346192 0.8764
[0.05131211 0.04808797]
99 1.0528390838623047 0.8763
[0.05331959 0.04820032]
99 1.0507624855041504 0.8764
[0.05138638 0.04831385]
99 1.0490081832885743 0.8764
[0.05069093 0.04842515]
99 1.0472061668395996 0.8767
[0.05261639 0.04853648]
99 1.044999761199951 0.8768
[0.05027604 0.04864854]
99 1.0434937271118163 0.877
[0.05092725 0.04875832]
99 1.0420353477478028 0.8769
[0.05294113 0.04886703]
99 1.0403861122131348 0.8772
[0.05469668 0.04897956]
99 1.0381831649780273 0.8773
[0.05310494 0.0490893 ]
99 1.0365959701538086 0.8775
[0.05231469 0.0492002 ]
99 1.0347870658874512 0.8778
[0.0528812  0.04931114]
99 1.0330182624816895 0.8779
[0.0519901  0.04942165]
99 1.0312211929321289 0.8779
[0.05120036 0.04953068]
99 1.0299525398254394 0.8778
[0.05276461 0.04964178]
99 1.0282699089050293 0.8786
[0.05223808 0.04974991]
99 1.026168782043457 0.8783
[0.05277807 0.04986043]
99 1.0246610877990723 0.8787
[0.05154633 0.04997099]
99 1.022832154083252 0.879
[0.05090616 0.05007918]
99 1.0210573081970216 0.8788
[0.05396225 0.05018765]
99 1.0195438217163086 0.8786
[0.05271665 0.05029736]
99 1.017837841796875 0.8789
[0.05397382 0.05040521]
99 1.016159302520752 0.8789
[0.05362406 0.05051248]
99 1.0144026000976563 0.8791
[0.05207726 0.05062275]
99 1.0129681427001953 0.8795
[0.05245619 0.05073027]
99 1.0117323226928712 0.8796
[0.05444039 0.05083878]
99 1.0098479835510255 0.8795
[0.05431699 0.05094752]
99 1.007987432861328 0.8797
[0.05495629 0.0510529 ]
99 1.0065389122009278 0.8798
[0.05466003 0.05116389]
99 1.004783511352539 0.8798
[0.05399661 0.05127099]
99 1.0029080993652344 0.8798
[0.05402768 0.05137735]
99 1.0015570922851562 0.8801
[0.05508706 0.05148568]
99 1.0000184326171875 0.8799
[0.05515716 0.05159242]
99 0.998440616607666 0.8801
[0.05573921 0.05170001]
99 0.9968671463012695 0.88
[0.0548607  0.05180731]
99 0.9953446060180664 0.8801
[0.05642983 0.05191535]
99 0.9938702072143555 0.8803
[0.05526605 0.05202098]
99 0.9920756843566895 0.8806
[0.05573818 0.05212696]
99 0.9907932136535644 0.8803
[0.05441098 0.05223505]
99 0.9894011489868164 0.8806
[0.05459872 0.05234233]
99 0.9881181549072265 0.8806
[0.0566511  0.05244696]
99 0.9865149787902832 0.8807
[0.0566666  0.05255369]
99 0.9850302078247071 0.8804
[0.05398494 0.05265984]
99 0.9838569625854492 0.8805
[0.05685654 0.05276552]
99 0.9818350238800049 0.8805
[0.05711273 0.0528728 ]
99 0.9800452499389648 0.8804
[0.05681732 0.05297809]
99 0.9789096073150635 0.8809
[0.05789084 0.05308087]
99 0.9777136322021485 0.881
[0.05619032 0.05318668]
99 0.9759129638671875 0.8812
[0.05678065 0.05329363]
99 0.9743968452453613 0.8812
[0.05761853 0.05339987]
99 0.9733836563110352 0.881
[0.05700425 0.05350398]
99 0.9712139213562012 0.8808
[0.05826601 0.05360849]
99 0.9699396560668946 0.881
[0.05838735 0.05371376]
99 0.9686267448425293 0.8814
[0.05825235 0.0538192 ]
99 0.9670768661499023 0.8816
[0.05893744 0.05392243]
99 0.9660844295501709 0.8817
[0.05755156 0.05402915]
99 0.9645059913635254 0.8816
[0.0581753  0.05413379]
99 0.9634597278594971 0.8818
[0.05848249 0.05423564]
99 0.9616372680664063 0.8819
[0.05840835 0.05434115]
99 0.9603700790405273 0.8818
[0.05997924 0.05444413]
99 0.9588740539550781 0.8819
[0.05830119 0.05454704]
99 0.9576851276397705 0.8822
[0.05859395 0.05465275]
99 0.9565783298492432 0.8824
[0.06050384 0.0547564 ]
99 0.9546480098724365 0.8825
[0.05773686 0.05486142]
99 0.9534747928619385 0.8826
[0.05735221 0.05496498]
99 0.9524938655853271 0.8828
[0.059216   0.05506918]
99 0.9507109981536865 0.8827
[0.06019028 0.05517294]
99 0.9495915893554687 0.8827
[0.06181592 0.05527673]
99 0.9479876735687256 0.8832
[0.05978573 0.05537933]
99 0.9467402122497559 0.8831
[0.06049646 0.05548146]
99 0.9456713676452637 0.8833
[0.06071938 0.05558496]
99 0.9444052394866943 0.8837
[0.0579537  0.05568847]
99 0.9432776218414307 0.8837
[0.05977167 0.05579168]
99 0.9416334152221679 0.8839
[0.05925986 0.05589342]
99 0.9401878684997559 0.8838
[0.06184394 0.05599603]
99 0.9385548259735107 0.8839
[0.05905758 0.05609896]
99 0.9376345737457276 0.884
[0.06120853 0.05620003]
99 0.9363412033081054 0.8837
[0.05957361 0.05630409]
99 0.9348661842346191 0.884
[0.0616894  0.05640788]
99 0.9340337806701661 0.8846
[0.06050596 0.05650872]
99 0.9327879020690918 0.8848
Working on regularization level 0.1
[ 0.00039611 -0.00264499]
99 17.036102099609376 0.1041
[-0.00014749 -0.00196622]
99 11.762192578125 0.1731
[ 0.00075889 -0.00098479]
99 8.227469506835938 0.2575
[0.00242019 0.00018153]
99 5.908546606445313 0.3511
[0.00288119 0.00143726]
99 4.3749756958007815 0.4264
[0.00223485 0.00270469]
99 3.325030944824219 0.4925
[0.00619459 0.00396633]
99 2.593293176269531 0.547
[0.00765931 0.00519982]
99 2.067182684326172 0.5984
[0.01157235 0.00641294]
99 1.6828726806640626 0.636
[0.00899432 0.00758326]
99 1.3954753479003905 0.6711
[0.0100184  0.00875133]
99 1.1788173736572265 0.7016
[0.0109055  0.00990995]
99 1.011777067565918 0.7279
[0.01391189 0.01107791]
99 0.884415380859375 0.748
[0.0146779  0.01227954]
99 0.7836352966308594 0.7659
[0.01702492 0.0135134 ]
99 0.7053627288818359 0.7833
[0.01774661 0.01482321]
99 0.6445850486755371 0.7984
[0.02033598 0.01621527]
99 0.5972647285461425 0.8108
[0.02349909 0.01771031]
99 0.5605455558776855 0.8228
[0.01931859 0.01934315]
99 0.532494108581543 0.8334
[0.02628084 0.02117066]
99 0.5114207260131836 0.8439
[0.0277517  0.02317628]
99 0.4958036720275879 0.8556
[0.03090467 0.02545267]
99 0.4843665756225586 0.8631
[0.02964212 0.02798429]
99 0.47615671615600585 0.8701
[0.03400235 0.03081814]
99 0.4695330444335937 0.8764
[0.03901007 0.03398101]
99 0.4658127815246582 0.8801
[0.04150068 0.03754072]
99 0.4624098617553711 0.8838
[0.04667028 0.04149029]
99 0.4605990425109863 0.8885
[0.04909664 0.04581589]
99 0.4590468734741211 0.892
[0.05314186 0.05055043]
99 0.458537629699707 0.8944
[0.05972078 0.05573844]
99 0.4575379348754883 0.8974
[0.0661665 0.0613096]
99 0.45729447021484376 0.8979
[0.07228491 0.06727108]
99 0.4567767303466797 0.9
[0.07764018 0.07356656]
99 0.4567536239624023 0.9008
[0.0836684  0.08021008]
99 0.45630474853515623 0.9011
[0.09128688 0.08705341]
99 0.45621411209106444 0.9021
[0.09653351 0.09403025]
99 0.45621601638793946 0.9017
[0.10191098 0.10110297]
99 0.45598066024780276 0.9029
[0.10882275 0.10810647]
99 0.4560156021118164 0.9037
[0.11616021 0.11501585]
99 0.4559476356506348 0.9044
[0.12304734 0.12178192]
99 0.45598187255859374 0.9043
[0.12961574 0.12832795]
99 0.4552710754394531 0.9038
[0.13627222 0.13457897]
99 0.4552662239074707 0.9041
[0.14177908 0.14048727]
99 0.4554588638305664 0.9051
[0.14758064 0.1460442 ]
99 0.45488103408813474 0.9059
[0.15113167 0.15128686]
99 0.4547032569885254 0.9052
[0.15647203 0.156263  ]
99 0.4541423271179199 0.9053
[0.16010937 0.1608069 ]
99 0.4538739906311035 0.9052
[0.16740847 0.16508907]
99 0.45370437088012694 0.9058
[0.16935939 0.1691096 ]
99 0.4533163139343262 0.9057
[0.17363381 0.17300037]
99 0.45310484008789065 0.9051
[0.17534153 0.17653936]
99 0.45263007888793944 0.906
[0.1794428  0.17994027]
99 0.4521459426879883 0.9058
[0.18485036 0.18317264]
99 0.4522149932861328 0.9063
[0.18720937 0.18630682]
99 0.4515036804199219 0.9056
[0.19016021 0.18926455]
99 0.45112772216796876 0.9058
[0.19213746 0.19216886]
99 0.4509691917419434 0.9062
[0.19429184 0.19498643]
99 0.45038214111328123 0.9053
[0.19728312 0.19774622]
99 0.4501875389099121 0.9055
[0.20181109 0.2003832 ]
99 0.4497203056335449 0.9058
[0.20192698 0.20289984]
99 0.44965764541625974 0.9067
[0.20711675 0.20552517]
99 0.4490783493041992 0.906
[0.20841233 0.20802191]
99 0.4487547554016113 0.906
[0.21084006 0.2105126 ]
99 0.4483821319580078 0.9062
[0.2149009  0.21298586]
99 0.4481894287109375 0.9057
[0.21419524 0.21545647]
99 0.4475244689941406 0.906
[0.21884942 0.21784016]
99 0.4470678649902344 0.9055
[0.22083099 0.22015631]
99 0.4472911598205566 0.9058
[0.22237255 0.22255048]
99 0.4465291229248047 0.9065
[0.22578263 0.22483096]
99 0.44588324584960937 0.9066
[0.22895229 0.22725566]
99 0.44546598892211914 0.9068
[0.2297592  0.22945456]
99 0.4452977783203125 0.9061
[0.23151983 0.23176108]
99 0.44482084197998045 0.907
[0.23571074 0.23405208]
99 0.4445304214477539 0.9069
[0.23756495 0.23632663]
99 0.4438467437744141 0.9063
[0.24181229 0.23850559]
99 0.4433754455566406 0.9055
[0.24339178 0.24076794]
99 0.4432063301086426 0.9079
[0.2457583  0.24297476]
99 0.4427940284729004 0.907
[0.24678394 0.24518272]
99 0.44193882064819334 0.9066
[0.24882162 0.24739528]
99 0.44166213607788085 0.9075
[0.25191855 0.24950239]
99 0.44161339111328124 0.907
[0.2528572 0.251675 ]
99 0.44097070770263674 0.906
[0.25422975 0.25382105]
99 0.4406756591796875 0.9063
[0.25796175 0.25601196]
99 0.4402207817077637 0.906
[0.26080996 0.25812277]
99 0.4395858489990234 0.9078
[0.2620703  0.26026642]
99 0.43913282165527345 0.9068
[0.26577997 0.2623241 ]
99 0.4386615737915039 0.9069
[0.2661016  0.26449668]
99 0.43816255569458007 0.907
[0.27029052 0.26657498]
99 0.4378063362121582 0.9072
[0.26848114 0.26862845]
99 0.4374320625305176 0.907
[0.27418968 0.2707419 ]
99 0.4368167541503906 0.9071
[0.27643228 0.27279449]
99 0.4363929389953613 0.9075
[0.27768397 0.27478626]
99 0.43610632858276366 0.9071
[0.28116482 0.27677467]
99 0.43568350982666015 0.9071
[0.28235966 0.27878934]
99 0.43531763381958005 0.9076
[0.28500667 0.28083438]
99 0.43492316818237303 0.907
[0.28728077 0.2828624 ]
99 0.43454874572753904 0.907
[0.28967103 0.2847976 ]
99 0.43437005920410154 0.9076
[0.2894114  0.28673705]
99 0.43354716796875 0.9077
[0.29364282 0.28878695]
99 0.43294567337036133 0.9077
[0.29555094 0.29072988]
99 0.4326295829772949 0.9081
[0.29616806 0.29267374]
99 0.43241135940551756 0.9075
[0.29752967 0.29454786]
99 0.4318995933532715 0.9077
[0.3012762  0.29658112]
99 0.43140340881347655 0.9091
[0.30300954 0.29840198]
99 0.4309589012145996 0.9084
[0.30419102 0.30031708]
99 0.4305103775024414 0.908
[0.30633578 0.302176  ]
99 0.42995149002075195 0.9084
[0.31021336 0.30415654]
99 0.42997918548583985 0.909
[0.31006244 0.30593482]
99 0.42931348495483396 0.9081
[0.31282997 0.3078775 ]
99 0.42893807983398435 0.9089
[0.31487584 0.3096317 ]
99 0.4283006423950195 0.9081
[0.31626636 0.3114935 ]
99 0.4279980812072754 0.9083
[0.3185621  0.31326258]
99 0.4280177146911621 0.9096
[0.32160655 0.3151615 ]
99 0.4270614242553711 0.9089
[0.32270485 0.3168927 ]
99 0.42683453140258787 0.9087
[0.32450917 0.31874096]
99 0.42649789276123046 0.9088
[0.32578525 0.3205163 ]
99 0.4259308853149414 0.909
[0.3270704  0.32224986]
99 0.42542155380249025 0.9093
[0.33153015 0.32411388]
99 0.425104035949707 0.9091
[0.33315927 0.3258117 ]
99 0.4245975799560547 0.9098
[0.33517575 0.32759488]
99 0.4243294021606445 0.9092
[0.33621857 0.32932305]
99 0.423909268951416 0.9088
[0.33762434 0.33100176]
99 0.42357912368774414 0.9082
[0.33839202 0.33275288]
99 0.42284195709228517 0.9099
[0.338794   0.33441985]
99 0.4226349105834961 0.9094
[0.3417138  0.33608365]
99 0.422317463684082 0.9097
[0.344502   0.33776787]
99 0.42212405471801756 0.9103
[0.3456567 0.3395103]
99 0.42113026275634763 0.9099
[0.34610742 0.34123075]
99 0.420548087310791 0.9096
[0.34994882 0.3428937 ]
99 0.4203498519897461 0.9094
[0.3509445 0.3445177]
99 0.4200875373840332 0.9097
[0.35415977 0.34611806]
99 0.4194266571044922 0.9102
[0.35585454 0.34777123]
99 0.4191941253662109 0.9093
[0.35688052 0.34936792]
99 0.4185683906555176 0.9102
[0.3602102 0.351023 ]
99 0.4182933547973633 0.9093
[0.3590213 0.3526262]
99 0.41789647064208985 0.9101
[0.36204752 0.35419166]
99 0.41741204376220703 0.9107
[0.36455026 0.35577068]
99 0.41715803833007814 0.9098
[0.36346382 0.35732287]
99 0.41669741439819336 0.9104
[0.3661791  0.35887498]
99 0.4165263916015625 0.911
[0.37073636 0.36047703]
99 0.41596955261230467 0.911
[0.3693575 0.362034 ]
99 0.41557140655517577 0.9102
[0.3728372  0.36356682]
99 0.41510654144287107 0.9099
[0.37571487 0.36508533]
99 0.4149829597473145 0.9104
[0.3758017  0.36668718]
99 0.41426471252441405 0.9104
[0.37591457 0.36819193]
99 0.4138622627258301 0.9098
[0.37827805 0.36970645]
99 0.4136734634399414 0.9101
[0.37976503 0.37108058]
99 0.4132418792724609 0.9099
[0.38184267 0.37261304]
99 0.41269711227416994 0.9108
[0.38297355 0.37409106]
99 0.4122134628295898 0.9102
[0.3837448  0.37562555]
99 0.4118785743713379 0.9107
[0.38504338 0.3770295 ]
99 0.41143617401123045 0.9113
[0.38961375 0.3784686 ]
99 0.410953173828125 0.9109
[0.39013186 0.37990063]
99 0.41094634857177736 0.9104
[0.38981062 0.38143152]
99 0.4104004737854004 0.911
[0.3924361  0.38284716]
99 0.4098775634765625 0.9111
[0.3939178 0.3842534]
99 0.40981586532592773 0.9109
[0.3952606  0.38570037]
99 0.4091442413330078 0.911
[0.3963296 0.3870273]
99 0.4088811233520508 0.9096
[0.39933223 0.38854435]
99 0.4084537071228027 0.9108
[0.4011461  0.38991973]
99 0.40793644485473635 0.9109
[0.40233663 0.39130175]
99 0.4075677574157715 0.9111
[0.40367645 0.39264476]
99 0.40772660522460935 0.9102
[0.403904   0.39395872]
99 0.4069400115966797 0.9104
[0.4067608 0.3954395]
99 0.4064640922546387 0.9111
[0.4092912  0.39673674]
99 0.40635042114257813 0.9102
[0.40854362 0.39804593]
99 0.40556341018676756 0.9097
[0.41059297 0.39948422]
99 0.40527611312866213 0.9105
[0.41120678 0.40083003]
99 0.40490314559936524 0.9105
[0.41228923 0.40214062]
99 0.40447672958374026 0.9112
[0.41563118 0.4034542 ]
99 0.4040900550842285 0.9114
[0.4147616  0.40473807]
99 0.4037350891113281 0.9116
[0.4193025  0.40600303]
99 0.4038058334350586 0.911
[0.41745436 0.40742108]
99 0.4030272361755371 0.9108
[0.42004278 0.40868482]
99 0.40263026580810546 0.9115
[0.42003244 0.40997323]
99 0.40228464050292967 0.912
[0.42386746 0.41121134]
99 0.40196776657104494 0.9108
[0.4245313 0.4124889]
99 0.40180262603759764 0.9112
[0.42503855 0.41379055]
99 0.40120890502929685 0.9116
[0.42759874 0.4149637 ]
99 0.40075251388549804 0.9105
[0.42794058 0.41629678]
99 0.4006080116271973 0.9114
[0.43105546 0.41747895]
99 0.40017768325805664 0.9109
[0.43063965 0.418731  ]
99 0.3999027618408203 0.9111
[0.4326073  0.41996422]
99 0.3996280914306641 0.9105
[0.43442082 0.42113316]
99 0.3994779327392578 0.9117
[0.43696484 0.42242894]
99 0.3987405410766602 0.9111
[0.4387887  0.42367294]
99 0.39847237548828124 0.9117
[0.4386848  0.42482847]
99 0.3979289825439453 0.9113
[0.43778855 0.42606607]
99 0.3978702522277832 0.9111
[0.43956828 0.42726874]
99 0.3972131523132324 0.9115
[0.44215897 0.42846897]
99 0.3970399848937988 0.9107
[0.44331655 0.42962578]
99 0.39653353118896484 0.9119
[0.44371858 0.43081868]
99 0.396412313079834 0.9108
[0.44631705 0.43197387]
99 0.39577237548828126 0.9118
[0.4491178  0.43314245]
99 0.39557240982055664 0.911
[0.44845414 0.43437877]
99 0.3956223754882813 0.9128
[0.44943717 0.4354349 ]
99 0.3945655982971191 0.9113
[0.44963747 0.4365935 ]
99 0.3942724838256836 0.9114
[0.45234507 0.4376863 ]
99 0.3940775077819824 0.9117
[0.45217    0.43883184]
99 0.3939466239929199 0.9115
[0.45375714 0.4399621 ]
99 0.3934885772705078 0.9128
[0.4541826  0.44107857]
99 0.3929519477844238 0.9121
[0.45679092 0.4421925 ]
99 0.39300400924682616 0.9114
[0.4546195  0.44330266]
99 0.3924375419616699 0.9114
[0.45881787 0.44447467]
99 0.3921398796081543 0.9121
[0.4607926  0.44562474]
99 0.39159361724853514 0.9121
[0.46144187 0.44663075]
99 0.3914899879455566 0.9119
[0.46300814 0.447776  ]
99 0.39130647888183595 0.9116
[0.46376064 0.44881147]
99 0.39067371673583984 0.9118
[0.46490484 0.44989267]
99 0.3903557800292969 0.9123
[0.4688074  0.45097038]
99 0.3901442970275879 0.9116
[0.46797308 0.45193988]
99 0.39007093811035154 0.9118
[0.46840996 0.45306164]
99 0.3897100845336914 0.9115
[0.46910214 0.454153  ]
99 0.38917396240234375 0.9119
[0.47029328 0.45522034]
99 0.3885594482421875 0.9122
[0.4715044  0.45627448]
99 0.38823306503295896 0.9128
[0.47342667 0.45734304]
99 0.38797558822631834 0.9111
[0.47381604 0.45832384]
99 0.3876667068481445 0.912
[0.47608462 0.45933795]
99 0.3875729507446289 0.9124
[0.4755127  0.46030453]
99 0.38722613830566405 0.9116
[0.4768519  0.46137238]
99 0.3867003364562988 0.9121
[0.48325714 0.46238735]
99 0.38640759506225586 0.911
[0.4787408 0.4633375]
99 0.3862938499450684 0.9129
[0.48064026 0.46442413]
99 0.385714266204834 0.9127
[0.48062643 0.46545878]
99 0.3856867805480957 0.9118
[0.48261902 0.4664135 ]
99 0.38499539642333985 0.9119
[0.4838156  0.46735308]
99 0.38518588333129883 0.9121
[0.48547044 0.46840912]
99 0.3846229537963867 0.9119
[0.4878558 0.4692991]
99 0.38433696823120117 0.9129
[0.48715797 0.47036165]
99 0.3839313362121582 0.9128
[0.48922035 0.47136146]
99 0.38378870429992673 0.9126
[0.49071163 0.47224236]
99 0.38315072288513186 0.9131
[0.49216425 0.47319645]
99 0.3832918155670166 0.9136
[0.49192405 0.474135  ]
99 0.38304203033447265 0.9118
[0.49292913 0.47517774]
99 0.3822443504333496 0.9119
[0.49312857 0.47611743]
99 0.38207083396911623 0.9137
[0.49307492 0.4770197 ]
99 0.38158220100402834 0.912
[0.49607775 0.47795808]
99 0.3817856449127197 0.9136
[0.49494976 0.47892237]
99 0.3810332836151123 0.9133
[0.49765188 0.47985086]
99 0.3809955043792725 0.9126
[0.49882996 0.4807525 ]
99 0.3805386764526367 0.914
[0.49990863 0.48161134]
99 0.3802562118530273 0.9133
[0.5008391 0.4826096]
99 0.37964396896362307 0.9128
[0.50122577 0.48351732]
99 0.37993930587768554 0.9143
[0.50258183 0.48438644]
99 0.37916129722595215 0.9131
[0.5034693  0.48530743]
99 0.3791787654876709 0.9133
[0.5054749 0.4861293]
99 0.37867213821411133 0.9131
[0.5059549  0.48705244]
99 0.37868778038024903 0.9136
[0.50786614 0.48789775]
99 0.37828331909179685 0.914
[0.5070243 0.4889089]
99 0.3778469997406006 0.9128
[0.50563407 0.48970208]
99 0.37745968437194827 0.9131
[0.5086631  0.49055058]
99 0.3774593383789063 0.9133
[0.51123923 0.49154255]
99 0.37694164505004885 0.9132
[0.50988   0.4923578]
99 0.37692741508483885 0.9127
[0.5098606 0.4931831]
99 0.37666850814819336 0.9134
[0.5131015  0.49406633]
99 0.3761697803497314 0.9139
[0.5145028  0.49496204]
99 0.3756480091094971 0.9142
[0.5140316  0.49572852]
99 0.3758331520080566 0.9143
[0.51526755 0.4967127 ]
99 0.37529087867736816 0.9128
[0.5182364  0.49748805]
99 0.3749279026031494 0.9141
[0.51728016 0.49829593]
99 0.3745815055847168 0.9142
[0.5183113  0.49916023]
99 0.3745240062713623 0.9138
[0.51970106 0.49999323]
99 0.3738828136444092 0.9142
[0.51889586 0.50079966]
99 0.3742391250610352 0.9145
[0.5206289 0.501637 ]
99 0.37362395095825196 0.9132
[0.52184147 0.5024816 ]
99 0.3732118953704834 0.9135
[0.5221225  0.50331205]
99 0.3728440769195557 0.9134
[0.5240201  0.50414556]
99 0.3731103973388672 0.9131
[0.52594715 0.50487334]
99 0.3726160289764404 0.9147
[0.5254377  0.50579554]
99 0.3719889320373535 0.9136
[0.5258564  0.50650847]
99 0.3718125701904297 0.914
[0.5241056 0.5073349]
99 0.37173779983520505 0.9136
[0.5290852  0.50813663]
99 0.3714593166351318 0.9148
[0.5277772 0.5088325]
99 0.37127649612426755 0.9148
[0.52905613 0.50967747]
99 0.37076890830993653 0.9146
[0.5304508 0.5103944]
99 0.3710259742736816 0.9148
[0.5313057 0.5112856]
99 0.3702857429504395 0.9141
[0.5345987  0.51200485]
99 0.37026523895263674 0.9157
[0.5324114 0.5128271]
99 0.36956783027648926 0.9137
[0.5329136 0.5136108]
99 0.3692824920654297 0.9139
[0.53401273 0.5143095 ]
99 0.36940804595947263 0.9144
[0.53601956 0.5151389 ]
99 0.3688430744171143 0.9146
[0.5374087 0.515891 ]
99 0.36852844619750974 0.9137
[0.53876054 0.51661396]
99 0.36861869430541994 0.9146
[0.5395102 0.5174721]
99 0.3683373306274414 0.9138
[0.5392325 0.5181644]
99 0.36773182754516603 0.9142
[0.5401883  0.51888555]
99 0.3674668933868408 0.9154
[0.54131895 0.51959753]
99 0.3675369861602783 0.9155
[0.54124564 0.52035224]
99 0.3671056709289551 0.915
[0.54315174 0.5210667 ]
99 0.36692298469543455 0.9156
[0.54218876 0.52184457]
99 0.3665270721435547 0.9143
[0.544376  0.5225326]
99 0.3670615634918213 0.9158
[0.54547966 0.5233382 ]
99 0.36614479370117187 0.915
[0.54381156 0.52410656]
99 0.3660145965576172 0.9145
[0.5449362 0.5248187]
99 0.36570048789978027 0.9144
[0.5479567  0.52542084]
99 0.36633392486572264 0.9164
[0.54631525 0.526145  ]
99 0.36521261825561524 0.9155
[0.55163854 0.5269173 ]
99 0.36514345474243165 0.9141
[0.5482623 0.5275676]
99 0.3646794578552246 0.9162
[0.55146575 0.52839935]
99 0.3642221450805664 0.9144
[0.55136675 0.52907574]
99 0.36393447494506836 0.9141
Working on regularization level 0.3
[-0.00148127 -0.0026173 ]
99 13.582692529296875 0.1101
[ 0.00022781 -0.00178365]
99 7.163413525390625 0.205
[ 0.00224117 -0.00043745]
99 3.780659509277344 0.3501
[0.0021271  0.00124915]
99 2.1320290893554685 0.4832
[0.00283376 0.00317434]
99 1.3371687072753906 0.5976
[0.00763176 0.00535531]
99 0.9584225372314453 0.6861
[0.01114382 0.00803858]
99 0.7841564422607422 0.7562
[0.01364574 0.01155809]
99 0.7087050048828125 0.8054
[0.02100047 0.01636427]
99 0.6803535903930664 0.8402
[0.02816719 0.02306637]
99 0.6714754669189453 0.8606
[0.03511006 0.03195556]
99 0.6701128616333007 0.8721
[0.04754046 0.04342778]
99 0.670624234008789 0.8797
[0.05979654 0.05682635]
99 0.6707239807128906 0.8826
[0.0733154  0.07127766]
99 0.6718113021850586 0.8843
[0.08548659 0.08505712]
99 0.6713294143676758 0.8839
[0.09792636 0.09723751]
99 0.6713056457519532 0.8842
[0.10802828 0.10745196]
99 0.6708023773193359 0.883
[0.11452033 0.11601727]
99 0.6698764541625977 0.8842
[0.12230142 0.12332164]
99 0.6688089233398438 0.8848
[0.13024597 0.12972184]
99 0.6679216110229492 0.8843
[0.13702063 0.13572617]
99 0.6671547866821289 0.8839
[0.14006658 0.14136425]
99 0.6663571273803711 0.8851
[0.14581738 0.14668682]
99 0.6649404754638671 0.8854
[0.14906935 0.15207513]
99 0.6637877380371093 0.8849
[0.15602335 0.15705931]
99 0.662859829711914 0.8855
[0.16089569 0.16221869]
99 0.6614188125610352 0.886
[0.16707136 0.16728678]
99 0.6601108261108398 0.8852
[0.17085172 0.17212804]
99 0.6594100311279297 0.8855
[0.17549448 0.17708603]
99 0.6576342803955079 0.8851
[0.17940846 0.18208659]
99 0.6561790161132812 0.8843
[0.18530662 0.1869932 ]
99 0.6551095184326172 0.8875
[0.1886765  0.19169004]
99 0.6536394119262695 0.8866
[0.19574358 0.19639029]
99 0.6523118698120117 0.8854
[0.20074038 0.20109144]
99 0.6510740280151367 0.8879
[0.20509551 0.2057825 ]
99 0.6494372268676758 0.8863
[0.21038602 0.21036069]
99 0.648303175354004 0.886
[0.21469007 0.2148592 ]
99 0.6467872177124023 0.887
[0.21816789 0.21939774]
99 0.6454698150634766 0.8884
[0.22367786 0.22389415]
99 0.6439136505126953 0.8864
[0.23056293 0.22823495]
99 0.6427787200927735 0.8868
[0.2319563  0.23261347]
99 0.6409707778930664 0.8866
[0.23757221 0.23704658]
99 0.6394842910766602 0.8881
[0.24034671 0.24112475]
99 0.6382460876464844 0.8874
[0.24558994 0.2454511 ]
99 0.6368647338867187 0.8869
[0.25165275 0.24965161]
99 0.6354251708984375 0.8887
[0.25393328 0.2536755 ]
99 0.6339898529052734 0.8895
[0.25812942 0.25782722]
99 0.6325468521118164 0.8872
[0.26513764 0.26192665]
99 0.6314017852783204 0.889
[0.2659785  0.26589757]
99 0.6295728790283203 0.8875
[0.27138495 0.2698552 ]
99 0.6281428939819336 0.8895
[0.27471665 0.27367148]
99 0.6269419647216797 0.8889
[0.27901024 0.27761465]
99 0.6253413299560547 0.8882
[0.2846559  0.28135732]
99 0.6236811935424804 0.8881
[0.28726557 0.28522637]
99 0.6220367630004883 0.8891
[0.28970352 0.28900176]
99 0.6203893707275391 0.8878
[0.29529506 0.29272756]
99 0.6190351440429688 0.8895
[0.29778782 0.29634544]
99 0.6177913833618164 0.8894
[0.30297363 0.2997694 ]
99 0.6165322937011719 0.8897
[0.30631393 0.30347794]
99 0.6150370559692383 0.889
[0.30927864 0.30692112]
99 0.6133301849365235 0.8899
[0.31234738 0.31047687]
99 0.6119715835571289 0.8898
[0.3169706  0.31389722]
99 0.6106626449584961 0.8904
[0.32188433 0.3173541 ]
99 0.6093668609619141 0.8895
[0.32296628 0.32060874]
99 0.6071011962890625 0.89
[0.32630983 0.32389566]
99 0.6059831451416016 0.8897
[0.33143288 0.32716793]
99 0.6049063873291015 0.8904
[0.33456334 0.3303862 ]
99 0.6032269256591797 0.8911
[0.33857992 0.33360794]
99 0.6019312103271485 0.8903
[0.33981073 0.33690953]
99 0.6004704483032226 0.8901
[0.3439335  0.33999205]
99 0.5987736572265625 0.8916
[0.34856418 0.34319332]
99 0.5975338836669922 0.8909
[0.35199508 0.34611347]
99 0.5959473373413086 0.8913
[0.35529515 0.34910265]
99 0.5945687927246094 0.8911
[0.35660306 0.3521856 ]
99 0.5931478210449219 0.8907
[0.36035517 0.35518602]
99 0.5917720031738282 0.8911
[0.3625193  0.35815734]
99 0.590282991027832 0.8918
[0.36732706 0.36088362]
99 0.5893054641723633 0.8908
[0.3692235  0.36376628]
99 0.5878631896972656 0.8912
[0.3721662 0.3666167]
99 0.5866042449951172 0.8916
[0.37328163 0.3693518 ]
99 0.5851242370605468 0.891
[0.37733978 0.3721326 ]
99 0.5840797470092773 0.8912
[0.38164446 0.37490016]
99 0.5823766510009766 0.8928
[0.3848185 0.3776666]
99 0.5815173614501953 0.8918
[0.38691747 0.38034868]
99 0.5799938598632812 0.8915
[0.38956386 0.38299406]
99 0.5784520141601562 0.8926
[0.3909655  0.38544965]
99 0.5773880905151367 0.8931
[0.39511305 0.38817754]
99 0.5753777130126954 0.8918
[0.3975254  0.39086536]
99 0.5742594772338867 0.8928
[0.39959574 0.3933641 ]
99 0.5732933944702149 0.8936
[0.40292776 0.39569625]
99 0.5719513931274414 0.8929
[0.4037721  0.39821285]
99 0.5703277435302735 0.8939
[0.40831667 0.40076625]
99 0.5694802947998047 0.8928
[0.40939844 0.40308785]
99 0.5681331146240234 0.8936
[0.4137672 0.4055287]
99 0.5665077270507812 0.8924
[0.4152967  0.40790945]
99 0.5655003723144532 0.8926
[0.41844052 0.41014332]
99 0.5647754074096679 0.8933
[0.42014587 0.4125315 ]
99 0.5629643203735352 0.8926
[0.4226171 0.4148332]
99 0.5619166870117187 0.8933
[0.4254542  0.41714633]
99 0.5605181121826172 0.8932
[0.42701188 0.41938812]
99 0.559505924987793 0.8928
[0.43060035 0.42169955]
99 0.5583831069946289 0.8911
[0.43247366 0.42376035]
99 0.5568831665039062 0.8938
[0.4332094  0.42590988]
99 0.5561547409057617 0.8934
[0.43782768 0.42816034]
99 0.5545360244750976 0.8937
[0.4411318  0.43024293]
99 0.553635383605957 0.8944
[0.44206473 0.43233025]
99 0.5523873947143555 0.894
[0.44377342 0.43443584]
99 0.5515181167602539 0.8947
[0.4467299  0.43653223]
99 0.5504749801635742 0.8943
[0.44828868 0.43853524]
99 0.5490901824951172 0.8939
[0.45000282 0.44054642]
99 0.5479765472412109 0.8952
[0.45487368 0.4425707 ]
99 0.5466631286621094 0.8949
[0.45472026 0.44454795]
99 0.5459799118041992 0.8944
[0.45779836 0.4465793 ]
99 0.5446417251586914 0.8963
[0.4596818  0.44857588]
99 0.5435030693054199 0.8951
[0.45957825 0.45046502]
99 0.5424218124389648 0.8949
[0.46353304 0.45239073]
99 0.5413727447509765 0.8943
[0.4658106  0.45416242]
99 0.5405954933166504 0.8962
[0.46876115 0.45607513]
99 0.5394906074523925 0.8957
[0.4694065  0.45796093]
99 0.5380210723876954 0.8956
[0.47225073 0.45982516]
99 0.5373215461730957 0.8954
[0.47367433 0.46149972]
99 0.5368295379638672 0.8955
[0.47587985 0.46331924]
99 0.5351768623352051 0.8954
[0.47683728 0.46511596]
99 0.5339751007080078 0.8957
[0.47956192 0.4669059 ]
99 0.5332529457092285 0.896
[0.48115903 0.468651  ]
99 0.5321076393127442 0.8956
[0.48352194 0.47028068]
99 0.5312923210144043 0.8972
[0.48489127 0.47203255]
99 0.5299776054382325 0.8968
[0.48567182 0.4736023 ]
99 0.5291794342041015 0.8976
[0.48832002 0.4753515 ]
99 0.5280357879638672 0.8963
[0.48810554 0.4770784 ]
99 0.5268507286071777 0.8973
[0.4908286 0.4787466]
99 0.5261213256835937 0.8955
[0.49207693 0.4803586 ]
99 0.5248943786621094 0.8963
[0.49532756 0.48201904]
99 0.5241903587341309 0.8964
[0.49734756 0.48364365]
99 0.5230490203857422 0.8968
[0.49822858 0.485244  ]
99 0.5223527397155762 0.8971
[0.49960527 0.4867921 ]
99 0.5211330726623535 0.8979
[0.5020879  0.48834348]
99 0.5203584213256836 0.8964
[0.5019057 0.4898889]
99 0.5196727066040039 0.8954
[0.50559884 0.49145275]
99 0.5184999877929688 0.8971
[0.50713646 0.49299374]
99 0.5180670959472656 0.8981
[0.5079798  0.49433178]
99 0.5170329582214356 0.8981
[0.5109103  0.49587604]
99 0.5164200057983398 0.8967
[0.5119798  0.49746764]
99 0.5151923057556153 0.897
[0.51440406 0.498854  ]
99 0.5144049751281738 0.8983
[0.51525724 0.5004144 ]
99 0.5128737770080566 0.8984
[0.51565826 0.5018145 ]
99 0.512543938446045 0.8989
[0.5186757  0.50333136]
99 0.5111643257141113 0.898
[0.519973  0.5046643]
99 0.510327838897705 0.8976
[0.52138513 0.5060178 ]
99 0.5101425369262695 0.8969
[0.52101964 0.5073698 ]
99 0.508847120666504 0.8994
[0.52403086 0.5087498 ]
99 0.5082344482421876 0.8986
[0.52572405 0.5101792 ]
99 0.5075000106811524 0.8988
[0.52781844 0.51149404]
99 0.506316902923584 0.8994
[0.52886784 0.5130175 ]
99 0.5059563522338867 0.8973
[0.5291386 0.5141776]
99 0.5050145217895508 0.8988
[0.5314064  0.51545715]
99 0.5045813781738281 0.8978
[0.5339925  0.51687294]
99 0.503883519744873 0.8983
[0.53498703 0.5180861 ]
99 0.5023892791748047 0.8992
[0.53711605 0.51955295]
99 0.5024933280944824 0.8994
[0.53635454 0.5206135 ]
99 0.5009386207580566 0.8998
[0.53672355 0.5219826 ]
99 0.5003096611022949 0.8987
[0.5405083  0.52336925]
99 0.49887722778320315 0.8991
[0.54047364 0.5245423 ]
99 0.49868187713623047 0.8995
[0.5435819 0.5255718]
99 0.49826068725585937 0.9003
[0.5443472 0.5270132]
99 0.4969578025817871 0.8988
[0.5461205 0.5283591]
99 0.49621214447021483 0.8978
[0.54756814 0.52951926]
99 0.4952090591430664 0.8978
[0.5481508 0.5307107]
99 0.4945702178955078 0.8992
[0.5483016  0.53169435]
99 0.49416779861450194 0.8999
[0.55121905 0.5330025 ]
99 0.4932234764099121 0.8984
[0.5514144 0.5341303]
99 0.49243489303588867 0.9001
[0.55411506 0.535429  ]
99 0.4915377967834473 0.8992
[0.55490285 0.53655183]
99 0.49104100646972654 0.9004
[0.5553794  0.53779095]
99 0.49057434158325197 0.8997
[0.55829626 0.53889173]
99 0.48961275787353514 0.9003
[0.55915457 0.54002464]
99 0.48922203979492185 0.8995
[0.56029254 0.54119587]
99 0.4882464378356934 0.9004
[0.56159794 0.54215145]
99 0.4874051826477051 0.9
[0.56060946 0.54325974]
99 0.48665152130126954 0.9002
[0.5634034 0.5443108]
99 0.4860053741455078 0.9016
[0.56576806 0.54548216]
99 0.48565350799560547 0.8993
[0.5658785  0.54645264]
99 0.4845983604431152 0.9011
[0.5669246  0.54764056]
99 0.4843582656860352 0.9005
[0.56829125 0.54874116]
99 0.48310604858398437 0.9012
[0.5700513  0.54974264]
99 0.48277396240234377 0.9003
[0.5708253 0.5508019]
99 0.48150873336791994 0.8997
[0.5719932  0.55168724]
99 0.4818807258605957 0.9011
[0.5713661 0.5527888]
99 0.48101277618408206 0.901
[0.5742058 0.5539271]
99 0.4801012680053711 0.901
[0.5742491  0.55489844]
99 0.48000110626220704 0.9008
[0.5753463  0.55588096]
99 0.479475594329834 0.9009
[0.5762293 0.5569764]
99 0.4777806907653809 0.9014
[0.5783628  0.55805796]
99 0.4776105072021484 0.9014
[0.57966644 0.55898035]
99 0.47709981536865237 0.9017
[0.58129483 0.5600756 ]
99 0.4761019905090332 0.9009
[0.58113116 0.5609581 ]
99 0.47525266723632814 0.9008
[0.58267003 0.56178504]
99 0.47602122344970704 0.9004
[0.5852302 0.5628286]
99 0.4741651329040527 0.9017
[0.58359313 0.5637174 ]
99 0.47397955017089843 0.9025
[0.5863289  0.56480664]
99 0.47353464584350585 0.9004
[0.58587074 0.56561047]
99 0.47278540725708007 0.9013
[0.5864246  0.56662184]
99 0.4718303268432617 0.9023
[0.5891492  0.56763184]
99 0.4714136352539062 0.9012
[0.5908563  0.56850296]
99 0.4705442596435547 0.9025
[0.59179014 0.5694377 ]
99 0.46992322082519533 0.9017
[0.5924963 0.5704495]
99 0.46970683670043945 0.9007
[0.5921659  0.57127243]
99 0.4688827201843262 0.9024
[0.5943205 0.5721951]
99 0.4683666778564453 0.9022
[0.5945614 0.573016 ]
99 0.467881689453125 0.9015
[0.5943675 0.5738217]
99 0.46752157592773436 0.9023
[0.5964092  0.57480377]
99 0.4663233932495117 0.9029
[0.59853876 0.57554036]
99 0.46619853515625 0.9019
[0.598162  0.5766022]
99 0.46545015258789063 0.9017
[0.60156703 0.5775034 ]
99 0.4648009162902832 0.9016
[0.5999456  0.57820064]
99 0.46417263870239256 0.9027
[0.6013828  0.57907504]
99 0.463387971496582 0.9026
[0.6004059  0.57994294]
99 0.4629758689880371 0.9021
[0.60383654 0.58075404]
99 0.46239736404418946 0.9025
[0.6055061 0.5816174]
99 0.4616356544494629 0.9023
[0.6046426 0.5825587]
99 0.461870027923584 0.9026
[0.60581326 0.58314824]
99 0.4612351776123047 0.903
[0.6065834  0.58413786]
99 0.4609646263122559 0.9024
[0.60756505 0.58493114]
99 0.46015759048461913 0.9033
[0.60752815 0.5857088 ]
99 0.45990045928955076 0.9019
[0.6091698  0.58649826]
99 0.4586874946594238 0.9025
[0.61081886 0.5873645 ]
99 0.4585684989929199 0.9033
[0.611087 0.588176]
99 0.45808069305419924 0.9018
[0.61220324 0.5887888 ]
99 0.4570056022644043 0.903
[0.6135407  0.58973116]
99 0.45628038864135745 0.9036
[0.61396056 0.590307  ]
99 0.456750399017334 0.9039
[0.6165178  0.59133977]
99 0.45655425491333007 0.9026
[0.61603713 0.5920116 ]
99 0.45543314971923826 0.9027
[0.6186359  0.59268755]
99 0.45508059844970705 0.9036
[0.6173056 0.5935665]
99 0.45440623474121095 0.9029
[0.61831325 0.59416395]
99 0.454988175201416 0.9027
[0.6199405 0.5951481]
99 0.4531928825378418 0.9025
[0.62031615 0.59592015]
99 0.4529392578125 0.9036
[0.62098914 0.5964777 ]
99 0.45260202102661135 0.9026
[0.6209458 0.5971984]
99 0.45202374114990235 0.9032
[0.6215146 0.5980073]
99 0.45167812805175783 0.903
[0.6243091 0.5987428]
99 0.45136678771972655 0.9035
[0.62339866 0.5994656 ]
99 0.4510805717468262 0.903
[0.62333447 0.600191  ]
99 0.45038434295654295 0.9028
[0.624463   0.60084736]
99 0.4495551361083984 0.9042
[0.6258233 0.6015683]
99 0.44966274185180666 0.9036
[0.6268246 0.6023402]
99 0.4479747421264648 0.9046
[0.62774295 0.60302496]
99 0.44891315002441406 0.9038
[0.6286554 0.6037224]
99 0.4480518440246582 0.9032
[0.6288693  0.60454124]
99 0.4466573837280273 0.9048
[0.6307237 0.6052264]
99 0.4469290603637695 0.9032
[0.6314395  0.60576534]
99 0.4461623191833496 0.9034
[0.6304738 0.6065804]
99 0.4457588768005371 0.904
[0.6329439 0.6073484]
99 0.4461407958984375 0.9032
[0.6342002 0.6079865]
99 0.44454118881225585 0.9042
[0.6336436  0.60871464]
99 0.44518506927490237 0.904
[0.6338679 0.6092717]
99 0.44397335662841797 0.9042
[0.6356534 0.6098712]
99 0.4438669662475586 0.9048
[0.6361081 0.6106718]
99 0.4430354133605957 0.9041
[0.63818526 0.61127245]
99 0.4425754379272461 0.9038
[0.6364489 0.6117752]
99 0.4422136489868164 0.9045
[0.63966095 0.61247504]
99 0.4420686576843262 0.9038
[0.6389328 0.6130635]
99 0.4411728141784668 0.9049
[0.6388104 0.6137621]
99 0.44180221786499024 0.9027
[0.63893944 0.61452365]
99 0.4406928451538086 0.9035
[0.64145774 0.6152445 ]
99 0.4410743713378906 0.9046
[0.643573  0.6157657]
99 0.4405504051208496 0.9043
[0.6423208 0.6164555]
99 0.439035408782959 0.9051
[0.6428081 0.6170562]
99 0.4385116844177246 0.9051
[0.6440587 0.6175556]
99 0.4386969383239746 0.9039
[0.6440426 0.6184324]
99 0.43777560119628905 0.9048
[0.64626896 0.61885726]
99 0.43776566009521484 0.9047
[0.6462005 0.6194829]
99 0.43692354202270506 0.9049
[0.6466333  0.62002814]
99 0.4364074645996094 0.904
[0.64738363 0.6206389 ]
99 0.4356599044799805 0.9053
[0.6479471 0.6212522]
99 0.43616611175537107 0.9045
[0.64953166 0.6220879 ]
99 0.43510499267578123 0.9055
[0.64896   0.6226976]
99 0.4360485916137695 0.9057
[0.6502668  0.62320435]
99 0.4346078147888184 0.9045
[0.6511727 0.6236384]
99 0.43557356414794923 0.905
[0.65011525 0.6242975 ]
99 0.4337068489074707 0.9052
[0.65267277 0.6249249 ]
99 0.43364744262695315 0.9053
[0.6525117 0.6255008]
99 0.43277743453979495 0.9055
[0.65375406 0.6261136 ]
99 0.43292466735839846 0.9046
[0.65451264 0.6267591 ]
99 0.4325265495300293 0.9053
[0.65481514 0.62727857]
99 0.43164844131469726 0.9054
[0.656295   0.62778467]
99 0.4309779014587402 0.906
[0.65696436 0.62837005]
99 0.43203227005004885 0.9051
[0.6564025  0.62901676]
99 0.4307323402404785 0.9048
[0.65810186 0.6295689 ]
99 0.43052911834716795 0.9049
[0.6573518  0.63000184]
99 0.4309174789428711 0.9054
[0.6571717 0.6305671]
99 0.4299563171386719 0.9052
[0.65865856 0.6312792 ]
99 0.4296691780090332 0.9049
[0.6604402 0.6316861]
99 0.4291779586791992 0.9058
[0.6613221  0.63228315]
99 0.42860808258056643 0.9051
[0.66146094 0.6327333 ]
99 0.42897898712158206 0.9065
[0.6608064 0.6332269]
99 0.4280319305419922 0.9061
[0.6626369 0.6338615]
99 0.42706215438842776 0.9058
[0.66228336 0.63434833]
99 0.427275944519043 0.906
[0.66405237 0.63502276]
99 0.4264238655090332 0.906
[0.6641443 0.6354974]
99 0.4263690757751465 0.9052
