cuda:0
Generate alignment plot for autograd linear network and lr data
999 0.30970367789268494 [0.11360851]
1999 0.020301155745983124 [0.11828741]
2999 0.0029988230671733618 [0.11869702]
3999 0.0005461493856273592 [0.11870386]
4999 0.00010569348523858935 [0.11868491]
[0.11868414]
999 0.40754434466362 [0.0961699]
1999 0.022501254454255104 [0.10417699]
2999 0.002210484351962805 [0.10520139]
3999 0.0002525929594412446 [0.10538438]
4999 3.0257540856837295e-05 [0.10542449]
[0.10542545]
999 0.8792349100112915 [0.25738493]
1999 0.026615817099809647 [0.2677671]
2999 0.0009726621210575104 [0.2693553]
3999 4.1149189200950786e-05 [0.26960716]
4999 2.2212655039766105e-06 [0.26964858]
[0.26964936]
999 1.3780862092971802 [0.03693069]
1999 0.10060460865497589 [0.05184535]
2999 0.011363448575139046 [0.05480074]
3999 0.001536597847007215 [0.05552917]
4999 0.00022410474775824696 [0.05573199]
5999 3.406236646696925e-05 [0.05579413]
6999 5.427523319667671e-06 [0.05581529]
[0.05581713]
999 0.9612348675727844 [0.09880098]
1999 0.078284353017807 [0.10852569]
2999 0.008941679261624813 [0.1103485]
3999 0.0010815246496349573 [0.11085249]
4999 0.00013342531747184694 [0.11101209]
5999 1.7008425857056864e-05 [0.11106503]
6999 2.38986194744939e-06 [0.11108278]
[0.11108434]
999 0.9267982244491577 [0.15471724]
1999 0.06471620500087738 [0.16073163]
2999 0.00634952075779438 [0.16182093]
3999 0.000674641109071672 [0.16208033]
4999 7.409442332573235e-05 [0.16215158]
5999 8.71950851433212e-06 [0.16217218]
6999 1.211906919706962e-06 [0.1621794]
[0.16218013]
999 0.7101014256477356 [0.08138463]
1999 0.03735446557402611 [0.08445734]
2999 0.0024758176878094673 [0.08508988]
3999 0.00018061790615320206 [0.08524404]
4999 1.4354555787576828e-05 [0.0852837]
5999 1.3518371133613982e-06 [0.08529433]
6999 2.1234299651951005e-07 [0.08529738]
7999 7.211591679379126e-08 [0.08529799]
8999 3.751999955170504e-08 [0.08529831]
9999 2.1842661013238285e-08 [0.08529841]
[0.08529842]
999 0.6919482350349426 [0.04644871]
1999 0.01986359991133213 [0.05147202]
2999 0.0008352796430699527 [0.05218357]
3999 4.9492926336824894e-05 [0.05228995]
4999 3.966912117903121e-06 [0.05230617]
5999 4.4604990989682847e-07 [0.05230878]
6999 1.1543657763013471e-07 [0.05230914]
7999 5.299145655612847e-08 [0.0523091]
8999 3.030439543749708e-08 [0.05230904]
9999 2.1808245875831744e-08 [0.05230907]
[0.05230907]
999 0.7154690623283386 [0.03794248]
1999 0.06217034161090851 [0.04162785]
2999 0.006389950402081013 [0.04257241]
3999 0.0006893112440593541 [0.04287072]
4999 7.69735561334528e-05 [0.04296819]
5999 9.06188870430924e-06 [0.04300068]
6999 1.1762310805352172e-06 [0.04301133]
7999 2.2220427808861132e-07 [0.0430144]
8999 7.9251719853346e-08 [0.04301538]
9999 4.2612970929667426e-08 [0.04301574]
[0.04301576]
999 0.47167864441871643 [0.0317212]
1999 0.019915467128157616 [0.0335288]
2999 0.0017465800046920776 [0.03376271]
3999 0.00018334618653170764 [0.03381255]
4999 2.055332879535854e-05 [0.03382659]
5999 2.4934647626650985e-06 [0.03383105]
6999 4.3551654016482644e-07 [0.03383214]
7999 1.391033066511227e-07 [0.03383256]
8999 6.43152731072405e-08 [0.03383279]
9999 3.7142267927947614e-08 [0.03383284]
10999 2.430478573955952e-08 [0.03383283]
11999 1.7442244981680233e-08 [0.0338329]
12999 1.3382045693788314e-08 [0.03383294]
13999 1.0734998667771833e-08 [0.03383299]
[0.033833]
999 0.3674949109554291 [-0.02555241]
1999 0.008887618780136108 [-0.02402157]
2999 0.00042365677654743195 [-0.02388467]
3999 2.8235506761120632e-05 [-0.02386582]
4999 2.2609729057876393e-06 [-0.02386243]
5999 3.1526556654171145e-07 [-0.02386224]
6999 9.589229676976174e-08 [-0.0238621]
7999 4.4244821140182466e-08 [-0.02386191]
8999 2.582056701783131e-08 [-0.02386177]
9999 1.7031489107921516e-08 [-0.0238617]
10999 1.2727380038768388e-08 [-0.02386165]
11999 1.0178840881280848e-08 [-0.02386159]
12999 8.534389195347103e-09 [-0.02386156]
13999 7.313667449437844e-09 [-0.02386154]
[-0.02386153]
999 1.00076425075531 [0.03320193]
1999 0.032688699662685394 [0.03639074]
2999 0.0020232354290783405 [0.03683581]
3999 0.0001741721061989665 [0.03690881]
4999 1.7344029402011074e-05 [0.03692299]
5999 1.9551150671759387e-06 [0.03692626]
6999 3.5200849879402085e-07 [0.03692687]
7999 1.1814638156693036e-07 [0.03692684]
8999 6.001259578169993e-08 [0.03692672]
9999 3.6366174072099966e-08 [0.03692652]
10999 2.4916420926501814e-08 [0.03692643]
11999 1.8226925746489542e-08 [0.0369264]
12999 1.4333553899348317e-08 [0.03692641]
13999 1.1451749770685637e-08 [0.03692641]
[0.0369264]
999 0.6655420660972595 [0.00592356]
1999 0.042633943259716034 [0.00687793]
2999 0.004226088523864746 [0.00706963]
3999 0.0004855216247960925 [0.00712013]
4999 5.902088014408946e-05 [0.00713489]
5999 7.403669769701082e-06 [0.00713967]
6999 1.1683929415085004e-06 [0.00714107]
7999 3.3238927699130727e-07 [0.00714182]
8999 1.497242436698798e-07 [0.00714218]
9999 8.824692088182928e-08 [0.00714244]
10999 5.8767568589246366e-08 [0.00714263]
11999 4.160704136779714e-08 [0.00714277]
12999 3.130746506485593e-08 [0.00714287]
13999 2.4297396095107615e-08 [0.00714295]
14999 1.9676075879715427e-08 [0.00714301]
15999 1.6567847538340175e-08 [0.00714304]
16999 1.4367846468132939e-08 [0.00714307]
17999 1.2477639366181847e-08 [0.0071431]
18999 1.0865901955980917e-08 [0.00714314]
19999 9.669798295419696e-09 [0.00714316]
[0.00714317]
999 0.2407073974609375 [0.03367358]
1999 0.006824780721217394 [0.0342989]
2999 0.0002798140631057322 [0.03438146]
3999 1.4670935343019664e-05 [0.03439661]
4999 1.0867142918868922e-06 [0.03440009]
5999 2.067735920263658e-07 [0.03440085]
6999 8.367869241965309e-08 [0.03440114]
7999 4.683937149252415e-08 [0.03440127]
8999 3.063351527998748e-08 [0.03440132]
9999 2.164751755628913e-08 [0.03440136]
10999 1.616345457478019e-08 [0.0344014]
11999 1.2530149362532939e-08 [0.03440144]
12999 1.03722124222827e-08 [0.03440147]
13999 8.687087493797208e-09 [0.0344015]
14999 7.327592754791112e-09 [0.03440151]
15999 6.4125611487497736e-09 [0.03440154]
16999 5.776901179643801e-09 [0.03440155]
17999 5.198899977187921e-09 [0.03440158]
18999 4.642436657320559e-09 [0.0344016]
19999 4.245455098583761e-09 [0.0344016]
[0.03440161]
999 1.259614109992981 [0.02936248]
1999 0.07607051730155945 [0.03111341]
2999 0.00590589689090848 [0.03145615]
3999 0.0005038973758928478 [0.03153407]
4999 4.5544718886958435e-05 [0.03155321]
5999 4.440150860318681e-06 [0.03155827]
6999 6.783375283703208e-07 [0.03155971]
7999 2.0012699053495453e-07 [0.03156021]
8999 9.149371038574827e-08 [0.03156035]
9999 5.2704731245967196e-08 [0.03156047]
10999 3.5443829204950816e-08 [0.03156053]
11999 2.6339570524669398e-08 [0.03156054]
12999 2.0399246736246823e-08 [0.03156055]
13999 1.61495012918067e-08 [0.03156057]
14999 1.3180730285000664e-08 [0.03156057]
15999 1.1070402372581611e-08 [0.03156059]
16999 9.488625885012425e-09 [0.0315606]
17999 8.313111976576693e-09 [0.03156061]
18999 7.301642845902734e-09 [0.03156061]
19999 6.61039134541852e-09 [0.0315606]
[0.0315606]
999 0.49040067195892334 [-0.01256599]
1999 0.020209023728966713 [-0.01209435]
2999 0.0012712226016446948 [-0.01203565]
3999 8.50366850499995e-05 [-0.01202442]
4999 5.962439900031313e-06 [-0.01202217]
5999 7.733743245808e-07 [-0.01202147]
6999 2.286899132286635e-07 [-0.01202125]
7999 1.0610308720515604e-07 [-0.01202117]
8999 6.169863553395771e-08 [-0.01202112]
9999 4.0050544214409456e-08 [-0.01202108]
10999 2.8241842642273696e-08 [-0.01202103]
11999 2.1244984438339998e-08 [-0.01202101]
12999 1.6644873923610248e-08 [-0.012021]
13999 1.3329538361972482e-08 [-0.01202098]
14999 1.0942473593900104e-08 [-0.01202098]
15999 9.18573572761261e-09 [-0.01202097]
16999 7.749199504303306e-09 [-0.01202096]
17999 6.666788010534219e-09 [-0.01202096]
18999 5.9201092916794096e-09 [-0.01202097]
19999 5.211644449332198e-09 [-0.01202096]
20999 4.803981656920087e-09 [-0.01202097]
21999 4.389162366891242e-09 [-0.01202097]
22999 4.029709455011243e-09 [-0.01202097]
23999 3.708855000894573e-09 [-0.01202097]
24999 3.4041942598150854e-09 [-0.01202097]
25999 3.1642939379850077e-09 [-0.01202096]
26999 2.946580979212854e-09 [-0.01202096]
27999 2.7569058147491887e-09 [-0.01202096]
[-0.01202096]
999 0.24159887433052063 [0.01776243]
1999 0.005052833817899227 [0.01819774]
2999 0.00022529307170771062 [0.01824388]
3999 1.4071581972530112e-05 [0.01825121]
4999 1.4200551277099294e-06 [0.01825243]
5999 3.6529971225718327e-07 [0.0182524]
6999 1.576185582052858e-07 [0.01825235]
7999 8.638118487169777e-08 [0.01825232]
8999 5.6258812719534035e-08 [0.01825231]
9999 3.917414659326823e-08 [0.01825231]
10999 2.8953504482842618e-08 [0.01825232]
11999 2.1982341280590845e-08 [0.01825235]
12999 1.7327684176393632e-08 [0.01825236]
13999 1.3928866948731411e-08 [0.01825238]
14999 1.1521835929784174e-08 [0.01825239]
15999 9.831633285273256e-09 [0.0182524]
16999 8.57198489967459e-09 [0.0182524]
17999 7.53469020509101e-09 [0.01825239]
18999 6.740816349548595e-09 [0.01825239]
19999 6.130107976787258e-09 [0.01825239]
20999 5.678839176681549e-09 [0.01825239]
21999 5.2169690789583e-09 [0.01825239]
22999 4.821662180631847e-09 [0.01825239]
23999 4.4173149582604765e-09 [0.0182524]
24999 4.09769329579035e-09 [0.0182524]
25999 3.778621859851228e-09 [0.0182524]
26999 3.472575782481613e-09 [0.0182524]
27999 3.2500773183841147e-09 [0.0182524]
[0.0182524]
999 0.32184547185897827 [-0.00023958]
1999 0.007882924750447273 [7.472618e-05]
2999 0.00030333202448673546 [0.00010352]
3999 1.5010472452559043e-05 [0.00010669]
4999 1.2325233456067508e-06 [0.00010701]
5999 2.98247670116325e-07 [0.00010693]
6999 1.27070634903248e-07 [0.00010689]
7999 6.961565901519862e-08 [0.00010689]
8999 4.3529720272772465e-08 [0.00010688]
9999 2.9980199656165496e-08 [0.00010689]
10999 2.21220393115118e-08 [0.00010691]
11999 1.7025175935714287e-08 [0.00010692]
12999 1.3565854217745255e-08 [0.00010693]
13999 1.1038904013105366e-08 [0.00010694]
14999 9.068439332793332e-09 [0.00010695]
15999 7.740591279059572e-09 [0.00010696]
16999 6.7233609790662285e-09 [0.00010697]
17999 6.010791420152373e-09 [0.00010698]
18999 5.316869611249331e-09 [0.00010699]
19999 4.7019352855670604e-09 [0.00010699]
20999 4.261698105523237e-09 [0.000107]
21999 3.9132408424791265e-09 [0.000107]
22999 3.594471831291912e-09 [0.000107]
23999 3.340003162932703e-09 [0.000107]
24999 3.0746096779665777e-09 [0.000107]
25999 2.84451306953315e-09 [0.000107]
26999 2.6295949862031875e-09 [0.000107]
27999 2.4685311572625324e-09 [0.000107]
[0.00010701]
999 0.4696914553642273 [0.0017468]
1999 0.015165755525231361 [0.00200645]
2999 0.0007285882602445781 [0.00203418]
3999 3.800325430347584e-05 [0.00203819]
4999 2.739517640293343e-06 [0.00203883]
5999 5.705500143449171e-07 [0.00203896]
6999 2.2449034986493643e-07 [0.00203899]
7999 1.1669153110460684e-07 [0.00203901]
8999 7.28305238339999e-08 [0.00203903]
9999 5.064046249003695e-08 [0.00203904]
10999 3.771830137111465e-08 [0.00203906]
11999 2.917261454626896e-08 [0.00203906]
12999 2.3388761150044957e-08 [0.00203907]
13999 1.923016412774814e-08 [0.00203907]
14999 1.6227268417878804e-08 [0.00203908]
15999 1.3831524370289117e-08 [0.00203908]
16999 1.1966230673010614e-08 [0.00203909]
17999 1.038121677510162e-08 [0.00203909]
18999 9.129715650146863e-09 [0.00203909]
19999 8.133891782335922e-09 [0.0020391]
20999 7.382677580380914e-09 [0.0020391]
21999 6.645997530085879e-09 [0.0020391]
22999 6.067118363262125e-09 [0.0020391]
23999 5.563666416463775e-09 [0.00203911]
24999 5.056864704755526e-09 [0.00203911]
25999 4.598947000999942e-09 [0.00203911]
26999 4.262795005871567e-09 [0.00203911]
27999 4.0791832134345896e-09 [0.00203911]
28999 3.706106976864021e-09 [0.00203911]
29999 3.433520134876744e-09 [0.00203911]
30999 3.2311873177093275e-09 [0.00203911]
31999 3.0161526609617795e-09 [0.00203911]
32999 2.829668277470887e-09 [0.00203911]
33999 2.7035724770030356e-09 [0.00203911]
34999 2.5529376390664993e-09 [0.00203911]
35999 2.362886553086696e-09 [0.00203911]
36999 2.273305765854161e-09 [0.00203911]
37999 2.175002844495566e-09 [0.00203911]
38999 2.069340032662126e-09 [0.00203911]
39999 1.9610379986545468e-09 [0.00203912]
[0.00203912]
999 0.28341421484947205 [0.00826978]
1999 0.006464967504143715 [0.00848203]
2999 0.0003713377518579364 [0.00850759]
3999 3.112856938969344e-05 [0.0085125]
4999 3.8015789414203027e-06 [0.00851386]
5999 9.831481975197676e-07 [0.0085141]
6999 4.2197649463560083e-07 [0.00851413]
7999 2.2783851250096632e-07 [0.00851417]
8999 1.4245706836391037e-07 [0.00851418]
9999 9.722906213482929e-08 [0.00851418]
10999 7.002449109450026e-08 [0.0085142]
11999 5.3254538556757325e-08 [0.00851421]
12999 4.166932754401387e-08 [0.00851423]
13999 3.363614808904458e-08 [0.00851423]
14999 2.7682794723205006e-08 [0.00851424]
15999 2.341443128273113e-08 [0.00851423]
16999 2.0075253459594933e-08 [0.00851423]
17999 1.7317480782708117e-08 [0.00851423]
18999 1.502586854940091e-08 [0.00851423]
19999 1.3227670514481815e-08 [0.00851423]
20999 1.1835106228375025e-08 [0.00851423]
21999 1.0595573307625727e-08 [0.00851423]
22999 9.604030459797741e-09 [0.00851423]
23999 8.791507966066092e-09 [0.00851423]
24999 8.03091726453431e-09 [0.00851423]
25999 7.295928750039593e-09 [0.00851422]
26999 6.7438064021985156e-09 [0.00851422]
27999 6.33269214844745e-09 [0.00851422]
28999 5.826410465203935e-09 [0.00851422]
29999 5.41733813363976e-09 [0.00851422]
30999 4.999622493784273e-09 [0.00851422]
31999 4.778611728539772e-09 [0.00851422]
32999 4.488375893174634e-09 [0.00851422]
33999 4.243928763969507e-09 [0.00851422]
34999 4.000888953470394e-09 [0.00851423]
35999 3.831083006389235e-09 [0.00851423]
36999 3.671233539392915e-09 [0.00851423]
37999 3.4081184541179255e-09 [0.00851423]
38999 3.2038169894832436e-09 [0.00851423]
39999 3.0729983002686367e-09 [0.00851423]
[0.00851423]
999 0.5063769817352295 [-0.01494635]
1999 0.026564233005046844 [-0.0146965]
2999 0.002073303097859025 [-0.01465641]
3999 0.00018702495435718447 [-0.01464777]
4999 1.8172560885432176e-05 [-0.01464573]
5999 2.6161008008784847e-06 [-0.0146452]
6999 7.731945856903621e-07 [-0.01464513]
7999 3.5102974038636603e-07 [-0.0146451]
8999 1.938254712285925e-07 [-0.01464512]
9999 1.246746563765555e-07 [-0.01464513]
10999 8.538965090565398e-08 [-0.01464513]
11999 6.321811696352597e-08 [-0.01464512]
12999 4.7962778637611336e-08 [-0.01464511]
13999 3.796323966298587e-08 [-0.0146451]
14999 3.0762926428451465e-08 [-0.01464508]
15999 2.566408952020538e-08 [-0.01464507]
16999 2.1518319570645872e-08 [-0.01464506]
17999 1.841711316785677e-08 [-0.01464505]
18999 1.617322631375373e-08 [-0.01464504]
19999 1.4414258231454369e-08 [-0.01464504]
20999 1.2881973709966132e-08 [-0.01464503]
21999 1.1662256049760344e-08 [-0.01464503]
22999 1.049429965149784e-08 [-0.01464503]
23999 9.631723862923991e-09 [-0.01464503]
24999 8.831250397633994e-09 [-0.01464503]
25999 8.054443334515327e-09 [-0.01464502]
26999 7.477779284670305e-09 [-0.01464502]
27999 6.834703469849046e-09 [-0.01464502]
28999 6.363980009638226e-09 [-0.01464502]
29999 5.906974909208884e-09 [-0.01464501]
30999 5.546115122712081e-09 [-0.01464501]
31999 5.17100096075751e-09 [-0.01464501]
32999 4.895825078676808e-09 [-0.014645]
33999 4.588833313334817e-09 [-0.014645]
34999 4.316717649999191e-09 [-0.014645]
35999 4.020176191943392e-09 [-0.014645]
36999 3.8108298738848134e-09 [-0.014645]
37999 3.6511813572559504e-09 [-0.01464499]
38999 3.4489673339521687e-09 [-0.01464499]
39999 3.232500711547459e-09 [-0.01464499]
[-0.01464499]
999 1.1460026502609253 [0.22097874]
1999 0.2870267927646637 [0.27019686]
2999 0.19597211480140686 [0.31282404]
3999 0.16237963736057281 [0.3562334]
4999 0.1394324153661728 [0.39987507]
[0.40208352]
999 0.9605802893638611 [0.2285797]
1999 0.2065843939781189 [0.26920757]
2999 0.13412795960903168 [0.30673736]
3999 0.11169978231191635 [0.34590116]
4999 0.09843304753303528 [0.38564646]
[0.3876629]
999 1.6352159976959229 [0.19198686]
1999 0.37884384393692017 [0.23705555]
2999 0.20647971332073212 [0.27332878]
3999 0.15995030105113983 [0.3091088]
4999 0.13703516125679016 [0.34535897]
[0.347207]
999 0.5388383269309998 [0.13391319]
1999 0.1189025267958641 [0.15987282]
2999 0.09692050516605377 [0.18787444]
3999 0.08878441900014877 [0.22067103]
4999 0.08216456323862076 [0.25788197]
5999 0.07610612362623215 [0.29842848]
6999 0.07053469866514206 [0.340766]
[0.34686446]
999 1.2388596534729004 [0.15380178]
1999 0.31410300731658936 [0.18490455]
2999 0.18852022290229797 [0.21852283]
3999 0.15349015593528748 [0.25587654]
4999 0.13581889867782593 [0.29629543]
5999 0.12300068885087967 [0.3383812]
6999 0.11223238706588745 [0.380511]
[0.3864488]
999 0.7587090730667114 [0.16165517]
1999 0.11574874818325043 [0.18584666]
2999 0.08429517596960068 [0.20905547]
3999 0.0791696161031723 [0.23557538]
4999 0.07537829875946045 [0.2656447]
5999 0.07143063843250275 [0.2984765]
6999 0.06744178384542465 [0.33279192]
[0.3377348]
999 0.4926851689815521 [0.10992411]
1999 0.16564202308654785 [0.12424678]
2999 0.14313271641731262 [0.14132787]
3999 0.13514110445976257 [0.16266418]
4999 0.12837502360343933 [0.18836647]
5999 0.12161562591791153 [0.21798104]
6999 0.11488170176744461 [0.2505688]
7999 0.10829627513885498 [0.28484872]
8999 0.10196688771247864 [0.31944612]
9999 0.09596354514360428 [0.35315955]
[0.3565116]
999 0.909136176109314 [0.04907468]
1999 0.21256081759929657 [0.0663983]
2999 0.14756573736667633 [0.0838937]
3999 0.13190431892871857 [0.10485131]
4999 0.12401843070983887 [0.13004501]
5999 0.11787902563810349 [0.1594883]
6999 0.11226743459701538 [0.1926346]
7999 0.10692506283521652 [0.22842619]
8999 0.10180963575839996 [0.26544663]
9999 0.09692665934562683 [0.30219728]
[0.3058769]
999 1.4154889583587646 [0.05822495]
1999 0.33691418170928955 [0.07936434]
2999 0.23128436505794525 [0.09964986]
3999 0.20481811463832855 [0.12385198]
4999 0.1898539662361145 [0.15280211]
5999 0.17730334401130676 [0.18626423]
6999 0.16572488844394684 [0.2233585]
7999 0.15493562817573547 [0.2627237]
8999 0.14492204785346985 [0.30276087]
9999 0.1356687992811203 [0.34194392]
[0.3458418]
999 0.30447691679000854 [-0.00309902]
1999 0.14813432097434998 [0.00380391]
2999 0.14339566230773926 [0.01229758]
3999 0.14014506340026855 [0.02350866]
4999 0.13649000227451324 [0.03796336]
5999 0.13271571695804596 [0.05608884]
6999 0.12891532480716705 [0.07812481]
7999 0.12511561810970306 [0.10398672]
8999 0.12133714556694031 [0.1331556]
9999 0.11760003864765167 [0.16467023]
10999 0.11391551792621613 [0.1972688]
11999 0.11029983311891556 [0.22964787]
12999 0.10676161199808121 [0.2607301]
13999 0.10331076383590698 [0.28981972]
[0.2977219]
999 0.615648090839386 [0.01233322]
1999 0.24498885869979858 [0.01966342]
2999 0.21497367322444916 [0.02887707]
3999 0.20620906352996826 [0.04110014]
4999 0.19982396066188812 [0.05691359]
5999 0.1936035305261612 [0.07668634]
6999 0.18729181587696075 [0.10049335]
7999 0.18092910945415497 [0.12799968]
8999 0.17457562685012817 [0.15841526]
9999 0.1682865470647812 [0.19058467]
10999 0.16210933029651642 [0.2232129]
11999 0.15608267486095428 [0.25513563]
12999 0.1502269059419632 [0.2855124]
13999 0.14456482231616974 [0.31388295]
[0.32160214]
999 0.6186513900756836 [0.05720389]
1999 0.1501019299030304 [0.06797538]
2999 0.12993349134922028 [0.07995007]
3999 0.12499783933162689 [0.09507416]
4999 0.12109765410423279 [0.11389562]
5999 0.11715951561927795 [0.13664392]
6999 0.1131376400589943 [0.16320507]
7999 0.10908693820238113 [0.1930288]
8999 0.10505907982587814 [0.2251211]
9999 0.10109313577413559 [0.25818038]
10999 0.0972176268696785 [0.2908607]
11999 0.09345924109220505 [0.32204852]
12999 0.08982832729816437 [0.35103372]
13999 0.08633513003587723 [0.377525]
[0.38464126]
999 0.9536570310592651 [0.00201141]
1999 0.2716863751411438 [0.00749195]
2999 0.21441218256950378 [0.01372293]
3999 0.20243072509765625 [0.02186464]
4999 0.19690974056720734 [0.03251959]
5999 0.19244475662708282 [0.04616725]
6999 0.1880967617034912 [0.06317038]
7999 0.1837092787027359 [0.08368117]
8999 0.1792764961719513 [0.10752259]
9999 0.1748189926147461 [0.13411252]
10999 0.17035646736621857 [0.16249636]
11999 0.1659124791622162 [0.1915181]
12999 0.1615055948495865 [0.22007085]
13999 0.15715305507183075 [0.24731144]
14999 0.15286774933338165 [0.27275494]
15999 0.14865919947624207 [0.29624167]
16999 0.14453846216201782 [0.31783846]
17999 0.14051133394241333 [0.33773175]
18999 0.13658438622951508 [0.35614857]
19999 0.132761612534523 [0.37330925]
[0.37667373]
999 1.0821021795272827 [0.01794337]
1999 0.33245688676834106 [0.02515901]
2999 0.281518816947937 [0.0334106]
3999 0.27139538526535034 [0.04414629]
4999 0.2647155225276947 [0.05798933]
5999 0.25802984833717346 [0.07539266]
6999 0.2511081397533417 [0.09661104]
7999 0.24403071403503418 [0.12158448]
8999 0.23687656223773956 [0.1498329]
9999 0.22971801459789276 [0.1804419]
10999 0.2226056605577469 [0.21219209]
11999 0.21558459103107452 [0.24380837]
12999 0.20869193971157074 [0.2742248]
13999 0.20195159316062927 [0.30274534]
14999 0.19538308680057526 [0.32906106]
15999 0.18900129199028015 [0.3531621]
16999 0.18281707167625427 [0.37521785]
17999 0.17683658003807068 [0.39547464]
18999 0.17106609046459198 [0.41418928]
19999 0.16550210118293762 [0.43159363]
[0.4350016]
999 0.9275587201118469 [0.00544733]
1999 0.25322115421295166 [0.0126647]
2999 0.19856972992420197 [0.0209048]
3999 0.18656615912914276 [0.03139756]
4999 0.18032865226268768 [0.04477241]
5999 0.1751180738210678 [0.06152612]
6999 0.1701311469078064 [0.08202124]
7999 0.16521784663200378 [0.10638082]
8999 0.16036370396614075 [0.13435876]
9999 0.15558171272277832 [0.16525304]
10999 0.15088316798210144 [0.19793762]
11999 0.1462818831205368 [0.2310504]
12999 0.14179019629955292 [0.26328135]
13999 0.13741399347782135 [0.29363382]
14999 0.1331612914800644 [0.3215461]
15999 0.12903425097465515 [0.34686103]
16999 0.1250360757112503 [0.36970457]
17999 0.12116887420415878 [0.39035264]
18999 0.1174328550696373 [0.40912697]
19999 0.11382753401994705 [0.42633584]
[0.42967907]
999 0.6786389946937561 [0.01122147]
1999 0.261217325925827 [0.01400521]
2999 0.23861980438232422 [0.01747651]
3999 0.23398420214653015 [0.02218507]
4999 0.2311173975467682 [0.0284849]
5999 0.2283708155155182 [0.03674371]
6999 0.2254878580570221 [0.04733273]
7999 0.22243234515190125 [0.06057297]
8999 0.21922892332077026 [0.07665062]
9999 0.21588775515556335 [0.09551401]
10999 0.2124386876821518 [0.11679007]
11999 0.20890101790428162 [0.13977699]
12999 0.2052939385175705 [0.16355222]
13999 0.2016347497701645 [0.18717292]
14999 0.1979379802942276 [0.20987876]
15999 0.19422367215156555 [0.23120481]
16999 0.19049960374832153 [0.25097808]
17999 0.1867784708738327 [0.26923886]
18999 0.18306976556777954 [0.2861449]
19999 0.17938494682312012 [0.30189544]
20999 0.17573077976703644 [0.31668484]
21999 0.17211498320102692 [0.3306804]
22999 0.1685415655374527 [0.34401724]
23999 0.16501809656620026 [0.35679948]
24999 0.16154690086841583 [0.36910513]
25999 0.1581343114376068 [0.3809919]
26999 0.15478157997131348 [0.39250243]
27999 0.1514912247657776 [0.40366805]
[0.40990883]
999 0.7391172647476196 [-0.00566812]
1999 0.2588067054748535 [-0.00182252]
2999 0.23657935857772827 [0.00278192]
3999 0.23117776215076447 [0.0089241]
4999 0.22700168192386627 [0.01704706]
5999 0.22289113700389862 [0.02758544]
6999 0.21872657537460327 [0.04095694]
7999 0.2144985944032669 [0.05749202]
8999 0.21021437644958496 [0.07732774]
9999 0.20589204132556915 [0.10029008]
10999 0.20154531300067902 [0.12581728]
11999 0.1971883326768875 [0.15298867]
12999 0.19283556938171387 [0.18068762]
13999 0.18850094079971313 [0.20784585]
14999 0.18419544398784637 [0.23365574]
15999 0.1799314022064209 [0.2576632]
16999 0.17571614682674408 [0.2797353]
17999 0.17156021296977997 [0.2999601]
18999 0.16746821999549866 [0.31854028]
19999 0.1634467989206314 [0.33571395]
20999 0.1595013439655304 [0.35170853]
21999 0.1556352823972702 [0.3667196]
22999 0.15185372531414032 [0.38090628]
23999 0.14815834164619446 [0.39439327]
24999 0.1445506364107132 [0.4072765]
25999 0.14103108644485474 [0.41962937]
26999 0.13760177791118622 [0.43150765]
27999 0.13426269590854645 [0.44295406]
[0.4493204]
999 0.8225646018981934 [0.01424669]
1999 0.3215203881263733 [0.01722398]
2999 0.2756578326225281 [0.02101883]
3999 0.2657885253429413 [0.02615956]
4999 0.261284738779068 [0.03302704]
5999 0.25760290026664734 [0.04201145]
6999 0.25388437509536743 [0.05349399]
7999 0.24997951090335846 [0.06778538]
8999 0.2458840310573578 [0.08503263]
9999 0.24163222312927246 [0.10511342]
10999 0.2372504025697708 [0.12756291]
11999 0.23276948928833008 [0.15159148]
12999 0.22821837663650513 [0.17622308]
13999 0.22361718118190765 [0.20051104]
14999 0.2189910113811493 [0.22373214]
15999 0.21435607969760895 [0.245475]
16999 0.2097308486700058 [0.26561424]
17999 0.20512835681438446 [0.28422168]
18999 0.20056399703025818 [0.30147043]
19999 0.19604717195034027 [0.31756395]
20999 0.19158801436424255 [0.33269465]
21999 0.18719375133514404 [0.3470257]
22999 0.18287143111228943 [0.36068735]
23999 0.17862756550312042 [0.37377942]
24999 0.1744653284549713 [0.3863768]
25999 0.17038846015930176 [0.39853516]
26999 0.16640079021453857 [0.41029546]
27999 0.16250258684158325 [0.42168817]
[0.4280487]
999 0.6955040097236633 [0.00084356]
1999 0.17975692451000214 [0.00189906]
2999 0.1425645351409912 [0.00315386]
3999 0.13684804737567902 [0.00484792]
4999 0.13533441722393036 [0.00714981]
5999 0.1344931721687317 [0.01023975]
6999 0.13373759388923645 [0.01432817]
7999 0.13296012580394745 [0.01965624]
8999 0.13214454054832458 [0.02648456]
9999 0.13128797709941864 [0.03506596]
10999 0.13039058446884155 [0.04559743]
11999 0.12945672869682312 [0.05815177]
12999 0.12848690152168274 [0.07260295]
13999 0.12748514115810394 [0.08857985]
14999 0.12645241618156433 [0.10549032]
15999 0.12539111077785492 [0.12263337]
16999 0.12430331856012344 [0.1393598]
17999 0.123191237449646 [0.15520471]
18999 0.12205734848976135 [0.16993618]
19999 0.12090369313955307 [0.1835225]
20999 0.11973237991333008 [0.19606024]
21999 0.11854411661624908 [0.2077044]
22999 0.11734210699796677 [0.2186198]
23999 0.11612819135189056 [0.22895476]
24999 0.114903025329113 [0.23883131]
25999 0.11366866528987885 [0.24834469]
26999 0.11242736876010895 [0.25756648]
27999 0.11118075251579285 [0.26654905]
28999 0.10992984473705292 [0.2753302]
29999 0.1086764708161354 [0.28393665]
30999 0.10742192715406418 [0.29238763]
31999 0.10616687685251236 [0.3006961]
32999 0.10491327196359634 [0.30887154]
33999 0.10366202890872955 [0.31692028]
34999 0.10241355001926422 [0.3248467]
35999 0.10117015242576599 [0.33265427]
36999 0.09993131458759308 [0.34034505]
37999 0.09869882464408875 [0.3479209]
38999 0.09747369587421417 [0.3553831]
39999 0.0962558463215828 [0.36273274]
[0.36569205]
999 0.58705735206604 [-0.00219189]
1999 0.2356071174144745 [-0.00083492]
2999 0.21992869675159454 [0.00081585]
3999 0.21799500286579132 [0.00307422]
4999 0.21670600771903992 [0.00615086]
5999 0.2153048813343048 [0.01027777]
6999 0.21378634870052338 [0.01572095]
7999 0.21216869354248047 [0.02277225]
8999 0.21047189831733704 [0.03172347]
9999 0.20869792997837067 [0.04281772]
10999 0.2068549245595932 [0.05617648]
11999 0.20494592189788818 [0.07171569]
12999 0.20297585427761078 [0.08908457]
13999 0.20095035433769226 [0.10767475]
14999 0.19887204468250275 [0.12672648]
15999 0.19674669206142426 [0.14549997]
16999 0.1945793181657791 [0.16343193]
17999 0.19237607717514038 [0.18020749]
18999 0.190139040350914 [0.1957401]
19999 0.18787364661693573 [0.21009976]
20999 0.18558505177497864 [0.22343534]
21999 0.1832752525806427 [0.23591794]
22999 0.1809520423412323 [0.24770765]
23999 0.1786150187253952 [0.2589396]
24999 0.17627038061618805 [0.26972103]
25999 0.17392098903656006 [0.28013393]
26999 0.17156982421875 [0.2902393]
27999 0.1692211925983429 [0.30008185]
28999 0.1668768674135208 [0.30969366]
29999 0.16453981399536133 [0.319098]
30999 0.16221225261688232 [0.3283115]
31999 0.15989691019058228 [0.33734617]
32999 0.1575959473848343 [0.34621066]
33999 0.1553114354610443 [0.3549115]
34999 0.15304605662822723 [0.36345342]
35999 0.1507991999387741 [0.3718403]
36999 0.14857472479343414 [0.38007477]
37999 0.1463722437620163 [0.38815975]
38999 0.14419463276863098 [0.39609754]
39999 0.1420411616563797 [0.40388986]
[0.40702024]
999 0.7589536905288696 [0.00595237]
1999 0.2968950867652893 [0.00731562]
2999 0.2577156722545624 [0.00897708]
3999 0.25040310621261597 [0.01123264]
4999 0.24792394042015076 [0.01427973]
5999 0.24629470705986023 [0.01833809]
6999 0.24474747478961945 [0.02366095]
7999 0.24312232434749603 [0.03052759]
8999 0.24139265716075897 [0.03922004]
9999 0.23956237733364105 [0.04997892]
10999 0.23763515055179596 [0.06293545]
11999 0.23561915755271912 [0.07803]
12999 0.23352175951004028 [0.09494685]
13999 0.231352299451828 [0.11311124]
14999 0.22911673784255981 [0.13178076]
15999 0.22682204842567444 [0.15021057]
16999 0.22447429597377777 [0.16781697]
17999 0.22207950055599213 [0.18426351]
18999 0.21964317560195923 [0.19945104]
19999 0.2171713262796402 [0.2134474]
20999 0.21466976404190063 [0.22640723]
21999 0.21214233338832855 [0.23850991]
22999 0.20959438383579254 [0.24992377]
23999 0.20703066885471344 [0.26079056]
24999 0.20445381104946136 [0.27122197]
25999 0.20186957716941833 [0.28130224]
26999 0.19927974045276642 [0.2910935]
27999 0.1966893970966339 [0.30064029]
28999 0.1941002756357193 [0.3099744]
29999 0.191517636179924 [0.31911793]
30999 0.18894195556640625 [0.32808647]
31999 0.18637748062610626 [0.3368908]
32999 0.1838262528181076 [0.34553844]
33999 0.1812901496887207 [0.35403487]
34999 0.17877155542373657 [0.36238402]
35999 0.17627225816249847 [0.37058872]
36999 0.17379528284072876 [0.3786512]
37999 0.17133966088294983 [0.3865732]
38999 0.16890761256217957 [0.3943566]
39999 0.16650079190731049 [0.40200272]
[0.40507576]
999 0.7551913261413574 [0.28153387]
1999 0.27414336800575256 [0.34364656]
2999 0.2007347047328949 [0.40657488]
3999 0.1653367578983307 [0.46951118]
4999 0.1402963399887085 [0.52799815]
[0.5307998]
999 0.9251800179481506 [0.17642643]
1999 0.29382023215293884 [0.22954895]
2999 0.22906987369060516 [0.28291556]
3999 0.19126743078231812 [0.33945197]
4999 0.16132007539272308 [0.395265]
[0.39802834]
999 2.0152411460876465 [0.12717226]
1999 0.477055162191391 [0.20739007]
2999 0.29603198170661926 [0.2816217]
3999 0.22891353070735931 [0.3559404]
4999 0.18710973858833313 [0.42662624]
[0.43005925]
999 0.5935556888580322 [0.22759345]
1999 0.3637393116950989 [0.27276793]
2999 0.3226005434989929 [0.32482788]
3999 0.2871471345424652 [0.38142735]
4999 0.2549822926521301 [0.43768272]
5999 0.22646461427211761 [0.4897742]
6999 0.20163780450820923 [0.5358629]
[0.54193664]
999 0.7268230319023132 [0.1212508]
1999 0.3076927959918976 [0.15701967]
2999 0.259909451007843 [0.20027417]
3999 0.2298833727836609 [0.252106]
4999 0.20348429679870605 [0.30859837]
5999 0.1803303360939026 [0.36491385]
6999 0.16035951673984528 [0.41743487]
[0.42451295]
999 1.2326403856277466 [0.13024135]
1999 0.647466778755188 [0.17215301]
2999 0.534770667552948 [0.2231705]
3999 0.45980238914489746 [0.28191853]
4999 0.3973061144351959 [0.34332278]
5999 0.344528466463089 [0.40264785]
6999 0.30038806796073914 [0.456925]
[0.464189]
999 1.4164985418319702 [-0.0252379]
1999 0.47897061705589294 [0.02005723]
2999 0.38981956243515015 [0.07226948]
3999 0.341192364692688 [0.13578346]
4999 0.30269983410835266 [0.20734347]
5999 0.2708083987236023 [0.28100666]
6999 0.24398575723171234 [0.35080084]
7999 0.22117255628108978 [0.41285354]
8999 0.20158004760742188 [0.46589583]
9999 0.1846085637807846 [0.51046246]
[0.51458085]
999 0.6343087553977966 [0.1492454]
1999 0.2928358316421509 [0.17588677]
2999 0.25969794392585754 [0.21052754]
3999 0.23938481509685516 [0.25376764]
4999 0.22014778852462769 [0.30282867]
5999 0.2018052190542221 [0.35329735]
6999 0.18477849662303925 [0.4010863]
7999 0.16927802562713623 [0.44388697]
8999 0.15533816814422607 [0.4812268]
9999 0.14287613332271576 [0.51368254]
[0.516753]
999 1.1980597972869873 [0.06409454]
1999 0.5040512084960938 [0.09931594]
2999 0.40919214487075806 [0.14285976]
3999 0.36338725686073303 [0.19625069]
4999 0.3272406756877899 [0.25621378]
5999 0.29586318135261536 [0.31748444]
6999 0.2683447003364563 [0.37520123]
7999 0.244237020611763 [0.4265581]
8999 0.22312968969345093 [0.47088698]
9999 0.20461738109588623 [0.5088031]
[0.512351]
999 1.0898030996322632 [0.02152713]
1999 0.5441678762435913 [0.04495204]
2999 0.47721120715141296 [0.07686703]
3999 0.43755286931991577 [0.11962062]
4999 0.40313082933425903 [0.17243393]
5999 0.37166982889175415 [0.23181547]
6999 0.3429252803325653 [0.29251832]
7999 0.3168041408061981 [0.34968668]
8999 0.29316478967666626 [0.40053207]
9999 0.27181369066238403 [0.4444326]
10999 0.25254520773887634 [0.48205236]
11999 0.23514403402805328 [0.51447845]
12999 0.2194177210330963 [0.5427508]
13999 0.20517663657665253 [0.56770706]
[0.5743276]
999 1.3212295770645142 [0.04793608]
1999 0.5310235619544983 [0.06548185]
2999 0.46141600608825684 [0.08914217]
3999 0.4312158226966858 [0.1217378]
4999 0.4039997458457947 [0.1630563]
5999 0.3772883415222168 [0.21046355]
6999 0.35146698355674744 [0.25984472]
7999 0.3269844651222229 [0.30740175]
8999 0.3041037619113922 [0.3509407]
9999 0.28293055295944214 [0.38987923]
10999 0.26346275210380554 [0.42455608]
11999 0.24563728272914886 [0.4556077]
12999 0.22935017943382263 [0.48364815]
13999 0.2144848257303238 [0.5091699]
[0.51606035]
999 1.0918165445327759 [0.03583232]
1999 0.49585676193237305 [0.05491195]
2999 0.43097829818725586 [0.08088864]
3999 0.40223291516304016 [0.11623107]
4999 0.37802088260650635 [0.16113254]
5999 0.355071097612381 [0.21340863]
6999 0.3332009017467499 [0.26869586]
7999 0.31254851818084717 [0.3221164]
8999 0.29320022463798523 [0.37029707]
9999 0.275187611579895 [0.41208723]
10999 0.258486807346344 [0.44791242]
11999 0.24303796887397766 [0.47881824]
12999 0.22877265512943268 [0.5058656]
13999 0.21561111509799957 [0.52990675]
[0.5363218]
999 1.101317286491394 [-0.01941578]
1999 0.5150324702262878 [-0.01166583]
2999 0.45719990134239197 [-0.00028096]
3999 0.4370284974575043 [0.01685204]
4999 0.42160406708717346 [0.04134458]
5999 0.4068610668182373 [0.07394689]
6999 0.3922175467014313 [0.11371397]
7999 0.37765610218048096 [0.15771134]
8999 0.36325186491012573 [0.20204552]
9999 0.34908896684646606 [0.24359547]
10999 0.3352397382259369 [0.2809285]
11999 0.3217690885066986 [0.3139987]
12999 0.3087254762649536 [0.3434096]
13999 0.29614362120628357 [0.36988378]
14999 0.2840493321418762 [0.39403453]
15999 0.2724531888961792 [0.41631946]
16999 0.2613604962825775 [0.437061]
17999 0.25077059864997864 [0.4564848]
18999 0.24067527055740356 [0.47475088]
19999 0.23106683790683746 [0.49197668]
[0.4953714]
999 0.7976778745651245 [0.03304919]
1999 0.4202565550804138 [0.04317975]
2999 0.3913232982158661 [0.0580094]
3999 0.377094030380249 [0.07955202]
4999 0.3631352484226227 [0.10890023]
5999 0.34860461950302124 [0.14575455]
6999 0.3337543308734894 [0.1878727]
7999 0.31887856125831604 [0.23158154]
8999 0.3042212724685669 [0.27338067]
9999 0.2899450361728668 [0.3112802]
10999 0.276166170835495 [0.34488368]
11999 0.26296207308769226 [0.3746896]
12999 0.25037530064582825 [0.4014379]
13999 0.23842482268810272 [0.4257848]
14999 0.22711271047592163 [0.44821796]
15999 0.2164296805858612 [0.469074]
16999 0.2063569575548172 [0.48858047]
17999 0.19687116146087646 [0.50689393]
18999 0.18794402480125427 [0.5241271]
19999 0.1795475333929062 [0.5403669]
[0.5435643]
999 0.8566920161247253 [0.01937308]
1999 0.36742421984672546 [0.02816934]
2999 0.3199872374534607 [0.04117469]
3999 0.3057492673397064 [0.06018505]
4999 0.2952744960784912 [0.08653942]
5999 0.28498852252960205 [0.12058769]
6999 0.2745414972305298 [0.16091923]
7999 0.26402002573013306 [0.20429674]
8999 0.25355464220046997 [0.24689156]
9999 0.24325183033943176 [0.2859645]
10999 0.23319479823112488 [0.32053325]
11999 0.22343821823596954 [0.35088074]
12999 0.21402789652347565 [0.37778038]
13999 0.204990416765213 [0.40200934]
14999 0.19633662700653076 [0.42417505]
15999 0.18807685375213623 [0.44470373]
16999 0.1802070140838623 [0.46388152]
17999 0.17272193729877472 [0.48190027]
18999 0.16561129689216614 [0.49889144]
19999 0.15886381268501282 [0.5149499]
[0.518118]
999 0.90048748254776 [0.01003823]
1999 0.4094794690608978 [0.01485773]
2999 0.3725215792655945 [0.02209502]
3999 0.3626711070537567 [0.03311188]
4999 0.3553159534931183 [0.04917476]
5999 0.3478359878063202 [0.07129279]
6999 0.3399611711502075 [0.09960826]
7999 0.3317491114139557 [0.1327671]
8999 0.3232896327972412 [0.16801053]
9999 0.3146704435348511 [0.20233427]
10999 0.3059653639793396 [0.23379737]
11999 0.2972373962402344 [0.2618621]
12999 0.2885463535785675 [0.28688323]
13999 0.27993568778038025 [0.3095006]
14999 0.27144655585289 [0.3303035]
15999 0.26310986280441284 [0.34973]
16999 0.2549513876438141 [0.36807472]
17999 0.24698945879936218 [0.38552633]
18999 0.23924101889133453 [0.40220428]
19999 0.23171626031398773 [0.41818497]
20999 0.22442319989204407 [0.43351942]
21999 0.21736659109592438 [0.44824395]
22999 0.21054641902446747 [0.46238703]
23999 0.2039639949798584 [0.47597253]
24999 0.1976173222064972 [0.48902237]
25999 0.1915006935596466 [0.5015572]
26999 0.18561118841171265 [0.5135967]
27999 0.17994704842567444 [0.5251609]
[0.5315693]
999 0.9149232506752014 [-0.00029944]
1999 0.5230677723884583 [0.00623012]
2999 0.49166855216026306 [0.01584168]
3999 0.47760558128356934 [0.03003534]
4999 0.46533775329589844 [0.05017868]
5999 0.4531431496143341 [0.07726522]
6999 0.4408046007156372 [0.11118176]
7999 0.42834967374801636 [0.1500441]
8999 0.41584303975105286 [0.19045651]
9999 0.40336406230926514 [0.22896113]
10999 0.39097872376441956 [0.26349294]
11999 0.3787476718425751 [0.29363617]
12999 0.3667159080505371 [0.3199578]
13999 0.35492902994155884 [0.3433017]
14999 0.3434171676635742 [0.36441812]
15999 0.33220919966697693 [0.38386256]
16999 0.3213227391242981 [0.4020128]
17999 0.3107742965221405 [0.41911682]
18999 0.3005673289299011 [0.43533614]
19999 0.2907129228115082 [0.45077768]
20999 0.2812087833881378 [0.46551538]
21999 0.2720542550086975 [0.47960275]
22999 0.2632426619529724 [0.49308118]
23999 0.2547694742679596 [0.5059851]
24999 0.246629998087883 [0.5183442]
25999 0.2388104945421219 [0.5301854]
26999 0.23130418360233307 [0.5415336]
27999 0.2241010218858719 [0.55241233]
[0.5584325]
999 1.214145302772522 [-0.00880135]
1999 0.5021636486053467 [-0.00544188]
2999 0.4373994469642639 [-0.0005216]
3999 0.4228828251361847 [0.00710931]
4999 0.4154302775859833 [0.01855219]
5999 0.408997118473053 [0.03492081]
6999 0.40253379940986633 [0.0569564]
7999 0.3958544135093689 [0.08438855]
8999 0.38894400000572205 [0.11548922]
9999 0.38182777166366577 [0.1475113]
10999 0.37453535199165344 [0.1779484]
11999 0.36710038781166077 [0.20549421]
12999 0.35956040024757385 [0.23001175]
13999 0.3519444167613983 [0.25196865]
14999 0.34428679943084717 [0.2719595]
15999 0.336619108915329 [0.29048753]
16999 0.3289670944213867 [0.30791542]
17999 0.3213547468185425 [0.3244858]
18999 0.31380292773246765 [0.34035492]
19999 0.30633535981178284 [0.35562196]
20999 0.29896673560142517 [0.37035075]
21999 0.29171091318130493 [0.38458276]
22999 0.2845793664455414 [0.39834642]
23999 0.2775844633579254 [0.41166303]
24999 0.2707338035106659 [0.42454892]
25999 0.2640340030193329 [0.43701854]
26999 0.2574886381626129 [0.4490847]
27999 0.25110384821891785 [0.4607591]
[0.46726543]
999 0.4936788082122803 [0.01294895]
1999 0.3149755299091339 [0.01475752]
2999 0.3056740164756775 [0.01756562]
3999 0.30332016944885254 [0.02196434]
4999 0.30129125714302063 [0.02863582]
5999 0.2989828884601593 [0.03838765]
6999 0.29636150598526 [0.05201269]
7999 0.29345703125 [0.06994765]
8999 0.29030439257621765 [0.09178147]
9999 0.2869417369365692 [0.11598855]
10999 0.28339487314224243 [0.1403963]
11999 0.2796913981437683 [0.1632119]
12999 0.2758541405200958 [0.18367207]
13999 0.27190202474594116 [0.20188725]
14999 0.2678550183773041 [0.21834518]
15999 0.2637307345867157 [0.23355246]
16999 0.25954529643058777 [0.24789687]
17999 0.25531142950057983 [0.2616362]
18999 0.25104475021362305 [0.27492872]
19999 0.2467573881149292 [0.28786615]
20999 0.24245981872081757 [0.3004994]
21999 0.23816321790218353 [0.31285548]
22999 0.23387660086154938 [0.3249478]
23999 0.22960786521434784 [0.33678296]
24999 0.22536601126194 [0.34836394]
25999 0.22115829586982727 [0.359692]
26999 0.21698974072933197 [0.37076828]
27999 0.21286626160144806 [0.38159397]
28999 0.20879295468330383 [0.39217046]
29999 0.2047737091779709 [0.4024997]
30999 0.20081347227096558 [0.41258463]
31999 0.19691364467144012 [0.42242774]
32999 0.19307656586170197 [0.43203261]
33999 0.18930721282958984 [0.44140273]
34999 0.1856059581041336 [0.45054242]
35999 0.1819724589586258 [0.45945582]
36999 0.17840999364852905 [0.4681474]
37999 0.17491884529590607 [0.47662216]
38999 0.1714988648891449 [0.4848845]
39999 0.16815082728862762 [0.49293944]
[0.4961595]
999 0.9686160087585449 [0.00538651]
1999 0.5109884738922119 [0.00736033]
2999 0.48504337668418884 [0.01044619]
3999 0.4797401428222656 [0.01535746]
4999 0.47584447264671326 [0.02287676]
5999 0.47163859009742737 [0.03390108]
6999 0.46698257327079773 [0.04924223]
7999 0.4618994891643524 [0.06919798]
8999 0.4564410150051117 [0.09303685]
9999 0.4506460726261139 [0.11889874]
10999 0.44455668330192566 [0.14452298]
11999 0.4382103681564331 [0.1682981]
12999 0.4316469728946686 [0.18968304]
13999 0.42489707469940186 [0.20889212]
14999 0.41799628734588623 [0.2264113]
15999 0.41097292304039 [0.24270569]
16999 0.4038533568382263 [0.25812325]
17999 0.3966652452945709 [0.27289537]
18999 0.38943374156951904 [0.28716576]
19999 0.3821791410446167 [0.30102044]
20999 0.37492260336875916 [0.31450927]
21999 0.3676823079586029 [0.3276607]
22999 0.36047422885894775 [0.34049076]
23999 0.35331621766090393 [0.35300922]
24999 0.346219539642334 [0.36522165]
25999 0.33919742703437805 [0.37713274]
26999 0.33225882053375244 [0.38874587]
27999 0.32541266083717346 [0.40006465]
28999 0.31866806745529175 [0.41109306]
29999 0.3120294213294983 [0.42183542]
30999 0.30550703406333923 [0.43229634]
31999 0.2991017997264862 [0.4424806]
32999 0.2928193509578705 [0.4523937]
33999 0.28665971755981445 [0.46204105]
34999 0.28062957525253296 [0.47142833]
35999 0.27472609281539917 [0.48056167]
36999 0.2689521014690399 [0.48944697]
37999 0.26330748200416565 [0.49809068]
38999 0.2577933967113495 [0.50649893]
39999 0.25240835547447205 [0.514678]
[0.5179427]
999 0.7451273798942566 [-0.00329525]
1999 0.42231786251068115 [-0.00017999]
2999 0.4081012010574341 [0.00448646]
3999 0.4029368758201599 [0.01157991]
4999 0.397923082113266 [0.02204563]
5999 0.39265885949134827 [0.03692079]
6999 0.387153685092926 [0.05704352]
7999 0.3814314305782318 [0.08249844]
8999 0.3755105137825012 [0.11204378]
9999 0.36941543221473694 [0.14316955]
10999 0.36317259073257446 [0.17314164]
11999 0.35680490732192993 [0.20022312]
12999 0.35033732652664185 [0.22400233]
13999 0.3437953591346741 [0.24490462]
14999 0.3372020721435547 [0.26360723]
15999 0.3305816650390625 [0.28071904]
16999 0.32395172119140625 [0.29668823]
17999 0.3173340857028961 [0.3118146]
18999 0.3107448220252991 [0.32628927]
19999 0.3042012155056 [0.34023082]
20999 0.29771554470062256 [0.35371268]
21999 0.2913002371788025 [0.3667805]
22999 0.2849682569503784 [0.37946358]
23999 0.27872806787490845 [0.39178166]
24999 0.27258867025375366 [0.40374878]
25999 0.26655393838882446 [0.4153761]
26999 0.2606320381164551 [0.42667252]
27999 0.2548263967037201 [0.43764663]
28999 0.2491416186094284 [0.44830644]
29999 0.2435806840658188 [0.45865962]
30999 0.2381434589624405 [0.46871394]
31999 0.2328311800956726 [0.47847718]
32999 0.2276463657617569 [0.48795727]
33999 0.2225896418094635 [0.49716166]
34999 0.2176581174135208 [0.5060983]
35999 0.21285264194011688 [0.5147749]
36999 0.20817014575004578 [0.52319914]
37999 0.2036103755235672 [0.53137875]
38999 0.19917307794094086 [0.5393213]
39999 0.19485245645046234 [0.5470341]
[0.55010915]
999 1.069736123085022 [0.25850198]
1999 0.5664107203483582 [0.34690177]
2999 0.42360571026802063 [0.4330842]
3999 0.32742080092430115 [0.5090716]
4999 0.25877195596694946 [0.57207394]
[0.57495815]
999 0.8465059995651245 [0.30746156]
1999 0.5383529663085938 [0.40033856]
2999 0.42183196544647217 [0.49080694]
3999 0.337789922952652 [0.5669684]
4999 0.27505767345428467 [0.62705255]
[0.6297385]
999 1.9824073314666748 [0.36737713]
1999 0.8299607634544373 [0.47901455]
2999 0.5770411491394043 [0.5713553]
3999 0.44067350029945374 [0.64138037]
4999 0.3520614504814148 [0.6918955]
[0.69405586]
999 1.7296338081359863 [0.12505911]
1999 1.0573993921279907 [0.20947623]
2999 0.8265305757522583 [0.30778444]
3999 0.6678764224052429 [0.40125412]
4999 0.5494651794433594 [0.47914946]
5999 0.45953354239463806 [0.54138815]
6999 0.39012861251831055 [0.5913363]
[0.5976677]
999 1.6235772371292114 [0.04967105]
1999 0.8766428828239441 [0.13922542]
2999 0.6746377348899841 [0.25043318]
3999 0.539978563785553 [0.36169165]
4999 0.4414682388305664 [0.45661923]
5999 0.36786746978759766 [0.5321198]
6999 0.3117731809616089 [0.59133595]
[0.5987098]
999 1.3914400339126587 [0.19448406]
1999 0.7382635474205017 [0.27427128]
2999 0.5869144201278687 [0.3644472]
3999 0.48508480191230774 [0.447815]
4999 0.4055835008621216 [0.51524085]
5999 0.3430824279785156 [0.5680764]
6999 0.2937864363193512 [0.6102497]
[0.6156021]
999 1.1820062398910522 [0.07269587]
1999 0.8931531310081482 [0.11909314]
2999 0.7955950498580933 [0.18979777]
3999 0.7035332918167114 [0.2735734]
4999 0.6182966232299805 [0.3529489]
5999 0.5432199835777283 [0.42029625]
6999 0.4787718951702118 [0.47624654]
7999 0.42402011156082153 [0.52329564]
8999 0.3775966465473175 [0.5634373]
9999 0.33814558386802673 [0.5980255]
[0.6012814]
999 1.1551097631454468 [0.06925993]
1999 0.7736883163452148 [0.12820166]
2999 0.6666894555091858 [0.21260852]
3999 0.5819330215454102 [0.3088256]
4999 0.5095932483673096 [0.39578614]
5999 0.448337584733963 [0.46487153]
6999 0.3967049717903137 [0.51862067]
7999 0.3531380295753479 [0.5616794]
8999 0.31622591614723206 [0.5973635]
9999 0.2847762107849121 [0.6276623]
[0.6305022]
999 1.3675886392593384 [0.1421268]
1999 0.8407828211784363 [0.22077025]
2999 0.7080694437026978 [0.3185243]
3999 0.6112976670265198 [0.4150553]
4999 0.5318382382392883 [0.4936168]
5999 0.4662115275859833 [0.55287534]
6999 0.41188257932662964 [0.5981975]
7999 0.36663997173309326 [0.63434637]
8999 0.32866331934928894 [0.6642299]
9999 0.29651468992233276 [0.6895191]
[0.6918843]
999 2.527012348175049 [0.04764793]
1999 1.4184602499008179 [0.09038653]
2999 1.2454094886779785 [0.15628363]
3999 1.123730182647705 [0.23860414]
4999 1.0131529569625854 [0.3190787]
5999 0.9133656024932861 [0.38689405]
6999 0.8248823881149292 [0.44205564]
7999 0.7471773624420166 [0.48781288]
8999 0.6792050004005432 [0.5267828]
9999 0.6197478175163269 [0.56058025]
10999 0.5676464438438416 [0.59020597]
11999 0.5218507051467896 [0.6163446]
12999 0.4814538061618805 [0.63951534]
13999 0.4456743001937866 [0.6601401]
[0.66562146]
999 1.6735678911209106 [0.01249132]
1999 0.9878026843070984 [0.04869609]
2999 0.8803079724311829 [0.10897955]
3999 0.799669623374939 [0.18923943]
4999 0.725443959236145 [0.27190384]
5999 0.6576629281044006 [0.343385]
6999 0.596726655960083 [0.40177596]
7999 0.5424929857254028 [0.4500587]
8999 0.4944666922092438 [0.49108398]
9999 0.4520255923271179 [0.5266779]
10999 0.414518803358078 [0.557956]
11999 0.38132116198539734 [0.5856521]
12999 0.351876437664032 [0.6103019]
13999 0.32568880915641785 [0.63232887]
[0.6381969]
999 1.3677538633346558 [0.04599833]
1999 0.8517775535583496 [0.08542167]
2999 0.7716519236564636 [0.14733219]
3999 0.698562502861023 [0.22737741]
4999 0.6298492550849915 [0.30787477]
5999 0.5673291087150574 [0.37627172]
6999 0.5115684270858765 [0.43165454]
7999 0.4623675048351288 [0.47739223]
8999 0.4191737174987793 [0.51635003]
9999 0.3813089430332184 [0.5502559]
10999 0.3480933606624603 [0.58012474]
11999 0.31889674067497253 [0.60661334]
12999 0.2931641936302185 [0.6302051]
13999 0.2704114019870758 [0.65128815]
[0.65690374]
999 2.054795503616333 [0.03255432]
1999 1.4258477687835693 [0.06020169]
2999 1.3170408010482788 [0.10749085]
3999 1.233451247215271 [0.17551659]
4999 1.1518023014068604 [0.25169584]
5999 1.072451114654541 [0.3197276]
6999 0.9969351887702942 [0.37440172]
7999 0.9262104034423828 [0.41863912]
8999 0.8606796860694885 [0.4560585]
9999 0.8003860116004944 [0.48887542]
10999 0.7451679706573486 [0.5182468]
11999 0.6947277784347534 [0.544796]
12999 0.6487160921096802 [0.56890804]
13999 0.6067647337913513 [0.5908638]
14999 0.5685019493103027 [0.6108939]
15999 0.5335794687271118 [0.6291997]
16999 0.5016757845878601 [0.6459611]
17999 0.4724852740764618 [0.66133887]
18999 0.4457409679889679 [0.6754771]
19999 0.4211962819099426 [0.68850404]
[0.6910355]
999 0.9175793528556824 [0.01151471]
1999 0.6514581441879272 [0.02700299]
2999 0.6175330281257629 [0.0554159]
3999 0.5927148461341858 [0.10175955]
4999 0.5675551295280457 [0.16270384]
5999 0.5418344736099243 [0.22478877]
6999 0.5160272717475891 [0.27739376]
7999 0.4905543327331543 [0.31990048]
8999 0.465736448764801 [0.35556436]
9999 0.4418033957481384 [0.38696665]
10999 0.41890814900398254 [0.41548717]
11999 0.3971400856971741 [0.44179252]
12999 0.37654197216033936 [0.46621692]
13999 0.35712194442749023 [0.48895523]
14999 0.3388616144657135 [0.51014525]
15999 0.3217273950576782 [0.5299029]
16999 0.30567294359207153 [0.548333]
17999 0.2906426191329956 [0.56553406]
18999 0.27658018469810486 [0.5815993]
19999 0.2634253203868866 [0.5966158]
[0.5995579]
999 0.7743046283721924 [0.02074072]
1999 0.5701610445976257 [0.03492256]
2999 0.5418499708175659 [0.06149112]
3999 0.5220887064933777 [0.10473566]
4999 0.5020602941513062 [0.16096656]
5999 0.48125600814819336 [0.21775423]
6999 0.46003931760787964 [0.2662009]
7999 0.438821405172348 [0.30618447]
8999 0.4179261326789856 [0.34053352]
9999 0.39759498834609985 [0.37134695]
10999 0.3779919445514679 [0.3996981]
11999 0.3592265248298645 [0.4260817]
12999 0.3413632810115814 [0.4507363]
13999 0.32443031668663025 [0.47380027]
14999 0.30843204259872437 [0.49537697]
15999 0.29335251450538635 [0.5155592]
16999 0.2791633605957031 [0.5344364]
17999 0.26583385467529297 [0.5520957]
18999 0.2533169388771057 [0.56862247]
19999 0.24157340824604034 [0.5840982]
[0.5871334]
999 1.4230972528457642 [0.0057263]
1999 1.039249062538147 [0.01421974]
2999 1.0025463104248047 [0.03128089]
3999 0.9775378108024597 [0.06199208]
4999 0.9508390426635742 [0.107549]
5999 0.9219842553138733 [0.16005749]
6999 0.8915112614631653 [0.20852019]
7999 0.8600030541419983 [0.24919471]
8999 0.8279753923416138 [0.2838362]
9999 0.7958620190620422 [0.31469396]
10999 0.7640247344970703 [0.34309572]
11999 0.7327478528022766 [0.36967468]
12999 0.7022483944892883 [0.3947174]
13999 0.6726921200752258 [0.41836292]
14999 0.644192636013031 [0.4406938]
15999 0.6168268918991089 [0.46177426]
16999 0.5906380414962769 [0.48166364]
17999 0.5656411051750183 [0.5004216]
18999 0.5418348908424377 [0.5181083]
19999 0.5192012786865234 [0.5347841]
20999 0.4977113604545593 [0.5505088]
21999 0.47732603549957275 [0.5653407]
22999 0.458004891872406 [0.579336]
23999 0.4397008717060089 [0.59254867]
24999 0.42236554622650146 [0.60503006]
25999 0.40594813227653503 [0.61682856]
26999 0.3904028534889221 [0.6279898]
27999 0.375678688287735 [0.6385563]
[0.6443483]
999 2.0697615146636963 [0.01154054]
1999 1.182260274887085 [0.01967384]
2999 1.088247299194336 [0.03557394]
3999 1.0570313930511475 [0.06399411]
4999 1.0309971570968628 [0.10594137]
5999 1.0035852193832397 [0.15406962]
6999 0.9744138717651367 [0.198458]
7999 0.9439136981964111 [0.2359439]
8999 0.9125821590423584 [0.26822913]
9999 0.8808504939079285 [0.29733586]
10999 0.849089503288269 [0.3244118]
11999 0.817594587802887 [0.34997654]
12999 0.7866129875183105 [0.3742468]
13999 0.7563350796699524 [0.3973155]
14999 0.7269064784049988 [0.4192326]
15999 0.6984288096427917 [0.44003648]
16999 0.670976996421814 [0.45976576]
17999 0.6445944309234619 [0.47846192]
18999 0.6193048357963562 [0.4961699]
19999 0.5951160788536072 [0.5129365]
20999 0.572012186050415 [0.52880955]
21999 0.5499808192253113 [0.5438371]
22999 0.5289919376373291 [0.55806667]
23999 0.5090103149414062 [0.57154465]
24999 0.4900021255016327 [0.5843154]
25999 0.471923828125 [0.59642196]
26999 0.45473623275756836 [0.6079048]
27999 0.4383951425552368 [0.6188027]
[0.6247875]
999 2.2508962154388428 [0.0228358]
1999 1.6477773189544678 [0.03337745]
2999 1.5547536611557007 [0.05541509]
3999 1.5007790327072144 [0.09365597]
4999 1.4454810619354248 [0.14583297]
5999 1.3858712911605835 [0.20099626]
6999 1.3234977722167969 [0.25035685]
7999 1.2601187229156494 [0.2928296]
8999 1.1971304416656494 [0.3303321]
9999 1.1355544328689575 [0.364441]
10999 1.07609224319458 [0.39597657]
11999 1.0192087888717651 [0.42531845]
12999 0.9651713967323303 [0.45265767]
13999 0.914110541343689 [0.47811916]
14999 0.8660552501678467 [0.5018116]
15999 0.820959746837616 [0.52384275]
16999 0.7787321209907532 [0.54432195]
17999 0.7392414808273315 [0.5633593]
18999 0.7023454308509827 [0.58106256]
19999 0.6678912043571472 [0.59753555]
20999 0.6357228755950928 [0.61287653]
21999 0.6056836843490601 [0.627178]
22999 0.5776223540306091 [0.64052516]
23999 0.5513977408409119 [0.6529971]
24999 0.5268731117248535 [0.66466624]
25999 0.5039229989051819 [0.67559856]
26999 0.4824264347553253 [0.6858544]
27999 0.46227559447288513 [0.6954887]
[0.70073956]
999 0.9305161237716675 [0.01319019]
1999 0.6360637545585632 [0.01695601]
2999 0.6136196255683899 [0.02437598]
3999 0.606593132019043 [0.03830222]
4999 0.6001726984977722 [0.06175629]
5999 0.5929533839225769 [0.09474877]
6999 0.584922730922699 [0.13092445]
7999 0.5761961936950684 [0.1627417]
8999 0.5668885707855225 [0.18859556]
9999 0.5570989847183228 [0.2105212]
10999 0.5469160676002502 [0.23040606]
11999 0.5364171862602234 [0.2492296]
12999 0.5256721377372742 [0.26739892]
13999 0.5147483348846436 [0.28505972]
14999 0.5037032961845398 [0.3022544]
15999 0.4925900101661682 [0.31898928]
16999 0.48145806789398193 [0.33526087]
17999 0.4703497588634491 [0.351065]
18999 0.4593054950237274 [0.36639968]
19999 0.4483548402786255 [0.38126594]
20999 0.4375306963920593 [0.3956671]
21999 0.4268594980239868 [0.40960914]
22999 0.416359007358551 [0.42309943]
23999 0.40604811906814575 [0.43614665]
24999 0.3959413766860962 [0.4487609]
25999 0.3860512971878052 [0.46095282]
26999 0.3763877749443054 [0.4727339]
27999 0.3669552505016327 [0.4841162]
28999 0.3577609956264496 [0.49511167]
29999 0.34880563616752625 [0.50573254]
30999 0.34009408950805664 [0.51599145]
31999 0.3316211998462677 [0.5259009]
32999 0.32339027523994446 [0.53547317]
33999 0.31539663672447205 [0.54472053]
34999 0.30763790011405945 [0.5536549]
35999 0.3001115024089813 [0.56228787]
36999 0.2928127348423004 [0.57063115]
37999 0.28573620319366455 [0.5786959]
38999 0.2788775861263275 [0.5864929]
39999 0.27223142981529236 [0.59403276]
[0.5970299]
999 1.520741581916809 [0.02034295]
1999 1.1467069387435913 [0.02598778]
2999 1.1233917474746704 [0.03704819]
3999 1.1087645292282104 [0.05724881]
4999 1.091542363166809 [0.08922303]
5999 1.071759819984436 [0.12983812]
6999 1.0499649047851562 [0.16993907]
7999 1.026631474494934 [0.20364411]
8999 1.002148985862732 [0.23159407]
9999 0.9768418669700623 [0.2561843]
10999 0.9509809017181396 [0.2789798]
11999 0.9247982501983643 [0.3006905]
12999 0.8985004425048828 [0.32158384]
13999 0.8722563982009888 [0.3417443]
14999 0.8462091088294983 [0.3611919]
15999 0.8204907774925232 [0.37992904]
16999 0.7951973080635071 [0.3979573]
17999 0.7704089283943176 [0.4152828]
18999 0.7461990118026733 [0.43191618]
19999 0.7226163148880005 [0.44787264]
20999 0.6996998190879822 [0.4631704]
21999 0.6774728298187256 [0.47783008]
22999 0.6559572219848633 [0.49187377]
23999 0.6351575255393982 [0.50532466]
24999 0.615079402923584 [0.51820624]
25999 0.5957177877426147 [0.5305427]
26999 0.5770658254623413 [0.5423574]
27999 0.5591108202934265 [0.5536739]
28999 0.541835367679596 [0.56451535]
29999 0.5252267122268677 [0.5749039]
30999 0.5092618465423584 [0.58486134]
31999 0.4939217269420624 [0.5944084]
32999 0.479186087846756 [0.60356486]
33999 0.4650314152240753 [0.61235017]
34999 0.45143866539001465 [0.6207826]
35999 0.4383833706378937 [0.6288796]
36999 0.4258447587490082 [0.6366579]
37999 0.41380345821380615 [0.64413327]
38999 0.4022357761859894 [0.6513205]
39999 0.3911232650279999 [0.65823406]
[0.6609727]
999 2.0939085483551025 [-0.00310432]
1999 1.4930752515792847 [0.00349061]
2999 1.440199375152588 [0.01656457]
3999 1.411156177520752 [0.04055243]
4999 1.3821595907211304 [0.07838468]
5999 1.351374626159668 [0.1258922]
6999 1.3188433647155762 [0.17232619]
7999 1.2848742008209229 [0.21121237]
8999 1.2498278617858887 [0.24323656]
9999 1.2140405178070068 [0.27097344]
10999 1.1778428554534912 [0.29619893]
11999 1.1415200233459473 [0.3198093]
12999 1.105330228805542 [0.34221154]
13999 1.0694966316223145 [0.36358684]
14999 1.0342037677764893 [0.38402054]
15999 0.999600350856781 [0.40355965]
16999 0.9658145904541016 [0.42223722]
17999 0.9329357743263245 [0.44008225]
18999 0.9010329842567444 [0.45712307]
19999 0.8701578974723816 [0.47338885]
20999 0.8403390049934387 [0.48890993]
21999 0.8115952610969543 [0.50371695]
22999 0.7839266657829285 [0.517841]
23999 0.757329523563385 [0.53131354]
24999 0.7317906618118286 [0.54416555]
25999 0.7072868943214417 [0.5564274]
26999 0.6837946772575378 [0.5681287]
27999 0.6612818837165833 [0.5792982]
28999 0.6397192478179932 [0.5899637]
29999 0.6190710067749023 [0.6001517]
30999 0.5993043780326843 [0.60988754]
31999 0.5803840756416321 [0.6191956]
32999 0.5622737407684326 [0.6280989]
33999 0.5449371337890625 [0.63661927]
34999 0.5283435583114624 [0.64477724]
35999 0.5124541521072388 [0.6525924]
36999 0.4972380995750427 [0.66008323]
37999 0.4826655387878418 [0.6672671]
38999 0.4687042534351349 [0.6741604]
39999 0.4553236961364746 [0.6807786]
[0.6833968]
