
CommandNotFoundError: Your shell has not been properly configured to use 'conda deactivate'.
To initialize your shell, run

    $ conda init <SHELL_NAME>

Currently supported shells are:
  - bash
  - fish
  - tcsh
  - xonsh
  - zsh
  - powershell

See 'conda init --help' for more information and options.

IMPORTANT: You may need to close and restart your shell after running 'conda init'.


cuda:0
Generate alignment plot for autograd sigmoid network and nn data
999 0.04599554464221001 [0.06515365]
1999 0.008050745353102684 [0.14064674]
2999 0.0021902865264564753 [0.16589765]
3999 0.000736026733648032 [0.17615885]
4999 0.000284789246506989 [0.18095821]
[0.18112637]
999 0.049190644174814224 [0.134372]
1999 0.011890927329659462 [0.20080835]
2999 0.0038111417088657618 [0.22558391]
3999 0.0012743198312819004 [0.23695014]
4999 0.0004272145451977849 [0.24268697]
[0.24289167]
999 0.043558426201343536 [0.20838764]
1999 0.009628082625567913 [0.27132052]
2999 0.0027962159365415573 [0.29431936]
3999 0.0007952684536576271 [0.3041688]
4999 0.00025919717154465616 [0.30858362]
[0.30872852]
999 0.04334843531250954 [0.13974553]
1999 0.007554953917860985 [0.18279776]
2999 0.0017645340412855148 [0.19851232]
3999 0.0005030937609262764 [0.20494074]
4999 0.0001673297956585884 [0.20785385]
5999 6.066618880140595e-05 [0.20929545]
6999 2.3004151444183663e-05 [0.21005438]
[0.21012984]
999 0.04285167530179024 [0.03756004]
1999 0.007550071459263563 [0.08488985]
2999 0.001601463183760643 [0.10203856]
3999 0.00037844045436941087 [0.10875127]
4999 9.571429109200835e-05 [0.11156095]
5999 2.5554456442478113e-05 [0.11279231]
6999 7.210791864054045e-06 [0.11335252]
[0.11340306]
999 0.04242664575576782 [0.16330704]
1999 0.0052119106985628605 [0.21213335]
2999 0.0009834079537540674 [0.22597985]
3999 0.00023817787587177008 [0.23046508]
4999 6.80493758409284e-05 [0.23209491]
5999 2.1811536498717032e-05 [0.23274013]
6999 7.548507710453123e-06 [0.23301224]
[0.23303585]
999 0.05217831954360008 [0.00657538]
1999 0.012336136773228645 [0.0390434]
2999 0.004060302395373583 [0.05419666]
3999 0.0016430231044068933 [0.06237546]
4999 0.0007268437766470015 [0.06721473]
5999 0.00032105110585689545 [0.07017782]
6999 0.00013829156523570418 [0.07200078]
7999 5.86741189181339e-05 [0.07312109]
8999 2.4874412702047266e-05 [0.07380967]
9999 1.0609148375806399e-05 [0.07423531]
[0.07426841]
999 0.056866321712732315 [0.06691159]
1999 0.008823306299746037 [0.10201435]
2999 0.001771906390786171 [0.11539302]
3999 0.00041075830813497305 [0.12075172]
4999 0.0001046058678184636 [0.12302102]
5999 2.8452133847167715e-05 [0.12403156]
6999 8.136375072353985e-06 [0.12450048]
7999 2.4365604076592717e-06 [0.12472513]
8999 7.670080321986461e-07 [0.12483635]
9999 2.568235117905715e-07 [0.12489317]
[0.12489712]
999 0.04637317731976509 [0.09271704]
1999 0.007600026670843363 [0.12053794]
2999 0.001474756165407598 [0.13157704]
3999 0.00031763705192133784 [0.1359352]
4999 7.703253504587337e-05 [0.13771789]
5999 2.108352600771468e-05 [0.13848148]
6999 6.4726527853053994e-06 [0.13882439]
7999 2.2142883153719595e-06 [0.13898572]
8999 8.427394959653611e-07 [0.13906556]
9999 3.531960430791514e-07 [0.13910814]
[0.13911128]
999 0.09060169011354446 [0.02084733]
1999 0.017050575464963913 [0.05162051]
2999 0.0038697957061231136 [0.06482594]
3999 0.0010218162788078189 [0.07051944]
4999 0.0002949242480099201 [0.07313561]
5999 9.027033956954256e-05 [0.07440523]
6999 2.8937267416040413e-05 [0.07504681]
7999 9.627307008486241e-06 [0.07538042]
8999 3.3244257338083116e-06 [0.07555868]
9999 1.190369744108466e-06 [0.07565563]
10999 4.425218094183947e-07 [0.07570938]
11999 1.740980763997868e-07 [0.07573991]
12999 7.302920579377314e-08 [0.07575796]
13999 3.2750580913898375e-08 [0.07576836]
[0.07577036]
999 0.0925586000084877 [0.003623]
1999 0.01924983039498329 [0.03499976]
2999 0.004866388626396656 [0.04923851]
3999 0.0014135127421468496 [0.05565874]
4999 0.0004485387180466205 [0.05869385]
5999 0.0001503612584201619 [0.06020021]
6999 5.2294104534666985e-05 [0.06097977]
7999 1.8703269233810715e-05 [0.06139717]
8999 6.8522404035320505e-06 [0.06162739]
9999 2.5623628516768804e-06 [0.06175679]
10999 9.807280321183498e-07 [0.06183168]
11999 3.872122533721267e-07 [0.06187526]
12999 1.5621169779933552e-07 [0.06190139]
13999 6.598165924742716e-08 [0.06191686]
[0.06191991]
999 0.06302479654550552 [0.00569468]
1999 0.01209742296487093 [0.02962335]
2999 0.002661024685949087 [0.04071419]
3999 0.0006948731606826186 [0.04563225]
4999 0.00021202876814641058 [0.0478923]
5999 7.325787009904161e-05 [0.0489881]
6999 2.7786005375673994e-05 [0.04954982]
7999 1.1274570169916842e-05 [0.04985235]
8999 4.822896698897239e-06 [0.05002263]
9999 2.1480832401721273e-06 [0.05012168]
10999 9.995195568990312e-07 [0.05018054]
11999 4.761369041261787e-07 [0.0502168]
12999 2.3307738672428968e-07 [0.05023986]
13999 1.1655367870844202e-07 [0.05025472]
[0.05025808]
999 0.045880578458309174 [0.03316362]
1999 0.005980354268103838 [0.04314722]
2999 0.0011746049858629704 [0.04689134]
3999 0.00030794786289334297 [0.04839179]
4999 9.666757250670344e-05 [0.04905782]
5999 3.35512486344669e-05 [0.04938184]
6999 1.2313366823946126e-05 [0.04955092]
7999 4.673501734941965e-06 [0.04964338]
8999 1.8048330048259231e-06 [0.04969606]
9999 7.123140335352218e-07 [0.04972686]
10999 2.896081241487991e-07 [0.04974434]
11999 1.2271610216885165e-07 [0.04975474]
12999 5.512438150390153e-08 [0.04976091]
13999 2.7874111907522092e-08 [0.04976439]
14999 1.546360373083644e-08 [0.04976661]
15999 9.394343081225998e-09 [0.04976797]
16999 6.284243792009647e-09 [0.04976884]
17999 4.621711457986066e-09 [0.0497693]
18999 3.4972367224384016e-09 [0.04976968]
19999 2.7266042756934894e-09 [0.04977001]
[0.04977006]
999 0.062118250876665115 [0.0133825]
1999 0.013520766980946064 [0.02496958]
2999 0.0035708644427359104 [0.03100175]
3999 0.0010514584137126803 [0.03406369]
4999 0.0003309532185085118 [0.03564429]
5999 0.00010950874275295064 [0.03647551]
6999 3.7726214941358194e-05 [0.03692035]
7999 1.3427530575427227e-05 [0.03716237]
8999 4.936426194035448e-06 [0.03729631]
9999 1.862433236965444e-06 [0.03737146]
10999 7.229667744468316e-07 [0.03741461]
11999 2.8800991458410863e-07 [0.03743999]
12999 1.1901217789045404e-07 [0.03745489]
13999 5.268334390962082e-08 [0.03746307]
14999 2.690100942004392e-08 [0.03746761]
15999 1.5160415145487605e-08 [0.03747059]
16999 9.436192272005428e-09 [0.03747247]
17999 6.3737615185743834e-09 [0.03747374]
18999 4.570868572528752e-09 [0.03747466]
19999 3.4858227415668352e-09 [0.03747529]
[0.0374754]
999 0.08070655912160873 [-0.00128326]
1999 0.018207432702183723 [0.01400948]
2999 0.00490395724773407 [0.02187507]
3999 0.00148268963675946 [0.02580852]
4999 0.0004814951680600643 [0.02783401]
5999 0.0001650367776164785 [0.02891133]
6999 5.911916377954185e-05 [0.02950055]
7999 2.1982035832479596e-05 [0.0298302]
8999 8.435433301201556e-06 [0.03001826]
9999 3.3228016036446206e-06 [0.03012753]
10999 1.3405939398580813e-06 [0.03019237]
11999 5.505772264768893e-07 [0.03023148]
12999 2.3174420960003772e-07 [0.03025547]
13999 1.0070633038594679e-07 [0.03026958]
14999 4.66854537251038e-08 [0.03027824]
15999 2.406520671627277e-08 [0.03028334]
16999 1.3697555978353648e-08 [0.03028629]
17999 8.657591088478966e-09 [0.03028823]
18999 5.97561200521568e-09 [0.03028957]
19999 4.3692267581718625e-09 [0.03029058]
[0.03029074]
999 0.11617476493120193 [0.02009331]
1999 0.02858087420463562 [0.03204537]
2999 0.007859436795115471 [0.03853479]
3999 0.002299700863659382 [0.04189843]
4999 0.0007007932290434837 [0.04364409]
5999 0.00022101997456047684 [0.04456004]
6999 7.190074393292889e-05 [0.04504707]
7999 2.405357918178197e-05 [0.04530937]
8999 8.26731866254704e-06 [0.04545265]
9999 2.923132115029148e-06 [0.04553176]
10999 1.0732795772128156e-06 [0.04557653]
11999 4.1014499174707453e-07 [0.04560216]
12999 1.667633284796466e-07 [0.04561619]
13999 7.609879304482092e-08 [0.04562435]
14999 3.9122632244925626e-08 [0.0456293]
15999 2.265904619491721e-08 [0.04563236]
16999 1.4631975631118621e-08 [0.0456341]
17999 1.0124852067860957e-08 [0.04563524]
18999 7.368752275027646e-09 [0.04563605]
19999 5.663777002951065e-09 [0.04563663]
20999 4.47189174579421e-09 [0.04563705]
21999 3.580374219325222e-09 [0.0456374]
22999 2.971498158643726e-09 [0.04563768]
23999 2.5325064267889275e-09 [0.04563787]
24999 2.186592684694233e-09 [0.04563804]
25999 1.9064692047265908e-09 [0.0456382]
26999 1.6707867311893665e-09 [0.04563834]
27999 1.4761286637465787e-09 [0.04563845]
[0.04563852]
999 0.05935318395495415 [0.01063067]
1999 0.013562369160354137 [0.01730394]
2999 0.00407377490773797 [0.02101925]
3999 0.0014544251607730985 [0.02307328]
4999 0.0005744571099057794 [0.02425453]
5999 0.00024172678240574896 [0.02495915]
6999 0.00010614662460284308 [0.02539144]
7999 4.80418857478071e-05 [0.02566259]
8999 2.2205216737347655e-05 [0.02583564]
9999 1.039935159496963e-05 [0.02594736]
10999 4.944576630805386e-06 [0.02602086]
11999 2.393174327153247e-06 [0.02606923]
12999 1.1642861181826447e-06 [0.02610176]
13999 5.729656891162449e-07 [0.02612333]
14999 2.867197679279343e-07 [0.02613796]
15999 1.4675717352474749e-07 [0.02614776]
16999 7.982200145306706e-08 [0.02615391]
17999 4.701334788137501e-08 [0.02615794]
18999 2.973390955673949e-08 [0.02616064]
19999 2.0034821801573344e-08 [0.02616258]
20999 1.416445627455687e-08 [0.02616394]
21999 1.0352899870724741e-08 [0.02616493]
22999 7.896839626653218e-09 [0.02616565]
23999 6.2103691078618795e-09 [0.02616625]
24999 4.986229651393614e-09 [0.02616675]
25999 4.0567900150279e-09 [0.02616715]
26999 3.355328459520024e-09 [0.02616749]
27999 2.813967059367428e-09 [0.02616779]
[0.02616795]
999 0.0763021856546402 [-0.00571088]
1999 0.017151692882180214 [0.00291211]
2999 0.0046151792630553246 [0.00746063]
3999 0.0014052459737285972 [0.00978938]
4999 0.0004616923979483545 [0.01101278]
5999 0.0001593778288224712 [0.01167453]
6999 5.7026987633435056e-05 [0.01204148]
7999 2.1017855033278465e-05 [0.01224917]
8999 7.950628059916198e-06 [0.0123691]
9999 3.083856654484407e-06 [0.01243891]
10999 1.2252517080924008e-06 [0.01248019]
11999 4.935965307595325e-07 [0.01250483]
12999 2.044952793767152e-07 [0.0125192]
13999 9.146832269379956e-08 [0.01252773]
14999 4.5629722222884084e-08 [0.01253237]
15999 2.5578332341069654e-08 [0.01253534]
16999 1.5897356320238032e-08 [0.01253719]
17999 1.080692246802073e-08 [0.01253821]
18999 7.84295828282211e-09 [0.01253887]
19999 5.906699129809567e-09 [0.01253936]
20999 4.606201198242843e-09 [0.01253977]
21999 3.692476546746093e-09 [0.01254011]
22999 3.0384219584789207e-09 [0.01254035]
23999 2.5613453580319856e-09 [0.01254055]
24999 2.1851371823089494e-09 [0.01254072]
25999 1.8937451606859668e-09 [0.01254088]
26999 1.6600255614562798e-09 [0.01254101]
27999 1.4699542694174283e-09 [0.01254112]
[0.01254117]
999 0.06066184490919113 [0.01064455]
1999 0.013914844952523708 [0.01430423]
2999 0.003990613855421543 [0.01633135]
3999 0.0012912419624626637 [0.01742865]
4999 0.00045055357622914016 [0.01803408]
5999 0.00016574897745158523 [0.01837569]
6999 6.346649024635553e-05 [0.01857246]
7999 2.5028406525962055e-05 [0.01868791]
8999 1.0108365131600294e-05 [0.01875663]
9999 4.15920112573076e-06 [0.01879819]
10999 1.7332853303742013e-06 [0.01882349]
11999 7.317090080505295e-07 [0.01883892]
12999 3.2113769066199893e-07 [0.01884834]
13999 1.5272424036538723e-07 [0.01885378]
14999 8.142625773643886e-08 [0.01885698]
15999 4.854702595480376e-08 [0.01885907]
16999 3.1427230595681976e-08 [0.01886038]
17999 2.1697537988529803e-08 [0.01886122]
18999 1.5764426208875193e-08 [0.0188618]
19999 1.1845120440057144e-08 [0.01886224]
20999 9.171970738464097e-09 [0.0188626]
21999 7.306161897702168e-09 [0.01886286]
22999 5.957942583734166e-09 [0.01886307]
23999 4.956161703262296e-09 [0.01886322]
24999 4.188689839423887e-09 [0.01886337]
25999 3.5952196775212997e-09 [0.0188635]
26999 3.1357758611960662e-09 [0.01886361]
27999 2.7631434917907427e-09 [0.01886372]
28999 2.4603212800400343e-09 [0.01886381]
29999 2.206344884569944e-09 [0.01886389]
30999 1.9880705970365398e-09 [0.01886396]
31999 1.802721527610629e-09 [0.01886403]
32999 1.6398196134304044e-09 [0.01886409]
33999 1.494624091158414e-09 [0.01886414]
34999 1.3733254533576655e-09 [0.01886419]
35999 1.2678292860002216e-09 [0.01886423]
36999 1.1707619318457319e-09 [0.01886427]
37999 1.0836708197459188e-09 [0.01886431]
38999 1.0084646451247181e-09 [0.01886434]
39999 9.438804182693161e-10 [0.01886437]
[0.01886438]
999 0.07492849975824356 [-0.00352502]
1999 0.01761547476053238 [0.00103234]
2999 0.0050242384895682335 [0.00361668]
3999 0.001649897312745452 [0.005027]
4999 0.0005975423264317214 [0.00581191]
5999 0.00023086291912477463 [0.00626172]
6999 9.299151133745909e-05 [0.00652643]
7999 3.853370435535908e-05 [0.00668587]
8999 1.6280910131172277e-05 [0.00678389]
9999 6.991253940213937e-06 [0.00684495]
10999 3.0500334560201736e-06 [0.00688328]
11999 1.352923050035315e-06 [0.00690788]
12999 6.124969331722241e-07 [0.00692356]
13999 2.893570467676909e-07 [0.0069331]
14999 1.4874659370889276e-07 [0.00693859]
15999 8.40316403127872e-08 [0.00694205]
16999 5.169224337464584e-08 [0.00694427]
17999 3.4183312180857683e-08 [0.00694578]
18999 2.3912289037753e-08 [0.00694686]
19999 1.747210376379371e-08 [0.00694763]
20999 1.3286937772249985e-08 [0.00694819]
21999 1.04772421849475e-08 [0.00694859]
22999 8.479589475030025e-09 [0.00694891]
23999 7.00707092349262e-09 [0.00694916]
24999 5.9247033945553085e-09 [0.00694938]
25999 5.058827579063063e-09 [0.0069496]
26999 4.36967750871986e-09 [0.0069498]
27999 3.807602233507623e-09 [0.00694996]
28999 3.3483520400778843e-09 [0.00695011]
29999 2.9704869675128975e-09 [0.00695024]
30999 2.663361087229532e-09 [0.00695035]
31999 2.4017949851184994e-09 [0.00695045]
32999 2.1724575471893104e-09 [0.00695053]
33999 1.974507446433904e-09 [0.00695062]
34999 1.8077229713142628e-09 [0.00695069]
35999 1.6644602363058425e-09 [0.00695076]
36999 1.542225680495335e-09 [0.00695082]
37999 1.4355251432007776e-09 [0.00695087]
38999 1.3452381431022786e-09 [0.00695091]
39999 1.2593370790625613e-09 [0.00695095]
[0.00695097]
999 0.09217613190412521 [0.01130885]
1999 0.019098395481705666 [0.01674007]
2999 0.004608544986695051 [0.01961016]
3999 0.0012299551162868738 [0.02104934]
4999 0.00035412266151979566 [0.02177515]
5999 0.00010851045954041183 [0.02214757]
6999 3.501475293887779e-05 [0.02234224]
7999 1.182395044452278e-05 [0.0224459]
8999 4.1428793338127434e-06 [0.02250239]
9999 1.5044016663523507e-06 [0.02253354]
10999 5.701583063455473e-07 [0.02255069]
11999 2.32876132599813e-07 [0.02256033]
12999 1.0859759669301638e-07 [0.02256538]
13999 5.792086810174624e-08 [0.02256822]
14999 3.4817283278698596e-08 [0.02256996]
15999 2.280518351938099e-08 [0.022571]
16999 1.605235411261674e-08 [0.02257166]
17999 1.1847254732799684e-08 [0.02257213]
18999 9.097695041759835e-09 [0.02257248]
19999 7.213069252998139e-09 [0.02257274]
20999 5.8644036293742374e-09 [0.02257294]
21999 4.849293411268718e-09 [0.02257312]
22999 4.072597370452513e-09 [0.0225733]
23999 3.4867575493535696e-09 [0.02257344]
24999 3.0268687556400664e-09 [0.02257357]
25999 2.640982321722163e-09 [0.02257368]
26999 2.3279236316398055e-09 [0.02257377]
27999 2.071729898744934e-09 [0.02257386]
28999 1.8602512863452603e-09 [0.02257393]
29999 1.6817268688740228e-09 [0.022574]
30999 1.5337001668669359e-09 [0.02257406]
31999 1.4045602458878648e-09 [0.02257412]
32999 1.2915627456422385e-09 [0.02257418]
33999 1.1883929396105941e-09 [0.02257422]
34999 1.0994046784063016e-09 [0.02257426]
35999 1.0207374945281344e-09 [0.0225743]
36999 9.479470541862156e-10 [0.02257433]
37999 8.835726039713165e-10 [0.02257437]
38999 8.249152472217247e-10 [0.02257439]
39999 7.717875227797322e-10 [0.02257442]
[0.02257442]
999 0.03704437240958214 [0.191292]
1999 0.008416103199124336 [0.26285675]
2999 0.003263082355260849 [0.30209985]
3999 0.0016996345948427916 [0.32961684]
4999 0.0011112976353615522 [0.35219595]
[0.35328177]
999 0.056023404002189636 [0.09330564]
1999 0.011437428183853626 [0.1837534]
2999 0.004605303518474102 [0.22462326]
3999 0.0023600708227604628 [0.25239155]
4999 0.001618310809135437 [0.27475804]
[0.27583125]
999 0.04409365728497505 [0.12486379]
1999 0.012984732165932655 [0.1964164]
2999 0.006604631897062063 [0.23537762]
3999 0.004042206797748804 [0.26602578]
4999 0.0026333178393542767 [0.29293343]
[0.29423195]
999 0.06101037934422493 [0.10496631]
1999 0.012941421940922737 [0.18267767]
2999 0.003878342919051647 [0.221892]
3999 0.0021784489508718252 [0.24671017]
4999 0.0016980438958853483 [0.2666434]
5999 0.001517867436632514 [0.2852067]
6999 0.0014391136355698109 [0.30383563]
[0.306535]
999 0.05228641256690025 [0.1205287]
1999 0.010072779841721058 [0.18818927]
2999 0.003571223234757781 [0.22190003]
3999 0.0020564370788633823 [0.24551153]
4999 0.0015762236434966326 [0.26603425]
5999 0.0014123870059847832 [0.28589055]
6999 0.0013510549906641245 [0.30609977]
[0.3090385]
999 0.05671199783682823 [0.13824576]
1999 0.008820196613669395 [0.20629594]
2999 0.003017203649505973 [0.23758444]
3999 0.0018304794793948531 [0.25902113]
4999 0.0014543150318786502 [0.27757967]
5999 0.0013063260121271014 [0.29551163]
6999 0.0012306679273024201 [0.3135786]
[0.3161856]
999 0.04849359765648842 [0.11633313]
1999 0.009848007932305336 [0.14712909]
2999 0.003406693460419774 [0.1641382]
3999 0.0019064679509028792 [0.17631108]
4999 0.0014425086556002498 [0.18727194]
5999 0.0013169354060664773 [0.19843058]
6999 0.0012752923648804426 [0.21036187]
7999 0.0012508771615102887 [0.2232548]
8999 0.0012286005076020956 [0.23713675]
9999 0.0012060148874297738 [0.25196224]
[0.25352407]
999 0.046584222465753555 [0.04199611]
1999 0.007666479330509901 [0.07896617]
2999 0.002614902565255761 [0.09657365]
3999 0.0015280288644134998 [0.1088486]
4999 0.0012057747226208448 [0.1199747]
5999 0.0010870643891394138 [0.13130651]
6999 0.0010352430399507284 [0.14337455]
7999 0.0010079266503453255 [0.15642262]
8999 0.0009830277413129807 [0.17054227]
9999 0.0009518981678411365 [0.18570894]
[0.18731172]
999 0.10479394346475601 [0.02108091]
1999 0.023028334602713585 [0.08997833]
2999 0.006647393573075533 [0.12735686]
3999 0.002921388018876314 [0.15088451]
4999 0.001840936834923923 [0.16906618]
5999 0.0014754333533346653 [0.18543674]
6999 0.001331376377493143 [0.20153998]
7999 0.001254562521353364 [0.21804017]
8999 0.001193959848023951 [0.23515713]
9999 0.0011409001890569925 [0.2529096]
[0.25475448]
999 0.05407175421714783 [0.04720774]
1999 0.012102090753614902 [0.07039122]
2999 0.004572561476379633 [0.08390154]
3999 0.0026284228079020977 [0.09413057]
4999 0.0019874449353665113 [0.10353078]
5999 0.0017355321906507015 [0.1131055]
6999 0.0016267311293631792 [0.12334222]
7999 0.0015709283761680126 [0.13450816]
8999 0.0015298549551516771 [0.1467461]
9999 0.0014913184568285942 [0.16012836]
10999 0.0014579888666048646 [0.17469804]
11999 0.0014235185226425529 [0.19048582]
12999 0.0013679375406354666 [0.20739548]
13999 0.001319868373684585 [0.22529075]
[0.23057635]
999 0.08880370855331421 [0.02189905]
1999 0.018809014931321144 [0.05606486]
2999 0.006269270554184914 [0.07587551]
3999 0.0033510946668684483 [0.08970679]
4999 0.0024825443979352713 [0.10162659]
5999 0.002156587317585945 [0.11339083]
6999 0.001990674762055278 [0.12575687]
7999 0.0018801005790010095 [0.13905728]
8999 0.0017984926234930754 [0.1534624]
9999 0.0017357056494802237 [0.16906656]
10999 0.001683541340753436 [0.18589556]
11999 0.001644197036512196 [0.20393163]
12999 0.0016084978124126792 [0.22310238]
13999 0.001570634776726365 [0.24325964]
[0.2491798]
999 0.054860904812812805 [0.04366602]
1999 0.013767361640930176 [0.06916279]
2999 0.005634706001728773 [0.08539072]
3999 0.003372741164639592 [0.09791706]
4999 0.0025566851254552603 [0.10933665]
5999 0.002185680903494358 [0.12082298]
6999 0.0019904777873307467 [0.13294405]
7999 0.0018753906479105353 [0.1460132]
8999 0.0017893555341288447 [0.16018747]
9999 0.0017169544007629156 [0.17552748]
10999 0.0016573002794757485 [0.19204402]
11999 0.0016058546025305986 [0.20970693]
12999 0.0015572013799101114 [0.22842792]
13999 0.0015094520058482885 [0.24806401]
[0.2538233]
999 0.07311932742595673 [0.02030445]
1999 0.013374933041632175 [0.03821997]
2999 0.0044178771786391735 [0.04792584]
3999 0.002370476722717285 [0.0548957]
4999 0.0017476965440437198 [0.06117951]
5999 0.001512728864327073 [0.06757925]
6999 0.0014046186115592718 [0.07446635]
7999 0.0013438703026622534 [0.08204641]
8999 0.0013033051509410143 [0.09045475]
9999 0.001272290595807135 [0.09979382]
10999 0.0012457031989470124 [0.11014594]
11999 0.0012207472464069724 [0.1215764]
12999 0.0011961545096710324 [0.13413343]
13999 0.0011717245215550065 [0.14784728]
14999 0.0011476008221507072 [0.1627271]
15999 0.0011239348677918315 [0.17875643]
16999 0.0011006502900272608 [0.19588766]
17999 0.001077661756426096 [0.21403673]
18999 0.0010550334118306637 [0.23308185]
19999 0.0010329000651836395 [0.25286424]
[0.25697356]
999 0.05658647045493126 [0.02698977]
1999 0.012068694457411766 [0.04135186]
2999 0.00432724691927433 [0.05019563]
3999 0.0024642925709486008 [0.05668128]
4999 0.0019007992232218385 [0.06243082]
5999 0.0016928956611081958 [0.0682098]
6999 0.0015957762952893972 [0.07440261]
7999 0.0015365717699751258 [0.08122453]
8999 0.0014920660760253668 [0.08881523]
9999 0.0014548852341249585 [0.09727881]
10999 0.001425458467565477 [0.10670401]
11999 0.0014000089140608907 [0.11716559]
12999 0.0013744988245889544 [0.1287118]
13999 0.0013487207470461726 [0.14136776]
14999 0.001323006465099752 [0.15513662]
15999 0.001297453069128096 [0.16999473]
16999 0.0012723490362986922 [0.1858881]
17999 0.0012480432633310556 [0.20273034]
18999 0.0012248080456629395 [0.2204017]
19999 0.0012027969351038337 [0.23874955]
[0.24255952]
999 0.07115692645311356 [0.02619275]
1999 0.016949890181422234 [0.04369306]
2999 0.006138468161225319 [0.05482299]
3999 0.0032743823248893023 [0.06320547]
4999 0.0023363397922366858 [0.07078108]
5999 0.001968182623386383 [0.07843942]
6999 0.001800295663997531 [0.08662049]
7999 0.0017105465522035956 [0.09557348]
8999 0.0016522703226655722 [0.105454]
9999 0.001607967889867723 [0.11636592]
10999 0.0015703676035627723 [0.1283843]
11999 0.0015345636056736112 [0.14155792]
12999 0.0015014719683676958 [0.15591364]
13999 0.0014716684818267822 [0.1714619]
14999 0.0014428176218643785 [0.1881839]
15999 0.001413320773281157 [0.20602387]
16999 0.0013833093689754605 [0.22488609]
17999 0.001354124629870057 [0.24463642]
18999 0.0013269170885905623 [0.26510528]
19999 0.0013017129385843873 [0.28608873]
[0.29041195]
999 0.06093909218907356 [0.00932627]
1999 0.016172809526324272 [0.01736244]
2999 0.00636475021019578 [0.023044]
3999 0.003504280000925064 [0.02754068]
4999 0.0024905509781092405 [0.03161322]
5999 0.002071389462798834 [0.03568588]
6999 0.001872016116976738 [0.04000818]
7999 0.001762118423357606 [0.04473968]
8999 0.001691679353825748 [0.04999315]
9999 0.001639626338146627 [0.05585674]
10999 0.0015972321853041649 [0.06240587]
11999 0.001560324802994728 [0.06970911]
12999 0.0015266628470271826 [0.07782957]
13999 0.0014951452612876892 [0.08682472]
14999 0.0014655403792858124 [0.09674606]
15999 0.0014373369049280882 [0.10763607]
16999 0.0014098314568400383 [0.11952296]
17999 0.0013830512762069702 [0.13241674]
18999 0.0013573095202445984 [0.14630742]
19999 0.0013327959459275007 [0.16115978]
20999 0.001309565850533545 [0.17690909]
21999 0.0012875711545348167 [0.19345742]
22999 0.001266683335416019 [0.21067241]
23999 0.0012468087952584028 [0.22838897]
24999 0.0012278541689738631 [0.2464143]
25999 0.0012096923310309649 [0.26453647]
26999 0.001192218391224742 [0.2825351]
27999 0.0011753594735637307 [0.30019453]
[0.31006563]
999 0.11096545308828354 [-0.00939684]
1999 0.02698284573853016 [0.00456068]
2999 0.00963735580444336 [0.01367371]
3999 0.004836311098188162 [0.02036106]
4999 0.0032016162294894457 [0.02610421]
5999 0.0025503351353108883 [0.03165402]
6999 0.0022505333181470633 [0.03740931]
7999 0.002090923488140106 [0.04360375]
8999 0.00199304660782218 [0.05039133]
9999 0.001924674492329359 [0.05788615]
10999 0.0018708043498918414 [0.06618003]
11999 0.0018246128456667066 [0.07535072]
12999 0.0017833246383816004 [0.08546616]
13999 0.0017456053756177425 [0.09658504]
14999 0.0017106872983276844 [0.10875481]
15999 0.0016780839068815112 [0.12200855]
16999 0.0016473866999149323 [0.13636063]
17999 0.0016183418920263648 [0.15180172]
18999 0.0015907895285636187 [0.16829401]
19999 0.0015646067913621664 [0.18576677]
20999 0.001539779594168067 [0.20411277]
21999 0.0015161832561716437 [0.22318707]
22999 0.0014938259264454246 [0.2428087]
23999 0.0014726324006915092 [0.26276606]
24999 0.0014524332946166396 [0.28282604]
25999 0.0014330719131976366 [0.30274585]
26999 0.0014143812004476786 [0.32228616]
27999 0.0013962558005005121 [0.34122524]
[0.3517123]
999 0.04841906577348709 [-0.00751038]
1999 0.015708286315202713 [-0.00130615]
2999 0.006838698405772448 [0.00369794]
3999 0.003818594152107835 [0.00788823]
4999 0.002621064428240061 [0.01172007]
5999 0.0020851679146289825 [0.0155152]
6999 0.0018179359612986445 [0.01949422]
7999 0.001670033554546535 [0.02381457]
8999 0.001578895142301917 [0.0285958]
9999 0.0015160931507125497 [0.0339356]
10999 0.0014680412132292986 [0.0399191]
11999 0.0014282161137089133 [0.0466247]
12999 0.0013929695123806596 [0.0541264]
13999 0.0013602101244032383 [0.06249398]
14999 0.0013290097704157233 [0.07179253]
15999 0.0012991259573027492 [0.08208208]
16999 0.0012705267872661352 [0.09341621]
17999 0.0012431938666850328 [0.10583864]
18999 0.0012171732960268855 [0.11937882]
19999 0.0011924637947231531 [0.1340471]
20999 0.0011690722312778234 [0.1498294]
21999 0.0011469830060377717 [0.16668232]
22999 0.0011260824976488948 [0.18452822]
23999 0.0011062521953135729 [0.20325209]
24999 0.001087353564798832 [0.22270101]
25999 0.0010692676296457648 [0.24268642]
26999 0.0010519014904275537 [0.2629902]
27999 0.0010352259268984199 [0.2833754]
[0.2949782]
999 0.049278583377599716 [0.00112046]
1999 0.012006210163235664 [0.00447363]
2999 0.0048148371279239655 [0.00676029]
3999 0.0029041687957942486 [0.00853013]
4999 0.0022663045674562454 [0.01015123]
5999 0.0020169499330222607 [0.01182354]
6999 0.0019052989082410932 [0.01366356]
7999 0.001847376232035458 [0.01574936]
8999 0.0018112065736204386 [0.01814159]
9999 0.0017836032202467322 [0.02089323]
10999 0.0017588820774108171 [0.0240545]
11999 0.0017348459223285317 [0.0276754]
12999 0.0017109594773501158 [0.03180728]
13999 0.0016872374108061194 [0.0365037]
14999 0.0016636557411402464 [0.04182033]
15999 0.0016403252957388759 [0.0478146]
16999 0.0016173056792467833 [0.05454469]
17999 0.0015946762869134545 [0.06206809]
18999 0.0015724285040050745 [0.0704397]
19999 0.00155061692930758 [0.07970908]
20999 0.0015292202588170767 [0.08991743]
21999 0.0015082540921866894 [0.10109351]
22999 0.0014877923531457782 [0.11324939]
23999 0.0014678701991215348 [0.12637568]
24999 0.0014484989224001765 [0.1404368]
25999 0.0014295893488451838 [0.15536715]
26999 0.00141112320125103 [0.17106836]
27999 0.001393154845573008 [0.18740924]
28999 0.0013756738044321537 [0.20422843]
29999 0.001358649111352861 [0.22134005]
30999 0.0013420290779322386 [0.23854229]
31999 0.0013258039252832532 [0.25562885]
32999 0.0013099652715027332 [0.27240086]
33999 0.0012945011258125305 [0.2886782]
34999 0.0012794111389666796 [0.30430865]
35999 0.00126470229588449 [0.31917357]
36999 0.0012503799516707659 [0.33319053]
37999 0.001236435491591692 [0.346313]
38999 0.0012228669365867972 [0.35852712]
39999 0.001209672074764967 [0.3698461]
[0.3742039]
999 0.07471544295549393 [0.00611042]
1999 0.019187958911061287 [0.01126212]
2999 0.0073443022556602955 [0.01504727]
3999 0.004026312381029129 [0.01810067]
4999 0.002893662080168724 [0.0209119]
5999 0.0024407391902059317 [0.02377038]
6999 0.002233782783150673 [0.0268494]
7999 0.002125783124938607 [0.03026212]
8999 0.002060689264908433 [0.03409194]
9999 0.00201517716050148 [0.03840831]
10999 0.0019786858465522528 [0.04327488]
11999 0.001946267788298428 [0.04875292]
12999 0.0019156088819727302 [0.05490288]
13999 0.0018858287949115038 [0.06178463]
14999 0.0018564448691904545 [0.06945696]
15999 0.0018271580338478088 [0.07797571]
16999 0.0017979716649278998 [0.08739179]
17999 0.0017689804080873728 [0.0977484]
18999 0.001740463892929256 [0.10907786]
19999 0.0017126663587987423 [0.12139781]
20999 0.0016857770970091224 [0.13470696]
21999 0.001659866888076067 [0.14898014]
22999 0.001634920365177095 [0.16416383]
23999 0.0016109091229736805 [0.18017253]
24999 0.0015878020785748959 [0.19688685]
25999 0.001565565587952733 [0.21415429]
26999 0.0015441238647326827 [0.23179366]
27999 0.00152339949272573 [0.24960208]
28999 0.0015033372910693288 [0.26736534]
29999 0.0014838844072073698 [0.28486988]
30999 0.0014650344382971525 [0.30191517]
31999 0.0014467481523752213 [0.31832522]
32999 0.001429019495844841 [0.33395687]
33999 0.001411828096024692 [0.34870487]
34999 0.0013951500877738 [0.36250305]
35999 0.0013789796503260732 [0.37532187]
36999 0.0013632761547341943 [0.38716403]
37999 0.0013480017660185695 [0.39805803]
38999 0.001333146239630878 [0.40805167]
39999 0.0013187056174501777 [0.41720578]
[0.42070663]
999 0.07487844675779343 [-0.00033025]
1999 0.02059066668152809 [0.00495152]
2999 0.008455051109194756 [0.0088938]
3999 0.004969480447471142 [0.01213918]
4999 0.0037473062984645367 [0.015197]
5999 0.0032396498136222363 [0.01836469]
6999 0.0029906167183071375 [0.02181877]
7999 0.002845538780093193 [0.02567439]
8999 0.0027465408202260733 [0.03001736]
9999 0.0026696189306676388 [0.03492033]
10999 0.002604331122711301 [0.04045062]
11999 0.0025455562863498926 [0.04667356]
12999 0.002491004066541791 [0.05365377]
13999 0.00243974756449461 [0.06145531]
14999 0.002391462679952383 [0.07014081]
15999 0.0023459098301827908 [0.07976978]
16999 0.002302836626768112 [0.09039594]
17999 0.00226179719902575 [0.10206325]
18999 0.0022224080748856068 [0.11480155]
19999 0.0021843882277607918 [0.12862161]
20999 0.0021474987734109163 [0.14351001]
21999 0.0021117283031344414 [0.15942435]
22999 0.0020770314149558544 [0.17628938]
23999 0.0020434907637536526 [0.19399427]
24999 0.002011125674471259 [0.21239239]
25999 0.001979965018108487 [0.23130387]
26999 0.0019499734044075012 [0.2505217]
27999 0.0019211157923564315 [0.2698209]
28999 0.001893397537060082 [0.2889708]
29999 0.001866768579930067 [0.3077474]
30999 0.0018411739729344845 [0.3259468]
31999 0.0018165447982028127 [0.3433951]
32999 0.0017928630113601685 [0.35995665]
33999 0.0017700730822980404 [0.37553653]
34999 0.0017481038812547922 [0.3900807]
35999 0.001726858550682664 [0.4035718]
36999 0.0017062401166185737 [0.41602436]
37999 0.0016861988697201014 [0.4274771]
38999 0.0016666932497173548 [0.43798655]
39999 0.0016477169701829553 [0.44761997]
[0.4513068]
999 0.05512633174657822 [0.13132536]
1999 0.019455382600426674 [0.25942573]
2999 0.011668737046420574 [0.35149142]
3999 0.009044225327670574 [0.4281928]
4999 0.007939054630696774 [0.49453035]
[0.49763408]
999 0.04426093026995659 [0.0957105]
1999 0.014742440544068813 [0.20689209]
2999 0.00902202632278204 [0.289489]
3999 0.007043302990496159 [0.36906976]
4999 0.0060713207349181175 [0.44251388]
[0.44598764]
999 0.04123048856854439 [0.22940779]
1999 0.009917076677083969 [0.32788587]
2999 0.006061042193323374 [0.39205387]
3999 0.005184374749660492 [0.44731468]
4999 0.004831676371395588 [0.49609688]
[0.49836457]
999 0.05332822725176811 [0.1429416]
1999 0.01465887762606144 [0.22031346]
2999 0.00853032898157835 [0.2761936]
3999 0.007068136241286993 [0.32859826]
4999 0.006524218712002039 [0.38028586]
5999 0.006090119481086731 [0.4285595]
6999 0.005660547874867916 [0.4701491]
[0.4754383]
999 0.05046476423740387 [0.05235159]
1999 0.012485889717936516 [0.14564902]
2999 0.007904314436018467 [0.21345297]
3999 0.006766080856323242 [0.28091982]
4999 0.006230011582374573 [0.34874228]
5999 0.005800933111459017 [0.4113175]
6999 0.005427738185971975 [0.46444014]
[0.4711812]
999 0.059242814779281616 [0.0315208]
1999 0.016588637605309486 [0.11779506]
2999 0.008551640436053276 [0.18577495]
3999 0.006551525555551052 [0.24872792]
4999 0.005721433088183403 [0.31101352]
5999 0.005179588682949543 [0.37023497]
6999 0.004777070600539446 [0.42238975]
[0.42911878]
999 0.07531838864088058 [0.06509911]
1999 0.020038826391100883 [0.13370417]
2999 0.010407174937427044 [0.19102702]
3999 0.007845315150916576 [0.25029683]
4999 0.006818243768066168 [0.31479317]
5999 0.006260795518755913 [0.38128024]
6999 0.005862476769834757 [0.44358945]
7999 0.0055323936976492405 [0.496293]
8999 0.00524928979575634 [0.5371839]
9999 0.005014024209231138 [0.5673078]
[0.5698705]
999 0.05326449126005173 [0.07379803]
1999 0.014204713515937328 [0.13279353]
2999 0.008977165445685387 [0.18182766]
3999 0.007656941190361977 [0.2355476]
4999 0.007077560294419527 [0.29598725]
5999 0.006641806103289127 [0.3589431]
6999 0.0062774368561804295 [0.41809753]
7999 0.005959930829703808 [0.46856457]
8999 0.005699747707694769 [0.5085156]
9999 0.005489872768521309 [0.5389466]
[0.54159874]
999 0.04044008627533913 [0.11283406]
1999 0.01458242628723383 [0.16133368]
2999 0.009962244890630245 [0.20597687]
3999 0.008643235079944134 [0.25468603]
4999 0.008010240271687508 [0.30876076]
5999 0.0076019191183149815 [0.36492714]
6999 0.007200482301414013 [0.41760182]
7999 0.006835390813648701 [0.46237287]
8999 0.006545579060912132 [0.49810293]
9999 0.006280350964516401 [0.5260176]
[0.5284725]
999 0.037241533398628235 [0.01520919]
1999 0.010035408660769463 [0.03787808]
2999 0.006945902016013861 [0.05610818]
3999 0.006512597668915987 [0.07698292]
4999 0.006357009056955576 [0.10431636]
5999 0.0062073650769889355 [0.13953334]
6999 0.005990492179989815 [0.18158634]
7999 0.0057270219549536705 [0.22684664]
8999 0.005488038063049316 [0.2706931]
9999 0.0052609192207455635 [0.3097105]
10999 0.00504628662019968 [0.34260353]
11999 0.0048448084853589535 [0.36979878]
12999 0.0046615214087069035 [0.3923644]
13999 0.004495533648878336 [0.41123423]
[0.41606995]
999 0.06286462396383286 [0.04240462]
1999 0.018405215814709663 [0.07911953]
2999 0.010711032897233963 [0.11300223]
3999 0.008545689284801483 [0.1513169]
4999 0.007649136241525412 [0.19713688]
5999 0.007119645830243826 [0.24997562]
6999 0.006726671475917101 [0.30601794]
7999 0.00638897530734539 [0.35957226]
8999 0.006079011596739292 [0.40582544]
9999 0.0057927463203668594 [0.4428117]
10999 0.005534941330552101 [0.47114837]
11999 0.005303361918777227 [0.49268267]
12999 0.005094415508210659 [0.5093494]
13999 0.004905036184936762 [0.5226568]
[0.5259939]
999 0.04060078039765358 [0.05752837]
1999 0.014118749648332596 [0.08706632]
2999 0.00974101573228836 [0.11754628]
3999 0.008501646108925343 [0.15477064]
4999 0.007895032875239849 [0.20081866]
5999 0.0074616847559809685 [0.25453812]
6999 0.0070961895398795605 [0.3117126]
7999 0.0067680166102945805 [0.3663184]
8999 0.006464939098805189 [0.4135042]
9999 0.00618298165500164 [0.45140463]
10999 0.005931070540100336 [0.48073956]
11999 0.005704081151634455 [0.50326157]
12999 0.005491074174642563 [0.52079296]
13999 0.005296790506690741 [0.5348025]
[0.53831387]
999 0.05028906837105751 [0.02891597]
1999 0.019013836979866028 [0.05060755]
2999 0.012831246480345726 [0.0738247]
3999 0.010842672549188137 [0.10295454]
4999 0.009907204657793045 [0.14091872]
5999 0.009290317073464394 [0.18903573]
6999 0.008797862567007542 [0.24626994]
7999 0.008376600220799446 [0.30852556]
8999 0.00800769217312336 [0.36946976]
9999 0.007678166497498751 [0.42327124]
10999 0.00737916911020875 [0.4670335]
11999 0.007106979843229055 [0.5009509]
12999 0.006865518167614937 [0.5268186]
13999 0.006648949347436428 [0.5467333]
14999 0.006453686859458685 [0.56247157]
15999 0.006273991893976927 [0.5752938]
16999 0.006109102629125118 [0.5860527]
17999 0.0059551820158958435 [0.5953254]
18999 0.00580933690071106 [0.60350746]
19999 0.005673630628734827 [0.6108394]
[0.6122416]
999 0.0796733871102333 [0.04743747]
1999 0.029421739280223846 [0.07405826]
2999 0.01902933605015278 [0.10307914]
3999 0.015828149393200874 [0.13868727]
4999 0.01444457471370697 [0.18349466]
5999 0.013557187281548977 [0.23760222]
6999 0.012824740260839462 [0.2979417]
7999 0.01215396262705326 [0.3587728]
8999 0.01159070897847414 [0.41391018]
9999 0.011106052435934544 [0.45946687]
10999 0.010685539804399014 [0.49472547]
11999 0.010307347401976585 [0.52118236]
12999 0.009961920790374279 [0.5410981]
13999 0.009645608253777027 [0.5564974]
14999 0.009359382092952728 [0.5688073]
15999 0.009108200669288635 [0.57899153]
16999 0.008879044093191624 [0.587677]
17999 0.00866665504872799 [0.5952632]
18999 0.008471742272377014 [0.60196084]
19999 0.008290733210742474 [0.6079279]
[0.60906833]
999 0.08147542178630829 [-0.00133097]
1999 0.0254721250385046 [0.02804803]
2999 0.014309157617390156 [0.05711265]
3999 0.01108512096107006 [0.09103678]
4999 0.009713729843497276 [0.13355029]
5999 0.008898117579519749 [0.18626307]
6999 0.008298447355628014 [0.24798323]
7999 0.007815254852175713 [0.31418726]
8999 0.007407902739942074 [0.37821463]
9999 0.007055116817355156 [0.43420145]
10999 0.006747775711119175 [0.4794104]
11999 0.00647724000737071 [0.5142334]
12999 0.006235176231712103 [0.5407128]
13999 0.0060152350924909115 [0.56111604]
14999 0.005814218427985907 [0.5772347]
15999 0.0056309448555111885 [0.59033525]
16999 0.005464701913297176 [0.6012749]
17999 0.005312279332429171 [0.61062455]
18999 0.005171186290681362 [0.6187668]
19999 0.005040410440415144 [0.62597185]
[0.62734395]
999 0.07944437861442566 [-0.00659689]
1999 0.024118628352880478 [0.00916706]
2999 0.013837113045156002 [0.02535557]
3999 0.010968474671244621 [0.0448833]
4999 0.009863819926977158 [0.07001856]
5999 0.009261656552553177 [0.10216828]
6999 0.008839761838316917 [0.14132564]
7999 0.00850991066545248 [0.18537721]
8999 0.00822700560092926 [0.23017915]
9999 0.007967525161802769 [0.27115208]
10999 0.007724741008132696 [0.30538818]
11999 0.00749952532351017 [0.33239955]
12999 0.007292731199413538 [0.3532712]
13999 0.007102267351001501 [0.36952674]
14999 0.006926656700670719 [0.38250205]
15999 0.00676353182643652 [0.39317426]
16999 0.0066109043546020985 [0.4022044]
17999 0.006469049956649542 [0.4100204]
18999 0.006337296217679977 [0.41689134]
19999 0.006213901098817587 [0.42300698]
20999 0.006097270175814629 [0.42851254]
21999 0.005986187141388655 [0.43351957]
22999 0.005880771670490503 [0.43811482]
23999 0.005782259628176689 [0.44236398]
24999 0.005690677557140589 [0.44631338]
25999 0.005603523924946785 [0.44999337]
26999 0.005520118400454521 [0.45342916]
27999 0.005440932232886553 [0.4566446]
[0.45839125]
999 0.06530242413282394 [0.01782331]
1999 0.02351631037890911 [0.0301459]
2999 0.016311656683683395 [0.04353485]
3999 0.014290282502770424 [0.06107781]
4999 0.013307982124388218 [0.08520018]
5999 0.012624811381101608 [0.11767954]
6999 0.012061383575201035 [0.15916188]
7999 0.011554326862096786 [0.20820503]
8999 0.011086728423833847 [0.26078472]
9999 0.010655853897333145 [0.31142506]
10999 0.010260863229632378 [0.35567114]
11999 0.00989928562194109 [0.39176202]
12999 0.009569135494530201 [0.42026946]
13999 0.009268186055123806 [0.4427887]
14999 0.008990497328341007 [0.46093875]
15999 0.008731166832149029 [0.47594118]
16999 0.00848936103284359 [0.4886494]
17999 0.008264623582363129 [0.49965325]
18999 0.00805660430341959 [0.50934935]
19999 0.0078631192445755 [0.5180096]
20999 0.007681513670831919 [0.52583295]
21999 0.007509952411055565 [0.53296167]
22999 0.007347508333623409 [0.5394935]
23999 0.007193919736891985 [0.54549915]
24999 0.007048841565847397 [0.55103034]
25999 0.006911983247846365 [0.5561304]
26999 0.006782915443181992 [0.5608385]
27999 0.006660978775471449 [0.5651913]
[0.56753314]
999 0.07066059112548828 [0.00883406]
1999 0.025761308148503304 [0.02154209]
2999 0.01598929427564144 [0.03585594]
3999 0.012976555153727531 [0.05410988]
4999 0.011700431816279888 [0.07875212]
5999 0.01095486618578434 [0.11188504]
6999 0.010395071469247341 [0.15471563]
7999 0.009915894828736782 [0.20656212]
8999 0.009489301592111588 [0.26398832]
9999 0.009101654402911663 [0.32131413]
10999 0.008747834712266922 [0.3729664]
11999 0.008426719345152378 [0.4158714]
12999 0.008134535513818264 [0.4498542]
13999 0.007866672240197659 [0.47641334]
14999 0.007620803080499172 [0.49742296]
15999 0.007396315224468708 [0.5144685]
16999 0.007191283628344536 [0.5286887]
17999 0.007002303842455149 [0.54085183]
18999 0.006826689001172781 [0.55147475]
19999 0.00666285865008831 [0.5609065]
20999 0.006509996484965086 [0.5693841]
21999 0.006366979796439409 [0.5770725]
22999 0.006232355255633593 [0.5840995]
23999 0.006105209235101938 [0.59056735]
24999 0.005984971299767494 [0.5965549]
25999 0.005871213041245937 [0.60211754]
26999 0.005763375665992498 [0.6072951]
27999 0.005661140661686659 [0.6121187]
[0.61472875]
999 0.05741620808839798 [0.01404501]
1999 0.02609148435294628 [0.01965837]
2999 0.01960696093738079 [0.02695878]
3999 0.01756574586033821 [0.03735813]
4999 0.016590356826782227 [0.05241787]
5999 0.015900179743766785 [0.07377373]
6999 0.015325158834457397 [0.10287503]
7999 0.014811870642006397 [0.14033858]
8999 0.014337272383272648 [0.18497518]
9999 0.013906781561672688 [0.23324737]
10999 0.013512992300093174 [0.28019547]
11999 0.013144795782864094 [0.32165524]
12999 0.012799038551747799 [0.35583997]
13999 0.012474356219172478 [0.38314006]
14999 0.012170610018074512 [0.40492988]
15999 0.011885814368724823 [0.42264947]
16999 0.01161953154951334 [0.43744507]
17999 0.011372135952115059 [0.4501431]
18999 0.011140163987874985 [0.461321]
19999 0.010919138789176941 [0.4713277]
20999 0.01070680096745491 [0.48039523]
21999 0.010504609905183315 [0.48868555]
22999 0.010313672013580799 [0.4963101]
23999 0.010134241543710232 [0.50333744]
24999 0.009964986704289913 [0.5098316]
25999 0.009805949404835701 [0.5158512]
26999 0.009655386209487915 [0.5214576]
27999 0.00951202679425478 [0.5267007]
28999 0.009375709109008312 [0.53161407]
29999 0.009245273657143116 [0.536227]
30999 0.009121899493038654 [0.54055595]
31999 0.009005156345665455 [0.54460055]
32999 0.008894968777894974 [0.54837996]
33999 0.008790201507508755 [0.5519167]
34999 0.008689009584486485 [0.55523854]
35999 0.008592197671532631 [0.5583639]
36999 0.008500839583575726 [0.5613026]
37999 0.008414230309426785 [0.56407213]
38999 0.008331785909831524 [0.56668895]
39999 0.008253428153693676 [0.5691606]
[0.57012874]
999 0.04594298079609871 [0.0086654]
1999 0.016934078186750412 [0.01305659]
2999 0.011344656348228455 [0.01790603]
3999 0.009729443117976189 [0.02431566]
4999 0.009104356169700623 [0.03346087]
5999 0.008767231367528439 [0.04665909]
6999 0.008518710732460022 [0.06536799]
7999 0.008300653658807278 [0.09098037]
8999 0.008095496334135532 [0.1242811]
9999 0.007898076437413692 [0.16457549]
10999 0.00770625239238143 [0.2090137]
11999 0.007520600222051144 [0.25313243]
12999 0.007342034485191107 [0.29280576]
13999 0.007170218508690596 [0.32598826]
14999 0.007005607709288597 [0.35278714]
15999 0.006848310586065054 [0.3744155]
16999 0.006697984412312508 [0.39224815]
17999 0.006554429419338703 [0.40739578]
18999 0.006417565047740936 [0.42063326]
19999 0.006287307012826204 [0.4324645]
20999 0.006163570564240217 [0.44320744]
21999 0.00604645162820816 [0.45306224]
22999 0.005936012603342533 [0.46215916]
23999 0.005831914022564888 [0.47058827]
24999 0.005733507685363293 [0.47841895]
25999 0.005640081129968166 [0.48571026]
26999 0.005550970323383808 [0.49251541]
27999 0.005465711001306772 [0.49888286]
28999 0.0053840139880776405 [0.5048561]
29999 0.005305754020810127 [0.5104721]
30999 0.005230727605521679 [0.5157616]
31999 0.00515871262177825 [0.52075094]
32999 0.00508949626237154 [0.5254639]
33999 0.005022830329835415 [0.5299232]
34999 0.004958599805831909 [0.5341498]
35999 0.004896773956716061 [0.5381614]
36999 0.004837233107537031 [0.5419724]
37999 0.00477977842092514 [0.545596]
38999 0.004724240396171808 [0.54904544]
39999 0.004670512862503529 [0.55233383]
[0.55362886]
999 0.055024564266204834 [0.00908236]
1999 0.017368797212839127 [0.01465049]
2999 0.010723331943154335 [0.02038615]
3999 0.008894115686416626 [0.02761319]
4999 0.008208549581468105 [0.03759502]
5999 0.007859780453145504 [0.05168327]
6999 0.007621435448527336 [0.07136233]
7999 0.007419477682560682 [0.09805841]
8999 0.007228991948068142 [0.13259937]
9999 0.007043205201625824 [0.174327]
10999 0.006862002424895763 [0.22036372]
11999 0.00668696966022253 [0.26608732]
12999 0.006519278511404991 [0.3071243]
13999 0.006359258200973272 [0.34124732]
14999 0.006206919904798269 [0.36854276]
15999 0.006062031257897615 [0.39032224]
16999 0.0059241317212581635 [0.40808704]
17999 0.005792737007141113 [0.42305052]
18999 0.005667489487677813 [0.4360562]
19999 0.005548169370740652 [0.4476499]
20999 0.005434572696685791 [0.4581753]
21999 0.005326431710273027 [0.46784818]
22999 0.005223370622843504 [0.47680843]
23999 0.0051250034011900425 [0.48515204]
24999 0.005031028762459755 [0.49294966]
25999 0.004941230174154043 [0.500256]
26999 0.004855415318161249 [0.5071156]
27999 0.004773351829499006 [0.51356655]
28999 0.004694820381700993 [0.5196428]
29999 0.004619631450623274 [0.5253736]
30999 0.004547599237412214 [0.5307853]
31999 0.00447854632511735 [0.5359015]
32999 0.004412315785884857 [0.54074514]
33999 0.004348729271441698 [0.54533684]
34999 0.004287628922611475 [0.5496955]
35999 0.004228821489959955 [0.55383766]
36999 0.004172158427536488 [0.557778]
37999 0.004117508884519339 [0.5615305]
38999 0.004064768552780151 [0.56510717]
39999 0.004013848025351763 [0.5685193]
[0.56986344]
999 0.06100276857614517 [0.15567091]
1999 0.042709700763225555 [0.41175407]
2999 0.03636658191680908 [0.54766345]
3999 0.03175358474254608 [0.6143241]
4999 0.028956960886716843 [0.6488166]
[0.6500475]
999 0.07254552096128464 [0.27210012]
1999 0.04356430470943451 [0.48307347]
2999 0.03609234839677811 [0.57034177]
3999 0.031439926475286484 [0.6141899]
4999 0.027793316170573235 [0.6418502]
[0.6431225]
999 0.0553482249379158 [0.21157563]
1999 0.03510734438896179 [0.4434073]
2999 0.029450461268424988 [0.53941286]
3999 0.02586350403726101 [0.5832347]
4999 0.023371729999780655 [0.6109108]
[0.6121107]
999 0.0601029209792614 [0.22324796]
1999 0.04024524614214897 [0.40982342]
2999 0.03406316787004471 [0.5289431]
3999 0.030141277238726616 [0.5859195]
4999 0.027165507897734642 [0.61919856]
5999 0.02490721084177494 [0.6421734]
6999 0.023217910900712013 [0.65841603]
[0.6602943]
999 0.07006523013114929 [0.15730427]
1999 0.04808111861348152 [0.37243864]
2999 0.04062262922525406 [0.4969182]
3999 0.0359528586268425 [0.55129844]
4999 0.03223351761698723 [0.5824125]
5999 0.029750948771834373 [0.60093856]
6999 0.028065795078873634 [0.61266285]
[0.61397195]
999 0.055245332419872284 [0.18088724]
1999 0.03545422479510307 [0.41245317]
2999 0.029227333143353462 [0.57175726]
3999 0.025606341660022736 [0.6348527]
4999 0.023145142942667007 [0.6647659]
5999 0.021470792591571808 [0.682447]
6999 0.020126447081565857 [0.69485056]
[0.69639695]
999 0.06042815372347832 [0.07380883]
1999 0.04468394070863724 [0.20771986]
2999 0.038943272083997726 [0.36520454]
3999 0.03493198752403259 [0.45518306]
4999 0.03183672949671745 [0.506247]
5999 0.029492966830730438 [0.5389598]
6999 0.027689248323440552 [0.562549]
7999 0.026230715215206146 [0.58043146]
8999 0.024993615224957466 [0.59414935]
9999 0.023928428068757057 [0.60495645]
[0.60594594]
999 0.08623546361923218 [0.09730857]
1999 0.05230000987648964 [0.2915806]
2999 0.04356866702437401 [0.45483047]
3999 0.03899591788649559 [0.5266957]
4999 0.03608705848455429 [0.5612735]
5999 0.033759113401174545 [0.58361566]
6999 0.03204791620373726 [0.59948874]
7999 0.030677761882543564 [0.61014825]
8999 0.02956593595445156 [0.6177113]
9999 0.028651263564825058 [0.6233462]
[0.6238859]
999 0.06022278591990471 [0.02487615]
1999 0.04176000505685806 [0.19245996]
2999 0.03580537810921669 [0.3610579]
3999 0.03251556307077408 [0.44550192]
4999 0.030200833454728127 [0.48868233]
5999 0.028290322050452232 [0.51539034]
6999 0.026821941137313843 [0.5328728]
7999 0.025492724031209946 [0.54553527]
8999 0.024422096088528633 [0.5552657]
9999 0.023667825385928154 [0.56311786]
[0.563895]
999 0.059628989547491074 [0.07593665]
1999 0.0414312444627285 [0.19208264]
2999 0.035858407616615295 [0.3687072]
3999 0.03221803158521652 [0.4777368]
4999 0.029421061277389526 [0.5315221]
5999 0.02720320224761963 [0.5664664]
6999 0.025409894064068794 [0.59222645]
7999 0.02389615960419178 [0.6120703]
8999 0.022630784660577774 [0.6278755]
9999 0.021573442965745926 [0.6410355]
10999 0.020678352564573288 [0.65236384]
11999 0.019904300570487976 [0.66186976]
12999 0.019211620092391968 [0.6698966]
13999 0.018622398376464844 [0.6761543]
[0.67770714]
999 0.08025609701871872 [0.02592784]
1999 0.05662219226360321 [0.16223411]
2999 0.04824429005384445 [0.33265394]
3999 0.04303424805402756 [0.4291483]
4999 0.039273783564567566 [0.47878638]
5999 0.036341093480587006 [0.50956464]
6999 0.03395572677254677 [0.5313771]
7999 0.03210484981536865 [0.54746395]
8999 0.030629415065050125 [0.5597103]
9999 0.02936360239982605 [0.5693331]
10999 0.02826077863574028 [0.5770279]
11999 0.027321981266140938 [0.5834346]
12999 0.026446184143424034 [0.58898246]
13999 0.025676492601633072 [0.5935679]
[0.5946974]
999 0.0958854928612709 [0.04734274]
1999 0.06792474538087845 [0.2017643]
2999 0.058782584965229034 [0.3896332]
3999 0.05286375805735588 [0.49281377]
4999 0.04842393845319748 [0.5448999]
5999 0.04502607882022858 [0.5767046]
6999 0.0423562228679657 [0.5984506]
7999 0.040269941091537476 [0.61501956]
8999 0.03855861723423004 [0.62749165]
9999 0.03695483133196831 [0.6373432]
10999 0.03553902730345726 [0.6456962]
11999 0.03432835638523102 [0.6528881]
12999 0.03321017324924469 [0.658703]
13999 0.03228473663330078 [0.66346157]
[0.66467]
999 0.059354133903980255 [0.02230512]
1999 0.0452948734164238 [0.08986565]
2999 0.04075195640325546 [0.24229649]
3999 0.03729705139994621 [0.38395393]
4999 0.034458521753549576 [0.46024323]
5999 0.032147713005542755 [0.5075301]
6999 0.03023952804505825 [0.54175186]
7999 0.028629546985030174 [0.56808555]
8999 0.027236171066761017 [0.58897924]
9999 0.026034196838736534 [0.6056295]
10999 0.024991385638713837 [0.619097]
11999 0.02406892739236355 [0.6303937]
12999 0.023254169151186943 [0.64013326]
13999 0.0225190632045269 [0.648537]
14999 0.02185637131333351 [0.6558562]
15999 0.021257691085338593 [0.6623601]
16999 0.02071702852845192 [0.6681528]
17999 0.020240025594830513 [0.6730968]
18999 0.019800487905740738 [0.6773563]
19999 0.019387973472476006 [0.6811453]
[0.68187684]
999 0.07039683312177658 [0.00390547]
1999 0.05261670798063278 [0.08134919]
2999 0.047043733298778534 [0.22873953]
3999 0.04328439012169838 [0.34315035]
4999 0.040315769612789154 [0.4035662]
5999 0.03788483887910843 [0.44138703]
6999 0.03580212965607643 [0.46865207]
7999 0.034004975110292435 [0.48986313]
8999 0.03247940540313721 [0.5066849]
9999 0.031173143535852432 [0.5200355]
10999 0.030035030096769333 [0.53059787]
11999 0.02904578670859337 [0.5392439]
12999 0.028198713436722755 [0.5467575]
13999 0.027424219995737076 [0.55351406]
14999 0.026700234040617943 [0.55957466]
15999 0.026028525084257126 [0.5647094]
16999 0.02540946751832962 [0.56910264]
17999 0.02484533004462719 [0.5729]
18999 0.024321291595697403 [0.5762535]
19999 0.023837072774767876 [0.57923806]
[0.5798048]
999 0.0573667511343956 [0.02887619]
1999 0.04091461002826691 [0.09628668]
2999 0.0368025116622448 [0.23975016]
3999 0.03405344858765602 [0.3716359]
4999 0.03187793493270874 [0.43926996]
5999 0.030097544193267822 [0.48029044]
6999 0.0286229457706213 [0.5109139]
7999 0.027362700551748276 [0.53532916]
8999 0.02626585029065609 [0.55499166]
9999 0.02529684640467167 [0.57105464]
10999 0.024439038708806038 [0.5842942]
11999 0.023684658110141754 [0.5953825]
12999 0.023011360317468643 [0.6049151]
13999 0.02241203747689724 [0.61330736]
14999 0.021873755380511284 [0.6205544]
15999 0.0213682409375906 [0.6269281]
16999 0.020894544199109077 [0.63278186]
17999 0.02045576274394989 [0.63812786]
18999 0.020053556188941002 [0.64283454]
19999 0.01967613585293293 [0.6469015]
[0.64766556]
999 0.101063571870327 [0.01730458]
1999 0.07205618917942047 [0.07639901]
2999 0.06452829390764236 [0.21529138]
3999 0.05983845517039299 [0.35791343]
4999 0.05605847388505936 [0.4344743]
5999 0.05281190574169159 [0.48032278]
6999 0.050034746527671814 [0.5137102]
7999 0.047630488872528076 [0.53987134]
8999 0.04551256075501442 [0.5610779]
9999 0.043652333319187164 [0.57867545]
10999 0.042017191648483276 [0.593523]
11999 0.040568988770246506 [0.6060594]
12999 0.039269957691431046 [0.6166449]
13999 0.03809191659092903 [0.6257702]
14999 0.03701719269156456 [0.6337273]
15999 0.0360184945166111 [0.64084154]
16999 0.035096246749162674 [0.64728516]
17999 0.034255869686603546 [0.6530083]
18999 0.033488575369119644 [0.65802723]
19999 0.032784685492515564 [0.6625067]
20999 0.03213709220290184 [0.66650504]
21999 0.031529735773801804 [0.67008126]
22999 0.030959125608205795 [0.67334557]
23999 0.030420707538723946 [0.6763335]
24999 0.02991519682109356 [0.67908454]
25999 0.029441051185131073 [0.6816188]
26999 0.028988780453801155 [0.68399614]
27999 0.028559908270835876 [0.68625295]
[0.6874704]
999 0.0752820372581482 [0.01029721]
1999 0.06087994575500488 [0.05458654]
2999 0.05619664490222931 [0.17063701]
3999 0.052815794944763184 [0.30255103]
4999 0.049948301166296005 [0.37905428]
5999 0.04751775786280632 [0.426123]
6999 0.04538923501968384 [0.46112075]
7999 0.04352256655693054 [0.48897326]
8999 0.04184942692518234 [0.51182574]
9999 0.040363606065511703 [0.53050035]
10999 0.03903782740235329 [0.5459359]
11999 0.03786614164710045 [0.558924]
12999 0.036797236651182175 [0.5701774]
13999 0.03582947328686714 [0.5799152]
14999 0.034959789365530014 [0.588217]
15999 0.03416898101568222 [0.59551233]
16999 0.033450379967689514 [0.60210204]
17999 0.03278800845146179 [0.6080597]
18999 0.03218386694788933 [0.6133695]
19999 0.03162407875061035 [0.618152]
20999 0.031102098524570465 [0.62250787]
21999 0.030614061281085014 [0.62638]
22999 0.030164841562509537 [0.62975985]
23999 0.029735008254647255 [0.63281244]
24999 0.029312891885638237 [0.6357643]
25999 0.028915833681821823 [0.6385486]
26999 0.02854098193347454 [0.6411125]
27999 0.02818872407078743 [0.6434836]
[0.6447549]
999 0.08063167333602905 [0.01773721]
1999 0.059260983020067215 [0.06700643]
2999 0.05424167215824127 [0.1889171]
3999 0.050925612449645996 [0.3251375]
4999 0.048147182911634445 [0.4003541]
5999 0.045760154724121094 [0.4445637]
6999 0.04369880259037018 [0.47621575]
7999 0.04187034070491791 [0.5011986]
8999 0.040245722979307175 [0.52163166]
9999 0.03881489112973213 [0.5385945]
10999 0.03754360228776932 [0.5529802]
11999 0.0364096574485302 [0.5653449]
12999 0.035369306802749634 [0.57609576]
13999 0.0343979150056839 [0.58564365]
14999 0.033507898449897766 [0.59415764]
15999 0.032704513520002365 [0.60157937]
16999 0.03198746219277382 [0.60810554]
17999 0.03133665397763252 [0.61387885]
18999 0.030732326209545135 [0.6190669]
19999 0.030171453952789307 [0.6238292]
20999 0.029650148004293442 [0.62824786]
21999 0.02917136810719967 [0.63234526]
22999 0.028720812872052193 [0.63611555]
23999 0.028303489089012146 [0.63952607]
24999 0.027914898470044136 [0.6425803]
25999 0.02754926308989525 [0.6453149]
26999 0.027200646698474884 [0.64775497]
27999 0.02686072327196598 [0.6499081]
[0.6510411]
999 0.051658038049936295 [0.00866902]
1999 0.04037458449602127 [0.02861368]
2999 0.03880941495299339 [0.08980534]
3999 0.03747447580099106 [0.19899997]
4999 0.03612867370247841 [0.2811612]
5999 0.03483090549707413 [0.330247]
6999 0.0335991233587265 [0.3668659]
7999 0.03245735168457031 [0.39707804]
8999 0.03140990063548088 [0.4226775]
9999 0.030445298179984093 [0.44458807]
10999 0.029552539810538292 [0.46350437]
11999 0.028727330267429352 [0.4799746]
12999 0.027969125658273697 [0.49439836]
13999 0.02727731131017208 [0.5070513]
14999 0.026639554649591446 [0.5182568]
15999 0.026048438623547554 [0.5283046]
16999 0.02549639716744423 [0.5373746]
17999 0.02497735433280468 [0.54562145]
18999 0.024486485868692398 [0.5531794]
19999 0.024023063480854034 [0.5601457]
20999 0.023589124903082848 [0.5665802]
21999 0.023183107376098633 [0.5725239]
22999 0.022800935432314873 [0.5780094]
23999 0.022439390420913696 [0.5830743]
24999 0.022096406668424606 [0.58775574]
25999 0.02177213318645954 [0.59208155]
26999 0.02146553248167038 [0.59609085]
27999 0.021174132823944092 [0.5998287]
28999 0.020897429436445236 [0.6033271]
29999 0.020633526146411896 [0.6066158]
30999 0.02038191817700863 [0.60972345]
31999 0.020140565931797028 [0.6126711]
32999 0.01990765519440174 [0.6154971]
33999 0.019684908911585808 [0.61821085]
34999 0.019472824409604073 [0.62081283]
35999 0.019269950687885284 [0.62327266]
36999 0.01907351426780224 [0.62561476]
37999 0.01888248324394226 [0.6278793]
38999 0.018698133528232574 [0.6300702]
39999 0.01851995475590229 [0.6321779]
[0.63301307]
999 0.0773916244506836 [0.00689154]
1999 0.05559054762125015 [0.03152253]
2999 0.05135698616504669 [0.10623362]
3999 0.04905528575181961 [0.23015432]
4999 0.047095928341150284 [0.3167892]
5999 0.045285604894161224 [0.36705092]
6999 0.04359893873333931 [0.40440005]
7999 0.042041972279548645 [0.43536463]
8999 0.0406121090054512 [0.46165356]
9999 0.03929463401436806 [0.48421112]
10999 0.03807450458407402 [0.5036504]
11999 0.036953866481781006 [0.52044076]
12999 0.03592897951602936 [0.53502774]
13999 0.0349859744310379 [0.5479055]
14999 0.0341084860265255 [0.55942965]
15999 0.03329373896121979 [0.5697478]
16999 0.032538414001464844 [0.5789938]
17999 0.031831108033657074 [0.5873635]
18999 0.03116583824157715 [0.59500307]
19999 0.030541880056262016 [0.6019683]
20999 0.02995430864393711 [0.6083076]
21999 0.02940233238041401 [0.61407447]
22999 0.028888702392578125 [0.6192995]
23999 0.028410738334059715 [0.6240159]
24999 0.02796262875199318 [0.62831557]
25999 0.0275403019040823 [0.63228685]
26999 0.027139613404870033 [0.6360026]
27999 0.02675795927643776 [0.6395228]
28999 0.026394419372081757 [0.64287263]
29999 0.026048991829156876 [0.6460468]
30999 0.02571985498070717 [0.64905614]
31999 0.02540431171655655 [0.65190566]
32999 0.025099560618400574 [0.65460235]
33999 0.024805128574371338 [0.6571487]
34999 0.024521395564079285 [0.6595582]
35999 0.02424798719584942 [0.6618469]
36999 0.023983879014849663 [0.66403127]
37999 0.023730145767331123 [0.66612154]
38999 0.023487158119678497 [0.66811806]
39999 0.023254582658410072 [0.6700129]
[0.67075044]
999 0.11931835860013962 [0.00231244]
1999 0.08592983335256577 [0.04259657]
2999 0.0779053121805191 [0.1514383]
3999 0.07313822954893112 [0.29331726]
4999 0.06926338374614716 [0.37723172]
5999 0.06586632877588272 [0.42583364]
6999 0.06284940242767334 [0.4613526]
7999 0.06018149107694626 [0.48981112]
8999 0.05782056599855423 [0.5132451]
9999 0.05571902543306351 [0.53282773]
10999 0.05383143201470375 [0.5494473]
11999 0.052131522446870804 [0.56377196]
12999 0.05060452222824097 [0.5761666]
13999 0.04921780526638031 [0.5869258]
14999 0.04793892800807953 [0.5964275]
15999 0.04676099494099617 [0.60495114]
16999 0.045679252594709396 [0.6126036]
17999 0.04468898847699165 [0.6194602]
18999 0.043784670531749725 [0.6255974]
19999 0.042942438274621964 [0.6311394]
20999 0.042150046676397324 [0.6362441]
21999 0.04140356555581093 [0.64100045]
22999 0.040701884776353836 [0.6454057]
23999 0.04003750532865524 [0.64946514]
24999 0.03940996900200844 [0.65323484]
25999 0.03881467878818512 [0.6567312]
26999 0.03825337439775467 [0.6599586]
27999 0.03772381320595741 [0.66293925]
28999 0.03722018003463745 [0.66572887]
29999 0.036739282310009 [0.66835517]
30999 0.03627997636795044 [0.67081314]
31999 0.035845670849084854 [0.67310596]
32999 0.035434409976005554 [0.6752532]
33999 0.035042643547058105 [0.67726773]
34999 0.03467261791229248 [0.67913085]
35999 0.034320879727602005 [0.68084806]
36999 0.03398316726088524 [0.68245804]
37999 0.03365541994571686 [0.6840021]
38999 0.03333393856883049 [0.68551284]
39999 0.033023715019226074 [0.68696326]
[0.68752736]
