
CommandNotFoundError: Your shell has not been properly configured to use 'conda deactivate'.
To initialize your shell, run

    $ conda init <SHELL_NAME>

Currently supported shells are:
  - bash
  - fish
  - tcsh
  - xonsh
  - zsh
  - powershell

See 'conda init --help' for more information and options.

IMPORTANT: You may need to close and restart your shell after running 'conda init'.


cuda:0
Generate alignment plot for autograd tanh network and nn data with dropout
999 0.28737059235572815 [0.40279764]
1999 0.2403053641319275 [0.5284784]
2999 0.16762129962444305 [0.57155305]
3999 0.16920273005962372 [0.5968864]
4999 0.16621722280979156 [0.61764455]
5999 0.18390829861164093 [0.6362109]
6999 0.11579624563455582 [0.64432466]
7999 0.17461152374744415 [0.64609313]
8999 0.11600011587142944 [0.65212834]
9999 0.16013485193252563 [0.6590398]
10999 0.11883221566677094 [0.66156673]
11999 0.1601719856262207 [0.66099685]
12999 0.1078069731593132 [0.666503]
13999 0.15091368556022644 [0.6641493]
14999 0.1608208268880844 [0.665847]
15999 0.10518480092287064 [0.6623968]
16999 0.13154305517673492 [0.6684059]
17999 0.12398942559957504 [0.6770472]
18999 0.10829900205135345 [0.67621344]
19999 0.10757600516080856 [0.67756516]
20999 0.10346465557813644 [0.6747064]
21999 0.14094585180282593 [0.6769659]
22999 0.11137521266937256 [0.67827255]
23999 0.1197902113199234 [0.6791256]
24999 0.09894335269927979 [0.6817211]
25999 0.12637269496917725 [0.68421644]
26999 0.13095565140247345 [0.6778613]
27999 0.08145032078027725 [0.68185794]
28999 0.12255721539258957 [0.6801963]
29999 0.13370400667190552 [0.6745997]
30999 0.17018114030361176 [0.67738974]
31999 0.08607782423496246 [0.68228596]
32999 0.09751912951469421 [0.6822663]
[0.6822163]
999 0.29358598589897156 [0.16319527]
1999 0.10381297767162323 [0.2923216]
2999 0.12220019847154617 [0.36745206]
3999 0.10742947459220886 [0.40960056]
4999 0.10615571588277817 [0.42608118]
5999 0.07720876485109329 [0.43846273]
6999 0.07098086923360825 [0.45222503]
7999 0.13889333605766296 [0.45534614]
8999 0.08117827028036118 [0.45632818]
9999 0.08298595249652863 [0.45779875]
10999 0.12113996595144272 [0.46583584]
11999 0.08735578507184982 [0.47244632]
12999 0.09475946426391602 [0.47399998]
13999 0.07159491628408432 [0.47002998]
14999 0.07984907180070877 [0.4751323]
15999 0.06244770437479019 [0.47753453]
16999 0.1058942973613739 [0.4756982]
17999 0.09662774950265884 [0.4790325]
18999 0.12643630802631378 [0.47967908]
19999 0.0889132097363472 [0.48073065]
20999 0.06818967312574387 [0.48104173]
21999 0.08999688178300858 [0.48010412]
22999 0.12772315740585327 [0.4843858]
23999 0.06698353588581085 [0.48336118]
24999 0.0853910818696022 [0.4883988]
25999 0.1163129135966301 [0.48557493]
26999 0.08237386494874954 [0.49140105]
27999 0.08400186151266098 [0.49552143]
28999 0.1298203468322754 [0.49765104]
29999 0.07791993767023087 [0.5017763]
30999 0.12449203431606293 [0.49480277]
31999 0.07643356174230576 [0.5002191]
32999 0.07001355290412903 [0.49558124]
33999 0.10198124498128891 [0.49590662]
34999 0.08507915586233139 [0.49982226]
35999 0.08249398320913315 [0.49936044]
36999 0.07548936456441879 [0.49605152]
37999 0.14107273519039154 [0.494559]
38999 0.09785724431276321 [0.50196356]
39999 0.0935497134923935 [0.50045216]
40999 0.07978083193302155 [0.5010869]
41999 0.0972311869263649 [0.49627826]
42999 0.08233153820037842 [0.500503]
43999 0.08061987906694412 [0.50205415]
44999 0.11689704656600952 [0.5030137]
45999 0.10297507047653198 [0.5037993]
46999 0.09178366512060165 [0.5063341]
47999 0.06787236034870148 [0.50326365]
48999 0.10554338246583939 [0.5003377]
49999 0.07502608746290207 [0.50418794]
50999 0.07352087646722794 [0.5013075]
51999 0.10085432976484299 [0.5004111]
52999 0.08467560261487961 [0.5036628]
53999 0.09170734137296677 [0.50317985]
54999 0.08994567394256592 [0.5050045]
55999 0.07835396379232407 [0.5036301]
56999 0.11011143773794174 [0.5068515]
57999 0.07007645815610886 [0.5022231]
58999 0.09932658821344376 [0.508569]
59999 0.08851447701454163 [0.5060847]
60999 0.06902140378952026 [0.5043415]
61999 0.11015788465738297 [0.5051186]
62999 0.08637279272079468 [0.50318915]
63999 0.07191479206085205 [0.50534075]
64999 0.07576526701450348 [0.5026877]
65999 0.09072566777467728 [0.50523394]
66999 0.07185322791337967 [0.50483376]
67999 0.09450826793909073 [0.50695366]
68999 0.07481271028518677 [0.5083592]
69999 0.07640340924263 [0.5078419]
70999 0.05987487733364105 [0.5048398]
71999 0.1093134880065918 [0.505888]
72999 0.08071807771921158 [0.50248307]
73999 0.07224546372890472 [0.5039896]
74999 0.08944526314735413 [0.5078808]
75999 0.05958745256066322 [0.5090772]
76999 0.08849772065877914 [0.50847906]
77999 0.09615062177181244 [0.5110211]
78999 0.08503485471010208 [0.5024754]
79999 0.08749338984489441 [0.50562805]
80999 0.07870262861251831 [0.50847894]
81999 0.09545179456472397 [0.5072499]
82999 0.08353108912706375 [0.5113346]
83999 0.12454145401716232 [0.5133781]
84999 0.062205810099840164 [0.5124594]
85999 0.07044191658496857 [0.5132948]
86999 0.04839551821351051 [0.5085882]
87999 0.07424574345350266 [0.5121461]
88999 0.06220482662320137 [0.5118662]
89999 0.07079489529132843 [0.5104043]
90999 0.056704528629779816 [0.5093601]
91999 0.0840005874633789 [0.51260525]
92999 0.06100703403353691 [0.51282114]
93999 0.0867065042257309 [0.5144214]
94999 0.10597354918718338 [0.5125842]
95999 0.06259043514728546 [0.5153329]
96999 0.07813533395528793 [0.51445144]
97999 0.05712160840630531 [0.51436526]
[0.5141991]
999 0.6628971099853516 [0.07926717]
1999 0.6433334350585938 [0.08483432]
2999 0.49195384979248047 [0.08850097]
3999 0.5023379921913147 [0.09362978]
4999 0.33297741413116455 [0.09743048]
5999 0.37368834018707275 [0.10109821]
6999 0.2672135829925537 [0.10562614]
7999 0.30394524335861206 [0.11141134]
8999 0.1962207406759262 [0.11693219]
9999 0.2234569489955902 [0.12349945]
10999 0.16358307003974915 [0.12963678]
11999 0.10856929421424866 [0.13706385]
12999 0.11017899960279465 [0.1444679]
13999 0.10361246019601822 [0.15201148]
14999 0.06966953724622726 [0.16175538]
15999 0.08096300065517426 [0.17158993]
16999 0.08734983205795288 [0.1814404]
17999 0.06397228688001633 [0.19193214]
18999 0.053272608667612076 [0.20339037]
19999 0.0489685945212841 [0.21525222]
20999 0.04653549939393997 [0.22565019]
21999 0.03887776657938957 [0.238362]
22999 0.03429237753152847 [0.2507477]
23999 0.03206529840826988 [0.2624878]
24999 0.031146520748734474 [0.27578568]
25999 0.023870591074228287 [0.28867382]
26999 0.025949997827410698 [0.30114955]
27999 0.0207371823489666 [0.31417155]
28999 0.024011792615056038 [0.32531518]
29999 0.0243036150932312 [0.33790585]
30999 0.021322650834918022 [0.34878045]
31999 0.019127359613776207 [0.35889134]
32999 0.01379836443811655 [0.36852792]
33999 0.013285830616950989 [0.377801]
34999 0.013979647308588028 [0.38676172]
35999 0.01841539889574051 [0.39574733]
36999 0.010834448970854282 [0.40256685]
37999 0.01594739593565464 [0.40999964]
38999 0.010690595023334026 [0.41581887]
39999 0.010881127789616585 [0.42201656]
40999 0.009367825463414192 [0.427354]
41999 0.013460204005241394 [0.43296814]
42999 0.010132722556591034 [0.43772262]
43999 0.01189221628010273 [0.4422646]
44999 0.00911861751228571 [0.44538802]
45999 0.010450243949890137 [0.4505736]
46999 0.008419325575232506 [0.45437083]
47999 0.012712812051177025 [0.45743918]
48999 0.009660348296165466 [0.46078295]
49999 0.010178737342357635 [0.46313107]
50999 0.010746855288743973 [0.46591756]
51999 0.008844337426126003 [0.46882963]
52999 0.010922940447926521 [0.4706398]
53999 0.013567292131483555 [0.4727276]
54999 0.011066241189837456 [0.4747381]
55999 0.010359206236898899 [0.4763124]
56999 0.012656673789024353 [0.4789229]
57999 0.009137815795838833 [0.48118678]
58999 0.0081730792298913 [0.4827684]
59999 0.007177693769335747 [0.48549846]
60999 0.009121335111558437 [0.48688406]
61999 0.00840220507234335 [0.4877109]
62999 0.00788488145917654 [0.4893777]
63999 0.009070136584341526 [0.4915897]
64999 0.009384972974658012 [0.49336505]
65999 0.012505490332841873 [0.49421966]
66999 0.01099330559372902 [0.49570101]
67999 0.007981655187904835 [0.49738201]
68999 0.0071422564797103405 [0.4982498]
69999 0.0069341519847512245 [0.4992552]
70999 0.011332247406244278 [0.50086844]
71999 0.007865697145462036 [0.5023959]
72999 0.007953743450343609 [0.5043219]
73999 0.009081032127141953 [0.50494206]
74999 0.008633257821202278 [0.50535667]
75999 0.00837989803403616 [0.5060342]
76999 0.010615222156047821 [0.50730026]
77999 0.010792231187224388 [0.50839067]
78999 0.008737023919820786 [0.5097023]
79999 0.00889811385422945 [0.50970984]
[0.50970626]
999 0.8272729516029358 [0.07462085]
1999 0.5702148079872131 [0.08211345]
2999 0.6035605669021606 [0.08764099]
3999 0.31366533041000366 [0.09286652]
4999 0.37287673354148865 [0.0983595]
5999 0.43279409408569336 [0.10471506]
6999 0.2989187240600586 [0.11173485]
7999 0.3180825710296631 [0.11878785]
8999 0.23469607532024384 [0.12660223]
9999 0.2400287389755249 [0.13471916]
10999 0.16677497327327728 [0.14359052]
11999 0.09307729452848434 [0.15371826]
12999 0.1732797920703888 [0.1633312]
13999 0.10012852400541306 [0.1746535]
14999 0.08883245289325714 [0.1855715]
15999 0.10595901310443878 [0.19737971]
16999 0.09407087415456772 [0.21022186]
17999 0.06273286044597626 [0.22213678]
18999 0.059251818805933 [0.2365741]
19999 0.06354312598705292 [0.24944268]
20999 0.041106726974248886 [0.26367304]
21999 0.045491017401218414 [0.27713788]
22999 0.035336319357156754 [0.2922223]
23999 0.030542025342583656 [0.30679134]
24999 0.03553217276930809 [0.32022125]
25999 0.033264484256505966 [0.33399108]
26999 0.028958458453416824 [0.3467107]
27999 0.027480049058794975 [0.35964757]
28999 0.02830062247812748 [0.3721952]
29999 0.02691720984876156 [0.38278592]
30999 0.02058153785765171 [0.3938136]
31999 0.013930871151387691 [0.4042506]
32999 0.01723887212574482 [0.413301]
33999 0.020047664642333984 [0.42189977]
34999 0.02172476053237915 [0.42956945]
35999 0.01653231307864189 [0.43731433]
36999 0.01978197693824768 [0.44346464]
37999 0.014423102140426636 [0.4498764]
38999 0.012694818899035454 [0.4561225]
39999 0.016713211312890053 [0.4612437]
40999 0.01244634110480547 [0.4655398]
41999 0.013347345404326916 [0.4706715]
42999 0.02009337581694126 [0.47453347]
43999 0.014732567593455315 [0.47927275]
44999 0.013686154969036579 [0.48218188]
45999 0.019795440137386322 [0.4851419]
46999 0.012689943425357342 [0.48827904]
47999 0.02043711580336094 [0.48983374]
48999 0.014178097248077393 [0.49326572]
49999 0.016352493315935135 [0.49515578]
50999 0.019859595224261284 [0.4981855]
51999 0.021227767691016197 [0.49987355]
52999 0.010525887832045555 [0.50198853]
53999 0.022339893504977226 [0.5039525]
54999 0.013340107165277004 [0.5066848]
55999 0.022617444396018982 [0.5075813]
56999 0.012745416723191738 [0.50900555]
57999 0.01445262972265482 [0.51048267]
58999 0.014771583490073681 [0.5120791]
59999 0.015609785914421082 [0.51358926]
60999 0.01290152594447136 [0.5141294]
61999 0.013113150373101234 [0.51551306]
62999 0.016722852364182472 [0.51712614]
63999 0.012367784976959229 [0.51814514]
64999 0.014923708513379097 [0.51897746]
65999 0.010821420699357986 [0.5202316]
66999 0.013916871510446072 [0.5219282]
67999 0.016359200701117516 [0.5234815]
68999 0.01539143081754446 [0.5249418]
69999 0.012480685487389565 [0.52547055]
70999 0.011171972379088402 [0.5258263]
71999 0.014510014094412327 [0.52640575]
72999 0.009425297379493713 [0.5280739]
73999 0.01502614002674818 [0.5278815]
74999 0.016041383147239685 [0.52895963]
75999 0.014267445541918278 [0.5295837]
76999 0.013737421482801437 [0.5303264]
77999 0.016724616289138794 [0.5314855]
78999 0.013633319176733494 [0.53228027]
79999 0.014643712900578976 [0.53304857]
80999 0.012563223950564861 [0.53375417]
81999 0.01084520760923624 [0.5346162]
82999 0.017498433589935303 [0.5358842]
83999 0.011827933602035046 [0.5358274]
[0.5358276]
999 0.8415993452072144 [0.01371739]
1999 0.917628824710846 [0.01529485]
2999 0.9614248275756836 [0.0154274]
3999 1.3050134181976318 [0.01596336]
4999 0.6933678984642029 [0.01635377]
5999 0.7985058426856995 [0.01639343]
6999 0.5898152589797974 [0.01676418]
7999 0.5626633167266846 [0.01735244]
8999 1.1024703979492188 [0.01754349]
9999 0.6897783279418945 [0.01787702]
10999 0.7407425045967102 [0.01826066]
11999 0.8304504156112671 [0.01858442]
12999 0.7528454661369324 [0.01885675]
13999 0.46224159002304077 [0.01926972]
14999 0.6735504865646362 [0.01983547]
15999 0.851014256477356 [0.02046229]
16999 0.5502013564109802 [0.02057467]
17999 0.6409585475921631 [0.02081501]
18999 0.6166905760765076 [0.0209124]
19999 0.5146512389183044 [0.02163129]
20999 0.6401192545890808 [0.02196185]
21999 0.3994622826576233 [0.02235432]
22999 0.3107011616230011 [0.02286525]
23999 0.4794362187385559 [0.02344071]
24999 0.367657333612442 [0.0237423]
25999 0.3718923032283783 [0.02428983]
26999 0.5151931643486023 [0.02499751]
27999 0.4023730456829071 [0.025436]
28999 0.3332821726799011 [0.02570745]
29999 0.3388054668903351 [0.02609252]
30999 0.5408631563186646 [0.0264407]
31999 0.410736620426178 [0.02708511]
32999 0.3683631122112274 [0.02750766]
33999 0.3523451089859009 [0.02799057]
34999 0.3795291483402252 [0.02818674]
35999 0.3639899492263794 [0.02881479]
36999 0.265328586101532 [0.02920155]
37999 0.43603694438934326 [0.02973746]
38999 0.34277212619781494 [0.03020257]
39999 0.31175941228866577 [0.03096388]
[0.03108758]
999 0.9716238975524902 [0.03102072]
1999 1.0167522430419922 [0.03219259]
2999 0.6107151508331299 [0.03264005]
3999 0.7687550187110901 [0.03298351]
4999 0.519451379776001 [0.03360067]
5999 0.6799224615097046 [0.03381364]
6999 0.7580650448799133 [0.03432278]
7999 0.714309573173523 [0.03461341]
8999 1.0400375127792358 [0.03513161]
9999 0.6222090721130371 [0.03546235]
10999 0.6496405601501465 [0.03593294]
11999 0.5102760195732117 [0.03670327]
12999 0.8515456914901733 [0.03696835]
13999 0.7568334937095642 [0.03745228]
14999 0.8075960278511047 [0.03778347]
15999 0.5299537777900696 [0.03845516]
16999 0.6547156572341919 [0.03930764]
17999 0.4849480390548706 [0.03936118]
18999 0.4715171456336975 [0.03972784]
19999 0.5806944370269775 [0.04028741]
20999 0.4115297496318817 [0.04072247]
21999 0.47674715518951416 [0.04146057]
22999 0.5788416266441345 [0.04174076]
23999 0.5820655226707458 [0.04216463]
24999 0.4089733362197876 [0.04292408]
25999 0.28870007395744324 [0.04327878]
26999 0.40629255771636963 [0.04384208]
27999 0.3540317416191101 [0.04427063]
28999 0.37622159719467163 [0.04500755]
29999 0.31751909852027893 [0.04564372]
30999 0.35549086332321167 [0.04594873]
31999 0.4015832841396332 [0.04697641]
32999 0.3325900435447693 [0.04757946]
33999 0.25310954451560974 [0.04776076]
34999 0.284691721200943 [0.04868517]
35999 0.3660045266151428 [0.0491316]
36999 0.37960004806518555 [0.05000538]
37999 0.406978964805603 [0.05071462]
38999 0.39634135365486145 [0.05111219]
39999 0.2858109474182129 [0.05179662]
[0.05226324]
