cuda:0
3
Preparing datasets...
Preparing networks...
Fitting two-layer networks...
Generating network with reg level 0
modifying second layer regularization...
Generating network with reg level 0.1
modifying second layer regularization...
Generating network with reg level 0.3
modifying second layer regularization...
Generating dataframes...
Working on regularization level 0
[0.02107395 0.01911027]
99 16.83152451171875 0.1532
[0.02137768 0.01991146]
99 13.679071533203125 0.2248
[0.02546071 0.02087313]
99 11.45472724609375 0.2916
[0.02427549 0.02189493]
99 9.804307641601563 0.3513
[0.02774832 0.02292432]
99 8.56180224609375 0.3975
[0.02924313 0.02393123]
99 7.610988037109375 0.4399
[0.02891889 0.02490689]
99 6.8638847534179686 0.4757
[0.03217963 0.02583481]
99 6.264526696777343 0.5059
[0.03174645 0.02671935]
99 5.77853017578125 0.5314
[0.03022643 0.0275614 ]
99 5.375403125 0.555
[0.03130364 0.02835865]
99 5.039835607910156 0.5751
[0.0349889 0.0291195]
99 4.753506005859375 0.5937
[0.03566599 0.02984666]
99 4.5055247497558595 0.6102
[0.03502356 0.03054164]
99 4.290037329101563 0.6224
[0.03666389 0.03121194]
99 4.099201940917969 0.635
[0.03707564 0.03185008]
99 3.9307431274414064 0.646
[0.03650889 0.03246793]
99 3.7790037841796873 0.6576
[0.03655035 0.03306285]
99 3.6428609741210938 0.6664
[0.04057436 0.0336364 ]
99 3.5195014465332033 0.6738
[0.03872509 0.03419398]
99 3.407976251220703 0.6819
[0.03968198 0.03472879]
99 3.306798049926758 0.6906
[0.04032331 0.03524826]
99 3.212636395263672 0.6971
[0.04201071 0.03575366]
99 3.127151904296875 0.7045
[0.04078962 0.03624078]
99 3.0482146240234376 0.7111
[0.04252059 0.03671799]
99 2.9749063262939455 0.7173
[0.04315231 0.03718052]
99 2.907953515625 0.723
[0.04214622 0.03762981]
99 2.8449951721191407 0.728
[0.04356584 0.03806951]
99 2.7861629425048826 0.7325
[0.04476443 0.03849782]
99 2.7320634552001954 0.7373
[0.04466804 0.03891426]
99 2.680794696044922 0.7423
[0.04569629 0.03932338]
99 2.6327581115722656 0.7462
[0.04403854 0.03972377]
99 2.587664831542969 0.7501
[0.04701593 0.04011334]
99 2.5452521942138673 0.7541
[0.04673007 0.04049785]
99 2.5048383758544923 0.7571
[0.0473613  0.04087176]
99 2.4664306121826174 0.7589
[0.04859129 0.04123851]
99 2.430172463989258 0.7628
[0.0451341  0.04159931]
99 2.3956775054931643 0.7647
[0.0463375  0.04195183]
99 2.3628817779541014 0.7678
[0.04925888 0.04229688]
99 2.333147036743164 0.771
[0.04779105 0.04263735]
99 2.3035979431152342 0.7747
[0.04663381 0.04297147]
99 2.2750129318237304 0.7781
[0.05060726 0.04330088]
99 2.247672425842285 0.7799
[0.04848327 0.04362449]
99 2.2219635665893556 0.7826
[0.05112607 0.04394165]
99 2.196780548095703 0.7844
[0.04978358 0.04425247]
99 2.173346435546875 0.786
[0.04965923 0.04456105]
99 2.1508601547241213 0.7884
[0.04958446 0.04486375]
99 2.128379559326172 0.7897
[0.04845312 0.04516155]
99 2.1072377853393554 0.791
[0.04936692 0.04545655]
99 2.0863961837768557 0.7932
[0.05074755 0.04574711]
99 2.06668883972168 0.7949
[0.05053403 0.04603262]
99 2.0477159561157228 0.7961
[0.05082354 0.04631472]
99 2.0301695266723634 0.798
[0.05171973 0.04659253]
99 2.012002815246582 0.7997
[0.0549553  0.04686521]
99 1.994398828125 0.8007
[0.05305008 0.04713738]
99 1.9769874557495117 0.8018
[0.05217779 0.04740348]
99 1.9612253158569335 0.8033
[0.05488241 0.04766867]
99 1.945462144470215 0.805
[0.05292197 0.04792929]
99 1.929851448059082 0.8057
[0.05435224 0.04818677]
99 1.915425047302246 0.8073
[0.05458392 0.04843923]
99 1.9002853485107423 0.8088
[0.05365096 0.04868965]
99 1.8862092086791993 0.8103
[0.05597289 0.04893783]
99 1.8728281524658204 0.8115
[0.05564314 0.04918375]
99 1.8594744995117187 0.8127
[0.05484261 0.04942562]
99 1.8462185607910155 0.8137
[0.05310034 0.04966377]
99 1.8333380493164062 0.8157
[0.05561706 0.04989986]
99 1.8208472396850586 0.8168
[0.0572399  0.05013393]
99 1.8097353073120117 0.8175
[0.05824128 0.05036676]
99 1.797467626953125 0.8188
[0.05748893 0.0505948 ]
99 1.786146891784668 0.8202
[0.05747471 0.05082202]
99 1.7752090377807617 0.8212
[0.05790525 0.05104747]
99 1.7640752807617188 0.822
[0.05596504 0.05126829]
99 1.7534586975097657 0.8229
[0.0571754 0.05149  ]
99 1.74262509765625 0.8237
[0.05698399 0.05170931]
99 1.7328854370117188 0.8242
[0.05790697 0.05192314]
99 1.7225545623779297 0.8259
[0.05765022 0.05213679]
99 1.712877522277832 0.8263
[0.05769313 0.05235022]
99 1.7031079650878906 0.8272
[0.05823289 0.05255893]
99 1.693779734802246 0.8277
[0.05751324 0.05276669]
99 1.685419172668457 0.8284
[0.06053907 0.05297195]
99 1.676157356262207 0.8293
[0.0595192  0.05317752]
99 1.6672723831176757 0.8308
[0.05968137 0.05338129]
99 1.658272750854492 0.8314
[0.05852184 0.05358112]
99 1.649770684814453 0.8322
[0.05897569 0.0537819 ]
99 1.6412018188476563 0.8328
[0.06088816 0.05397962]
99 1.6330456634521484 0.8332
[0.05956827 0.05417624]
99 1.6251383987426757 0.8335
[0.06084986 0.05437203]
99 1.6173377197265626 0.8338
[0.06124201 0.05456408]
99 1.6095687652587891 0.8338
[0.06115827 0.05475688]
99 1.6017913787841798 0.8344
[0.06029483 0.0549489 ]
99 1.593992478942871 0.8346
[0.0601874  0.05513662]
99 1.5859031219482422 0.8354
[0.06120353 0.05532531]
99 1.5788481857299805 0.8361
[0.06379958 0.05551152]
99 1.5722942840576173 0.8362
[0.06092509 0.05569829]
99 1.565002294921875 0.8369
[0.06290593 0.05588141]
99 1.5579839981079102 0.8369
[0.06309395 0.05606352]
99 1.5510708984375 0.8372
[0.06509151 0.05624574]
99 1.5448204803466796 0.8379
[0.06384061 0.05642594]
99 1.5375308654785156 0.8385
[0.06201803 0.05660624]
99 1.5313158615112306 0.8387
[0.06325456 0.05678425]
99 1.5246532150268555 0.8393
[0.06351054 0.05696205]
99 1.5178672760009766 0.84
[0.06277848 0.05713698]
99 1.511936441040039 0.8403
[0.06584384 0.05731158]
99 1.5055735443115235 0.8407
[0.06604505 0.05748658]
99 1.4993850982666015 0.8413
[0.06654698 0.05765881]
99 1.4936069412231445 0.8416
[0.0649872  0.05783045]
99 1.4876160079956056 0.8418
[0.06508961 0.05800049]
99 1.481711701965332 0.8421
[0.0656592  0.05817068]
99 1.475555322265625 0.8431
[0.06493447 0.05833865]
99 1.4699782180786132 0.8429
[0.06586152 0.05850728]
99 1.4641129821777343 0.8431
[0.06409811 0.05867349]
99 1.4583337127685547 0.8437
[0.0658173  0.05883774]
99 1.4536827209472656 0.8436
[0.06445642 0.05900313]
99 1.4474344909667969 0.8438
[0.06379881 0.05916673]
99 1.4421795654296874 0.8446
[0.06606257 0.0593293 ]
99 1.4369981842041015 0.8449
[0.06798714 0.05949148]
99 1.431554623413086 0.845
[0.06425967 0.05965435]
99 1.4258628479003905 0.8452
[0.06590149 0.05981456]
99 1.4208157592773438 0.8455
[0.06736915 0.05997277]
99 1.416268441772461 0.8463
[0.06669664 0.06013237]
99 1.411011277770996 0.8462
[0.06588963 0.0602899 ]
99 1.4063682418823242 0.847
[0.0662855  0.06044625]
99 1.4015597564697266 0.8472
[0.06975453 0.06060284]
99 1.396615926361084 0.8472
[0.06836193 0.06075905]
99 1.3914123893737793 0.8481
[0.06867304 0.06091361]
99 1.3867296844482422 0.8487
[0.06670067 0.06106779]
99 1.3825627616882323 0.8483
[0.06657705 0.06122132]
99 1.3778040824890136 0.8486
[0.06783081 0.06137315]
99 1.373448973083496 0.849
[0.06924257 0.06152515]
99 1.3685323364257813 0.8499
[0.06813781 0.06167664]
99 1.364139722442627 0.8507
[0.06825155 0.06182762]
99 1.3596502380371094 0.8505
[0.06888912 0.06197819]
99 1.3555887496948242 0.851
[0.06791066 0.06212733]
99 1.3514216697692871 0.8516
[0.07204552 0.06227388]
99 1.3472405090332031 0.8517
[0.06745651 0.06242271]
99 1.3430490325927735 0.8517
[0.07080969 0.06257048]
99 1.3385590103149414 0.8525
[0.07234424 0.06271736]
99 1.33447896194458 0.8528
[0.06953665 0.06286207]
99 1.3304457359313966 0.8532
[0.06997439 0.06300724]
99 1.3265329467773437 0.8536
[0.07262693 0.06315352]
99 1.3223963638305665 0.8537
[0.07133444 0.063298  ]
99 1.3180098526000976 0.8541
[0.07293337 0.06344236]
99 1.3141612464904786 0.8547
[0.07199974 0.06358498]
99 1.3104506713867188 0.8549
[0.07046088 0.06372803]
99 1.3067118713378907 0.8554
[0.07268237 0.06386854]
99 1.302898346710205 0.8556
[0.07052723 0.06401056]
99 1.298730168914795 0.8559
[0.07150398 0.06415017]
99 1.2953266296386718 0.8565
[0.07169228 0.06429055]
99 1.2915050704956055 0.8565
[0.07214479 0.06443026]
99 1.2878798835754395 0.8568
[0.07257223 0.06457034]
99 1.2840374984741212 0.8568
[0.0734086  0.06471022]
99 1.2803537033081054 0.8575
[0.07317907 0.06484684]
99 1.2773764961242675 0.8579
[0.07469812 0.06498381]
99 1.2738338661193849 0.8584
[0.07256921 0.06512148]
99 1.2701536041259767 0.8585
[0.07321321 0.06525836]
99 1.266792155456543 0.8593
[0.07109743 0.06539357]
99 1.2632854759216308 0.8588
[0.07258333 0.06552898]
99 1.2599104331970215 0.8597
[0.0724711  0.06566411]
99 1.25675990524292 0.86
[0.07318915 0.06579864]
99 1.2530227424621583 0.8602
[0.07246276 0.06593433]
99 1.249511166381836 0.8607
[0.07284956 0.06606846]
99 1.2464837493896483 0.8609
[0.07221605 0.0662021 ]
99 1.2427791763305664 0.8615
[0.07363431 0.06633539]
99 1.2400230018615723 0.8618
[0.07289045 0.06646742]
99 1.2365120880126954 0.8619
[0.07405692 0.06659824]
99 1.233772930908203 0.8626
[0.0739029  0.06673028]
99 1.2305841117858887 0.8628
[0.07309579 0.06686308]
99 1.2273607048034667 0.8633
[0.07464574 0.06699394]
99 1.2241781906127929 0.8635
[0.07342967 0.06712327]
99 1.221406216430664 0.8635
[0.07704997 0.06725369]
99 1.2181468536376954 0.864
[0.07551651 0.06738239]
99 1.2156752212524413 0.8643
[0.0752109  0.06751203]
99 1.2120002555847167 0.8644
[0.07449266 0.06764099]
99 1.209397525024414 0.8648
[0.07507715 0.06776953]
99 1.2065071311950684 0.8647
[0.07583394 0.06789833]
99 1.2036532981872559 0.8651
[0.07658472 0.06802645]
99 1.2004054656982421 0.8652
[0.07746408 0.06815344]
99 1.1980748268127441 0.8659
[0.07645479 0.06828117]
99 1.1948499855041503 0.8658
[0.07829064 0.06840812]
99 1.1919658988952637 0.8663
[0.07477871 0.06853376]
99 1.1888222846984864 0.8664
[0.07765257 0.06866089]
99 1.186135814666748 0.8665
[0.07660268 0.06878606]
99 1.1834808334350586 0.8668
[0.07674849 0.06891188]
99 1.1806343399047852 0.8664
[0.07546175 0.06903649]
99 1.1779711769104004 0.8671
[0.07863048 0.06916153]
99 1.1751432334899903 0.8669
[0.07644909 0.06928628]
99 1.1724115097045897 0.867
[0.07579078 0.06940969]
99 1.1700734481811523 0.8676
[0.07783388 0.06953271]
99 1.1675547302246094 0.8677
[0.07743689 0.0696566 ]
99 1.1646459777832032 0.8678
[0.07786236 0.06978038]
99 1.1618148078918458 0.8677
[0.07845175 0.06990206]
99 1.1596545692443847 0.8684
[0.07745636 0.07002486]
99 1.1569187225341797 0.8682
[0.07911962 0.07014706]
99 1.1541436401367187 0.8682
[0.07706199 0.07026899]
99 1.1518618659973145 0.8685
[0.07922139 0.07038993]
99 1.1492972381591797 0.8684
[0.07853254 0.07051159]
99 1.146737745666504 0.8685
[0.07871246 0.07063292]
99 1.144268334197998 0.8688
[0.08045401 0.0707527 ]
99 1.1418608543395996 0.8689
[0.07726777 0.07087336]
99 1.139384740447998 0.8693
[0.07874308 0.07099362]
99 1.1366401565551758 0.8696
[0.08196017 0.07111363]
99 1.1344485427856446 0.8698
[0.0788441  0.07123432]
99 1.1319181091308594 0.8701
[0.08091897 0.07135274]
99 1.1296540802001953 0.8704
[0.08104929 0.07147235]
99 1.12732430267334 0.8708
[0.0788056  0.07159071]
99 1.1247632530212401 0.8708
[0.0788711  0.07170987]
99 1.122440503692627 0.871
[0.08156437 0.07182818]
99 1.1197709846496582 0.8711
[0.08088987 0.07194696]
99 1.1176291656494142 0.8714
[0.0786331  0.07206441]
99 1.115510195159912 0.8714
[0.0822306  0.07218204]
99 1.1134600677490234 0.8718
[0.07907257 0.07229832]
99 1.1109558837890625 0.8722
[0.08340686 0.07241512]
99 1.1088002899169922 0.8723
[0.08084825 0.0725326 ]
99 1.1067983673095703 0.8726
[0.08251469 0.07265024]
99 1.104292113494873 0.8725
[0.07832551 0.07276595]
99 1.1021602462768554 0.8728
[0.08257601 0.0728809 ]
99 1.1002825859069825 0.8726
[0.08069404 0.0729976 ]
99 1.0977435272216798 0.8732
[0.08323114 0.07311374]
99 1.0954000953674317 0.8733
[0.08110316 0.07322884]
99 1.093561279296875 0.8739
[0.08404236 0.07334352]
99 1.0915792098999024 0.8739
[0.08184565 0.07345855]
99 1.089354852294922 0.8741
[0.08257314 0.07357305]
99 1.0871615707397462 0.8741
[0.08267722 0.07368761]
99 1.0847226806640624 0.8743
[0.08389809 0.07380123]
99 1.0827823852539062 0.8743
[0.08304881 0.07391615]
99 1.0804448440551757 0.8744
[0.08153001 0.07403003]
99 1.0787097969055175 0.8744
[0.0827276  0.07414324]
99 1.0768498901367187 0.8744
[0.08468513 0.07425664]
99 1.0746794830322266 0.8747
[0.08285736 0.07437022]
99 1.0720622039794923 0.8751
[0.08375682 0.07448318]
99 1.0702863647460938 0.8751
[0.08598209 0.07459647]
99 1.068288430786133 0.8752
[0.08406398 0.0747093 ]
99 1.0666557235717773 0.8756
[0.08504818 0.07482083]
99 1.0643885314941406 0.8756
[0.08445977 0.07493372]
99 1.062599755859375 0.8759
[0.08348244 0.07504593]
99 1.0606113143920899 0.8762
[0.08398114 0.07515877]
99 1.0584972526550294 0.8763
[0.08409981 0.07526902]
99 1.056647622680664 0.8764
[0.08519835 0.07538076]
99 1.054677557373047 0.8763
[0.0847697  0.07549208]
99 1.0527081115722656 0.8765
[0.08319438 0.07560208]
99 1.0507794105529784 0.8765
[0.08374101 0.07571364]
99 1.0486225212097169 0.8766
[0.0849184 0.0758237]
99 1.0468321868896484 0.8771
[0.08614456 0.07593487]
99 1.0451800964355469 0.8769
[0.0850696  0.07604524]
99 1.043474892425537 0.8772
[0.08598206 0.07615579]
99 1.0414750205993653 0.877
[0.08678793 0.07626505]
99 1.0396378829956054 0.8773
[0.08723246 0.07637484]
99 1.0377927604675292 0.8773
[0.08743022 0.07648577]
99 1.0354987869262695 0.8773
[0.08360862 0.07659566]
99 1.0340289916992187 0.8775
[0.08643445 0.07670281]
99 1.0325221130371094 0.8774
[0.08649284 0.07681229]
99 1.030783908843994 0.8774
[0.0876298  0.07692219]
99 1.028730258178711 0.8777
[0.08760611 0.07703123]
99 1.0267125442504883 0.8777
[0.0859794  0.07713888]
99 1.02508486328125 0.8779
[0.08708669 0.07724767]
99 1.0233777984619141 0.8782
[0.08888613 0.07735512]
99 1.0217329376220703 0.8782
[0.08904213 0.07746327]
99 1.0199276893615723 0.878
[0.08729044 0.07757065]
99 1.0181766868591309 0.8786
[0.08810596 0.07767753]
99 1.0166296241760253 0.879
[0.08795822 0.07778628]
99 1.0144708274841308 0.8788
[0.08539945 0.07789294]
99 1.0131575630187988 0.879
[0.08729074 0.07800001]
99 1.0110741104125978 0.879
[0.08591717 0.07810737]
99 1.009218431854248 0.8793
[0.08726478 0.0782141 ]
99 1.0079947959899902 0.8789
[0.08812336 0.0783218 ]
99 1.0063613204956054 0.8789
[0.08814476 0.07842776]
99 1.0046302719116211 0.8789
[0.09059025 0.07853426]
99 1.0029004859924315 0.8794
[0.08918492 0.07864149]
99 1.0009718330383301 0.8793
[0.08865479 0.07874759]
99 0.9995066635131836 0.8793
[0.08739874 0.07885261]
99 0.9980846923828125 0.8796
[0.08766834 0.07895841]
99 0.9964743858337403 0.8798
[0.08862605 0.07906413]
99 0.9950672676086426 0.8796
[0.08890331 0.07916939]
99 0.9931804130554199 0.8799
[0.09044562 0.07927366]
99 0.9916130577087402 0.8801
[0.08851252 0.07937936]
99 0.9898391548156739 0.8801
[0.08915774 0.07948395]
99 0.9883437110900879 0.8804
[0.08998045 0.07958712]
99 0.986923575592041 0.8801
[0.08957287 0.07969322]
99 0.9851237632751465 0.8801
[0.09148967 0.07979819]
99 0.9833709449768067 0.8804
[0.0898722  0.07990098]
99 0.9824311073303222 0.8804
[0.089636   0.08000726]
99 0.9803231315612793 0.8805
[0.0912343  0.08011049]
99 0.9792699371337891 0.881
[0.09105614 0.08021462]
99 0.977418106842041 0.8809
[0.09062796 0.08031806]
99 0.9759923095703125 0.8811
[0.09151676 0.08042133]
99 0.9742828071594238 0.8813
[0.09067942 0.08052503]
99 0.973100919342041 0.8813
[0.09200552 0.08062836]
99 0.9714157424926758 0.8812
[0.09196294 0.08073131]
99 0.9696622917175293 0.8814
[0.0908389  0.08083458]
99 0.9682186370849609 0.8813
[0.09235186 0.08093815]
99 0.9666440078735351 0.8816
[0.09073669 0.08104023]
99 0.9655269912719726 0.882
[0.09208915 0.08114205]
99 0.9639091300964355 0.8819
[0.0908035  0.08124445]
99 0.9624846206665039 0.8821
[0.09086184 0.08134719]
99 0.9611565872192382 0.8825
[0.0925493  0.08145052]
99 0.9592886337280273 0.8828
[0.09140305 0.08155139]
99 0.9582714149475098 0.8828
[0.09272405 0.08165268]
99 0.9567093452453613 0.8829
[0.09333414 0.08175494]
99 0.9550331527709961 0.8832
[0.09172052 0.08185647]
99 0.9538256233215332 0.8836
[0.09355284 0.08195862]
99 0.9524376251220703 0.8836
Working on regularization level 0.1
[0.02270742 0.01914073]
99 15.05581025390625 0.156
[0.02224301 0.02005284]
99 10.811944921875 0.2399
[0.02741057 0.02120913]
99 7.908807373046875 0.3213
[0.02620676 0.02249036]
99 5.891733020019531 0.3976
[0.02872358 0.0238196 ]
99 4.489991613769531 0.4597
[0.02884891 0.02515249]
99 3.498045379638672 0.5107
[0.03296846 0.026463  ]
99 2.7766315002441404 0.5584
[0.03339474 0.02774694]
99 2.247536486816406 0.5981
[0.03347853 0.02900871]
99 1.8495817993164063 0.6314
[0.03399095 0.03025299]
99 1.5451672332763673 0.6633
[0.03898183 0.03149716]
99 1.308679086303711 0.6877
[0.03897987 0.03274198]
99 1.1244583068847656 0.7102
[0.03922631 0.03400788]
99 0.9807233963012695 0.7318
[0.04293216 0.03530532]
99 0.866495556640625 0.7526
[0.04366628 0.03665553]
99 0.7768492248535156 0.7685
[0.0453116  0.03807908]
99 0.706316333770752 0.7848
[0.04740043 0.03960118]
99 0.650825528717041 0.7982
[0.0483153  0.04124538]
99 0.607348876953125 0.8121
[0.04963684 0.04303578]
99 0.5738049751281739 0.8237
[0.05264686 0.0449932 ]
99 0.547777042388916 0.8343
[0.05442543 0.0471801 ]
99 0.5279015213012695 0.8447
[0.05839738 0.04961696]
99 0.5128023429870605 0.8536
[0.05954913 0.052315  ]
99 0.5015728462219238 0.8611
[0.06231386 0.05534427]
99 0.4927791877746582 0.8681
[0.06740019 0.05870338]
99 0.4863156089782715 0.8752
[0.07066342 0.06240537]
99 0.48167765045166017 0.88
[0.07513539 0.0665195 ]
99 0.477817684173584 0.8838
[0.0801034 0.0710136]
99 0.47491422119140625 0.8879
[0.08514423 0.07591129]
99 0.47251186370849607 0.8932
[0.08962123 0.08120289]
99 0.47089129028320315 0.8949
[0.09587084 0.08686671]
99 0.4697062377929688 0.8962
[0.10152374 0.09287493]
99 0.46822682876586913 0.8978
[0.10816047 0.09920309]
99 0.46744650802612303 0.8993
[0.11276862 0.10574453]
99 0.46621287841796877 0.901
[0.12086932 0.11242842]
99 0.46559600982666016 0.9016
[0.12691483 0.11918569]
99 0.4649938919067383 0.9024
[0.13389657 0.12597294]
99 0.46445996551513674 0.902
[0.14085908 0.13263157]
99 0.46378437118530275 0.9036
[0.14827175 0.13917245]
99 0.4631266502380371 0.9038
[0.15344664 0.14538974]
99 0.46289942016601565 0.9043
[0.159243   0.15132682]
99 0.4625252593994141 0.9051
[0.16603449 0.1570019 ]
99 0.4618099418640137 0.9038
[0.16974844 0.16229647]
99 0.46159799880981445 0.905
[0.17457181 0.16722551]
99 0.4609482437133789 0.9048
[0.18044461 0.17181273]
99 0.460723225402832 0.9049
[0.18079811 0.17608577]
99 0.4598900817871094 0.9053
[0.1867628  0.18009937]
99 0.45956545028686524 0.9053
[0.19049162 0.18377843]
99 0.45909649047851564 0.9065
[0.19309208 0.18730499]
99 0.4587793960571289 0.9064
[0.197139   0.19052482]
99 0.45824264526367187 0.907
[0.1997242  0.19366713]
99 0.45782655792236326 0.9072
[0.20265795 0.1965861 ]
99 0.45733149871826173 0.9079
[0.20455325 0.1993927 ]
99 0.4567350784301758 0.9075
[0.20677774 0.20212442]
99 0.4565309600830078 0.9073
[0.21384601 0.20474263]
99 0.4561609146118164 0.907
[0.21482936 0.20732482]
99 0.45538681793212893 0.9074
[0.21464257 0.20983738]
99 0.45516761550903323 0.9076
[0.21813424 0.21225543]
99 0.45474048461914063 0.9072
[0.22074743 0.21468829]
99 0.4542070678710938 0.9075
[0.22269885 0.21704304]
99 0.4537885520935059 0.9073
[0.22533181 0.21942458]
99 0.4535132095336914 0.9071
[0.22739635 0.22178274]
99 0.45292727584838866 0.9076
[0.22975223 0.22404692]
99 0.4523944137573242 0.9082
[0.23137282 0.22636543]
99 0.45227051391601564 0.9078
[0.2336167  0.22863995]
99 0.45139297103881837 0.9078
[0.23651108 0.23090447]
99 0.45102592544555664 0.9082
[0.23897688 0.2331567 ]
99 0.4507273178100586 0.9075
[0.2410448  0.23541458]
99 0.45027024002075194 0.9082
[0.24404733 0.23764831]
99 0.44967703857421876 0.9071
[0.24610947 0.23989247]
99 0.4492845230102539 0.908
[0.24847753 0.24208897]
99 0.4488716957092285 0.9075
[0.25028867 0.24424967]
99 0.4484046142578125 0.9074
[0.25227246 0.24648167]
99 0.44811924362182615 0.9078
[0.25525674 0.24867465]
99 0.44720116729736326 0.9077
[0.25552323 0.25083867]
99 0.44720128021240235 0.9079
[0.25945795 0.2530638 ]
99 0.44641092376708985 0.9086
[0.26167375 0.2552212 ]
99 0.44607403717041016 0.9077
[0.26482016 0.2573842 ]
99 0.44553075485229493 0.9082
[0.26699403 0.25951764]
99 0.4451637451171875 0.9088
[0.26757675 0.26163664]
99 0.4447829246520996 0.9082
[0.27036685 0.26377046]
99 0.4441719337463379 0.9082
[0.27368918 0.26588628]
99 0.4438625663757324 0.9083
[0.27557713 0.26800036]
99 0.44320665283203126 0.9081
[0.277122   0.27011275]
99 0.4429988235473633 0.9083
[0.2801341  0.27219433]
99 0.44224277114868166 0.9082
[0.28169954 0.27427787]
99 0.44180216445922854 0.9087
[0.28500026 0.27635708]
99 0.44140077514648435 0.909
[0.28728357 0.27837852]
99 0.4407696922302246 0.9082
[0.28912494 0.28045192]
99 0.44036062850952146 0.9085
[0.2910468  0.28245404]
99 0.43997917098999023 0.9081
[0.29396117 0.28446442]
99 0.43959472885131834 0.9083
[0.29487917 0.28648296]
99 0.4392698356628418 0.9082
[0.29689395 0.2885318 ]
99 0.4384286468505859 0.9089
[0.2987912  0.29049876]
99 0.4382066963195801 0.9084
[0.30041742 0.29247877]
99 0.43748609848022463 0.9087
[0.30449405 0.2944579 ]
99 0.43698076248168943 0.9088
[0.30348498 0.29641593]
99 0.4368048851013184 0.9082
[0.3058867  0.29836303]
99 0.43617127227783203 0.9085
[0.30899492 0.30026066]
99 0.4357108512878418 0.9078
[0.31231725 0.30221027]
99 0.43526258850097654 0.9092
[0.31397042 0.30415633]
99 0.43497415618896484 0.9085
[0.3142928  0.30604187]
99 0.43424025421142576 0.9079
[0.31686208 0.30795422]
99 0.43392820510864255 0.9085
[0.3192683  0.30978712]
99 0.4334188934326172 0.909
[0.31970844 0.31170735]
99 0.43291225051879884 0.9088
[0.3232924  0.31352967]
99 0.4324689529418945 0.9082
[0.32445022 0.31540686]
99 0.43190392150878903 0.9096
[0.327792   0.31723616]
99 0.4314019271850586 0.9092
[0.3290907  0.31906852]
99 0.43111019134521483 0.9088
[0.3334792 0.3208879]
99 0.43046029205322267 0.9093
[0.33290344 0.32264686]
99 0.43012566986083983 0.9084
[0.33389497 0.32444477]
99 0.42959080657958987 0.9088
[0.33625832 0.3262565 ]
99 0.4294568389892578 0.9088
[0.3382642  0.32801282]
99 0.428918603515625 0.9101
[0.3400563 0.3297282]
99 0.4284266410827637 0.9095
[0.34416375 0.33157942]
99 0.42789341125488284 0.9092
[0.34370884 0.33328152]
99 0.42747856369018555 0.909
[0.34524983 0.33500674]
99 0.4268320259094238 0.9088
[0.34732604 0.33673763]
99 0.42657364044189455 0.9093
[0.3478926 0.3384188]
99 0.4262707908630371 0.9092
[0.35217527 0.34017614]
99 0.42601681594848634 0.9099
[0.35140157 0.3417649 ]
99 0.4252243431091309 0.9092
[0.3553559 0.3435105]
99 0.4247920654296875 0.9093
[0.3548313  0.34520027]
99 0.4243688522338867 0.9107
[0.35905588 0.34677166]
99 0.42379025573730467 0.9096
[0.3596736  0.34846103]
99 0.4235467483520508 0.9104
[0.36134052 0.35008526]
99 0.4228976753234863 0.9104
[0.36244515 0.35172924]
99 0.42258401641845705 0.9102
[0.36519122 0.35334274]
99 0.42230856094360353 0.9099
[0.36745277 0.3549835 ]
99 0.4216430419921875 0.9099
[0.36864316 0.35653558]
99 0.4211332458496094 0.9102
[0.3692645  0.35819072]
99 0.42087852096557615 0.9102
[0.37264913 0.35975674]
99 0.4200676498413086 0.91
[0.3732538  0.36132896]
99 0.41972070693969726 0.9099
[0.3757341  0.36284214]
99 0.41944595336914064 0.9104
[0.37672475 0.36442962]
99 0.41894234161376953 0.9103
[0.3794357 0.3659919]
99 0.4184535888671875 0.9109
[0.38007915 0.36749232]
99 0.4178953300476074 0.9103
[0.38222435 0.3690258 ]
99 0.4175443260192871 0.9101
[0.38318396 0.37054121]
99 0.41739324111938475 0.911
[0.384451   0.37207228]
99 0.4168406784057617 0.9106
[0.38607383 0.37355146]
99 0.4163391357421875 0.9103
[0.38793254 0.37504113]
99 0.41581764755249023 0.9109
[0.38841352 0.37651584]
99 0.4153617385864258 0.9108
[0.39164037 0.3779396 ]
99 0.4148419990539551 0.9111
[0.39140573 0.37939504]
99 0.4148479393005371 0.9111
[0.3950455  0.38083762]
99 0.4145395347595215 0.9107
[0.39559692 0.38227153]
99 0.41413731536865234 0.9105
[0.39656422 0.3837284 ]
99 0.4133778854370117 0.9113
[0.4002737 0.3851835]
99 0.41316316680908205 0.9109
[0.3996372  0.38658485]
99 0.41239439010620116 0.9113
[0.4026639  0.38802934]
99 0.41217250518798826 0.9099
[0.40290448 0.38939226]
99 0.41152651672363283 0.9115
[0.4034566 0.3908119]
99 0.41139735260009763 0.9113
[0.40695217 0.39213434]
99 0.41092223052978516 0.9115
[0.40783447 0.39359066]
99 0.41018731384277346 0.9115
[0.4086607  0.39492786]
99 0.40989079971313475 0.9119
[0.41076526 0.39631015]
99 0.409457918548584 0.9117
[0.41317868 0.3975974 ]
99 0.409312158203125 0.9101
[0.41432706 0.3989517 ]
99 0.40893739318847655 0.9111
[0.41579083 0.40030783]
99 0.40857672576904297 0.9116
[0.41734245 0.4016138 ]
99 0.4082208450317383 0.9112
[0.4173282  0.40293378]
99 0.40779414596557617 0.911
[0.4188282  0.40426162]
99 0.40734852600097654 0.9109
[0.42160085 0.4056237 ]
99 0.40688603820800784 0.911
[0.42340368 0.4069217 ]
99 0.40668725051879884 0.9116
[0.42414993 0.40818092]
99 0.40606325759887696 0.9115
[0.42671195 0.40947106]
99 0.4055947883605957 0.9124
[0.4274823 0.4107238]
99 0.40529163284301756 0.9113
[0.42816895 0.41199717]
99 0.40488438034057617 0.9117
[0.4281387 0.4132229]
99 0.40430480651855466 0.9112
[0.42922765 0.41447607]
99 0.4041683364868164 0.9117
[0.43201143 0.41572246]
99 0.4038129913330078 0.9117
[0.4328632  0.41698918]
99 0.40343835525512695 0.912
[0.43416247 0.41823155]
99 0.4026954963684082 0.9124
[0.4359063  0.41948515]
99 0.40236611328125 0.9121
[0.43716395 0.42071286]
99 0.40187458724975583 0.9121
[0.43694073 0.42184207]
99 0.4019986312866211 0.9114
[0.43970993 0.4230614 ]
99 0.4011311019897461 0.9119
[0.44066516 0.42430574]
99 0.4009751182556152 0.9121
[0.4424146  0.42551783]
99 0.40058183212280274 0.9124
[0.44357815 0.42664334]
99 0.39993612518310545 0.9122
[0.44545385 0.4278508 ]
99 0.39969141235351563 0.9129
[0.4448786  0.42901403]
99 0.39957374496459963 0.9124
[0.44666114 0.43016443]
99 0.39886947860717775 0.9121
[0.44799837 0.43130922]
99 0.39851229095458984 0.9129
[0.4511404 0.4324676]
99 0.3982848411560059 0.9124
[0.4505392 0.4336441]
99 0.3978937431335449 0.9117
[0.4520756  0.43480423]
99 0.39771699371337893 0.9119
[0.45317256 0.4358662 ]
99 0.39719419021606445 0.9121
[0.45500606 0.43697998]
99 0.39695858535766604 0.9131
[0.45583156 0.43809614]
99 0.39648101196289065 0.9133
[0.45681524 0.43927175]
99 0.39613661346435547 0.9125
[0.456341  0.4403562]
99 0.39572485580444333 0.9124
[0.45927426 0.441441  ]
99 0.39530661087036134 0.9127
[0.4601867  0.44248688]
99 0.39474848251342776 0.9126
[0.46172923 0.44360104]
99 0.394609375 0.9133
[0.46245494 0.44467986]
99 0.394102205657959 0.9125
[0.46302867 0.44574252]
99 0.3938375457763672 0.9126
[0.46524695 0.44682962]
99 0.3935015617370605 0.9124
[0.4666417  0.44791958]
99 0.39347014541625974 0.9123
[0.4671376  0.44890606]
99 0.3926383445739746 0.9133
[0.46772665 0.44996566]
99 0.39263202056884766 0.9128
[0.469678  0.4510516]
99 0.39202545318603516 0.9121
[0.47188777 0.4520884 ]
99 0.39175636596679686 0.9123
[0.46941188 0.45312405]
99 0.3914546249389648 0.9124
[0.4727051  0.45414022]
99 0.39105160217285156 0.9128
[0.47510216 0.45518872]
99 0.39066483840942384 0.9128
[0.47486782 0.4561701 ]
99 0.3902909942626953 0.913
[0.47582012 0.45719087]
99 0.3900117500305176 0.913
[0.4780189 0.4582058]
99 0.390161270904541 0.9129
[0.47788113 0.4591971 ]
99 0.38930769805908205 0.9132
[0.47828516 0.46023136]
99 0.38886871948242185 0.9127
[0.48112997 0.4611925 ]
99 0.38874610595703124 0.9131
[0.48161647 0.46218514]
99 0.38820909805297854 0.9131
[0.4825651 0.4631306]
99 0.3880388816833496 0.9125
[0.48412964 0.46412864]
99 0.38790965881347655 0.9126
[0.48568743 0.46509957]
99 0.38740247116088866 0.9127
[0.48528677 0.4660479 ]
99 0.3866871429443359 0.9131
[0.48682603 0.46708113]
99 0.38642894668579103 0.9134
[0.48746035 0.4679893 ]
99 0.3860394859313965 0.9133
[0.48777497 0.46893457]
99 0.3858546035766602 0.9129
[0.4892144  0.46981928]
99 0.38554523468017576 0.9134
[0.4898283  0.47080383]
99 0.384958674621582 0.9136
[0.49265963 0.47173733]
99 0.3850101043701172 0.9132
[0.49290875 0.47269112]
99 0.3847629539489746 0.9132
[0.4941789 0.4736661]
99 0.384515128326416 0.9127
[0.4948479 0.4745459]
99 0.38406562881469725 0.9135
[0.49445325 0.47541836]
99 0.38356142349243166 0.913
[0.49638388 0.47636598]
99 0.3831554100036621 0.9134
[0.49818403 0.47722435]
99 0.3830395179748535 0.9137
[0.49792445 0.4781891 ]
99 0.38262780075073244 0.913
[0.49878561 0.4791195 ]
99 0.3822555313110352 0.9129
[0.5007128  0.47996566]
99 0.3820186508178711 0.9135
[0.50257957 0.48089284]
99 0.38196518783569333 0.9141
[0.50264955 0.48182294]
99 0.38138746032714843 0.9139
[0.5038146  0.48263252]
99 0.38128983993530274 0.914
[0.5032244  0.48350877]
99 0.3805728015899658 0.9132
[0.5055543 0.4843339]
99 0.3805590602874756 0.9133
[0.5058946 0.4852188]
99 0.38013938941955566 0.9144
[0.5087278  0.48613474]
99 0.37965344467163087 0.9139
[0.5085695 0.4869636]
99 0.37937589950561523 0.9142
[0.51084924 0.48785663]
99 0.3790804061889648 0.9139
[0.51015705 0.48871908]
99 0.3788432662963867 0.9137
[0.5099543  0.48955703]
99 0.3787094264984131 0.9134
[0.5113504  0.49040124]
99 0.37794253997802735 0.9137
[0.5111679  0.49121344]
99 0.37785856399536133 0.9138
[0.5130219  0.49201134]
99 0.377316125869751 0.914
[0.515247   0.49284938]
99 0.3772840103149414 0.9139
[0.5147417 0.4936682]
99 0.37711379203796386 0.9139
[0.5158905  0.49451858]
99 0.37731224975585936 0.9146
[0.5174549  0.49535272]
99 0.3770057373046875 0.9131
[0.51786196 0.4961055 ]
99 0.3760824882507324 0.9143
[0.5186472  0.49694195]
99 0.3763540565490723 0.9141
[0.5197755 0.4976687]
99 0.3752882064819336 0.9149
[0.5210878  0.49852756]
99 0.37518935928344727 0.914
[0.5218291  0.49932268]
99 0.374932381439209 0.9147
[0.5220551 0.5000714]
99 0.3745149013519287 0.9143
[0.5232744  0.50091094]
99 0.37443846702575684 0.9141
[0.52379817 0.50166565]
99 0.3738514461517334 0.9141
[0.52700776 0.50246096]
99 0.3739070980072021 0.9147
[0.52544135 0.50324374]
99 0.3733287788391113 0.9144
[0.5286836  0.50406176]
99 0.37308311920166015 0.9143
[0.5281143 0.5047828]
99 0.3725978435516357 0.9142
[0.5270799  0.50548387]
99 0.3726071285247803 0.9148
[0.5292631  0.50630844]
99 0.3727856540679932 0.9152
[0.5302252  0.50705045]
99 0.3723376983642578 0.9145
[0.5309161  0.50785255]
99 0.37159808654785154 0.9148
[0.53198767 0.50864065]
99 0.3716168125152588 0.914
[0.53299534 0.5094157 ]
99 0.37111908950805667 0.9144
[0.5340775 0.5101246]
99 0.3710365043640137 0.9149
[0.5349567  0.51086605]
99 0.37060878829956057 0.9143
[0.53456223 0.51157206]
99 0.3704913848876953 0.9145
[0.5358982 0.5123583]
99 0.3700757423400879 0.9142
[0.5374147 0.5130918]
99 0.3700289566040039 0.9147
[0.53859353 0.5137783 ]
99 0.36960254516601565 0.9154
[0.5392266  0.51455253]
99 0.36952012138366697 0.9141
[0.5388462 0.515282 ]
99 0.3687333419799805 0.9147
[0.5402246  0.51596737]
99 0.36874659843444824 0.9151
[0.5398757  0.51663834]
99 0.36831919860839846 0.9165
[0.5422737 0.5174223]
99 0.36816523933410644 0.9151
[0.54218453 0.5181524 ]
99 0.36795762176513674 0.9151
[0.5431901 0.5188195]
99 0.367628392791748 0.9143
[0.54342055 0.5195451 ]
99 0.36728144760131837 0.9151
[0.5449998 0.5202235]
99 0.3671941864013672 0.9154
[0.54384327 0.5209558 ]
99 0.3668495861053467 0.9147
[0.5459071 0.521653 ]
99 0.36645958557128905 0.9155
[0.54652554 0.5222555 ]
99 0.36609006538391115 0.9155
[0.54659784 0.52298224]
99 0.36583698043823243 0.916
[0.5494984 0.5236965]
99 0.3654684169769287 0.9162
[0.5475963 0.5243807]
99 0.36539508972167967 0.9155
[0.5494654 0.5250618]
99 0.3652175575256348 0.9152
[0.5503505 0.5258027]
99 0.3651406578063965 0.9153
[0.5513036  0.52637815]
99 0.3651216148376465 0.9159
[0.552865   0.52710295]
99 0.3643543395996094 0.9155
[0.55327857 0.52769893]
99 0.36421672554016116 0.9154
[0.5528959  0.52843326]
99 0.3642488925933838 0.9143
[0.55489904 0.5290809 ]
99 0.36335173416137695 0.9155
[0.554753  0.5297011]
99 0.36384717292785645 0.9152
[0.55450785 0.53040236]
99 0.36314803466796874 0.9156
Working on regularization level 0.3
[0.02234817 0.01918553]
99 12.054961376953125 0.1649
[0.02300452 0.02035907]
99 6.719011303710937 0.2749
[0.02625233 0.0219897 ]
99 3.7614302612304686 0.3947
[0.02623075 0.0239189 ]
99 2.2080824462890627 0.5021
[0.03185724 0.02608882]
99 1.418428433227539 0.5966
[0.03405252 0.02855883]
99 1.0251046279907226 0.6744
[0.03774918 0.03159745]
99 0.8347171463012696 0.7398
[0.04077716 0.03563336]
99 0.7481609390258789 0.7924
[0.04610084 0.04110193]
99 0.7119008239746094 0.8267
[0.05385063 0.04856438]
99 0.6977406509399414 0.8497
[0.06556413 0.05832201]
99 0.6915225570678711 0.8666
[0.07722628 0.07042028]
99 0.6881769882202149 0.8749
[0.09123057 0.08415245]
99 0.6868852325439453 0.8786
[0.10510498 0.09808178]
99 0.6855113479614258 0.8819
[0.11659691 0.11093565]
99 0.6844740875244141 0.8839
[0.12482954 0.12165217]
99 0.6832344146728515 0.8842
[0.13383846 0.13021828]
99 0.6820916870117187 0.8853
[0.13988103 0.13720274]
99 0.6811967514038086 0.8852
[0.1442303  0.14325649]
99 0.6792914764404296 0.8858
[0.15342572 0.14867252]
99 0.6781285736083984 0.8862
[0.15643279 0.15378912]
99 0.6771108261108398 0.8855
[0.16037409 0.15867756]
99 0.6759334213256836 0.8863
[0.16605812 0.16357858]
99 0.674307633972168 0.8856
[0.17213693 0.16850244]
99 0.6729951065063476 0.8851
[0.17679313 0.17336133]
99 0.6718451354980469 0.886
[0.18052298 0.17819995]
99 0.6704540985107422 0.8846
[0.18572858 0.18295838]
99 0.6688736221313477 0.8864
[0.19112952 0.18782552]
99 0.667171206665039 0.8876
[0.19742051 0.19266747]
99 0.6658585159301758 0.8858
[0.20063902 0.19741705]
99 0.6644700241088867 0.8867
[0.20357485 0.2021169 ]
99 0.6630273422241211 0.8852
[0.2114077  0.20685853]
99 0.6616649673461914 0.885
[0.21487407 0.21157657]
99 0.6601575637817383 0.8892
[0.21932091 0.21616079]
99 0.6584621231079102 0.8881
[0.22578001 0.22072715]
99 0.657174789428711 0.8878
[0.22876781 0.22530137]
99 0.6554467910766602 0.8879
[0.23380893 0.22966838]
99 0.6540634368896484 0.8863
[0.23714763 0.23418595]
99 0.6525863250732422 0.8855
[0.2421366  0.23859322]
99 0.6509454238891601 0.886
[0.24752714 0.24299642]
99 0.6493825119018555 0.8861
[0.2512111  0.24725291]
99 0.6478038360595703 0.887
[0.25491238 0.25148574]
99 0.6460197677612305 0.8862
[0.2624362  0.25569788]
99 0.6444617767333984 0.8881
[0.26248714 0.25986177]
99 0.6427960906982422 0.8894
[0.27036232 0.2639881 ]
99 0.6412187164306641 0.8876
[0.27323204 0.2681107 ]
99 0.6395607162475586 0.8878
[0.27581492 0.2720772 ]
99 0.6385066909790039 0.8882
[0.282896   0.27601302]
99 0.63664326171875 0.8877
[0.28759843 0.27992743]
99 0.63490341796875 0.8875
[0.2902945 0.2837783]
99 0.633036653137207 0.8889
[0.29331994 0.28768557]
99 0.6315851989746094 0.8896
[0.29692057 0.2914728 ]
99 0.6301685333251953 0.8892
[0.29927504 0.29519507]
99 0.6289927429199219 0.8905
[0.30448198 0.29887444]
99 0.6267327041625976 0.8888
[0.30902115 0.30256212]
99 0.6249922668457031 0.8888
[0.31273475 0.30619496]
99 0.6237137115478516 0.8891
[0.3181134  0.30968797]
99 0.6225061141967774 0.8892
[0.3219133  0.31323445]
99 0.6206414627075195 0.8893
[0.322576   0.31673005]
99 0.6194230499267578 0.8899
[0.32663313 0.32020533]
99 0.6172345428466797 0.8901
[0.33271196 0.32363015]
99 0.6157107391357421 0.8909
[0.33713442 0.3268724 ]
99 0.614577603149414 0.8905
[0.33758676 0.33020046]
99 0.6127931259155274 0.8902
[0.3410688  0.33354384]
99 0.6114532089233399 0.8905
[0.34733316 0.33665586]
99 0.6102769561767578 0.8897
[0.34742007 0.33989355]
99 0.6081731964111328 0.8919
[0.3502838 0.3430861]
99 0.6066271438598633 0.8896
[0.35242617 0.34622857]
99 0.605268832397461 0.891
[0.3568706  0.34930006]
99 0.6035849578857422 0.8915
[0.3615896 0.3523255]
99 0.6019495376586914 0.8902
[0.36255372 0.3553065 ]
99 0.6008721725463867 0.89
[0.36744615 0.35823616]
99 0.5987383407592773 0.8906
[0.37080753 0.3611373 ]
99 0.59768828125 0.892
[0.3717407 0.3640001]
99 0.5959829544067383 0.8924
[0.37682348 0.3669782 ]
99 0.5948491271972656 0.8922
[0.37763217 0.369829  ]
99 0.5935471389770508 0.8914
[0.38270316 0.37255362]
99 0.5921344497680664 0.8906
[0.38497958 0.37530884]
99 0.5900855072021485 0.892
[0.38712546 0.3780608 ]
99 0.5887177322387696 0.8921
[0.3892905 0.3807334]
99 0.5878930130004882 0.8912
[0.39406532 0.383376  ]
99 0.586409555053711 0.8925
[0.39596736 0.38609836]
99 0.5846260833740234 0.8932
[0.399546   0.38866213]
99 0.5829809600830078 0.8931
[0.39800507 0.39113674]
99 0.5820021453857422 0.8912
[0.40356407 0.39368123]
99 0.5803097396850586 0.8931
[0.40883294 0.3962106 ]
99 0.5790592178344727 0.8929
[0.40989858 0.39874068]
99 0.5783645431518555 0.8924
[0.41157606 0.40116924]
99 0.5763734573364258 0.8938
[0.4141696  0.40357986]
99 0.5747512725830078 0.8932
[0.4159211  0.40598434]
99 0.573998387145996 0.892
[0.4211186  0.40828854]
99 0.5729828475952149 0.8938
[0.42300704 0.4106501 ]
99 0.5709398284912109 0.8934
[0.42439127 0.41299394]
99 0.5704174133300781 0.8934
[0.42531535 0.4152267 ]
99 0.5684951354980469 0.8947
[0.42983192 0.41760823]
99 0.5670223754882813 0.8933
[0.42951173 0.41970778]
99 0.5659293899536133 0.8933
[0.43442196 0.42188266]
99 0.5644047195434571 0.8939
[0.43458953 0.42413437]
99 0.5632649658203125 0.893
[0.43707052 0.426285  ]
99 0.561868115234375 0.8941
[0.44222388 0.4284941 ]
99 0.5607946701049805 0.8936
[0.44134554 0.43058383]
99 0.5596342910766602 0.8944
[0.4468717  0.43264842]
99 0.5581866744995118 0.894
[0.44643804 0.43469384]
99 0.55753603515625 0.8938
[0.4494926  0.43672574]
99 0.5566720733642578 0.8928
[0.45213604 0.43869045]
99 0.5546834747314453 0.8943
[0.4528058 0.4407667]
99 0.5534506057739258 0.8947
[0.45506868 0.44264105]
99 0.5524002578735352 0.8946
[0.4574193  0.44463894]
99 0.5509917327880859 0.8937
[0.46016058 0.4466297 ]
99 0.5502927368164062 0.8953
[0.4622078 0.4484283]
99 0.5489847198486328 0.8955
[0.46425107 0.45036644]
99 0.5473994934082032 0.8947
[0.4659009 0.4522866]
99 0.5469671936035156 0.8947
[0.46762723 0.45407867]
99 0.5458462158203125 0.8947
[0.46925202 0.45599353]
99 0.5447218780517578 0.8947
[0.47334397 0.4577908 ]
99 0.5433349472045899 0.8958
[0.47298443 0.4596095 ]
99 0.5423409538269043 0.8945
[0.47514614 0.46139792]
99 0.5408816772460937 0.896
[0.47889405 0.46311888]
99 0.5399891944885253 0.8947
[0.48011655 0.46485075]
99 0.5387208557128906 0.8958
[0.480899   0.46651813]
99 0.537494320678711 0.8957
[0.48346442 0.46833247]
99 0.5370330673217774 0.8966
[0.4846032  0.46991554]
99 0.5358789070129395 0.8963
[0.48685145 0.4715915 ]
99 0.5345813514709473 0.8961
[0.48603028 0.47331783]
99 0.5338377250671387 0.8959
[0.49232325 0.47492084]
99 0.5324366386413574 0.8961
[0.49234036 0.4766749 ]
99 0.5315082237243652 0.8957
[0.4950789 0.4781958]
99 0.530330362701416 0.8963
[0.4963306 0.4798442]
99 0.5297124526977539 0.8961
[0.49819332 0.48141396]
99 0.5283378684997558 0.8966
[0.49859357 0.48293462]
99 0.5273685386657715 0.896
[0.49833822 0.4844331 ]
99 0.5266665451049805 0.8959
[0.5021129  0.48600736]
99 0.5255674018859863 0.8954
[0.5035659 0.4874931]
99 0.5240536682128907 0.8957
[0.5062377  0.48903757]
99 0.523387483215332 0.8966
[0.5057991 0.4904675]
99 0.5227065422058106 0.8963
[0.510001  0.4920306]
99 0.5214659477233887 0.8971
[0.51060814 0.49347827]
99 0.5206357719421387 0.8961
[0.5113078 0.4949774]
99 0.5195372100830078 0.8974
[0.5129337  0.49638605]
99 0.5185723861694336 0.8961
[0.5168528  0.49782485]
99 0.5178792030334473 0.8973
[0.5164492 0.4993311]
99 0.517542667388916 0.8978
[0.5173882 0.5006678]
99 0.5161462249755859 0.8987
[0.518408  0.5019557]
99 0.5147078109741211 0.8967
[0.52103895 0.50338405]
99 0.5138709037780762 0.8977
[0.52019423 0.5047093 ]
99 0.5133516792297363 0.8977
[0.5238114  0.50611377]
99 0.5121764221191406 0.8982
[0.52482945 0.50752825]
99 0.5116342498779297 0.8979
[0.5260351 0.5088171]
99 0.510628246307373 0.8982
[0.5287454  0.51003176]
99 0.5094982749938964 0.8992
[0.52828264 0.5114108 ]
99 0.5086446784973144 0.8984
[0.53027916 0.51259243]
99 0.5081168586730958 0.8973
[0.5308933 0.5138895]
99 0.5072325225830078 0.8988
[0.5356055 0.5152267]
99 0.5066073013305664 0.8992
[0.53509194 0.5164626 ]
99 0.5056927551269531 0.8981
[0.53518426 0.5177076 ]
99 0.5049485977172852 0.8984
[0.53818107 0.5189166 ]
99 0.504335774230957 0.8992
[0.53934455 0.5202121 ]
99 0.5029177642822266 0.8994
[0.53936934 0.52141845]
99 0.5022722190856933 0.8982
[0.54180056 0.5226153 ]
99 0.5016800445556641 0.8986
[0.5417444 0.5237886]
99 0.500801887512207 0.8991
[0.5432905  0.52498573]
99 0.4997852508544922 0.8992
[0.54467887 0.5261645 ]
99 0.4991423210144043 0.8999
[0.5455524  0.52723026]
99 0.498450634765625 0.8989
[0.5476297 0.5284185]
99 0.4974996566772461 0.8988
[0.5480686 0.5296435]
99 0.4971127807617188 0.8988
[0.5500569 0.5307363]
99 0.49650058975219724 0.8976
[0.55106884 0.5318203 ]
99 0.49515478744506836 0.9
[0.5537126 0.5330462]
99 0.49475345458984377 0.8991
[0.5533325 0.534117 ]
99 0.4937977401733398 0.9001
[0.5549242  0.53519315]
99 0.4934274337768555 0.8992
[0.5574021  0.53639174]
99 0.49257504959106446 0.8976
[0.5591492 0.5373119]
99 0.4913535346984863 0.9001
[0.5580986  0.53852516]
99 0.4911932121276856 0.8987
[0.5602426  0.53952545]
99 0.48994455642700196 0.9007
[0.56105953 0.54055   ]
99 0.48908611755371095 0.9002
[0.5628293 0.5416792]
99 0.4881840301513672 0.9003
[0.56336296 0.5426142 ]
99 0.48745264205932615 0.9004
[0.5643341 0.543733 ]
99 0.48705344772338865 0.9001
[0.5660102 0.5447613]
99 0.4865093322753906 0.8992
[0.5663599 0.5457955]
99 0.48534259490966797 0.9008
[0.56880015 0.5467866 ]
99 0.48478628005981445 0.9011
[0.56848913 0.5477432 ]
99 0.4840317375183105 0.901
[0.5697171 0.5487555]
99 0.4836567642211914 0.9001
[0.57063794 0.54975337]
99 0.48279592742919925 0.901
[0.5728804 0.5507693]
99 0.48217065963745115 0.9009
[0.5733949 0.5516316]
99 0.481443180847168 0.9006
[0.57510036 0.55269074]
99 0.4809842041015625 0.9008
[0.57624924 0.5536702 ]
99 0.4795767715454102 0.9012
[0.5762985 0.5545518]
99 0.4795403602600098 0.9004
[0.5763513 0.5555304]
99 0.4793735984802246 0.9021
[0.57802147 0.5565733 ]
99 0.47921991424560545 0.9008
[0.58078897 0.5574763 ]
99 0.4776013298034668 0.9011
[0.58172095 0.55826545]
99 0.4765377616882324 0.9011
[0.58057135 0.55924493]
99 0.4764665115356445 0.9011
[0.5819264 0.5601622]
99 0.47601488189697266 0.9012
[0.58304036 0.56105226]
99 0.47485130767822264 0.9019
[0.584143   0.56196916]
99 0.47438834991455076 0.9015
[0.5857983 0.5628389]
99 0.4736195899963379 0.9023
[0.58762974 0.5639108 ]
99 0.4729216178894043 0.902
[0.5886691  0.56476325]
99 0.47226452713012695 0.9019
[0.5877194  0.56545144]
99 0.4721097801208496 0.9021
[0.58868426 0.5663836 ]
99 0.4712484580993652 0.9018
[0.5898288  0.56727755]
99 0.47062003860473633 0.9018
[0.59034026 0.5681574 ]
99 0.4699764663696289 0.9023
[0.59314185 0.5689472 ]
99 0.46988320236206055 0.9015
[0.5932731  0.56983316]
99 0.4689749443054199 0.902
[0.5949066  0.57068783]
99 0.46779712677001956 0.9018
[0.5944322 0.5714781]
99 0.46808778457641603 0.9024
[0.5954993 0.5723227]
99 0.46711956787109377 0.9007
[0.5977103  0.57313794]
99 0.46626706314086913 0.902
[0.59872085 0.5739674 ]
99 0.4654289558410645 0.9009
[0.5991088 0.5747048]
99 0.4670304000854492 0.9009
[0.6005772 0.5755458]
99 0.46554786682128907 0.9028
[0.6004018  0.57638687]
99 0.46389035415649416 0.9015
[0.60082537 0.5770998 ]
99 0.46350061798095704 0.9027
[0.60111475 0.5779913 ]
99 0.4626884750366211 0.9019
[0.602405   0.57866526]
99 0.46267519760131837 0.9033
[0.60579073 0.57953036]
99 0.46165253982543947 0.9026
[0.6052065 0.5803115]
99 0.4612441841125488 0.9023
[0.60556716 0.58119303]
99 0.461171630859375 0.9017
[0.6075616  0.58183354]
99 0.4602662750244141 0.9021
[0.6096657  0.58276725]
99 0.4609735809326172 0.9008
[0.6090595  0.58348113]
99 0.45930200119018555 0.902
[0.6086989  0.58417034]
99 0.45867791900634763 0.9026
[0.6102962  0.58489126]
99 0.4576019157409668 0.9034
[0.6128085  0.58583087]
99 0.4576340103149414 0.9023
[0.61087394 0.58638   ]
99 0.4569659942626953 0.9027
[0.61341554 0.58726597]
99 0.4563977851867676 0.902
[0.6136852  0.58785397]
99 0.45624082412719724 0.9026
[0.6151065 0.5886346]
99 0.4568989814758301 0.9016
[0.6151216 0.589391 ]
99 0.45512085647583006 0.9034
[0.61546165 0.59000003]
99 0.45394826278686523 0.9037
[0.61600035 0.5907878 ]
99 0.45422815856933596 0.9028
[0.6166498 0.5915455]
99 0.4532893478393555 0.903
[0.6180982  0.59216976]
99 0.4528957901000977 0.9037
[0.6191222  0.59280527]
99 0.45224098281860353 0.9031
[0.6187689  0.59350085]
99 0.45220713653564454 0.9037
[0.62014276 0.5943328 ]
99 0.45137849502563476 0.9031
[0.6216302  0.59485966]
99 0.45124846115112305 0.9029
[0.6218295  0.59559214]
99 0.4506410659790039 0.9023
[0.6228049 0.5963062]
99 0.4499209587097168 0.904
[0.623423  0.5968074]
99 0.4499876510620117 0.9028
[0.62456954 0.5975633 ]
99 0.44882219772338866 0.9045
[0.6249403 0.598265 ]
99 0.44857331924438476 0.9037
[0.6273104 0.5989556]
99 0.44879024505615234 0.9028
[0.6266699 0.5996205]
99 0.447932559967041 0.9036
[0.6287924 0.6003681]
99 0.4466964401245117 0.9049
[0.6275795  0.60100466]
99 0.4461588752746582 0.9048
[0.62808996 0.6016507 ]
99 0.4458192283630371 0.9034
[0.6290081 0.6022828]
99 0.44524696502685546 0.9051
[0.6289008 0.6029357]
99 0.4449270919799805 0.9039
[0.6310636  0.60357857]
99 0.444495866394043 0.9036
[0.6321018  0.60422826]
99 0.4442878814697266 0.9045
[0.6324226  0.60473335]
99 0.44444559020996094 0.903
[0.63385075 0.605483  ]
99 0.44282171783447266 0.9054
[0.63318044 0.6059903 ]
99 0.4434050025939941 0.9052
[0.63345814 0.6066849 ]
99 0.4425683387756348 0.9047
[0.6348512 0.6072008]
99 0.44250972747802736 0.9039
[0.63461584 0.607894  ]
99 0.4414402282714844 0.9043
[0.6341286  0.60854053]
99 0.44078924331665037 0.9049
[0.6377386  0.60915864]
99 0.44052879486083985 0.9053
[0.6381631  0.60968465]
99 0.4399146820068359 0.9055
[0.6382129 0.6104054]
99 0.4405821014404297 0.9037
[0.63854784 0.610864  ]
99 0.4395480178833008 0.9051
[0.6392553  0.61141694]
99 0.43947303237915036 0.9049
[0.6399936  0.61209786]
99 0.4381529243469238 0.9054
[0.6411858 0.6126648]
99 0.43830804595947265 0.9048
[0.64144135 0.6132774 ]
99 0.438076692199707 0.9062
[0.6416868 0.6137766]
99 0.43738855056762693 0.9045
[0.6420907 0.6143709]
99 0.4374027801513672 0.9039
[0.6432949 0.6150697]
99 0.4365991798400879 0.9048
[0.64479303 0.6155986 ]
99 0.43637281341552736 0.905
[0.64447874 0.6161081 ]
99 0.43516526260375976 0.9051
[0.6457579  0.61670816]
99 0.4348595657348633 0.905
[0.6462548 0.617326 ]
99 0.4347372901916504 0.9048
[0.646038   0.61779445]
99 0.43413091888427735 0.9046
[0.6469439  0.61838025]
99 0.4342853141784668 0.9057
[0.6487163 0.6188383]
99 0.43357912750244143 0.905
[0.64834344 0.6193308 ]
99 0.4333995071411133 0.9052
[0.64829147 0.6200248 ]
99 0.4330002738952637 0.9059
[0.64858466 0.6205377 ]
99 0.4326602195739746 0.9052
[0.65112567 0.6212465 ]
99 0.4322955871582031 0.9038
[0.6511985 0.6216557]
99 0.43133554611206054 0.9061
[0.65155995 0.62216735]
99 0.43154515228271484 0.9042
[0.65150714 0.6226071 ]
99 0.4310025245666504 0.9048
[0.6526284  0.62327754]
99 0.43035500030517576 0.9056
[0.65276444 0.6238149 ]
99 0.4304556663513184 0.9055
[0.65420794 0.6243295 ]
99 0.42986973724365235 0.9043
[0.65384483 0.62487704]
99 0.4292172119140625 0.9054
[0.65532607 0.6253492 ]
99 0.42913293838500977 0.9059
[0.654562  0.6257454]
99 0.42881058807373046 0.9049
[0.6556774 0.6264712]
99 0.42848329315185546 0.9035
[0.656973 0.626904]
99 0.42727753829956056 0.9055
[0.6578433 0.6273734]
99 0.427011515045166 0.9057
[0.6582408 0.627966 ]
99 0.4268135513305664 0.9054
[0.65831125 0.6284052 ]
99 0.4266634246826172 0.9048
[0.6582795  0.62892103]
99 0.4259981735229492 0.9065
[0.6599429 0.6294061]
99 0.4258284317016602 0.9047
[0.6600281 0.6299398]
99 0.4252798782348633 0.9057
[0.6615139 0.6304822]
99 0.4248676612854004 0.9059
